
===== ZK SYNC RUN START: 2025-08-24 18:38:00 =====
[35m[SCHEDULER] Dispatching polling for devices… (log: logs\zk_sync_20250824_183800.log)
[33m
[DEBUG] Connecting to K40 Lobby Principal Branch (172.19.102.231:4370)[33m
[DEBUG] Connecting to K40 Lobby Hemayetpur  Branch (172.19.103.231:4370)
[33m
[DEBUG] Connecting to K40 Lobby Bhatiary  Branch (172.19.104.231:4370)[33m
[DEBUG] Connecting to K40 Lobby Agrabad  Branch (172.19.105.231:4370)
[33m
[DEBUG] Connecting to K40 Lobby Khulna Branch (172.19.106.231:4370)[33m
[DEBUG] Connecting to K40 Lobby Katakhali Branch (172.19.107.231:4370)[33m
[DEBUG] Connecting to K40 Lobby Keraniganj Branch (172.19.108.231:4370)
[33m
[DEBUG] Connecting to K40 Lobby Uttara Branch (172.19.109.231:4370)[33m
[DEBUG] Connecting to K40 Lobby Gulshan Branch (172.19.110.231:4370)
[33m
[DEBUG] Connecting to K40 Lobby Velanagar Branch (172.19.111.231:4370)





[32m[CONNECTED] K40 Lobby Principal Branch
[32m[CONNECTED] K40 Lobby Hemayetpur  Branch
[32m[CONNECTED] K40 Lobby Keraniganj Branch
[32m[CONNECTED] K40 Lobby Gulshan Branch
[32m[CONNECTED] K40 Lobby Velanagar Branch
[32m[CONNECTED] K40 Lobby Katakhali Branch
[32m[CONNECTED] K40 Lobby Uttara Branch
[32m[CONNECTED] K40 Lobby Bhatiary  Branch
[32m[CONNECTED] K40 Lobby Khulna Branch
[32m[CONNECTED] K40 Lobby Agrabad  Branch
[36m[INFO] Retrieved 2323 logs from K40 Lobby Hemayetpur  Branch in 0.83 seconds
[36m[INFO] Retrieved 2434 logs from K40 Lobby Bhatiary  Branch in 0.83 seconds
[35m[ACCESS INSERT TIME:2025-08-24 18:38:03]
Insert attempts: 0,
successful: 0 records
into Access DB in 0.00s
from K40 Lobby Hemayetpur  Branch
[37m[FLASK DB INSERT TIME:2025-08-24 18:38:03]
Insert attempts: 0,
committed: 0 records
into Flask DB in 0.00s
from K40 Lobby Hemayetpur  Branch
[31m[DISCONNECTED] K40 Lobby Hemayetpur  Branch
[34m[SCHEDULER] K40 Lobby Hemayetpur  Branch: 0 new logs
[33m
[DEBUG] Connecting to K40 Lobby Imamganj Branch (172.19.112.231:4370)
[36m[INFO] Retrieved 3889 logs from K40 Lobby Agrabad  Branch in 1.34 seconds
[36m[INFO] Retrieved 4434 logs from K40 Lobby Keraniganj Branch in 1.39 seconds
[32m[CONNECTED] K40 Lobby Imamganj Branch
[36m[INFO] Retrieved 3778 logs from K40 Lobby Katakhali Branch in 1.48 seconds
[35m[ACCESS INSERT TIME:2025-08-24 18:38:04]
Insert attempts: 0,
successful: 0 records
into Access DB in 0.00s
from K40 Lobby Agrabad  Branch
[37m[FLASK DB INSERT TIME:2025-08-24 18:38:04]
Insert attempts: 0,
committed: 0 records
into Flask DB in 0.00s
from K40 Lobby Agrabad  Branch
[31m[DISCONNECTED] K40 Lobby Agrabad  Branch
[34m[SCHEDULER] K40 Lobby Agrabad  Branch: 0 new logs
[33m
[DEBUG] Connecting to K40 Lobby Ashulia Branch (172.19.113.231:4370)
[32m[CONNECTED] K40 Lobby Ashulia Branch
[36m[INFO] Retrieved 6250 logs from K40 Lobby Khulna Branch in 2.04 seconds
[36m[INFO] Retrieved 7697 logs from K40 Lobby Gulshan Branch in 2.49 seconds
[35m[ACCESS INSERT TIME:2025-08-24 18:38:05]
Insert attempts: 0,
successful: 0 records
into Access DB in 0.00s
from K40 Lobby Khulna Branch
[37m[FLASK DB INSERT TIME:2025-08-24 18:38:05]
Insert attempts: 0,
committed: 0 records
into Flask DB in 0.00s
from K40 Lobby Khulna Branch
[36m[INFO] Retrieved 8837 logs from K40 Lobby Velanagar Branch in 2.60 seconds
[31m[DISCONNECTED] K40 Lobby Khulna Branch
[34m[SCHEDULER] K40 Lobby Khulna Branch: 0 new logs
[33m
[DEBUG] Connecting to K40 Lobby Dhanmondi Branch (172.19.114.231:4370)
[32m[CONNECTED] K40 Lobby Dhanmondi Branch
[36m[INFO] Retrieved 11100 logs from K40 Lobby Principal Branch in 3.01 seconds
[36m[INFO] Retrieved 4661 logs from K40 Lobby Imamganj Branch in 1.53 seconds
[36m[INFO] Retrieved 10183 logs from K40 Lobby Uttara Branch in 3.15 seconds
[35m[ACCESS INSERT TIME:2025-08-24 18:38:05]
Insert attempts: 0,
successful: 0 records
into Access DB in 0.00s
from K40 Lobby Bhatiary  Branch
[37m[FLASK DB INSERT TIME:2025-08-24 18:38:05]
Insert attempts: 0,
committed: 0 records
into Flask DB in 0.00s
from K40 Lobby Bhatiary  Branch
[31m[DISCONNECTED] K40 Lobby Bhatiary  Branch
[34m[SCHEDULER] K40 Lobby Bhatiary  Branch: 0 new logs
[33m
[DEBUG] Connecting to K40 Lobby Sylhet Branch (172.19.116.231:4370)
[32m[CONNECTED] K40 Lobby Sylhet Branch
[36m[INFO] Retrieved 4122 logs from K40 Lobby Ashulia Branch in 1.68 seconds
[34m    [NEW ✅] RID 4432, User=386, Time=2025-08-24 18:19:52
[34m    [NEW ✅] RID 4433, User=386, Time=2025-08-24 18:19:54
[34m    [NEW ✅] RID 4434, User=1470, Time=2025-08-24 18:37:13
[32m    [ACCESS ✅] USERID=296 CHECKTIME=2025-08-24 18:19:52
[32m    [ACCESS ✅] USERID=296 CHECKTIME=2025-08-24 18:19:54
[32m    [ACCESS ✅] USERID=1006 CHECKTIME=2025-08-24 18:37:13
[35m[ACCESS INSERT TIME:2025-08-24 18:38:06]
Insert attempts: 3,
successful: 3 records
into Access DB in 0.05s
from K40 Lobby Keraniganj Branch
[37m[FLASK DB INSERT TIME:2025-08-24 18:38:06]
Insert attempts: 3,
committed: 3 records
into Flask DB in 0.02s
from K40 Lobby Keraniganj Branch
[31m[DISCONNECTED] K40 Lobby Keraniganj Branch
[34m[SCHEDULER] K40 Lobby Keraniganj Branch: 3 new logs
[33m
[DEBUG] Connecting to K40 Lobby Jubliroad Sub Branch (172.19.117.231:4370)
[32m[CONNECTED] K40 Lobby Jubliroad Sub Branch
[35m[ACCESS INSERT TIME:2025-08-24 18:38:06]
Insert attempts: 0,
successful: 0 records
into Access DB in 0.00s
from K40 Lobby Katakhali Branch
[37m[FLASK DB INSERT TIME:2025-08-24 18:38:06]
Insert attempts: 0,
committed: 0 records
into Flask DB in 0.00s
from K40 Lobby Katakhali Branch
[31m[DISCONNECTED] K40 Lobby Katakhali Branch
[34m[SCHEDULER] K40 Lobby Katakhali Branch: 0 new logs
[33m
[DEBUG] Connecting to K40 Lobby Bogura Branch (172.19.118.231:4370)
[36m[INFO] Retrieved 1991 logs from K40 Lobby Sylhet Branch in 0.80 seconds
[32m[CONNECTED] K40 Lobby Bogura Branch
[35m[ACCESS INSERT TIME:2025-08-24 18:38:07]
Insert attempts: 0,
successful: 0 records
into Access DB in 0.00s
from K40 Lobby Principal Branch
[37m[FLASK DB INSERT TIME:2025-08-24 18:38:07]
Insert attempts: 0,
committed: 0 records
into Flask DB in 0.00s
from K40 Lobby Principal Branch
[31m[DISCONNECTED] K40 Lobby Principal Branch
[34m[SCHEDULER] K40 Lobby Principal Branch: 0 new logs
[33m
[DEBUG] Connecting to K40 Lobby Mawna Branch (172.19.119.231:4370)
[36m[INFO] Retrieved 2169 logs from K40 Lobby Jubliroad Sub Branch in 0.82 seconds
[32m[CONNECTED] K40 Lobby Mawna Branch
[34m    [NEW ✅] RID 7697, User=1622, Time=2025-08-24 18:16:56
[32m    [ACCESS ✅] USERID=1276 CHECKTIME=2025-08-24 18:16:56
[36m[INFO] Retrieved 5753 logs from K40 Lobby Dhanmondi Branch in 2.36 seconds
[35m[ACCESS INSERT TIME:2025-08-24 18:38:07]
Insert attempts: 1,
successful: 1 records
into Access DB in 0.02s
from K40 Lobby Gulshan Branch
[37m[FLASK DB INSERT TIME:2025-08-24 18:38:07]
Insert attempts: 1,
committed: 1 records
into Flask DB in 0.01s
from K40 Lobby Gulshan Branch
[31m[DISCONNECTED] K40 Lobby Gulshan Branch
[34m[SCHEDULER] K40 Lobby Gulshan Branch: 1 new logs
[33m
[DEBUG] Connecting to K40 Lobby Islampur Branch (172.19.120.231:4370)
[32m[CONNECTED] K40 Lobby Islampur Branch
[35m[ACCESS INSERT TIME:2025-08-24 18:38:08]
Insert attempts: 0,
successful: 0 records
into Access DB in 0.00s
from K40 Lobby Dhanmondi Branch
[37m[FLASK DB INSERT TIME:2025-08-24 18:38:08]
Insert attempts: 0,
committed: 0 records
into Flask DB in 0.00s
from K40 Lobby Dhanmondi Branch
[31m[DISCONNECTED] K40 Lobby Dhanmondi Branch
[34m[SCHEDULER] K40 Lobby Dhanmondi Branch: 0 new logs
[33m
[DEBUG] Connecting to K40 Lobby Modhunaghat Branch (172.19.121.231:4370)
[36m[INFO] Retrieved 1925 logs from K40 Lobby Mawna Branch in 0.84 seconds
[35m[ACCESS INSERT TIME:2025-08-24 18:38:08]
Insert attempts: 0,
successful: 0 records
into Access DB in 0.00s
from K40 Lobby Jubliroad Sub Branch
[37m[FLASK DB INSERT TIME:2025-08-24 18:38:08]
Insert attempts: 0,
committed: 0 records
into Flask DB in 0.00s
from K40 Lobby Jubliroad Sub Branch
[31m[DISCONNECTED] K40 Lobby Jubliroad Sub Branch
[33m
[DEBUG] Connecting to K40 Lobby Shyamnagar Branch (172.19.122.231:4370)
[34m[SCHEDULER] K40 Lobby Jubliroad Sub Branch: 0 new logs
[32m[CONNECTED] K40 Lobby Shyamnagar Branch
[35m[ACCESS INSERT TIME:2025-08-24 18:38:08]
Insert attempts: 0,
successful: 0 records
into Access DB in 0.00s
from K40 Lobby Sylhet Branch
[37m[FLASK DB INSERT TIME:2025-08-24 18:38:08]
Insert attempts: 0,
committed: 0 records
into Flask DB in 0.00s
from K40 Lobby Sylhet Branch
[36m[INFO] Retrieved 2689 logs from K40 Lobby Islampur Branch in 1.01 seconds
[31m[DISCONNECTED] K40 Lobby Sylhet Branch
[34m[SCHEDULER] K40 Lobby Sylhet Branch: 0 new logs
[33m
[DEBUG] Connecting to K40 Lobby Gazipur Branch (172.19.123.231:4370)
[32m[CONNECTED] K40 Lobby Gazipur Branch
[35m[ACCESS INSERT TIME:2025-08-24 18:38:09]
Insert attempts: 0,
successful: 0 records
into Access DB in 0.00s
from K40 Lobby Islampur Branch
[37m[FLASK DB INSERT TIME:2025-08-24 18:38:09]
Insert attempts: 0,
committed: 0 records
into Flask DB in 0.00s
from K40 Lobby Islampur Branch
[31m[DISCONNECTED] K40 Lobby Islampur Branch
[34m[SCHEDULER] K40 Lobby Islampur Branch: 0 new logs
[33m
[DEBUG] Connecting to K40 Lobby Moynamoti Branch (172.19.124.231:4370)
[32m[CONNECTED] K40 Lobby Moynamoti Branch
[36m[INFO] Retrieved 918 logs from K40 Lobby Shyamnagar Branch in 0.65 seconds
[36m[INFO] Retrieved 7605 logs from K40 Lobby Bogura Branch in 2.50 seconds
[35m[ACCESS INSERT TIME:2025-08-24 18:38:09]
Insert attempts: 0,
successful: 0 records
into Access DB in 0.00s
from K40 Lobby Mawna Branch
[37m[FLASK DB INSERT TIME:2025-08-24 18:38:09]
Insert attempts: 0,
committed: 0 records
into Flask DB in 0.00s
from K40 Lobby Mawna Branch
[31m[DISCONNECTED] K40 Lobby Mawna Branch
[34m[SCHEDULER] K40 Lobby Mawna Branch: 0 new logs
[33m
[DEBUG] Connecting to K40 Lobby Banglabazar Branch (172.19.125.231:4370)
[32m[CONNECTED] K40 Lobby Banglabazar Branch
[35m[ACCESS INSERT TIME:2025-08-24 18:38:10]
Insert attempts: 0,
successful: 0 records
into Access DB in 0.00s
from K40 Lobby Bogura Branch
[37m[FLASK DB INSERT TIME:2025-08-24 18:38:10]
Insert attempts: 0,
committed: 0 records
into Flask DB in 0.00s
from K40 Lobby Bogura Branch
[31m[DISCONNECTED] K40 Lobby Bogura Branch
[34m[SCHEDULER] K40 Lobby Bogura Branch: 0 new logs
[33m
[DEBUG] Connecting to K40 Lobby Banani Branch (172.19.126.231:4370)
[32m[CONNECTED] K40 Lobby Banani Branch
[36m[INFO] Retrieved 2174 logs from K40 Lobby Moynamoti Branch in 0.93 seconds
[35m[ACCESS INSERT TIME:2025-08-24 18:38:10]
Insert attempts: 0,
successful: 0 records
into Access DB in 0.00s
from K40 Lobby Imamganj Branch
[37m[FLASK DB INSERT TIME:2025-08-24 18:38:10]
Insert attempts: 0,
committed: 0 records
into Flask DB in 0.00s
from K40 Lobby Imamganj Branch
[31m[DISCONNECTED] K40 Lobby Imamganj Branch
[33m
[DEBUG] Connecting to K40 Lobby Chuknagar  Branch (172.19.127.231:4370)
[34m[SCHEDULER] K40 Lobby Imamganj Branch: 0 new logs
[32m[CONNECTED] K40 Lobby Chuknagar  Branch
[36m[INFO] Retrieved 2304 logs from K40 Lobby Banglabazar Branch in 0.89 seconds
[35m[ACCESS INSERT TIME:2025-08-24 18:38:10]
Insert attempts: 0,
successful: 0 records
into Access DB in 0.00s
from K40 Lobby Moynamoti Branch
[37m[FLASK DB INSERT TIME:2025-08-24 18:38:10]
Insert attempts: 0,
committed: 0 records
into Flask DB in 0.00s
from K40 Lobby Moynamoti Branch
[31m[DISCONNECTED] K40 Lobby Moynamoti Branch
[34m[SCHEDULER] K40 Lobby Moynamoti Branch: 0 new logs
[33m
[DEBUG] Connecting to K40 Lobby Madhobdi Branch (172.19.128.231:4370)
[36m[INFO] Retrieved 6197 logs from K40 Lobby Gazipur Branch in 1.91 seconds
[32m[CONNECTED] K40 Lobby Madhobdi Branch
[34m    [NEW ✅] RID 2303, User=1637, Time=2025-08-24 18:23:22
[34m    [NEW ✅] RID 2304, User=1322, Time=2025-08-24 18:24:45
[32m    [ACCESS ✅] USERID=1275 CHECKTIME=2025-08-24 18:23:22
[32m    [ACCESS ✅] USERID=871 CHECKTIME=2025-08-24 18:24:45
[35m[ACCESS INSERT TIME:2025-08-24 18:38:11]
Insert attempts: 2,
successful: 2 records
into Access DB in 0.03s
from K40 Lobby Banglabazar Branch
[37m[FLASK DB INSERT TIME:2025-08-24 18:38:11]
Insert attempts: 2,
committed: 2 records
into Flask DB in 0.00s
from K40 Lobby Banglabazar Branch
[31m[DISCONNECTED] K40 Lobby Banglabazar Branch
[34m[SCHEDULER] K40 Lobby Banglabazar Branch: 2 new logs
[33m
[DEBUG] Connecting to K40 Lobby Barishal Branch (172.19.129.231:4370)
[32m[CONNECTED] K40 Lobby Barishal Branch
[34m    [NEW ✅] RID 10180, User=335, Time=2025-08-24 18:14:55
[34m    [NEW ✅] RID 10181, User=1562, Time=2025-08-24 18:17:13
[34m    [NEW ✅] RID 10182, User=7056, Time=2025-08-24 18:26:20
[34m    [NEW ✅] RID 10183, User=916, Time=2025-08-24 18:36:37
[32m    [ACCESS ✅] USERID=307 CHECKTIME=2025-08-24 18:14:55
[32m    [ACCESS ✅] USERID=1200 CHECKTIME=2025-08-24 18:17:13
[32m    [ACCESS ✅] USERID=141 CHECKTIME=2025-08-24 18:26:20
[32m    [ACCESS ✅] USERID=138 CHECKTIME=2025-08-24 18:36:37
[35m[ACCESS INSERT TIME:2025-08-24 18:38:11]
Insert attempts: 4,
successful: 4 records
into Access DB in 0.08s
from K40 Lobby Uttara Branch
[37m[FLASK DB INSERT TIME:2025-08-24 18:38:11]
Insert attempts: 4,
committed: 4 records
into Flask DB in 0.01s
from K40 Lobby Uttara Branch
[31m[ERROR] Polling K40 Lobby Modhunaghat Branch failed: can't reach device (ping 172.19.121.231)
[33m
[DEBUG] Connecting to K40 Lobby Sarbolakkhona Branch (172.19.130.231:4370)
[34m[SCHEDULER] K40 Lobby Modhunaghat Branch: 0 new logs
[31m[DISCONNECTED] K40 Lobby Uttara Branch
[33m
[DEBUG] Connecting to K40 Lobby Rajshahi Branch (172.19.131.231:4370)
[34m[SCHEDULER] K40 Lobby Uttara Branch: 4 new logs
[36m[INFO] Retrieved 5016 logs from K40 Lobby Banani Branch in 1.63 seconds
[32m[CONNECTED] K40 Lobby Sarbolakkhona Branch
[32m[CONNECTED] K40 Lobby Rajshahi Branch
[35m[ACCESS INSERT TIME:2025-08-24 18:38:12]
Insert attempts: 0,
successful: 0 records
into Access DB in 0.00s
from K40 Lobby Shyamnagar Branch
[37m[FLASK DB INSERT TIME:2025-08-24 18:38:12]
Insert attempts: 0,
committed: 0 records
into Flask DB in 0.00s
from K40 Lobby Shyamnagar Branch
[31m[DISCONNECTED] K40 Lobby Shyamnagar Branch
[34m[SCHEDULER] K40 Lobby Shyamnagar Branch: 0 new logs
[33m
[DEBUG] Connecting to K40 Lobby Nababpur Branch (172.19.132.231:4370)
[32m[CONNECTED] K40 Lobby Nababpur Branch
[36m[INFO] Retrieved 3677 logs from K40 Lobby Madhobdi Branch in 1.24 seconds
[34m    [NEW ✅] RID 5013, User=1368, Time=2025-08-24 18:23:05
[34m    [NEW ✅] RID 5014, User=1368, Time=2025-08-24 18:23:06
[34m    [NEW ✅] RID 5015, User=1368, Time=2025-08-24 18:23:07
[34m    [NEW ✅] RID 5016, User=1168, Time=2025-08-24 18:34:44
[32m    [ACCESS ✅] USERID=47 CHECKTIME=2025-08-24 18:23:05
[32m    [ACCESS ✅] USERID=47 CHECKTIME=2025-08-24 18:23:06
[32m    [ACCESS ✅] USERID=47 CHECKTIME=2025-08-24 18:23:07
[32m    [ACCESS ✅] USERID=181 CHECKTIME=2025-08-24 18:34:44
[35m[ACCESS INSERT TIME:2025-08-24 18:38:12]
Insert attempts: 4,
successful: 4 records
into Access DB in 0.03s
from K40 Lobby Banani Branch
[37m[FLASK DB INSERT TIME:2025-08-24 18:38:12]
Insert attempts: 4,
committed: 4 records
into Flask DB in 0.01s
from K40 Lobby Banani Branch
[31m[DISCONNECTED] K40 Lobby Banani Branch
[34m[SCHEDULER] K40 Lobby Banani Branch: 4 new logs
[33m
[DEBUG] Connecting to K40 Lobby Mirpur Branch (172.19.133.230:4370)
[32m[CONNECTED] K40 Lobby Mirpur Branch
[36m[INFO] Retrieved 4959 logs from K40 Lobby Chuknagar  Branch in 2.01 seconds
[35m[ACCESS INSERT TIME:2025-08-24 18:38:12]
Insert attempts: 0,
successful: 0 records
into Access DB in 0.00s
from K40 Lobby Madhobdi Branch
[37m[FLASK DB INSERT TIME:2025-08-24 18:38:12]
Insert attempts: 0,
committed: 0 records
into Flask DB in 0.00s
from K40 Lobby Madhobdi Branch
[31m[DISCONNECTED] K40 Lobby Madhobdi Branch
[34m[SCHEDULER] K40 Lobby Madhobdi Branch: 0 new logs
[33m
[DEBUG] Connecting to K40 Lobby Shibu Market Branch (172.19.134.231:4370)
[32m[CONNECTED] K40 Lobby Shibu Market Branch
[36m[INFO] Retrieved 2859 logs from K40 Lobby Sarbolakkhona Branch in 1.19 seconds
[35m[ACCESS INSERT TIME:2025-08-24 18:38:13]
Insert attempts: 0,
successful: 0 records
into Access DB in 0.00s
from K40 Lobby Gazipur Branch
[37m[FLASK DB INSERT TIME:2025-08-24 18:38:13]
Insert attempts: 0,
committed: 0 records
into Flask DB in 0.00s
from K40 Lobby Gazipur Branch
[31m[DISCONNECTED] K40 Lobby Gazipur Branch
[33m
[DEBUG] Connecting to K40 Lobby Ghonapara Branch (172.19.135.231:4370)
[34m[SCHEDULER] K40 Lobby Gazipur Branch: 0 new logs
[32m[CONNECTED] K40 Lobby Ghonapara Branch
[36m[INFO] Retrieved 6737 logs from K40 Lobby Barishal Branch in 2.12 seconds
[34m    [NEW ✅] RID 2859, User=9031, Time=2025-08-24 17:52:32
[32m    [ACCESS ✅] USERID=440 CHECKTIME=2025-08-24 17:52:32
[35m[ACCESS INSERT TIME:2025-08-24 18:38:13]
Insert attempts: 1,
successful: 1 records
into Access DB in 0.04s
from K40 Lobby Sarbolakkhona Branch
[37m[FLASK DB INSERT TIME:2025-08-24 18:38:13]
Insert attempts: 1,
committed: 1 records
into Flask DB in 0.00s
from K40 Lobby Sarbolakkhona Branch
[31m[DISCONNECTED] K40 Lobby Sarbolakkhona Branch
[34m[SCHEDULER] K40 Lobby Sarbolakkhona Branch: 1 new logs
[33m
[DEBUG] Connecting to K40 Lobby Digraj Branch (172.19.136.231:4370)
[36m[INFO] Retrieved 2792 logs from K40 Lobby Shibu Market Branch in 0.91 seconds
[36m[INFO] Retrieved 6110 logs from K40 Lobby Nababpur Branch in 1.91 seconds
[35m[ACCESS INSERT TIME:2025-08-24 18:38:14]
Insert attempts: 0,
successful: 0 records
into Access DB in 0.00s
from K40 Lobby Ashulia Branch
[37m[FLASK DB INSERT TIME:2025-08-24 18:38:14]
Insert attempts: 0,
committed: 0 records
into Flask DB in 0.00s
from K40 Lobby Ashulia Branch
[31m[DISCONNECTED] K40 Lobby Ashulia Branch
[34m[SCHEDULER] K40 Lobby Ashulia Branch: 0 new logs
[33m
[DEBUG] Connecting to K40 Lobby Bijoynagar Branch (172.19.137.231:4370)
[32m[CONNECTED] K40 Lobby Bijoynagar Branch
[36m[INFO] Retrieved 2477 logs from K40 Lobby Ghonapara Branch in 0.85 seconds
[36m[INFO] Retrieved 6752 logs from K40 Lobby Rajshahi Branch in 2.36 seconds
[36m[INFO] Retrieved 5430 logs from K40 Lobby Mirpur Branch in 1.87 seconds
[34m    [NEW ✅] RID 4959, User=930, Time=2025-08-24 18:33:37
[32m    [ACCESS ✅] USERID=607 CHECKTIME=2025-08-24 18:33:37
[35m[ACCESS INSERT TIME:2025-08-24 18:38:14]
Insert attempts: 1,
successful: 1 records
into Access DB in 0.03s
from K40 Lobby Chuknagar  Branch
[37m[FLASK DB INSERT TIME:2025-08-24 18:38:14]
Insert attempts: 1,
committed: 1 records
into Flask DB in 0.00s
from K40 Lobby Chuknagar  Branch
[31m[DISCONNECTED] K40 Lobby Chuknagar  Branch
[34m[SCHEDULER] K40 Lobby Chuknagar  Branch: 1 new logs
[33m
[DEBUG] Connecting to K40 Lobby Narayangonj Branch (172.19.138.231:4370)
[35m[ACCESS INSERT TIME:2025-08-24 18:38:15]
Insert attempts: 0,
successful: 0 records
into Access DB in 0.00s
from K40 Lobby Nababpur Branch
[37m[FLASK DB INSERT TIME:2025-08-24 18:38:15]
Insert attempts: 0,
committed: 0 records
into Flask DB in 0.00s
from K40 Lobby Nababpur Branch
[31m[DISCONNECTED] K40 Lobby Nababpur Branch
[34m[SCHEDULER] K40 Lobby Nababpur Branch: 0 new logs
[33m
[DEBUG] Connecting to K40 Lobby Fatikchari Branch (172.19.139.231:4370)
[35m[ACCESS INSERT TIME:2025-08-24 18:38:15]
Insert attempts: 0,
successful: 0 records
into Access DB in 0.00s
from K40 Lobby Ghonapara Branch
[37m[FLASK DB INSERT TIME:2025-08-24 18:38:15]
Insert attempts: 0,
committed: 0 records
into Flask DB in 0.00s
from K40 Lobby Ghonapara Branch
[31m[DISCONNECTED] K40 Lobby Ghonapara Branch
[34m[SCHEDULER] K40 Lobby Ghonapara Branch: 0 new logs
[33m
[DEBUG] Connecting to K40 Lobby Baburhat Branch (172.19.140.231:4370)
[35m[ACCESS INSERT TIME:2025-08-24 18:38:15]
Insert attempts: 0,
successful: 0 records
into Access DB in 0.00s
from K40 Lobby Mirpur Branch
[37m[FLASK DB INSERT TIME:2025-08-24 18:38:15]
Insert attempts: 0,
committed: 0 records
into Flask DB in 0.00s
from K40 Lobby Mirpur Branch
[31m[DISCONNECTED] K40 Lobby Mirpur Branch
[34m[SCHEDULER] K40 Lobby Mirpur Branch: 0 new logs
[33m
[DEBUG] Connecting to K40 Lobby Rangpur Branch (172.19.141.231:4370)
[32m[CONNECTED] K40 Lobby Rangpur Branch
[35m[ACCESS INSERT TIME:2025-08-24 18:38:16]
Insert attempts: 0,
successful: 0 records
into Access DB in 0.00s
from K40 Lobby Shibu Market Branch
[37m[FLASK DB INSERT TIME:2025-08-24 18:38:16]
Insert attempts: 0,
committed: 0 records
into Flask DB in 0.00s
from K40 Lobby Shibu Market Branch
[31m[DISCONNECTED] K40 Lobby Shibu Market Branch
[34m[SCHEDULER] K40 Lobby Shibu Market Branch: 0 new logs
[33m
[DEBUG] Connecting to K40 Lobby Jessore Branch (172.19.142.231:4370)
[32m[CONNECTED] K40 Lobby Jessore Branch
[34m    [NEW ✅] RID 8834, User=7065, Time=2025-08-24 17:55:06
[34m    [NEW ✅] RID 8835, User=7064, Time=2025-08-24 17:55:13
[34m    [NEW ✅] RID 8836, User=1386, Time=2025-08-24 17:57:42
[34m    [NEW ✅] RID 8837, User=1676, Time=2025-08-24 18:11:50
[32m    [ACCESS ✅] USERID=412 CHECKTIME=2025-08-24 17:55:06
[32m    [ACCESS ✅] USERID=411 CHECKTIME=2025-08-24 17:55:13
[32m    [ACCESS ✅] USERID=410 CHECKTIME=2025-08-24 17:57:42
[32m    [ACCESS ✅] USERID=1345 CHECKTIME=2025-08-24 18:11:50[36m[INFO] Retrieved 6728 logs from K40 Lobby Bijoynagar Branch in 2.05 seconds

[35m[ACCESS INSERT TIME:2025-08-24 18:38:16]
Insert attempts: 4,
successful: 4 records
into Access DB in 0.10s
from K40 Lobby Velanagar Branch
[37m[FLASK DB INSERT TIME:2025-08-24 18:38:16]
Insert attempts: 4,
committed: 4 records
into Flask DB in 0.01s
from K40 Lobby Velanagar Branch
[31m[DISCONNECTED] K40 Lobby Velanagar Branch
[33m
[DEBUG] Connecting to K40 Lobby Takerhat Branch (172.19.143.231:4370)
[34m[SCHEDULER] K40 Lobby Velanagar Branch: 4 new logs
[32m[CONNECTED] K40 Lobby Takerhat Branch
[35m[ACCESS INSERT TIME:2025-08-24 18:38:16]
Insert attempts: 0,
successful: 0 records
into Access DB in 0.00s
from K40 Lobby Rajshahi Branch
[37m[FLASK DB INSERT TIME:2025-08-24 18:38:16]
Insert attempts: 0,
committed: 0 records
into Flask DB in 0.00s
from K40 Lobby Rajshahi Branch
[31m[DISCONNECTED] K40 Lobby Rajshahi Branch
[34m[SCHEDULER] K40 Lobby Rajshahi Branch: 0 new logs
[33m
[DEBUG] Connecting to K40 Lobby Nasirabad Branch (172.19.144.231:4370)
[32m[CONNECTED] K40 Lobby Nasirabad Branch
[34m    [NEW ✅] RID 6727, User=1501, Time=2025-08-24 18:22:27
[34m    [NEW ✅] RID 6728, User=473, Time=2025-08-24 18:33:45
[32m    [ACCESS ✅] USERID=1094 CHECKTIME=2025-08-24 18:22:27
[32m    [ACCESS ✅] USERID=125 CHECKTIME=2025-08-24 18:33:45
[35m[ACCESS INSERT TIME:2025-08-24 18:38:17]
Insert attempts: 2,
successful: 2 records
into Access DB in 0.04s
from K40 Lobby Bijoynagar Branch
[37m[FLASK DB INSERT TIME:2025-08-24 18:38:17]
Insert attempts: 2,
committed: 2 records
into Flask DB in 0.00s
from K40 Lobby Bijoynagar Branch
[31m[DISCONNECTED] K40 Lobby Bijoynagar Branch
[34m[SCHEDULER] K40 Lobby Bijoynagar Branch: 2 new logs
[33m
[DEBUG] Connecting to K40 Lobby Bhomra Branch (172.19.145.231:4370)
[32m[CONNECTED] K40 Lobby Bhomra Branch
[36m[INFO] Retrieved 5433 logs from K40 Lobby Rangpur Branch in 1.56 seconds
[36m[INFO] Retrieved 2153 logs from K40 Lobby Takerhat Branch in 0.85 seconds
[35m[ACCESS INSERT TIME:2025-08-24 18:38:17]
Insert attempts: 0,
successful: 0 records
into Access DB in 0.00s
from K40 Lobby Barishal Branch
[37m[FLASK DB INSERT TIME:2025-08-24 18:38:17]
Insert attempts: 0,
committed: 0 records
into Flask DB in 0.00s
from K40 Lobby Barishal Branch
[31m[DISCONNECTED] K40 Lobby Barishal Branch
[33m
[DEBUG] Connecting to K40 Lobby Morrelganj Branch (172.19.146.231:4370)
[34m[SCHEDULER] K40 Lobby Barishal Branch: 0 new logs
[32m[CONNECTED] K40 Lobby Morrelganj Branch
[31m[ERROR] Polling K40 Lobby Digraj Branch failed: can't reach device (ping 172.19.136.231)
[34m[SCHEDULER] K40 Lobby Digraj Branch: 0 new logs
[33m
[DEBUG] Connecting to K40 Lobby Hasnabad Branch (172.19.147.231:4370)
[32m[CONNECTED] K40 Lobby Hasnabad Branch
[35m[ACCESS INSERT TIME:2025-08-24 18:38:18]
Insert attempts: 0,
successful: 0 records
into Access DB in 0.00s
from K40 Lobby Rangpur Branch
[37m[FLASK DB INSERT TIME:2025-08-24 18:38:18]
Insert attempts: 0,
committed: 0 records
into Flask DB in 0.00s
from K40 Lobby Rangpur Branch
[31m[DISCONNECTED] K40 Lobby Rangpur Branch
[34m[SCHEDULER] K40 Lobby Rangpur Branch: 0 new logs
[33m
[DEBUG] Connecting to K40 Lobby Kharabad Branch (172.19.148.231:4370)
[36m[INFO] Retrieved 2877 logs from K40 Lobby Nasirabad Branch in 1.14 seconds
[31m[ERROR] Polling K40 Lobby Narayangonj Branch failed: can't reach device (ping 172.19.138.231)
[34m[SCHEDULER] K40 Lobby Narayangonj Branch: 0 new logs
[33m
[DEBUG] Connecting to K40 Lobby Chalakchar Branch (172.19.149.231:4370)
[32m[CONNECTED] K40 Lobby Chalakchar Branch
[36m[INFO] Retrieved 7920 logs from K40 Lobby Jessore Branch in 2.28 seconds
[35m[ACCESS INSERT TIME:2025-08-24 18:38:18]
Insert attempts: 0,
successful: 0 records
into Access DB in 0.00s
from K40 Lobby Takerhat Branch
[37m[FLASK DB INSERT TIME:2025-08-24 18:38:18]
Insert attempts: 0,
committed: 0 records
into Flask DB in 0.00s
from K40 Lobby Takerhat Branch
[31m[DISCONNECTED] K40 Lobby Takerhat Branch
[34m[SCHEDULER] K40 Lobby Takerhat Branch: 0 new logs
[33m
[DEBUG] Connecting to K40 Lobby Panthapath Branch (172.19.150.231:4370)
[32m[CONNECTED] K40 Lobby Panthapath Branch
[36m[INFO] Retrieved 1951 logs from K40 Lobby Hasnabad Branch in 0.90 seconds
[31m[ERROR] Polling K40 Lobby Fatikchari Branch failed: can't reach device (ping 172.19.139.231)
[34m[SCHEDULER] K40 Lobby Fatikchari Branch: 0 new logs
[33m
[DEBUG] Connecting to K40 Lobby Mouchak Branch (172.19.151.231:4370)
[35m[ACCESS INSERT TIME:2025-08-24 18:38:18]
Insert attempts: 0,
successful: 0 records
into Access DB in 0.00s
from K40 Lobby Jessore Branch
[37m[FLASK DB INSERT TIME:2025-08-24 18:38:18]
Insert attempts: 0,
committed: 0 records
into Flask DB in 0.00s
from K40 Lobby Jessore Branch
[36m[INFO] Retrieved 2679 logs from K40 Lobby Morrelganj Branch in 1.00 seconds
[31m[DISCONNECTED] K40 Lobby Jessore Branch
[32m[CONNECTED] K40 Lobby Mouchak Branch
[34m[SCHEDULER] K40 Lobby Jessore Branch: 0 new logs
[33m
[DEBUG] Connecting to K40 Lobby Maligram Branch (172.19.152.231:4370)
[32m[CONNECTED] K40 Lobby Maligram Branch
[35m[ACCESS INSERT TIME:2025-08-24 18:38:19]
Insert attempts: 0,
successful: 0 records
into Access DB in 0.00s
from K40 Lobby Hasnabad Branch
[37m[FLASK DB INSERT TIME:2025-08-24 18:38:19]
Insert attempts: 0,
committed: 0 records
into Flask DB in 0.00s
from K40 Lobby Hasnabad Branch
[31m[DISCONNECTED] K40 Lobby Hasnabad Branch
[34m[SCHEDULER] K40 Lobby Hasnabad Branch: 0 new logs
[33m
[DEBUG] Connecting to K40 Lobby Chittagong EPZ Branch (172.19.153.231:4370)
[32m[CONNECTED] K40 Lobby Kharabad Branch
[36m[INFO] Retrieved 5222 logs from K40 Lobby Bhomra Branch in 1.88 seconds
[31m[ERROR] Polling K40 Lobby Baburhat Branch failed: can't reach device (ping 172.19.140.231)
[34m[SCHEDULER] K40 Lobby Baburhat Branch: 0 new logs
[33m
[DEBUG] Connecting to K40 Lobby Dinajpur Branch (172.19.154.231:4370)
[36m[INFO] Retrieved 2064 logs from K40 Lobby Chalakchar Branch in 0.90 seconds
[32m[CONNECTED] K40 Lobby Dinajpur Branch
[34m    [NEW ✅] RID 2676, User=425, Time=2025-08-24 18:14:51
[34m    [NEW ✅] RID 2677, User=834, Time=2025-08-24 18:15:00
[34m    [NEW ✅] RID 2678, User=1110, Time=2025-08-24 18:15:04
[34m    [NEW ✅] RID 2679, User=1669, Time=2025-08-24 18:15:46
[32m    [ACCESS ✅] USERID=661 CHECKTIME=2025-08-24 18:14:51
[32m    [ACCESS ✅] USERID=437 CHECKTIME=2025-08-24 18:15:00
[32m    [ACCESS ✅] USERID=595 CHECKTIME=2025-08-24 18:15:04
[32m    [ACCESS ✅] USERID=1332 CHECKTIME=2025-08-24 18:15:46
[36m[INFO] Retrieved 886 logs from K40 Lobby Maligram Branch in 0.54 seconds
[35m[ACCESS INSERT TIME:2025-08-24 18:38:19]
Insert attempts: 4,
successful: 4 records
into Access DB in 0.05s
from K40 Lobby Morrelganj Branch
[37m[FLASK DB INSERT TIME:2025-08-24 18:38:19]
Insert attempts: 4,
committed: 4 records
into Flask DB in 0.00s
from K40 Lobby Morrelganj Branch
[31m[DISCONNECTED] K40 Lobby Morrelganj Branch
[34m[SCHEDULER] K40 Lobby Morrelganj Branch: 4 new logs
[33m
[DEBUG] Connecting to K40 Lobby KDA Branch (172.19.155.231:4370)
[32m[CONNECTED] K40 Lobby KDA Branch
[35m[ACCESS INSERT TIME:2025-08-24 18:38:20]
Insert attempts: 0,
successful: 0 records
into Access DB in 0.00s
from K40 Lobby Nasirabad Branch
[37m[FLASK DB INSERT TIME:2025-08-24 18:38:20]
Insert attempts: 0,
committed: 0 records
into Flask DB in 0.00s
from K40 Lobby Nasirabad Branch
[31m[DISCONNECTED] K40 Lobby Nasirabad Branch
[34m[SCHEDULER] K40 Lobby Nasirabad Branch: 0 new logs
[33m
[DEBUG] Connecting to K40 Lobby Nator Branch (172.19.156.231:4370)
[36m[INFO] Retrieved 3484 logs from K40 Lobby Mouchak Branch in 1.15 seconds
[36m[INFO] Retrieved 4671 logs from K40 Lobby Panthapath Branch in 1.51 seconds
[32m[CONNECTED] K40 Lobby Nator Branch
[35m[ACCESS INSERT TIME:2025-08-24 18:38:20]
Insert attempts: 0,
successful: 0 records
into Access DB in 0.00s
from K40 Lobby Chalakchar Branch
[37m[FLASK DB INSERT TIME:2025-08-24 18:38:20]
Insert attempts: 0,
committed: 0 records
into Flask DB in 0.00s
from K40 Lobby Chalakchar Branch
[31m[DISCONNECTED] K40 Lobby Chalakchar Branch
[33m
[DEBUG] Connecting to K40 Lobby Feni Branch (172.19.157.231:4370)
[34m[SCHEDULER] K40 Lobby Chalakchar Branch: 0 new logs
[32m[CONNECTED] K40 Lobby Feni Branch
[34m    [NEW ✅] RID 3483, User=1462, Time=2025-08-24 18:16:22
[34m    [NEW ✅] RID 3484, User=713, Time=2025-08-24 18:23:00
[32m    [ACCESS ✅] USERID=994 CHECKTIME=2025-08-24 18:16:22
[32m    [ACCESS ✅] USERID=341 CHECKTIME=2025-08-24 18:23:00
[35m[ACCESS INSERT TIME:2025-08-24 18:38:20]
Insert attempts: 2,
successful: 2 records
into Access DB in 0.02s
from K40 Lobby Mouchak Branch
[37m[FLASK DB INSERT TIME:2025-08-24 18:38:20]
Insert attempts: 2,
committed: 2 records
into Flask DB in 0.00s
from K40 Lobby Mouchak Branch
[31m[DISCONNECTED] K40 Lobby Mouchak Branch
[34m[SCHEDULER] K40 Lobby Mouchak Branch: 2 new logs
[33m
[DEBUG] Connecting to K40 Lobby Kushtia Branch (172.19.158.231:4370)
[36m[INFO] Retrieved 3613 logs from K40 Lobby Dinajpur Branch in 1.32 seconds
[32m[CONNECTED] K40 Lobby Kushtia Branch
[36m[INFO] Retrieved 2925 logs from K40 Lobby KDA Branch in 1.06 seconds
[35m[ACCESS INSERT TIME:2025-08-24 18:38:21]
Insert attempts: 0,
successful: 0 records
into Access DB in 0.00s
from K40 Lobby Panthapath Branch
[37m[FLASK DB INSERT TIME:2025-08-24 18:38:21]
Insert attempts: 0,
committed: 0 records
into Flask DB in 0.00s
from K40 Lobby Panthapath Branch
[31m[DISCONNECTED] K40 Lobby Panthapath Branch
[34m[SCHEDULER] K40 Lobby Panthapath Branch: 0 new logs
[33m
[DEBUG] Connecting to K40 Lobby Labanchora Branch (172.19.159.231:4370)
[32m[CONNECTED] K40 Lobby Labanchora Branch
[34m    [NEW ✅] RID 5222, User=667, Time=2025-08-24 18:37:03
[32m    [ACCESS ✅] USERID=399 CHECKTIME=2025-08-24 18:37:03
[36m[INFO] Retrieved 2668 logs from K40 Lobby Feni Branch in 1.00 seconds
[35m[ACCESS INSERT TIME:2025-08-24 18:38:21]
Insert attempts: 1,
successful: 1 records
into Access DB in 0.03s
from K40 Lobby Bhomra Branch
[37m[FLASK DB INSERT TIME:2025-08-24 18:38:21]
Insert attempts: 1,
committed: 1 records
into Flask DB in 0.00s
from K40 Lobby Bhomra Branch
[31m[DISCONNECTED] K40 Lobby Bhomra Branch
[34m[SCHEDULER] K40 Lobby Bhomra Branch: 1 new logs
[33m
[DEBUG] Connecting to K40 Lobby Khatunganj Branch (172.19.160.231:4370)
[36m[INFO] Retrieved 4728 logs from K40 Lobby Nator Branch in 1.43 seconds
[32m[CONNECTED] K40 Lobby Khatunganj Branch
[34m    [NEW ✅] RID 2667, User=240, Time=2025-08-24 18:28:38
[34m    [NEW ✅] RID 2668, User=9020, Time=2025-08-24 18:32:03
[32m    [ACCESS ✅] USERID=886 CHECKTIME=2025-08-24 18:28:38
[32m    [ACCESS ✅] USERID=751 CHECKTIME=2025-08-24 18:32:03
[35m[ACCESS INSERT TIME:2025-08-24 18:38:22]
Insert attempts: 2,
successful: 2 records
into Access DB in 0.02s
from K40 Lobby Feni Branch
[37m[FLASK DB INSERT TIME:2025-08-24 18:38:22]
Insert attempts: 2,
committed: 2 records
into Flask DB in 0.00s
from K40 Lobby Feni Branch
[31m[DISCONNECTED] K40 Lobby Feni Branch
[34m[SCHEDULER] K40 Lobby Feni Branch: 2 new logs
[33m
[DEBUG] Connecting to K40 Lobby Pragati Sharani Branch (172.19.161.231:4370)
[32m[CONNECTED] K40 Lobby Pragati Sharani Branch
[35m[ACCESS INSERT TIME:2025-08-24 18:38:22]
Insert attempts: 0,
successful: 0 records
into Access DB in 0.00s
from K40 Lobby KDA Branch
[37m[FLASK DB INSERT TIME:2025-08-24 18:38:22]
Insert attempts: 0,
committed: 0 records
into Flask DB in 0.00s
from K40 Lobby KDA Branch
[36m[INFO] Retrieved 4657 logs from K40 Lobby Kushtia Branch in 1.34 seconds
[31m[DISCONNECTED] K40 Lobby KDA Branch
[34m[SCHEDULER] K40 Lobby KDA Branch: 0 new logs
[33m
[DEBUG] Connecting to K40 Lobby Amin Bazar Branch (172.19.162.231:4370)
[32m[CONNECTED] K40 Lobby Amin Bazar Branch
[35m[ACCESS INSERT TIME:2025-08-24 18:38:22]
Insert attempts: 0,
successful: 0 records
into Access DB in 0.00s
from K40 Lobby Maligram Branch
[37m[FLASK DB INSERT TIME:2025-08-24 18:38:22]
Insert attempts: 0,
committed: 0 records
into Flask DB in 0.00s
from K40 Lobby Maligram Branch
[31m[DISCONNECTED] K40 Lobby Maligram Branch
[34m[SCHEDULER] K40 Lobby Maligram Branch: 0 new logs
[33m
[DEBUG] Connecting to K40 Lobby Banaripara Branch (172.19.163.231:4370)
[36m[INFO] Retrieved 2201 logs from K40 Lobby Khatunganj Branch in 0.90 seconds
[31m[ERROR] Polling K40 Lobby Chittagong EPZ Branch failed: can't reach device (ping 172.19.153.231)
[34m[SCHEDULER] K40 Lobby Chittagong EPZ Branch: 0 new logs
[33m
[DEBUG] Connecting to K40 Lobby Faltita Branch (172.19.164.231:4370)
[32m[CONNECTED] K40 Lobby Faltita Branch
[35m[ACCESS INSERT TIME:2025-08-24 18:38:23]
Insert attempts: 0,
successful: 0 records
into Access DB in 0.00s
from K40 Lobby Dinajpur Branch
[37m[FLASK DB INSERT TIME:2025-08-24 18:38:23]
Insert attempts: 0,
committed: 0 records
into Flask DB in 0.00s
from K40 Lobby Dinajpur Branch
[31m[DISCONNECTED] K40 Lobby Dinajpur Branch
[34m[SCHEDULER] K40 Lobby Dinajpur Branch: 0 new logs
[33m
[DEBUG] Connecting to K40 Lobby AddaBazar Branch (172.19.165.231:4370)
[32m[CONNECTED] K40 Lobby AddaBazar Branch
[35m[ACCESS INSERT TIME:2025-08-24 18:38:23]
Insert attempts: 0,
successful: 0 records
into Access DB in 0.00s
from K40 Lobby Khatunganj Branch
[37m[FLASK DB INSERT TIME:2025-08-24 18:38:23]
Insert attempts: 0,
committed: 0 records
into Flask DB in 0.00s
from K40 Lobby Khatunganj Branch
[36m[INFO] Retrieved 1939 logs from K40 Lobby Pragati Sharani Branch in 1.27 seconds
[31m[DISCONNECTED] K40 Lobby Khatunganj Branch
[34m[SCHEDULER] K40 Lobby Khatunganj Branch: 0 new logs
[33m
[DEBUG] Connecting to K40 Lobby Jibannagar Branch (172.19.166.231:4370)
[36m[INFO] Retrieved 3059 logs from K40 Lobby Amin Bazar Branch in 1.03 seconds
[32m[CONNECTED] K40 Lobby Jibannagar Branch
[34m    [NEW ✅] RID 1936, User=1007, Time=2025-08-24 18:18:01
[34m    [NEW ✅] RID 1937, User=1545, Time=2025-08-24 18:19:03
[34m    [NEW ✅] RID 1938, User=1613, Time=2025-08-24 18:22:13
[34m    [NEW ✅] RID 1939, User=739, Time=2025-08-24 18:26:23
[32m    [ACCESS ✅] USERID=173 CHECKTIME=2025-08-24 18:18:01
[32m    [ACCESS ✅] USERID=1139 CHECKTIME=2025-08-24 18:19:03
[32m    [ACCESS ✅] USERID=1284 CHECKTIME=2025-08-24 18:22:13
[32m    [ACCESS ✅] USERID=151 CHECKTIME=2025-08-24 18:26:23
[35m[ACCESS INSERT TIME:2025-08-24 18:38:23]
Insert attempts: 4,
successful: 4 records
into Access DB in 0.04s
from K40 Lobby Pragati Sharani Branch
[37m[FLASK DB INSERT TIME:2025-08-24 18:38:23]
Insert attempts: 4,
committed: 4 records
into Flask DB in 0.01s
from K40 Lobby Pragati Sharani Branch
[31m[DISCONNECTED] K40 Lobby Pragati Sharani Branch
[33m
[DEBUG] Connecting to K40 Lobby Abdullahpur Branch (172.19.167.231:4370)
[34m[SCHEDULER] K40 Lobby Pragati Sharani Branch: 4 new logs
[36m[INFO] Retrieved 3088 logs from K40 Lobby Faltita Branch in 1.02 seconds
[32m[CONNECTED] K40 Lobby Abdullahpur Branch
[34m    [NEW ✅] RID 3059, User=1414, Time=2025-08-24 18:35:51
[32m    [ACCESS ✅] USERID=400 CHECKTIME=2025-08-24 18:35:51
[35m[ACCESS INSERT TIME:2025-08-24 18:38:24]
Insert attempts: 1,
successful: 1 records
into Access DB in 0.01s
from K40 Lobby Amin Bazar Branch
[37m[FLASK DB INSERT TIME:2025-08-24 18:38:24]
Insert attempts: 1,
committed: 1 records
into Flask DB in 0.00s
from K40 Lobby Amin Bazar Branch
[31m[DISCONNECTED] K40 Lobby Amin Bazar Branch
[34m[SCHEDULER] K40 Lobby Amin Bazar Branch: 1 new logs
[33m
[DEBUG] Connecting to K40 Lobby Bhulta Branch (172.19.168.231:4370)
[35m[ACCESS INSERT TIME:2025-08-24 18:38:24]
Insert attempts: 0,
successful: 0 records
into Access DB in 0.00s
from K40 Lobby Kushtia Branch
[37m[FLASK DB INSERT TIME:2025-08-24 18:38:24]
Insert attempts: 0,
committed: 0 records
into Flask DB in 0.00s
from K40 Lobby Kushtia Branch
[36m[INFO] Retrieved 2968 logs from K40 Lobby Jibannagar Branch in 1.07 seconds
[31m[DISCONNECTED] K40 Lobby Kushtia Branch
[34m[SCHEDULER] K40 Lobby Kushtia Branch: 0 new logs
[33m
[DEBUG] Connecting to K40 Lobby Myemensingh Branch (172.19.169.231:4370)
[32m[CONNECTED] K40 Lobby Myemensingh Branch
[35m[ACCESS INSERT TIME:2025-08-24 18:38:25]
Insert attempts: 0,
successful: 0 records
into Access DB in 0.00s
from K40 Lobby Jibannagar Branch
[37m[FLASK DB INSERT TIME:2025-08-24 18:38:25]
Insert attempts: 0,
committed: 0 records
into Flask DB in 0.00s
from K40 Lobby Jibannagar Branch
[31m[DISCONNECTED] K40 Lobby Jibannagar Branch
[34m[SCHEDULER] K40 Lobby Jibannagar Branch: 0 new logs
[33m
[DEBUG] Connecting to K40 Lobby Birganj Branch (172.19.170.231:4370)
[36m[INFO] Retrieved 2591 logs from K40 Lobby Abdullahpur Branch in 1.05 seconds
[32m[CONNECTED] K40 Lobby Birganj Branch
[36m[INFO] Retrieved 2639 logs from K40 Lobby AddaBazar Branch in 1.97 seconds
[34m    [NEW ✅] RID 3086, User=895, Time=2025-08-24 18:15:11
[34m    [NEW ✅] RID 3087, User=150, Time=2025-08-24 18:15:15
[34m    [NEW ✅] RID 3088, User=1, Time=2025-08-24 18:15:26
[32m    [ACCESS ✅] USERID=584 CHECKTIME=2025-08-24 18:15:11
[32m    [ACCESS ✅] USERID=362 CHECKTIME=2025-08-24 18:15:15
[32m    [ACCESS ✅] USERID=992 CHECKTIME=2025-08-24 18:15:26
[35m[ACCESS INSERT TIME:2025-08-24 18:38:25]
Insert attempts: 3,
successful: 3 records
into Access DB in 0.04s
from K40 Lobby Faltita Branch
[37m[FLASK DB INSERT TIME:2025-08-24 18:38:25]
Insert attempts: 3,
committed: 3 records
into Flask DB in 0.00s
from K40 Lobby Faltita Branch
[31m[DISCONNECTED] K40 Lobby Faltita Branch
[34m[SCHEDULER] K40 Lobby Faltita Branch: 3 new logs
[33m
[DEBUG] Connecting to K40 Lobby Nazipur Branch (172.19.171.231:4370)
[32m[CONNECTED] K40 Lobby Nazipur Branch
[36m[INFO] Retrieved 2411 logs from K40 Lobby Myemensingh Branch in 0.95 seconds
[35m[ACCESS INSERT TIME:2025-08-24 18:38:25]
Insert attempts: 0,
successful: 0 records
into Access DB in 0.00s
from K40 Lobby Abdullahpur Branch
[37m[FLASK DB INSERT TIME:2025-08-24 18:38:25]
Insert attempts: 0,
committed: 0 records
into Flask DB in 0.00s
from K40 Lobby Abdullahpur Branch
[36m[INFO] Retrieved 1627 logs from K40 Lobby Birganj Branch in 0.69 seconds
[31m[DISCONNECTED] K40 Lobby Abdullahpur Branch
[34m[SCHEDULER] K40 Lobby Abdullahpur Branch: 0 new logs
[33m
[DEBUG] Connecting to K40 Lobby Mehendiganj Branch (172.19.172.231:4370)
[35m[ACCESS INSERT TIME:2025-08-24 18:38:26]
Insert attempts: 0,
successful: 0 records
into Access DB in 0.00s
from K40 Lobby Birganj Branch
[37m[FLASK DB INSERT TIME:2025-08-24 18:38:26]
Insert attempts: 0,
committed: 0 records
into Flask DB in 0.00s
from K40 Lobby Birganj Branch
[31m[DISCONNECTED] K40 Lobby Birganj Branch
[34m[SCHEDULER] K40 Lobby Birganj Branch: 0 new logs
[33m
[DEBUG] Connecting to K40 Lobby Cumilla Branch (172.19.173.231:4370)
[32m[CONNECTED] K40 Lobby Cumilla Branch
[31m[ERROR] Polling K40 Lobby Banaripara Branch failed: can't reach device (ping 172.19.163.231)
[34m[SCHEDULER] K40 Lobby Banaripara Branch: 0 new logs
[33m
[DEBUG] Connecting to K40 Lobby Bhola Branch (172.19.174.231:4370)
[32m[CONNECTED] K40 Lobby Mehendiganj Branch
[32m[CONNECTED] K40 Lobby Bhola Branch
[35m[ACCESS INSERT TIME:2025-08-24 18:38:26]
Insert attempts: 0,
successful: 0 records
into Access DB in 0.00s
from K40 Lobby AddaBazar Branch
[37m[FLASK DB INSERT TIME:2025-08-24 18:38:26]
Insert attempts: 0,
committed: 0 records
into Flask DB in 0.00s
from K40 Lobby AddaBazar Branch
[31m[DISCONNECTED] K40 Lobby AddaBazar Branch
[34m[SCHEDULER] K40 Lobby AddaBazar Branch: 0 new logs
[33m
[DEBUG] Connecting to K40 Lobby Bashundhara Branch (172.19.175.231:4370)
[32m[CONNECTED] K40 Lobby Bashundhara Branch
[36m[INFO] Retrieved 3577 logs from K40 Lobby Nazipur Branch in 1.17 seconds
[34m    [NEW ✅] RID 4728, User=8007, Time=2025-08-24 18:07:10
[32m    [ACCESS ✅] USERID=1116 CHECKTIME=2025-08-24 18:07:10
[35m[ACCESS INSERT TIME:2025-08-24 18:38:26]
Insert attempts: 1,
successful: 1 records
into Access DB in 0.01s
from K40 Lobby Nator Branch
[37m[FLASK DB INSERT TIME:2025-08-24 18:38:26]
Insert attempts: 1,
committed: 1 records
into Flask DB in 0.00s
from K40 Lobby Nator Branch
[31m[DISCONNECTED] K40 Lobby Nator Branch
[34m[SCHEDULER] K40 Lobby Nator Branch: 1 new logs
[33m
[DEBUG] Connecting to K40 Lobby Gopalgonj Branch (172.19.176.231:4370)
[35m[ACCESS INSERT TIME:2025-08-24 18:38:27]
Insert attempts: 0,
successful: 0 records
into Access DB in 0.00s
from K40 Lobby Nazipur Branch
[37m[FLASK DB INSERT TIME:2025-08-24 18:38:27]
Insert attempts: 0,
committed: 0 records
into Flask DB in 0.00s
from K40 Lobby Nazipur Branch
[31m[DISCONNECTED] K40 Lobby Nazipur Branch
[34m[SCHEDULER] K40 Lobby Nazipur Branch: 0 new logs
[33m
[DEBUG] Connecting to K40 Lobby Jatrabari Sub Branch (172.19.177.231:4370)
[36m[INFO] Retrieved 2671 logs from K40 Lobby Bhola Branch in 0.95 seconds
[32m[CONNECTED] K40 Lobby Jatrabari Sub Branch
[36m[INFO] Retrieved 3604 logs from K40 Lobby Cumilla Branch in 1.18 seconds
[36m[INFO] Retrieved 6706 logs from K40 Lobby Labanchora Branch in 5.84 seconds
[36m[INFO] Retrieved 1762 logs from K40 Lobby Mehendiganj Branch in 1.19 seconds
[35m[ACCESS INSERT TIME:2025-08-24 18:38:27]
Insert attempts: 0,
successful: 0 records
into Access DB in 0.00s
from K40 Lobby Myemensingh Branch
[37m[FLASK DB INSERT TIME:2025-08-24 18:38:27]
Insert attempts: 0,
committed: 0 records
into Flask DB in 0.00s
from K40 Lobby Myemensingh Branch
[31m[DISCONNECTED] K40 Lobby Myemensingh Branch
[34m[SCHEDULER] K40 Lobby Myemensingh Branch: 0 new logs
[33m
[DEBUG] Connecting to K40 Lobby BabuBazar Sub Branch (172.19.178.231:4370)
[31m[ERROR] Polling K40 Lobby Bhulta Branch failed: can't reach device (ping 172.19.168.231)
[34m[SCHEDULER] K40 Lobby Bhulta Branch: 0 new logs
[33m
[DEBUG] Connecting to K40 Lobby Rayenda Bazar Sub Branch (172.19.179.231:4370)
[32m[CONNECTED] K40 Lobby BabuBazar Sub Branch
[32m[CONNECTED] K40 Lobby Rayenda Bazar Sub Branch
[35m[ACCESS INSERT TIME:2025-08-24 18:38:28]
Insert attempts: 0,
successful: 0 records
into Access DB in 0.00s
from K40 Lobby Bhola Branch
[37m[FLASK DB INSERT TIME:2025-08-24 18:38:28]
Insert attempts: 0,
committed: 0 records
into Flask DB in 0.00s
from K40 Lobby Bhola Branch
[31m[DISCONNECTED] K40 Lobby Bhola Branch
[34m[SCHEDULER] K40 Lobby Bhola Branch: 0 new logs
[33m
[DEBUG] Connecting to K40 Lobby Rupatali Sub Branch (172.19.180.231:4370)
[32m[CONNECTED] K40 Lobby Rupatali Sub Branch
[35m[ACCESS INSERT TIME:2025-08-24 18:38:28]
Insert attempts: 0,
successful: 0 records
into Access DB in 0.00s
from K40 Lobby Cumilla Branch
[37m[FLASK DB INSERT TIME:2025-08-24 18:38:28]
Insert attempts: 0,
committed: 0 records
into Flask DB in 0.00s
from K40 Lobby Cumilla Branch
[31m[DISCONNECTED] K40 Lobby Cumilla Branch
[34m[SCHEDULER] K40 Lobby Cumilla Branch: 0 new logs
[33m
[DEBUG] Connecting to K40 Lobby Ramgonj Branch (172.19.181.231:4370)
[36m[INFO] Retrieved 1161 logs from K40 Lobby Rayenda Bazar Sub Branch in 0.51 seconds
[36m[INFO] Retrieved 6418 logs from K40 Lobby Bashundhara Branch in 1.86 seconds
[36m[INFO] Retrieved 4344 logs from K40 Lobby Jatrabari Sub Branch in 1.31 seconds
[34m    [NEW ✅] RID 6706, User=9028, Time=2025-08-24 18:07:37
[32m    [ACCESS ✅] USERID=379 CHECKTIME=2025-08-24 18:07:37
[32m[CONNECTED] K40 Lobby Ramgonj Branch
[35m[ACCESS INSERT TIME:2025-08-24 18:38:28]
Insert attempts: 1,
successful: 1 records
into Access DB in 0.00s
from K40 Lobby Labanchora Branch
[37m[FLASK DB INSERT TIME:2025-08-24 18:38:28]
Insert attempts: 1,
committed: 1 records
into Flask DB in 0.00s
from K40 Lobby Labanchora Branch
[35m[ACCESS INSERT TIME:2025-08-24 18:38:29]
Insert attempts: 0,
successful: 0 records
into Access DB in 0.00s
from K40 Lobby Mehendiganj Branch
[37m[FLASK DB INSERT TIME:2025-08-24 18:38:29]
Insert attempts: 0,
committed: 0 records
into Flask DB in 0.00s
from K40 Lobby Mehendiganj Branch
[31m[DISCONNECTED] K40 Lobby Mehendiganj Branch
[34m[SCHEDULER] K40 Lobby Mehendiganj Branch: 0 new logs
[33m
[DEBUG] Connecting to K40 Lobby Kaligonj Branch (172.19.182.231:4370)
[36m[INFO] Retrieved 4906 logs from K40 Lobby BabuBazar Sub Branch in 1.55 seconds
[31m[DISCONNECTED] K40 Lobby Labanchora Branch
[34m[SCHEDULER] K40 Lobby Labanchora Branch: 1 new logs
[33m
[DEBUG] Connecting to K40 Lobby Palashbari Branch (172.19.183.231:4370)
[36m[INFO] Retrieved 1449 logs from K40 Lobby Rupatali Sub Branch in 1.12 seconds
[32m[CONNECTED] K40 Lobby Palashbari Branch
[35m[ACCESS INSERT TIME:2025-08-24 18:38:29]
Insert attempts: 0,
successful: 0 records
into Access DB in 0.00s
from K40 Lobby Rayenda Bazar Sub Branch
[37m[FLASK DB INSERT TIME:2025-08-24 18:38:29]
Insert attempts: 0,
committed: 0 records
into Flask DB in 0.00s
from K40 Lobby Rayenda Bazar Sub Branch
[31m[DISCONNECTED] K40 Lobby Rayenda Bazar Sub Branch
[34m[SCHEDULER] K40 Lobby Rayenda Bazar Sub Branch: 0 new logs
[33m
[DEBUG] Connecting to K40 Lobby Mohakhali Branch (172.19.184.231:4370)
[32m[CONNECTED] K40 Lobby Mohakhali Branch
[35m[ACCESS INSERT TIME:2025-08-24 18:38:30]
Insert attempts: 0,
successful: 0 records
into Access DB in 0.00s
from K40 Lobby BabuBazar Sub Branch
[37m[FLASK DB INSERT TIME:2025-08-24 18:38:30]
Insert attempts: 0,
committed: 0 records
into Flask DB in 0.00s
from K40 Lobby BabuBazar Sub Branch
[31m[DISCONNECTED] K40 Lobby BabuBazar Sub Branch
[34m[SCHEDULER] K40 Lobby BabuBazar Sub Branch: 0 new logs
[33m
[DEBUG] Connecting to K40 Lobby Bhandaria Branch (172.19.185.231:4370)
[32m[CONNECTED] K40 Lobby Bhandaria Branch
[36m[INFO] Retrieved 1105 logs from K40 Lobby Palashbari Branch in 0.59 seconds
[35m[ACCESS INSERT TIME:2025-08-24 18:38:30]
Insert attempts: 0,
successful: 0 records
into Access DB in 0.00s
from K40 Lobby Rupatali Sub Branch
[37m[FLASK DB INSERT TIME:2025-08-24 18:38:30]
Insert attempts: 0,
committed: 0 records
into Flask DB in 0.00s
from K40 Lobby Rupatali Sub Branch
[31m[DISCONNECTED] K40 Lobby Rupatali Sub Branch
[34m[SCHEDULER] K40 Lobby Rupatali Sub Branch: 0 new logs
[33m
[DEBUG] Connecting to K40 Lobby Lohagara Branch (172.19.186.231:4370)
[36m[INFO] Retrieved 3277 logs from K40 Lobby Ramgonj Branch in 1.93 seconds
[32m[CONNECTED] K40 Lobby Lohagara Branch
[31m[ERROR] Polling K40 Lobby Gopalgonj Branch failed: can't reach device (ping 172.19.176.231)
[34m[SCHEDULER] K40 Lobby Gopalgonj Branch: 0 new logs
[33m
[DEBUG] Connecting to K40 Lobby Benapole Branch (172.19.187.231:4370)
[32m[CONNECTED] K40 Lobby Benapole Branch
[35m[ACCESS INSERT TIME:2025-08-24 18:38:31]
Insert attempts: 0,
successful: 0 records
into Access DB in 0.00s
from K40 Lobby Palashbari Branch
[37m[FLASK DB INSERT TIME:2025-08-24 18:38:31]
Insert attempts: 0,
committed: 0 records
into Flask DB in 0.00s
from K40 Lobby Palashbari Branch
[31m[DISCONNECTED] K40 Lobby Palashbari Branch
[34m[SCHEDULER] K40 Lobby Palashbari Branch: 0 new logs
[33m
[DEBUG] Connecting to K40 Lobby Panchar Sub Branch (172.19.188.231:4370)
[32m[CONNECTED] K40 Lobby Panchar Sub Branch
[36m[INFO] Retrieved 3586 logs from K40 Lobby Mohakhali Branch in 1.26 seconds
[34m    [NEW ✅] RID 3277, User=7081, Time=2025-08-24 18:20:42
[32m    [ACCESS ✅] USERID=866 CHECKTIME=2025-08-24 18:20:42
[35m[ACCESS INSERT TIME:2025-08-24 18:38:31]
Insert attempts: 1,
successful: 1 records
into Access DB in 0.03s
from K40 Lobby Ramgonj Branch
[37m[FLASK DB INSERT TIME:2025-08-24 18:38:31]
Insert attempts: 1,
committed: 1 records
into Flask DB in 0.00s
from K40 Lobby Ramgonj Branch
[36m[INFO] Retrieved 2820 logs from K40 Lobby Bhandaria Branch in 1.15 seconds
[31m[DISCONNECTED] K40 Lobby Ramgonj Branch
[34m[SCHEDULER] K40 Lobby Ramgonj Branch: 1 new logs
[33m
[DEBUG] Connecting to K40 Lobby Muladi Sub Branch (172.19.189.231:4370)
[36m[INFO] Retrieved 1339 logs from K40 Lobby Lohagara Branch in 0.64 seconds
[32m[CONNECTED] K40 Lobby Muladi Sub Branch
[34m    [NEW ✅] RID 3586, User=9007, Time=2025-08-24 18:18:21
[32m    [ACCESS ✅] USERID=122 CHECKTIME=2025-08-24 18:18:21
[35m[ACCESS INSERT TIME:2025-08-24 18:38:31]
Insert attempts: 1,
successful: 1 records
into Access DB in 0.01s
from K40 Lobby Mohakhali Branch
[37m[FLASK DB INSERT TIME:2025-08-24 18:38:31]
Insert attempts: 1,
committed: 1 records
into Flask DB in 0.00s
from K40 Lobby Mohakhali Branch
[36m[INFO] Retrieved 2071 logs from K40 Lobby Benapole Branch in 0.82 seconds
[31m[DISCONNECTED] K40 Lobby Mohakhali Branch
[34m[SCHEDULER] K40 Lobby Mohakhali Branch: 1 new logs
[33m
[DEBUG] Connecting to K40 Lobby Hatirpool Sub Branch (172.19.190.231:4370)
[32m[CONNECTED] K40 Lobby Hatirpool Sub Branch
[36m[INFO] Retrieved 1720 logs from K40 Lobby Panchar Sub Branch in 0.82 seconds
[35m[ACCESS INSERT TIME:2025-08-24 18:38:32]
Insert attempts: 0,
successful: 0 records
into Access DB in 0.00s
from K40 Lobby Benapole Branch
[37m[FLASK DB INSERT TIME:2025-08-24 18:38:32]
Insert attempts: 0,
committed: 0 records
into Flask DB in 0.00s
from K40 Lobby Benapole Branch
[31m[DISCONNECTED] K40 Lobby Benapole Branch
[34m[SCHEDULER] K40 Lobby Benapole Branch: 0 new logs
[33m
[DEBUG] Connecting to K40 Lobby Yousuf Market Sub Branch (172.19.191.231:4370)
[32m[CONNECTED] K40 Lobby Yousuf Market Sub Branch
[36m[INFO] Retrieved 2411 logs from K40 Lobby Muladi Sub Branch in 0.84 seconds
[35m[ACCESS INSERT TIME:2025-08-24 18:38:32]
Insert attempts: 0,
successful: 0 records
into Access DB in 0.00s
from K40 Lobby Panchar Sub Branch
[37m[FLASK DB INSERT TIME:2025-08-24 18:38:32]
Insert attempts: 0,
committed: 0 records
into Flask DB in 0.00s
from K40 Lobby Panchar Sub Branch
[31m[DISCONNECTED] K40 Lobby Panchar Sub Branch
[34m[SCHEDULER] K40 Lobby Panchar Sub Branch: 0 new logs
[33m
[DEBUG] Connecting to K40 Lobby Laxmipur Sub Branch (172.19.192.231:4370)
[32m[CONNECTED] K40 Lobby Laxmipur Sub Branch
[34m    [NEW ✅] RID 2409, User=940, Time=2025-08-24 18:01:37
[34m    [NEW ✅] RID 2410, User=1582, Time=2025-08-24 18:01:59
[34m    [NEW ✅] RID 2411, User=1381, Time=2025-08-24 18:02:24
[32m    [ACCESS ✅] USERID=502 CHECKTIME=2025-08-24 18:01:37
[32m    [ACCESS ✅] USERID=1309 CHECKTIME=2025-08-24 18:01:59
[32m    [ACCESS ✅] USERID=879 CHECKTIME=2025-08-24 18:02:24
[36m[INFO] Retrieved 1245 logs from K40 Lobby Yousuf Market Sub Branch in 0.63 seconds
[35m[ACCESS INSERT TIME:2025-08-24 18:38:32]
Insert attempts: 3,
successful: 3 records
into Access DB in 0.02s
from K40 Lobby Muladi Sub Branch
[37m[FLASK DB INSERT TIME:2025-08-24 18:38:32]
Insert attempts: 3,
committed: 3 records
into Flask DB in 0.01s
from K40 Lobby Muladi Sub Branch
[31m[DISCONNECTED] K40 Lobby Muladi Sub Branch
[34m[SCHEDULER] K40 Lobby Muladi Sub Branch: 3 new logs
[33m
[DEBUG] Connecting to K40 Lobby Dupchanchia Sub Branch (172.19.193.231:4370)
[36m[INFO] Retrieved 3259 logs from K40 Lobby Hatirpool Sub Branch in 1.19 seconds
[35m[ACCESS INSERT TIME:2025-08-24 18:38:33]
Insert attempts: 0,
successful: 0 records
into Access DB in 0.00s
from K40 Lobby Yousuf Market Sub Branch
[37m[FLASK DB INSERT TIME:2025-08-24 18:38:33]
Insert attempts: 0,
committed: 0 records
into Flask DB in 0.00s
from K40 Lobby Yousuf Market Sub Branch
[31m[DISCONNECTED] K40 Lobby Yousuf Market Sub Branch
[34m[SCHEDULER] K40 Lobby Yousuf Market Sub Branch: 0 new logs
[33m
[DEBUG] Connecting to K40 Lobby Khan Jahan Ali Mazar Sub Branch (172.19.194.231:4370)
[31m[ERROR] Polling K40 Lobby Kaligonj Branch failed: can't reach device (ping 172.19.182.231)
[33m
[DEBUG] Connecting to K40 Lobby Gopalpur Sub Branch (172.19.195.231:4370)
[34m[SCHEDULER] K40 Lobby Kaligonj Branch: 0 new logs
[32m[CONNECTED] K40 Lobby Gopalpur Sub Branch
[35m[ACCESS INSERT TIME:2025-08-24 18:38:33]
Insert attempts: 0,
successful: 0 records
into Access DB in 0.00s
from K40 Lobby Bashundhara Branch
[37m[FLASK DB INSERT TIME:2025-08-24 18:38:33]
Insert attempts: 0,
committed: 0 records
into Flask DB in 0.00s
from K40 Lobby Bashundhara Branch
[31m[DISCONNECTED] K40 Lobby Bashundhara Branch
[34m[SCHEDULER] K40 Lobby Bashundhara Branch: 0 new logs
[33m
[DEBUG] Connecting to K40 Lobby Thermax Sub Branch (172.19.196.231:4370)
[32m[CONNECTED] K40 Lobby Thermax Sub Branch
[35m[ACCESS INSERT TIME:2025-08-24 18:38:34]
Insert attempts: 0,
successful: 0 records
into Access DB in 0.00s
from K40 Lobby Bhandaria Branch
[37m[FLASK DB INSERT TIME:2025-08-24 18:38:34]
Insert attempts: 0,
committed: 0 records
into Flask DB in 0.00s
from K40 Lobby Bhandaria Branch
[36m[INFO] Retrieved 1864 logs from K40 Lobby Laxmipur Sub Branch in 1.16 seconds
[31m[DISCONNECTED] K40 Lobby Bhandaria Branch
[34m[SCHEDULER] K40 Lobby Bhandaria Branch: 0 new logs
[33m
[DEBUG] Connecting to K40 Lobby Trunkroad Sub Branch (172.19.197.231:4370)
[32m[CONNECTED] K40 Lobby Trunkroad Sub Branch
[36m[INFO] Retrieved 639 logs from K40 Lobby Gopalpur Sub Branch in 0.59 seconds
[35m[ACCESS INSERT TIME:2025-08-24 18:38:34]
Insert attempts: 0,
successful: 0 records
into Access DB in 0.00s
from K40 Lobby Laxmipur Sub Branch
[37m[FLASK DB INSERT TIME:2025-08-24 18:38:34]
Insert attempts: 0,
committed: 0 records
into Flask DB in 0.00s
from K40 Lobby Laxmipur Sub Branch
[31m[DISCONNECTED] K40 Lobby Laxmipur Sub Branch
[34m[SCHEDULER] K40 Lobby Laxmipur Sub Branch: 0 new logs
[33m
[DEBUG] Connecting to K40 Lobby Pirganj Sub Branch (172.19.198.231:4370)
[32m[CONNECTED] K40 Lobby Pirganj Sub Branch
[35m[ACCESS INSERT TIME:2025-08-24 18:38:34]
Insert attempts: 0,
successful: 0 records
into Access DB in 0.00s
from K40 Lobby Lohagara Branch
[37m[FLASK DB INSERT TIME:2025-08-24 18:38:34]
Insert attempts: 0,
committed: 0 records
into Flask DB in 0.00s
from K40 Lobby Lohagara Branch
[31m[DISCONNECTED] K40 Lobby Lohagara Branch
[34m[SCHEDULER] K40 Lobby Lohagara Branch: 0 new logs
[33m
[DEBUG] Connecting to K40 Lobby Barua Sub Branch (172.19.199.231:4370)
[32m[CONNECTED] K40 Lobby Barua Sub Branch
[36m[INFO] Retrieved 1716 logs from K40 Lobby Trunkroad Sub Branch in 0.74 seconds
[34m    [NEW ✅] RID 4342, User=1221, Time=2025-08-24 17:48:57
[34m    [NEW ✅] RID 4343, User=1221, Time=2025-08-24 17:54:56
[34m    [NEW ✅] RID 4344, User=1221, Time=2025-08-24 18:33:20
[32m    [ACCESS ✅] USERID=204 CHECKTIME=2025-08-24 17:48:57
[32m    [ACCESS ✅] USERID=204 CHECKTIME=2025-08-24 17:54:56
[32m    [ACCESS ✅] USERID=204 CHECKTIME=2025-08-24 18:33:20
[35m[ACCESS INSERT TIME:2025-08-24 18:38:35]
Insert attempts: 3,
successful: 3 records
into Access DB in 0.01s
from K40 Lobby Jatrabari Sub Branch
[37m[FLASK DB INSERT TIME:2025-08-24 18:38:35]
Insert attempts: 3,
committed: 3 records
into Flask DB in 0.00s
from K40 Lobby Jatrabari Sub Branch
[31m[DISCONNECTED] K40 Lobby Jatrabari Sub Branch
[34m[SCHEDULER] K40 Lobby Jatrabari Sub Branch: 3 new logs
[33m
[DEBUG] Connecting to K40 Lobby Satkhira Branch (172.19.200.231:4370)
[32m[CONNECTED] K40 Lobby Satkhira Branch
[35m[ACCESS INSERT TIME:2025-08-24 18:38:35]
Insert attempts: 0,
successful: 0 records
into Access DB in 0.00s
from K40 Lobby Trunkroad Sub Branch
[37m[FLASK DB INSERT TIME:2025-08-24 18:38:35]
Insert attempts: 0,
committed: 0 records
into Flask DB in 0.00s
from K40 Lobby Trunkroad Sub Branch
[31m[DISCONNECTED] K40 Lobby Trunkroad Sub Branch
[34m[SCHEDULER] K40 Lobby Trunkroad Sub Branch: 0 new logs
[33m
[DEBUG] Connecting to K40 Lobby Bagerhat Sub Branch (172.19.201.231:4370)
[32m[CONNECTED] K40 Lobby Bagerhat Sub Branch
[36m[INFO] Retrieved 2955 logs from K40 Lobby Thermax Sub Branch in 1.82 seconds
[36m[INFO] Retrieved 2780 logs from K40 Lobby Barua Sub Branch in 0.98 seconds
[34m    [NEW ✅] RID 3259, User=1538, Time=2025-08-24 17:57:56
[32m    [ACCESS ✅] USERID=1156 CHECKTIME=2025-08-24 17:57:56
[35m[ACCESS INSERT TIME:2025-08-24 18:38:36]
Insert attempts: 1,
successful: 1 records
into Access DB in 0.01s
from K40 Lobby Hatirpool Sub Branch
[37m[FLASK DB INSERT TIME:2025-08-24 18:38:36]
Insert attempts: 1,
committed: 1 records
into Flask DB in 0.00s
from K40 Lobby Hatirpool Sub Branch
[36m[INFO] Retrieved 3813 logs from K40 Lobby Kharabad Branch in 16.72 seconds
[31m[DISCONNECTED] K40 Lobby Hatirpool Sub Branch
[34m[SCHEDULER] K40 Lobby Hatirpool Sub Branch: 1 new logs
[33m
[DEBUG] Connecting to K40 Lobby Dania Sub Branch (172.19.202.231:4370)
[36m[INFO] Retrieved 1678 logs from K40 Lobby Satkhira Branch in 0.81 seconds
[32m[CONNECTED] K40 Lobby Dania Sub Branch
[35m[ACCESS INSERT TIME:2025-08-24 18:38:36]
Insert attempts: 0,
successful: 0 records
into Access DB in 0.00s
from K40 Lobby Gopalpur Sub Branch
[37m[FLASK DB INSERT TIME:2025-08-24 18:38:36]
Insert attempts: 0,
committed: 0 records
into Flask DB in 0.00s
from K40 Lobby Gopalpur Sub Branch
[31m[DISCONNECTED] K40 Lobby Gopalpur Sub Branch
[34m[SCHEDULER] K40 Lobby Gopalpur Sub Branch: 0 new logs
[33m
[DEBUG] Connecting to K40 Lobby Khatungonj Branch (172.19.203.231:4370)
[32m[CONNECTED] K40 Lobby Khatungonj Branch
[36m[INFO] Retrieved 2978 logs from K40 Lobby Bagerhat Sub Branch in 1.06 seconds
[35m[ACCESS INSERT TIME:2025-08-24 18:38:36]
Insert attempts: 0,
successful: 0 records
into Access DB in 0.00s
from K40 Lobby Kharabad Branch
[37m[FLASK DB INSERT TIME:2025-08-24 18:38:36]
Insert attempts: 0,
committed: 0 records
into Flask DB in 0.00s
from K40 Lobby Kharabad Branch
[31m[ERROR] Polling K40 Lobby Khan Jahan Ali Mazar Sub Branch failed: can't reach device (ping 172.19.194.231)
[31m[ERROR] Polling K40 Lobby Dupchanchia Sub Branch failed: can't reach device (ping 172.19.193.231)
[34m[SCHEDULER] K40 Lobby Khan Jahan Ali Mazar Sub Branch: 0 new logs
[34m[SCHEDULER] K40 Lobby Dupchanchia Sub Branch: 0 new logs
[33m
[DEBUG] Connecting to K40 Lobby Mongla Sub Branch (172.19.205.231:4370)
[33m
[DEBUG] Connecting to K40 Lobby Kalaroa Sub Branch (172.19.204.231:4370)
[36m[INFO] Retrieved 1329 logs from K40 Lobby Pirganj Sub Branch in 2.32 seconds
[31m[DISCONNECTED] K40 Lobby Kharabad Branch
[34m[SCHEDULER] K40 Lobby Kharabad Branch: 0 new logs
[33m
[DEBUG] Connecting to K40 Lobby Tejgaon Link Road Branch (172.19.206.231:4370)
[32m[CONNECTED] K40 Lobby Kalaroa Sub Branch
[32m[CONNECTED] K40 Lobby Mongla Sub Branch
[32m[CONNECTED] K40 Lobby Tejgaon Link Road Branch
[35m[ACCESS INSERT TIME:2025-08-24 18:38:37]
Insert attempts: 0,
successful: 0 records
into Access DB in 0.00s
from K40 Lobby Barua Sub Branch
[37m[FLASK DB INSERT TIME:2025-08-24 18:38:37]
Insert attempts: 0,
committed: 0 records
into Flask DB in 0.00s
from K40 Lobby Barua Sub Branch
[31m[DISCONNECTED] K40 Lobby Barua Sub Branch
[34m[SCHEDULER] K40 Lobby Barua Sub Branch: 0 new logs
[33m
[DEBUG] Connecting to K40 Lobby Indira Road Sub Branch (172.19.207.231:4370)
[36m[INFO] Retrieved 2303 logs from K40 Lobby Khatungonj Branch in 0.91 seconds
[35m[ACCESS INSERT TIME:2025-08-24 18:38:37]
Insert attempts: 0,
successful: 0 records
into Access DB in 0.00s
from K40 Lobby Thermax Sub Branch
[37m[FLASK DB INSERT TIME:2025-08-24 18:38:37]
Insert attempts: 0,
committed: 0 records
into Flask DB in 0.00s
from K40 Lobby Thermax Sub Branch
[36m[INFO] Retrieved 1104 logs from K40 Lobby Mongla Sub Branch in 0.57 seconds
[31m[DISCONNECTED] K40 Lobby Thermax Sub Branch
[34m[SCHEDULER] K40 Lobby Thermax Sub Branch: 0 new logs
[33m
[DEBUG] Connecting to K40 Lobby Fakirhat sub Branch (172.19.208.231:4370)
[36m[INFO] Retrieved 2135 logs from K40 Lobby Kalaroa Sub Branch in 0.81 seconds
[32m[CONNECTED] K40 Lobby Fakirhat sub Branch
[35m[ACCESS INSERT TIME:2025-08-24 18:38:38]
Insert attempts: 0,
successful: 0 records
into Access DB in 0.00s
from K40 Lobby Mongla Sub Branch
[37m[FLASK DB INSERT TIME:2025-08-24 18:38:38]
Insert attempts: 0,
committed: 0 records
into Flask DB in 0.00s
from K40 Lobby Mongla Sub Branch
[31m[DISCONNECTED] K40 Lobby Mongla Sub Branch
[34m[SCHEDULER] K40 Lobby Mongla Sub Branch: 0 new logs
[33m
[DEBUG] Connecting to K40 Lobby Tanbazar Branch (172.19.209.231:4370)
[32m[CONNECTED] K40 Lobby Tanbazar Branch
[35m[ACCESS INSERT TIME:2025-08-24 18:38:38]
Insert attempts: 0,
successful: 0 records
into Access DB in 0.00s
from K40 Lobby Kalaroa Sub Branch
[37m[FLASK DB INSERT TIME:2025-08-24 18:38:38]
Insert attempts: 0,
committed: 0 records
into Flask DB in 0.00s
from K40 Lobby Kalaroa Sub Branch
[31m[DISCONNECTED] K40 Lobby Kalaroa Sub Branch
[34m[SCHEDULER] K40 Lobby Kalaroa Sub Branch: 0 new logs
[33m
[DEBUG] Connecting to K40 Lobby Narshingdi Branch (172.19.210.231:4370)
[32m[CONNECTED] K40 Lobby Narshingdi Branch
[34m    [NEW ✅] RID 1678, User=426, Time=2025-08-24 18:21:21
[32m    [ACCESS ✅] USERID=413 CHECKTIME=2025-08-24 18:21:21
[36m[INFO] Retrieved 1838 logs from K40 Lobby Fakirhat sub Branch in 0.90 seconds
[35m[ACCESS INSERT TIME:2025-08-24 18:38:38]
Insert attempts: 1,
successful: 1 records
into Access DB in 0.02s
from K40 Lobby Satkhira Branch
[37m[FLASK DB INSERT TIME:2025-08-24 18:38:38]
Insert attempts: 1,
committed: 1 records
into Flask DB in 0.00s
from K40 Lobby Satkhira Branch
[36m[INFO] Retrieved 5145 logs from K40 Lobby Tejgaon Link Road Branch in 1.76 seconds
[31m[DISCONNECTED] K40 Lobby Satkhira Branch
[34m[SCHEDULER] K40 Lobby Satkhira Branch: 1 new logs
[33m
[DEBUG] Connecting to K40 Lobby Darus Salam Branch (172.19.211.231:4370)
[32m[CONNECTED] K40 Lobby Darus Salam Branch
[36m[INFO] Retrieved 1672 logs from K40 Lobby Tanbazar Branch in 0.89 seconds
[35m[ACCESS INSERT TIME:2025-08-24 18:38:39]
Insert attempts: 0,
successful: 0 records
into Access DB in 0.00s
from K40 Lobby Bagerhat Sub Branch
[37m[FLASK DB INSERT TIME:2025-08-24 18:38:39]
Insert attempts: 0,
committed: 0 records
into Flask DB in 0.00s
from K40 Lobby Bagerhat Sub Branch
[31m[DISCONNECTED] K40 Lobby Bagerhat Sub Branch
[34m[SCHEDULER] K40 Lobby Bagerhat Sub Branch: 0 new logs
[33m
[DEBUG] Connecting to K40 Lobby Cox Bazar Branch (172.19.212.231:4370)
[32m[CONNECTED] K40 Lobby Cox Bazar Branch
[35m[ACCESS INSERT TIME:2025-08-24 18:38:39]
Insert attempts: 0,
successful: 0 records
into Access DB in 0.00s
from K40 Lobby Khatungonj Branch
[37m[FLASK DB INSERT TIME:2025-08-24 18:38:39]
Insert attempts: 0,
committed: 0 records
into Flask DB in 0.00s
from K40 Lobby Khatungonj Branch
[31m[DISCONNECTED] K40 Lobby Khatungonj Branch
[34m[SCHEDULER] K40 Lobby Khatungonj Branch: 0 new logs
[33m
[DEBUG] Connecting to K40 Lobby Bhairab Branch (172.19.213.231:4370)
[32m[CONNECTED] K40 Lobby Bhairab Branch
[36m[INFO] Retrieved 4183 logs from K40 Lobby Narshingdi Branch in 1.33 seconds
[35m[ACCESS INSERT TIME:2025-08-24 18:38:40]
Insert attempts: 0,
successful: 0 records
into Access DB in 0.00s
from K40 Lobby Tanbazar Branch
[37m[FLASK DB INSERT TIME:2025-08-24 18:38:40]
Insert attempts: 0,
committed: 0 records
into Flask DB in 0.00s
from K40 Lobby Tanbazar Branch
[31m[DISCONNECTED] K40 Lobby Tanbazar Branch
[34m[SCHEDULER] K40 Lobby Tanbazar Branch: 0 new logs
[33m
[DEBUG] Connecting to K40 Lobby Pirojpur Sub Branch (172.19.214.231:4370)
[32m[CONNECTED] K40 Lobby Pirojpur Sub Branch
[35m[ACCESS INSERT TIME:2025-08-24 18:38:40]
Insert attempts: 0,
successful: 0 records
into Access DB in 0.00s
from K40 Lobby Fakirhat sub Branch
[37m[FLASK DB INSERT TIME:2025-08-24 18:38:40]
Insert attempts: 0,
committed: 0 records
into Flask DB in 0.00s
from K40 Lobby Fakirhat sub Branch
[31m[DISCONNECTED] K40 Lobby Fakirhat sub Branch
[34m[SCHEDULER] K40 Lobby Fakirhat sub Branch: 0 new logs
[33m
[DEBUG] Connecting to K40 Lobby Shahi Eidgah Sub Branch (172.19.215.231:4370)
[32m[CONNECTED] K40 Lobby Shahi Eidgah Sub Branch
[36m[INFO] Retrieved 17666 logs from K40 Lobby Dania Sub Branch in 4.58 seconds
[36m[INFO] Retrieved 3336 logs from K40 Lobby Cox Bazar Branch in 1.24 seconds
[36m[INFO] Retrieved 5931 logs from K40 Lobby Darus Salam Branch in 1.88 seconds
[31m[ERROR] Polling K40 Lobby Indira Road Sub Branch failed: can't reach device (ping 172.19.207.231)
[34m[SCHEDULER] K40 Lobby Indira Road Sub Branch: 0 new logs
[33m
[DEBUG] Connecting to K40 Lobby Charfeshon Branch (172.19.216.231:4370)
[35m[ACCESS INSERT TIME:2025-08-24 18:38:40]
Insert attempts: 0,
successful: 0 records
into Access DB in 0.00s
from K40 Lobby Pirganj Sub Branch
[37m[FLASK DB INSERT TIME:2025-08-24 18:38:40]
Insert attempts: 0,
committed: 0 records
into Flask DB in 0.00s
from K40 Lobby Pirganj Sub Branch
[31m[DISCONNECTED] K40 Lobby Pirganj Sub Branch
[33m
[DEBUG] Connecting to K40 Lobby Hossainpur Branch (172.19.217.231:4370)
[34m[SCHEDULER] K40 Lobby Pirganj Sub Branch: 0 new logs
[32m[CONNECTED] K40 Lobby Charfeshon Branch
[32m[CONNECTED] K40 Lobby Hossainpur Branch
[35m[ACCESS INSERT TIME:2025-08-24 18:38:41]
Insert attempts: 0,
successful: 0 records
into Access DB in 0.00s
from K40 Lobby Narshingdi Branch
[37m[FLASK DB INSERT TIME:2025-08-24 18:38:41]
Insert attempts: 0,
committed: 0 records
into Flask DB in 0.00s
from K40 Lobby Narshingdi Branch
[31m[DISCONNECTED] K40 Lobby Narshingdi Branch
[34m[SCHEDULER] K40 Lobby Narshingdi Branch: 0 new logs
[33m
[DEBUG] Connecting to K40 Lobby Sherpur Sub Branch (172.19.218.231:4370)
[36m[INFO] Retrieved 2845 logs from K40 Lobby Pirojpur Sub Branch in 1.18 seconds
[36m[INFO] Retrieved 2085 logs from K40 Lobby Shahi Eidgah Sub Branch in 0.92 seconds
[32m[CONNECTED] K40 Lobby Sherpur Sub Branch
[35m[ACCESS INSERT TIME:2025-08-24 18:38:41]
Insert attempts: 0,
successful: 0 records
into Access DB in 0.00s
from K40 Lobby Tejgaon Link Road Branch
[37m[FLASK DB INSERT TIME:2025-08-24 18:38:41]
Insert attempts: 0,
committed: 0 records
into Flask DB in 0.00s
from K40 Lobby Tejgaon Link Road Branch
[36m[INFO] Retrieved 3186 logs from K40 Lobby Bhairab Branch in 1.74 seconds
[31m[DISCONNECTED] K40 Lobby Tejgaon Link Road Branch
[34m[SCHEDULER] K40 Lobby Tejgaon Link Road Branch: 0 new logs
[33m
[DEBUG] Connecting to K40 Lobby Boteswor SUB Branch (172.19.219.231:4370)
[36m[INFO] Retrieved 1705 logs from K40 Lobby Charfeshon Branch in 0.80 seconds
[34m    [NEW ✅] RID 3336, User=1350, Time=2025-08-24 18:36:10
[32m    [ACCESS ✅] USERID=804 CHECKTIME=2025-08-24 18:36:10
[32m[CONNECTED] K40 Lobby Boteswor SUB Branch
[35m[ACCESS INSERT TIME:2025-08-24 18:38:42]
Insert attempts: 1,
successful: 1 records
into Access DB in 0.03s
from K40 Lobby Cox Bazar Branch
[37m[FLASK DB INSERT TIME:2025-08-24 18:38:42]
Insert attempts: 1,
committed: 1 records
into Flask DB in 0.00s
from K40 Lobby Cox Bazar Branch
[31m[DISCONNECTED] K40 Lobby Cox Bazar Branch
[34m[SCHEDULER] K40 Lobby Cox Bazar Branch: 1 new logs
[33m
[DEBUG] Connecting to K40 Lobby Aftabganj Sub Branch (172.19.220.231:4370)
[36m[INFO] Retrieved 2196 logs from K40 Lobby Hossainpur Branch in 0.99 seconds
[32m[CONNECTED] K40 Lobby Aftabganj Sub Branch
[36m[INFO] Retrieved 1679 logs from K40 Lobby Sherpur Sub Branch in 0.78 seconds
[34m    [NEW ✅] RID 2085, User=1673, Time=2025-08-24 18:30:16
[32m    [ACCESS ✅] USERID=1343 CHECKTIME=2025-08-24 18:30:16
[35m[ACCESS INSERT TIME:2025-08-24 18:38:42]
Insert attempts: 1,
successful: 1 records
into Access DB in 0.00s
from K40 Lobby Shahi Eidgah Sub Branch
[37m[FLASK DB INSERT TIME:2025-08-24 18:38:42]
Insert attempts: 1,
committed: 1 records
into Flask DB in 0.00s
from K40 Lobby Shahi Eidgah Sub Branch
[31m[DISCONNECTED] K40 Lobby Shahi Eidgah Sub Branch
[34m[SCHEDULER] K40 Lobby Shahi Eidgah Sub Branch: 1 new logs
[33m
[DEBUG] Connecting to K40 Lobby Padua Bazar Sub Branch (172.19.221.231:4370)
[34m    [NEW ✅] RID 17663, User=962, Time=2025-08-24 17:58:18
[34m    [NEW ✅] RID 17664, User=962, Time=2025-08-24 18:27:34
[34m    [NEW ✅] RID 17665, User=962, Time=2025-08-24 18:29:42
[34m    [NEW ✅] RID 17666, User=962, Time=2025-08-24 18:33:03
[32m    [ACCESS ✅] USERID=971 CHECKTIME=2025-08-24 17:58:18
[32m    [ACCESS ✅] USERID=971 CHECKTIME=2025-08-24 18:27:34
[32m    [ACCESS ✅] USERID=971 CHECKTIME=2025-08-24 18:29:42
[32m    [ACCESS ✅] USERID=971 CHECKTIME=2025-08-24 18:33:03
[35m[ACCESS INSERT TIME:2025-08-24 18:38:42]
Insert attempts: 4,
successful: 4 records
into Access DB in 0.01s
from K40 Lobby Dania Sub Branch
[37m[FLASK DB INSERT TIME:2025-08-24 18:38:42]
Insert attempts: 4,
committed: 4 records
into Flask DB in 0.00s
from K40 Lobby Dania Sub Branch
[32m[CONNECTED] K40 Lobby Padua Bazar Sub Branch
[31m[DISCONNECTED] K40 Lobby Dania Sub Branch
[34m[SCHEDULER] K40 Lobby Dania Sub Branch: 4 new logs
[33m
[DEBUG] Connecting to K40 Lobby Tangail Branch  (172.19.222.231:4370)
[32m[CONNECTED] K40 Lobby Tangail Branch 
[36m[INFO] Retrieved 1037 logs from K40 Lobby Aftabganj Sub Branch in 0.62 seconds
[35m[ACCESS INSERT TIME:2025-08-24 18:38:43]
Insert attempts: 0,
successful: 0 records
into Access DB in 0.00s
from K40 Lobby Hossainpur Branch
[37m[FLASK DB INSERT TIME:2025-08-24 18:38:43]
Insert attempts: 0,
committed: 0 records
into Flask DB in 0.00s
from K40 Lobby Hossainpur Branch
[31m[DISCONNECTED] K40 Lobby Hossainpur Branch
[33m
[DEBUG] Connecting to K40 Lobby Birampur Sub Branch (172.19.223.231:4370)
[34m[SCHEDULER] K40 Lobby Hossainpur Branch: 0 new logs
[32m[CONNECTED] K40 Lobby Birampur Sub Branch
[34m    [NEW ✅] RID 1705, User=1691, Time=2025-08-24 18:13:44
[33m    [UNMAPPED] Wrote 1 badges to logs\access_unmapped_A8N5232360582_20250824.csv
[35m[ACCESS INSERT TIME:2025-08-24 18:38:43]
Insert attempts: 0,
successful: 0 records
into Access DB in 0.00s
from K40 Lobby Charfeshon Branch
[37m[FLASK DB INSERT TIME:2025-08-24 18:38:43]
Insert attempts: 1,
committed: 1 records
into Flask DB in 0.00s
from K40 Lobby Charfeshon Branch
[31m[DISCONNECTED] K40 Lobby Charfeshon Branch
[34m[SCHEDULER] K40 Lobby Charfeshon Branch: 1 new logs
[33m
[DEBUG] Connecting to K40 Lobby Mirpur Vault Room Branch (172.19.133.231:4370)
[36m[INFO] Retrieved 1458 logs from K40 Lobby Tangail Branch  in 0.72 seconds
[35m[ACCESS INSERT TIME:2025-08-24 18:38:43]
Insert attempts: 0,
successful: 0 records
into Access DB in 0.00s
from K40 Lobby Pirojpur Sub Branch
[37m[FLASK DB INSERT TIME:2025-08-24 18:38:43]
Insert attempts: 0,
committed: 0 records
into Flask DB in 0.00s
from K40 Lobby Pirojpur Sub Branch
[31m[DISCONNECTED] K40 Lobby Pirojpur Sub Branch
[34m[SCHEDULER] K40 Lobby Pirojpur Sub Branch: 0 new logs
[33m
[DEBUG] Connecting to K40 Lobby Palashbari Branch (EXT) Branch (172.19.183.232:4370)
[36m[INFO] Retrieved 1546 logs from K40 Lobby Birampur Sub Branch in 0.68 seconds
[34m    [NEW ✅] RID 3185, User=1436, Time=2025-08-24 18:08:14
[34m    [NEW ✅] RID 3186, User=1607, Time=2025-08-24 18:35:56
[32m    [ACCESS ✅] USERID=664 CHECKTIME=2025-08-24 18:08:14
[32m    [ACCESS ✅] USERID=1265 CHECKTIME=2025-08-24 18:35:56
[35m[ACCESS INSERT TIME:2025-08-24 18:38:44]
Insert attempts: 2,
successful: 2 records
into Access DB in 0.03s
from K40 Lobby Bhairab Branch
[37m[FLASK DB INSERT TIME:2025-08-24 18:38:44]
Insert attempts: 2,
committed: 2 records
into Flask DB in 0.00s
from K40 Lobby Bhairab Branch
[36m[INFO] Retrieved 1217 logs from K40 Lobby Boteswor SUB Branch in 2.00 seconds
[31m[DISCONNECTED] K40 Lobby Bhairab Branch
[34m[SCHEDULER] K40 Lobby Bhairab Branch: 2 new logs
[35m[ACCESS INSERT TIME:2025-08-24 18:38:44]
Insert attempts: 0,
successful: 0 records
into Access DB in 0.00s
from K40 Lobby Birampur Sub Branch
[37m[FLASK DB INSERT TIME:2025-08-24 18:38:44]
Insert attempts: 0,
committed: 0 records
into Flask DB in 0.00s
from K40 Lobby Birampur Sub Branch
[31m[DISCONNECTED] K40 Lobby Birampur Sub Branch
[34m[SCHEDULER] K40 Lobby Birampur Sub Branch: 0 new logs
[35m[ACCESS INSERT TIME:2025-08-24 18:38:44]
Insert attempts: 0,
successful: 0 records
into Access DB in 0.00s
from K40 Lobby Aftabganj Sub Branch
[37m[FLASK DB INSERT TIME:2025-08-24 18:38:44]
Insert attempts: 0,
committed: 0 records
into Flask DB in 0.00s
from K40 Lobby Aftabganj Sub Branch
[31m[DISCONNECTED] K40 Lobby Aftabganj Sub Branch
[34m[SCHEDULER] K40 Lobby Aftabganj Sub Branch: 0 new logs
[35m[ACCESS INSERT TIME:2025-08-24 18:38:45]
Insert attempts: 0,
successful: 0 records
into Access DB in 0.00s
from K40 Lobby Darus Salam Branch
[37m[FLASK DB INSERT TIME:2025-08-24 18:38:45]
Insert attempts: 0,
committed: 0 records
into Flask DB in 0.00s
from K40 Lobby Darus Salam Branch
[31m[DISCONNECTED] K40 Lobby Darus Salam Branch
[34m[SCHEDULER] K40 Lobby Darus Salam Branch: 0 new logs
[36m[INFO] Retrieved 1483 logs from K40 Lobby Padua Bazar Sub Branch in 2.25 seconds
[35m[ACCESS INSERT TIME:2025-08-24 18:38:45]
Insert attempts: 0,
successful: 0 records
into Access DB in 0.00s
from K40 Lobby Sherpur Sub Branch
[37m[FLASK DB INSERT TIME:2025-08-24 18:38:45]
Insert attempts: 0,
committed: 0 records
into Flask DB in 0.00s
from K40 Lobby Sherpur Sub Branch
[31m[DISCONNECTED] K40 Lobby Sherpur Sub Branch
[34m[SCHEDULER] K40 Lobby Sherpur Sub Branch: 0 new logs
[35m[ACCESS INSERT TIME:2025-08-24 18:38:45]
Insert attempts: 0,
successful: 0 records
into Access DB in 0.00s
from K40 Lobby Padua Bazar Sub Branch
[37m[FLASK DB INSERT TIME:2025-08-24 18:38:45]
Insert attempts: 0,
committed: 0 records
into Flask DB in 0.00s
from K40 Lobby Padua Bazar Sub Branch
[31m[DISCONNECTED] K40 Lobby Padua Bazar Sub Branch
[34m[SCHEDULER] K40 Lobby Padua Bazar Sub Branch: 0 new logs
[35m[ACCESS INSERT TIME:2025-08-24 18:38:46]
Insert attempts: 0,
successful: 0 records
into Access DB in 0.00s
from K40 Lobby Boteswor SUB Branch
[37m[FLASK DB INSERT TIME:2025-08-24 18:38:46]
Insert attempts: 0,
committed: 0 records
into Flask DB in 0.00s
from K40 Lobby Boteswor SUB Branch
[35m[ACCESS INSERT TIME:2025-08-24 18:38:46]
Insert attempts: 0,
successful: 0 records
into Access DB in 0.00s
from K40 Lobby Tangail Branch 
[37m[FLASK DB INSERT TIME:2025-08-24 18:38:46]
Insert attempts: 0,
committed: 0 records
into Flask DB in 0.00s
from K40 Lobby Tangail Branch 
[31m[DISCONNECTED] K40 Lobby Tangail Branch 
[34m[SCHEDULER] K40 Lobby Tangail Branch : 0 new logs
[31m[DISCONNECTED] K40 Lobby Boteswor SUB Branch
[34m[SCHEDULER] K40 Lobby Boteswor SUB Branch: 0 new logs
[31m[ERROR] Polling K40 Lobby Palashbari Branch (EXT) Branch failed: can't reach device (ping 172.19.183.232)
[34m[SCHEDULER] K40 Lobby Palashbari Branch (EXT) Branch: 0 new logs
[36m[SCHEDULER] Stopped and shutdown.
[31m[ERROR] Polling K40 Lobby Mirpur Vault Room Branch failed: timed out
[34m[SCHEDULER] K40 Lobby Mirpur Vault Room Branch: 0 new logs
[36m[SCHEDULER] Completed polling 123 devices. Total new logs: 60. Run time: 61.15s

RUN_SUMMARY_JSON: {"start": "2025-08-24T18:38:00.205017", "end": "2025-08-24T18:39:03.518551", "devices_polled": 123, "new_logs": 60, "elapsed_seconds": 61.146, "exceptions": [], "logfile": "logs\\zk_sync_20250824_183800.log"}

===== ZK SYNC RUN STOP: 2025-08-24 18:39:03 (elapsed 63.31s) =====

