
===== ZK SYNC RUN START: 2025-08-20 18:08:42 =====
[35m[SCHEDULER] Dispatching polling for devices… (log: logs\zk_sync_20250820_180842.log)
[33m
[DEBUG] Connecting to K40 Lobby Principal Branch (172.19.102.231:4370)
[33m
[DEBUG] Connecting to K40 Lobby Hemayetpur  Branch (172.19.103.231:4370)
[33m
[DEBUG] Connecting to K40 Lobby Bhatiary  Branch (172.19.104.231:4370)[33m
[DEBUG] Connecting to K40 Lobby Agrabad  Branch (172.19.105.231:4370)[33m
[DEBUG] Connecting to K40 Lobby Khulna Branch (172.19.106.231:4370)[33m
[DEBUG] Connecting to K40 Lobby Katakhali Branch (172.19.107.231:4370)

[33m
[DEBUG] Connecting to K40 Lobby Keraniganj Branch (172.19.108.231:4370)[33m
[DEBUG] Connecting to K40 Lobby Uttara Branch (172.19.109.231:4370)
[33m
[DEBUG] Connecting to K40 Lobby Gulshan Branch (172.19.110.231:4370)
[33m
[DEBUG] Connecting to K40 Lobby Velanagar Branch (172.19.111.231:4370)



[32m[CONNECTED] K40 Lobby Principal Branch
[32m[CONNECTED] K40 Lobby Agrabad  Branch
[32m[CONNECTED] K40 Lobby Velanagar Branch
[32m[CONNECTED] K40 Lobby Keraniganj Branch
[32m[CONNECTED] K40 Lobby Bhatiary  Branch
[32m[CONNECTED] K40 Lobby Katakhali Branch
[32m[CONNECTED] K40 Lobby Uttara Branch
[32m[CONNECTED] K40 Lobby Khulna Branch
[32m[CONNECTED] K40 Lobby Gulshan Branch
[32m[CONNECTED] K40 Lobby Hemayetpur  Branch
[36m[INFO] Retrieved 2415 logs from K40 Lobby Bhatiary  Branch in 0.86 seconds
[36m[INFO] Retrieved 2314 logs from K40 Lobby Hemayetpur  Branch in 0.85 seconds
[36m[INFO] Retrieved 3868 logs from K40 Lobby Agrabad  Branch in 1.30 seconds
[36m[INFO] Retrieved 3746 logs from K40 Lobby Katakhali Branch in 1.36 seconds
[36m[INFO] Retrieved 4412 logs from K40 Lobby Keraniganj Branch in 1.69 seconds
[36m[INFO] Retrieved 6212 logs from K40 Lobby Khulna Branch in 2.11 seconds
[36m[INFO] Retrieved 7628 logs from K40 Lobby Gulshan Branch in 2.36 seconds
[35m[ACCESS INSERT TIME:2025-08-20 18:08:45]
Insert attempts: 0,
successful: 0 records
into Access DB in 0.00s
from K40 Lobby Bhatiary  Branch
[37m[FLASK DB INSERT TIME:2025-08-20 18:08:45]
Insert attempts: 0,
committed: 0 records
into Flask DB in 0.00s
from K40 Lobby Bhatiary  Branch
[31m[DISCONNECTED] K40 Lobby Bhatiary  Branch
[36m[INFO] Retrieved 8780 logs from K40 Lobby Velanagar Branch in 2.78 seconds
[33m
[DEBUG] Connecting to K40 Lobby Imamganj Branch (172.19.112.231:4370)
[34m[SCHEDULER] K40 Lobby Bhatiary  Branch: 0 new logs
[36m[INFO] Retrieved 11034 logs from K40 Lobby Principal Branch in 2.96 seconds
[32m[CONNECTED] K40 Lobby Imamganj Branch
[36m[INFO] Retrieved 10114 logs from K40 Lobby Uttara Branch in 3.14 seconds
[35m[ACCESS INSERT TIME:2025-08-20 18:08:46]
Insert attempts: 0,
successful: 0 records
into Access DB in 0.00s
from K40 Lobby Hemayetpur  Branch
[37m[FLASK DB INSERT TIME:2025-08-20 18:08:46]
Insert attempts: 0,
committed: 0 records
into Flask DB in 0.00s
from K40 Lobby Hemayetpur  Branch
[31m[DISCONNECTED] K40 Lobby Hemayetpur  Branch
[34m[SCHEDULER] K40 Lobby Hemayetpur  Branch: 0 new logs
[33m
[DEBUG] Connecting to K40 Lobby Ashulia Branch (172.19.113.231:4370)
[32m[CONNECTED] K40 Lobby Ashulia Branch
[34m    [NEW ✅] RID 11034, User=1344, Time=2025-08-20 15:31:18
[32m    [ACCESS ✅] USERID=1344 CHECKTIME=2025-08-20 15:31:18
[35m[ACCESS INSERT TIME:2025-08-20 18:08:47]
Insert attempts: 1,
successful: 1 records
into Access DB in 0.05s
from K40 Lobby Principal Branch
[37m[FLASK DB INSERT TIME:2025-08-20 18:08:47]
Insert attempts: 1,
committed: 1 records
into Flask DB in 0.07s
from K40 Lobby Principal Branch
[31m[DISCONNECTED] K40 Lobby Principal Branch
[34m[SCHEDULER] K40 Lobby Principal Branch: 1 new logs
[33m
[DEBUG] Connecting to K40 Lobby Dhanmondi Branch (172.19.114.231:4370)
[32m[CONNECTED] K40 Lobby Dhanmondi Branch
[35m[ACCESS INSERT TIME:2025-08-20 18:08:48]
Insert attempts: 0,
successful: 0 records
into Access DB in 0.00s
from K40 Lobby Gulshan Branch
[37m[FLASK DB INSERT TIME:2025-08-20 18:08:48]
Insert attempts: 0,
committed: 0 records
into Flask DB in 0.00s
from K40 Lobby Gulshan Branch
[31m[DISCONNECTED] K40 Lobby Gulshan Branch
[34m[SCHEDULER] K40 Lobby Gulshan Branch: 0 new logs
[33m
[DEBUG] Connecting to K40 Lobby Sylhet Branch (172.19.116.231:4370)
[36m[INFO] Retrieved 4640 logs from K40 Lobby Imamganj Branch in 2.02 seconds
[32m[CONNECTED] K40 Lobby Sylhet Branch
[34m    [NEW ✅] RID 8778, User=1386, Time=2025-08-20 17:43:57
[34m    [NEW ✅] RID 8779, User=7064, Time=2025-08-20 17:59:14
[34m    [NEW ✅] RID 8780, User=7064, Time=2025-08-20 17:59:15
[32m    [ACCESS ✅] USERID=1386 CHECKTIME=2025-08-20 17:43:57
[32m    [ACCESS ✅] USERID=7064 CHECKTIME=2025-08-20 17:59:14
[32m    [ACCESS ✅] USERID=7064 CHECKTIME=2025-08-20 17:59:15
[35m[ACCESS INSERT TIME:2025-08-20 18:08:48]
Insert attempts: 3,
successful: 3 records
into Access DB in 0.03s
from K40 Lobby Velanagar Branch
[37m[FLASK DB INSERT TIME:2025-08-20 18:08:48]
Insert attempts: 3,
committed: 3 records
into Flask DB in 0.02s
from K40 Lobby Velanagar Branch
[31m[DISCONNECTED] K40 Lobby Velanagar Branch
[34m[SCHEDULER] K40 Lobby Velanagar Branch: 3 new logs
[33m
[DEBUG] Connecting to K40 Lobby Jubliroad Sub Branch (172.19.117.231:4370)
[32m[CONNECTED] K40 Lobby Jubliroad Sub Branch
[36m[INFO] Retrieved 4098 logs from K40 Lobby Ashulia Branch in 2.10 seconds
[35m[ACCESS INSERT TIME:2025-08-20 18:08:48]
Insert attempts: 0,
successful: 0 records
into Access DB in 0.00s
from K40 Lobby Khulna Branch
[37m[FLASK DB INSERT TIME:2025-08-20 18:08:48]
Insert attempts: 0,
committed: 0 records
into Flask DB in 0.00s
from K40 Lobby Khulna Branch
[31m[DISCONNECTED] K40 Lobby Khulna Branch
[34m[SCHEDULER] K40 Lobby Khulna Branch: 0 new logs
[33m
[DEBUG] Connecting to K40 Lobby Bogura Branch (172.19.118.231:4370)
[32m[CONNECTED] K40 Lobby Bogura Branch
[36m[INFO] Retrieved 1979 logs from K40 Lobby Sylhet Branch in 0.90 seconds
[35m[ACCESS INSERT TIME:2025-08-20 18:08:49]
Insert attempts: 0,
successful: 0 records
into Access DB in 0.00s
from K40 Lobby Ashulia Branch
[37m[FLASK DB INSERT TIME:2025-08-20 18:08:49]
Insert attempts: 0,
committed: 0 records
into Flask DB in 0.00s
from K40 Lobby Ashulia Branch
[31m[DISCONNECTED] K40 Lobby Ashulia Branch
[34m[SCHEDULER] K40 Lobby Ashulia Branch: 0 new logs
[33m
[DEBUG] Connecting to K40 Lobby Mawna Branch (172.19.119.231:4370)
[36m[INFO] Retrieved 2144 logs from K40 Lobby Jubliroad Sub Branch in 0.81 seconds
[32m[CONNECTED] K40 Lobby Mawna Branch
[35m[ACCESS INSERT TIME:2025-08-20 18:08:49]
Insert attempts: 0,
successful: 0 records
into Access DB in 0.00s
from K40 Lobby Sylhet Branch
[37m[FLASK DB INSERT TIME:2025-08-20 18:08:49]
Insert attempts: 0,
committed: 0 records
into Flask DB in 0.00s
from K40 Lobby Sylhet Branch
[31m[DISCONNECTED] K40 Lobby Sylhet Branch
[34m[SCHEDULER] K40 Lobby Sylhet Branch: 0 new logs
[33m
[DEBUG] Connecting to K40 Lobby Islampur Branch (172.19.120.231:4370)
[32m[CONNECTED] K40 Lobby Islampur Branch
[34m    [NEW ✅] RID 4639, User=1443, Time=2025-08-20 14:27:16
[34m    [NEW ✅] RID 4640, User=173, Time=2025-08-20 15:21:27
[32m    [ACCESS ✅] USERID=1443 CHECKTIME=2025-08-20 14:27:16
[32m    [ACCESS ✅] USERID=173 CHECKTIME=2025-08-20 15:21:27
[36m[INFO] Retrieved 5713 logs from K40 Lobby Dhanmondi Branch in 2.36 seconds
[35m[ACCESS INSERT TIME:2025-08-20 18:08:50]
Insert attempts: 2,
successful: 2 records
into Access DB in 0.04s
from K40 Lobby Imamganj Branch
[37m[FLASK DB INSERT TIME:2025-08-20 18:08:50]
Insert attempts: 2,
committed: 2 records
into Flask DB in 0.01s
from K40 Lobby Imamganj Branch
[31m[DISCONNECTED] K40 Lobby Imamganj Branch
[34m[SCHEDULER] K40 Lobby Imamganj Branch: 2 new logs
[33m
[DEBUG] Connecting to K40 Lobby Modhunaghat Branch (172.19.121.231:4370)
[32m[CONNECTED] K40 Lobby Modhunaghat Branch
[36m[INFO] Retrieved 1915 logs from K40 Lobby Mawna Branch in 0.81 seconds
[35m[ACCESS INSERT TIME:2025-08-20 18:08:50]
Insert attempts: 0,
successful: 0 records
into Access DB in 0.00s
from K40 Lobby Dhanmondi Branch
[37m[FLASK DB INSERT TIME:2025-08-20 18:08:50]
Insert attempts: 0,
committed: 0 records
into Flask DB in 0.00s
from K40 Lobby Dhanmondi Branch
[31m[DISCONNECTED] K40 Lobby Dhanmondi Branch
[34m[SCHEDULER] K40 Lobby Dhanmondi Branch: 0 new logs
[33m
[DEBUG] Connecting to K40 Lobby Shyamnagar Branch (172.19.122.231:4370)
[32m[CONNECTED] K40 Lobby Shyamnagar Branch
[34m    [NEW ✅] RID 10113, User=1078, Time=2025-08-20 15:52:57
[34m    [NEW ✅] RID 10114, User=7056, Time=2025-08-20 16:22:08
[32m    [ACCESS ✅] USERID=1078 CHECKTIME=2025-08-20 15:52:57
[32m    [ACCESS ✅] USERID=7056 CHECKTIME=2025-08-20 16:22:08
[36m[INFO] Retrieved 2676 logs from K40 Lobby Islampur Branch in 0.99 seconds
[35m[ACCESS INSERT TIME:2025-08-20 18:08:51]
Insert attempts: 2,
successful: 2 records
into Access DB in 0.01s
from K40 Lobby Uttara Branch
[37m[FLASK DB INSERT TIME:2025-08-20 18:08:51]
Insert attempts: 2,
committed: 2 records
into Flask DB in 0.02s
from K40 Lobby Uttara Branch
[31m[DISCONNECTED] K40 Lobby Uttara Branch
[34m[SCHEDULER] K40 Lobby Uttara Branch: 2 new logs
[33m
[DEBUG] Connecting to K40 Lobby Gazipur Branch (172.19.123.231:4370)
[36m[INFO] Retrieved 1679 logs from K40 Lobby Modhunaghat Branch in 0.76 seconds
[32m[CONNECTED] K40 Lobby Gazipur Branch
[35m[ACCESS INSERT TIME:2025-08-20 18:08:51]
Insert attempts: 0,
successful: 0 records
into Access DB in 0.00s
from K40 Lobby Islampur Branch
[37m[FLASK DB INSERT TIME:2025-08-20 18:08:51]
Insert attempts: 0,
committed: 0 records
into Flask DB in 0.00s
from K40 Lobby Islampur Branch
[31m[DISCONNECTED] K40 Lobby Islampur Branch
[34m[SCHEDULER] K40 Lobby Islampur Branch: 0 new logs
[33m
[DEBUG] Connecting to K40 Lobby Moynamoti Branch (172.19.124.231:4370)
[36m[INFO] Retrieved 909 logs from K40 Lobby Shyamnagar Branch in 0.70 seconds
[32m[CONNECTED] K40 Lobby Moynamoti Branch
[36m[INFO] Retrieved 7560 logs from K40 Lobby Bogura Branch in 2.47 seconds
[35m[ACCESS INSERT TIME:2025-08-20 18:08:51]
Insert attempts: 0,
successful: 0 records
into Access DB in 0.00s
from K40 Lobby Mawna Branch
[37m[FLASK DB INSERT TIME:2025-08-20 18:08:51]
Insert attempts: 0,
committed: 0 records
into Flask DB in 0.00s
from K40 Lobby Mawna Branch
[31m[DISCONNECTED] K40 Lobby Mawna Branch
[34m[SCHEDULER] K40 Lobby Mawna Branch: 0 new logs
[33m
[DEBUG] Connecting to K40 Lobby Banglabazar Branch (172.19.125.231:4370)
[32m[CONNECTED] K40 Lobby Banglabazar Branch
[35m[ACCESS INSERT TIME:2025-08-20 18:08:52]
Insert attempts: 0,
successful: 0 records
into Access DB in 0.00s
from K40 Lobby Shyamnagar Branch
[37m[FLASK DB INSERT TIME:2025-08-20 18:08:52]
Insert attempts: 0,
committed: 0 records
into Flask DB in 0.00s
from K40 Lobby Shyamnagar Branch
[31m[DISCONNECTED] K40 Lobby Shyamnagar Branch
[34m[SCHEDULER] K40 Lobby Shyamnagar Branch: 0 new logs
[33m
[DEBUG] Connecting to K40 Lobby Banani Branch (172.19.126.231:4370)
[32m[CONNECTED] K40 Lobby Banani Branch
[36m[INFO] Retrieved 2158 logs from K40 Lobby Moynamoti Branch in 0.86 seconds
[35m[ACCESS INSERT TIME:2025-08-20 18:08:52]
Insert attempts: 0,
successful: 0 records
into Access DB in 0.00s
from K40 Lobby Keraniganj Branch
[37m[FLASK DB INSERT TIME:2025-08-20 18:08:52]
Insert attempts: 0,
committed: 0 records
into Flask DB in 0.00s
from K40 Lobby Keraniganj Branch
[31m[DISCONNECTED] K40 Lobby Keraniganj Branch
[34m[SCHEDULER] K40 Lobby Keraniganj Branch: 0 new logs
[33m
[DEBUG] Connecting to K40 Lobby Chuknagar  Branch (172.19.127.231:4370)
[32m[CONNECTED] K40 Lobby Chuknagar  Branch
[36m[INFO] Retrieved 2288 logs from K40 Lobby Banglabazar Branch in 0.90 seconds
[35m[ACCESS INSERT TIME:2025-08-20 18:08:53]
Insert attempts: 0,
successful: 0 records
into Access DB in 0.00s
from K40 Lobby Moynamoti Branch
[37m[FLASK DB INSERT TIME:2025-08-20 18:08:53]
Insert attempts: 0,
committed: 0 records
into Flask DB in 0.00s
from K40 Lobby Moynamoti Branch
[31m[DISCONNECTED] K40 Lobby Moynamoti Branch
[34m[SCHEDULER] K40 Lobby Moynamoti Branch: 0 new logs
[33m
[DEBUG] Connecting to K40 Lobby Madhobdi Branch (172.19.128.231:4370)
[36m[INFO] Retrieved 6157 logs from K40 Lobby Gazipur Branch in 1.94 seconds
[32m[CONNECTED] K40 Lobby Madhobdi Branch
[34m    [NEW ✅] RID 3868, User=1597, Time=2025-08-20 14:50:27
[32m    [ACCESS ✅] USERID=1597 CHECKTIME=2025-08-20 14:50:27
[35m[ACCESS INSERT TIME:2025-08-20 18:08:53]
Insert attempts: 1,
successful: 1 records
into Access DB in 0.01s
from K40 Lobby Agrabad  Branch
[37m[FLASK DB INSERT TIME:2025-08-20 18:08:53]
Insert attempts: 1,
committed: 1 records
into Flask DB in 0.01s
from K40 Lobby Agrabad  Branch
[31m[DISCONNECTED] K40 Lobby Agrabad  Branch
[34m[SCHEDULER] K40 Lobby Agrabad  Branch: 1 new logs
[33m
[DEBUG] Connecting to K40 Lobby Barishal Branch (172.19.129.231:4370)
[32m[CONNECTED] K40 Lobby Barishal Branch
[35m[ACCESS INSERT TIME:2025-08-20 18:08:53]
Insert attempts: 0,
successful: 0 records
into Access DB in 0.00s
from K40 Lobby Katakhali Branch
[37m[FLASK DB INSERT TIME:2025-08-20 18:08:53]
Insert attempts: 0,
committed: 0 records
into Flask DB in 0.00s
from K40 Lobby Katakhali Branch
[31m[DISCONNECTED] K40 Lobby Katakhali Branch
[34m[SCHEDULER] K40 Lobby Katakhali Branch: 0 new logs
[33m
[DEBUG] Connecting to K40 Lobby Sarbolakkhona Branch (172.19.130.231:4370)
[36m[INFO] Retrieved 4986 logs from K40 Lobby Banani Branch in 1.70 seconds
[32m[CONNECTED] K40 Lobby Sarbolakkhona Branch
[35m[ACCESS INSERT TIME:2025-08-20 18:08:54]
Insert attempts: 0,
successful: 0 records
into Access DB in 0.00s
from K40 Lobby Bogura Branch
[37m[FLASK DB INSERT TIME:2025-08-20 18:08:54]
Insert attempts: 0,
committed: 0 records
into Flask DB in 0.00s
from K40 Lobby Bogura Branch
[31m[DISCONNECTED] K40 Lobby Bogura Branch
[34m[SCHEDULER] K40 Lobby Bogura Branch: 0 new logs
[33m
[DEBUG] Connecting to K40 Lobby Rajshahi Branch (172.19.131.231:4370)
[36m[INFO] Retrieved 3648 logs from K40 Lobby Madhobdi Branch in 1.24 seconds
[32m[CONNECTED] K40 Lobby Rajshahi Branch
[35m[ACCESS INSERT TIME:2025-08-20 18:08:54]
Insert attempts: 0,
successful: 0 records
into Access DB in 0.00s
from K40 Lobby Jubliroad Sub Branch
[37m[FLASK DB INSERT TIME:2025-08-20 18:08:54]
Insert attempts: 0,
committed: 0 records
into Flask DB in 0.00s
from K40 Lobby Jubliroad Sub Branch
[36m[INFO] Retrieved 4931 logs from K40 Lobby Chuknagar  Branch in 1.75 seconds
[31m[DISCONNECTED] K40 Lobby Jubliroad Sub Branch
[33m
[DEBUG] Connecting to K40 Lobby Nababpur Branch (172.19.132.231:4370)
[34m[SCHEDULER] K40 Lobby Jubliroad Sub Branch: 0 new logs
[32m[CONNECTED] K40 Lobby Nababpur Branch
[35m[ACCESS INSERT TIME:2025-08-20 18:08:55]
Insert attempts: 0,
successful: 0 records
into Access DB in 0.00s
from K40 Lobby Chuknagar  Branch
[37m[FLASK DB INSERT TIME:2025-08-20 18:08:55]
Insert attempts: 0,
committed: 0 records
into Flask DB in 0.00s
from K40 Lobby Chuknagar  Branch
[31m[DISCONNECTED] K40 Lobby Chuknagar  Branch
[34m[SCHEDULER] K40 Lobby Chuknagar  Branch: 0 new logs
[33m
[DEBUG] Connecting to K40 Lobby Mirpur Branch (172.19.133.230:4370)
[32m[CONNECTED] K40 Lobby Mirpur Branch
[36m[INFO] Retrieved 2839 logs from K40 Lobby Sarbolakkhona Branch in 1.22 seconds
[34m    [NEW ✅] RID 4985, User=1368, Time=2025-08-20 18:06:40
[34m    [NEW ✅] RID 4986, User=1368, Time=2025-08-20 18:07:02
[32m    [ACCESS ✅] USERID=1368 CHECKTIME=2025-08-20 18:06:40
[32m    [ACCESS ✅] USERID=1368 CHECKTIME=2025-08-20 18:07:02
[35m[ACCESS INSERT TIME:2025-08-20 18:08:55]
Insert attempts: 2,
successful: 2 records
into Access DB in 0.01s
from K40 Lobby Banani Branch
[37m[FLASK DB INSERT TIME:2025-08-20 18:08:55]
Insert attempts: 2,
committed: 2 records
into Flask DB in 0.03s
from K40 Lobby Banani Branch
[31m[DISCONNECTED] K40 Lobby Banani Branch
[34m[SCHEDULER] K40 Lobby Banani Branch: 2 new logs
[33m
[DEBUG] Connecting to K40 Lobby Shibu Market Branch (172.19.134.231:4370)
[32m[CONNECTED] K40 Lobby Shibu Market Branch
[36m[INFO] Retrieved 6698 logs from K40 Lobby Barishal Branch in 2.09 seconds
[35m[ACCESS INSERT TIME:2025-08-20 18:08:55]
Insert attempts: 0,
successful: 0 records
into Access DB in 0.00s
from K40 Lobby Madhobdi Branch
[37m[FLASK DB INSERT TIME:2025-08-20 18:08:55]
Insert attempts: 0,
committed: 0 records
into Flask DB in 0.00s
from K40 Lobby Madhobdi Branch
[31m[DISCONNECTED] K40 Lobby Madhobdi Branch
[34m[SCHEDULER] K40 Lobby Madhobdi Branch: 0 new logs
[33m
[DEBUG] Connecting to K40 Lobby Ghonapara Branch (172.19.135.231:4370)
[32m[CONNECTED] K40 Lobby Ghonapara Branch
[35m[ACCESS INSERT TIME:2025-08-20 18:08:56]
Insert attempts: 0,
successful: 0 records
into Access DB in 0.00s
from K40 Lobby Modhunaghat Branch
[37m[FLASK DB INSERT TIME:2025-08-20 18:08:56]
Insert attempts: 0,
committed: 0 records
into Flask DB in 0.00s
from K40 Lobby Modhunaghat Branch
[31m[DISCONNECTED] K40 Lobby Modhunaghat Branch
[34m[SCHEDULER] K40 Lobby Modhunaghat Branch: 0 new logs
[33m
[DEBUG] Connecting to K40 Lobby Digraj Branch (172.19.136.231:4370)
[32m[CONNECTED] K40 Lobby Digraj Branch
[34m    [NEW ✅] RID 2839, User=9031, Time=2025-08-20 18:02:56
[36m[INFO] Retrieved 6082 logs from K40 Lobby Nababpur Branch in 1.86 seconds
[32m    [ACCESS ✅] USERID=9031 CHECKTIME=2025-08-20 18:02:56
[36m[INFO] Retrieved 2782 logs from K40 Lobby Shibu Market Branch in 1.02 seconds
[35m[ACCESS INSERT TIME:2025-08-20 18:08:56]
Insert attempts: 1,
successful: 1 records
into Access DB in 0.04s
from K40 Lobby Sarbolakkhona Branch
[37m[FLASK DB INSERT TIME:2025-08-20 18:08:56]
Insert attempts: 1,
committed: 1 records
into Flask DB in 0.01s
from K40 Lobby Sarbolakkhona Branch
[31m[DISCONNECTED] K40 Lobby Sarbolakkhona Branch
[34m[SCHEDULER] K40 Lobby Sarbolakkhona Branch: 1 new logs
[33m
[DEBUG] Connecting to K40 Lobby Bijoynagar Branch (172.19.137.231:4370)
[32m[CONNECTED] K40 Lobby Bijoynagar Branch
[36m[INFO] Retrieved 5397 logs from K40 Lobby Mirpur Branch in 1.68 seconds
[36m[INFO] Retrieved 2459 logs from K40 Lobby Ghonapara Branch in 0.89 seconds
[36m[INFO] Retrieved 6703 logs from K40 Lobby Rajshahi Branch in 2.47 seconds
[35m[ACCESS INSERT TIME:2025-08-20 18:08:57]
Insert attempts: 0,
successful: 0 records
into Access DB in 0.00s
from K40 Lobby Banglabazar Branch
[37m[FLASK DB INSERT TIME:2025-08-20 18:08:57]
Insert attempts: 0,
committed: 0 records
into Flask DB in 0.00s
from K40 Lobby Banglabazar Branch
[31m[DISCONNECTED] K40 Lobby Banglabazar Branch
[34m[SCHEDULER] K40 Lobby Banglabazar Branch: 0 new logs
[33m
[DEBUG] Connecting to K40 Lobby Narayangonj Branch (172.19.138.231:4370)
[32m[CONNECTED] K40 Lobby Narayangonj Branch
[36m[INFO] Retrieved 2776 logs from K40 Lobby Digraj Branch in 1.03 seconds
[35m[ACCESS INSERT TIME:2025-08-20 18:08:57]
Insert attempts: 0,
successful: 0 records
into Access DB in 0.00s
from K40 Lobby Nababpur Branch
[37m[FLASK DB INSERT TIME:2025-08-20 18:08:57]
Insert attempts: 0,
committed: 0 records
into Flask DB in 0.00s
from K40 Lobby Nababpur Branch
[31m[DISCONNECTED] K40 Lobby Nababpur Branch
[34m[SCHEDULER] K40 Lobby Nababpur Branch: 0 new logs
[33m
[DEBUG] Connecting to K40 Lobby Fatikchari Branch (172.19.139.231:4370)
[35m[ACCESS INSERT TIME:2025-08-20 18:08:58]
Insert attempts: 0,
successful: 0 records
into Access DB in 0.00s
from K40 Lobby Digraj Branch
[37m[FLASK DB INSERT TIME:2025-08-20 18:08:58]
Insert attempts: 0,
committed: 0 records
into Flask DB in 0.00s
from K40 Lobby Digraj Branch
[31m[DISCONNECTED] K40 Lobby Digraj Branch
[34m[SCHEDULER] K40 Lobby Digraj Branch: 0 new logs
[33m
[DEBUG] Connecting to K40 Lobby Baburhat Branch (172.19.140.231:4370)
[35m[ACCESS INSERT TIME:2025-08-20 18:08:58]
Insert attempts: 0,
successful: 0 records
into Access DB in 0.00s
from K40 Lobby Rajshahi Branch
[37m[FLASK DB INSERT TIME:2025-08-20 18:08:58]
Insert attempts: 0,
committed: 0 records
into Flask DB in 0.00s
from K40 Lobby Rajshahi Branch
[31m[DISCONNECTED] K40 Lobby Rajshahi Branch
[34m[SCHEDULER] K40 Lobby Rajshahi Branch: 0 new logs
[33m
[DEBUG] Connecting to K40 Lobby Rangpur Branch (172.19.141.231:4370)
[32m[CONNECTED] K40 Lobby Rangpur Branch
[35m[ACCESS INSERT TIME:2025-08-20 18:08:59]
Insert attempts: 0,
successful: 0 records
into Access DB in 0.00s
from K40 Lobby Shibu Market Branch
[37m[FLASK DB INSERT TIME:2025-08-20 18:08:59]
Insert attempts: 0,
committed: 0 records
into Flask DB in 0.00s
from K40 Lobby Shibu Market Branch
[36m[INFO] Retrieved 6684 logs from K40 Lobby Bijoynagar Branch in 2.09 seconds
[31m[DISCONNECTED] K40 Lobby Shibu Market Branch
[34m[SCHEDULER] K40 Lobby Shibu Market Branch: 0 new logs
[33m
[DEBUG] Connecting to K40 Lobby Jessore Branch (172.19.142.231:4370)
[36m[INFO] Retrieved 4935 logs from K40 Lobby Narayangonj Branch in 1.65 seconds
[32m[CONNECTED] K40 Lobby Jessore Branch
[35m[ACCESS INSERT TIME:2025-08-20 18:08:59]
Insert attempts: 0,
successful: 0 records
into Access DB in 0.00s
from K40 Lobby Gazipur Branch
[37m[FLASK DB INSERT TIME:2025-08-20 18:08:59]
Insert attempts: 0,
committed: 0 records
into Flask DB in 0.00s
from K40 Lobby Gazipur Branch
[34m    [NEW ✅] RID 6684, User=473, Time=2025-08-20 18:04:31
[31m[DISCONNECTED] K40 Lobby Gazipur Branch
[33m
[DEBUG] Connecting to K40 Lobby Takerhat Branch (172.19.143.231:4370)
[34m[SCHEDULER] K40 Lobby Gazipur Branch: 0 new logs
[32m    [ACCESS ✅] USERID=473 CHECKTIME=2025-08-20 18:04:31
[35m[ACCESS INSERT TIME:2025-08-20 18:08:59]
Insert attempts: 1,
successful: 1 records
into Access DB in 0.01s
from K40 Lobby Bijoynagar Branch
[37m[FLASK DB INSERT TIME:2025-08-20 18:08:59]
Insert attempts: 1,
committed: 1 records
into Flask DB in 0.01s
from K40 Lobby Bijoynagar Branch
[32m[CONNECTED] K40 Lobby Takerhat Branch
[31m[DISCONNECTED] K40 Lobby Bijoynagar Branch
[33m
[DEBUG] Connecting to K40 Lobby Nasirabad Branch (172.19.144.231:4370)
[34m[SCHEDULER] K40 Lobby Bijoynagar Branch: 1 new logs
[32m[CONNECTED] K40 Lobby Nasirabad Branch
[35m[ACCESS INSERT TIME:2025-08-20 18:09:00]
Insert attempts: 0,
successful: 0 records
into Access DB in 0.00s
from K40 Lobby Barishal Branch
[37m[FLASK DB INSERT TIME:2025-08-20 18:09:00]
Insert attempts: 0,
committed: 0 records
into Flask DB in 0.00s
from K40 Lobby Barishal Branch
[31m[DISCONNECTED] K40 Lobby Barishal Branch
[34m[SCHEDULER] K40 Lobby Barishal Branch: 0 new logs
[33m
[DEBUG] Connecting to K40 Lobby Bhomra Branch (172.19.145.231:4370)
[32m[CONNECTED] K40 Lobby Bhomra Branch
[36m[INFO] Retrieved 5390 logs from K40 Lobby Rangpur Branch in 1.57 seconds
[35m[ACCESS INSERT TIME:2025-08-20 18:09:00]
Insert attempts: 0,
successful: 0 records
into Access DB in 0.00s
from K40 Lobby Mirpur Branch
[37m[FLASK DB INSERT TIME:2025-08-20 18:09:00]
Insert attempts: 0,
committed: 0 records
into Flask DB in 0.00s
from K40 Lobby Mirpur Branch
[31m[DISCONNECTED] K40 Lobby Mirpur Branch
[34m[SCHEDULER] K40 Lobby Mirpur Branch: 0 new logs
[33m
[DEBUG] Connecting to K40 Lobby Morrelganj Branch (172.19.146.231:4370)
[36m[INFO] Retrieved 2142 logs from K40 Lobby Takerhat Branch in 0.84 seconds
[32m[CONNECTED] K40 Lobby Morrelganj Branch
[35m[ACCESS INSERT TIME:2025-08-20 18:09:01]
Insert attempts: 0,
successful: 0 records
into Access DB in 0.00s
from K40 Lobby Rangpur Branch
[37m[FLASK DB INSERT TIME:2025-08-20 18:09:01]
Insert attempts: 0,
committed: 0 records
into Flask DB in 0.00s
from K40 Lobby Rangpur Branch
[31m[DISCONNECTED] K40 Lobby Rangpur Branch
[33m
[DEBUG] Connecting to K40 Lobby Hasnabad Branch (172.19.147.231:4370)
[34m[SCHEDULER] K40 Lobby Rangpur Branch: 0 new logs
[36m[INFO] Retrieved 7881 logs from K40 Lobby Jessore Branch in 2.07 seconds
[36m[INFO] Retrieved 2858 logs from K40 Lobby Nasirabad Branch in 1.23 seconds
[35m[ACCESS INSERT TIME:2025-08-20 18:09:01]
Insert attempts: 0,
successful: 0 records
into Access DB in 0.00s
from K40 Lobby Ghonapara Branch
[37m[FLASK DB INSERT TIME:2025-08-20 18:09:01]
Insert attempts: 0,
committed: 0 records
into Flask DB in 0.00s
from K40 Lobby Ghonapara Branch
[31m[DISCONNECTED] K40 Lobby Ghonapara Branch
[34m[SCHEDULER] K40 Lobby Ghonapara Branch: 0 new logs
[33m
[DEBUG] Connecting to K40 Lobby Kharabad Branch (172.19.148.231:4370)
[31m[ERROR] Polling K40 Lobby Fatikchari Branch failed: can't reach device (ping 172.19.139.231)
[34m[SCHEDULER] K40 Lobby Fatikchari Branch: 0 new logs
[33m
[DEBUG] Connecting to K40 Lobby Chalakchar Branch (172.19.149.231:4370)
[32m[CONNECTED] K40 Lobby Kharabad Branch
[32m[CONNECTED] K40 Lobby Chalakchar Branch
[35m[ACCESS INSERT TIME:2025-08-20 18:09:01]
Insert attempts: 0,
successful: 0 records
into Access DB in 0.00s
from K40 Lobby Narayangonj Branch
[37m[FLASK DB INSERT TIME:2025-08-20 18:09:01]
Insert attempts: 0,
committed: 0 records
into Flask DB in 0.00s
from K40 Lobby Narayangonj Branch
[36m[INFO] Retrieved 2657 logs from K40 Lobby Morrelganj Branch in 1.03 seconds
[31m[DISCONNECTED] K40 Lobby Narayangonj Branch
[34m[SCHEDULER] K40 Lobby Narayangonj Branch: 0 new logs
[33m
[DEBUG] Connecting to K40 Lobby Panthapath Branch (172.19.150.231:4370)
[32m[CONNECTED] K40 Lobby Panthapath Branch
[31m[ERROR] Polling K40 Lobby Baburhat Branch failed: can't reach device (ping 172.19.140.231)
[34m[SCHEDULER] K40 Lobby Baburhat Branch: 0 new logs
[33m
[DEBUG] Connecting to K40 Lobby Mouchak Branch (172.19.151.231:4370)
[35m[ACCESS INSERT TIME:2025-08-20 18:09:02]
Insert attempts: 0,
successful: 0 records
into Access DB in 0.00s
from K40 Lobby Jessore Branch
[37m[FLASK DB INSERT TIME:2025-08-20 18:09:02]
Insert attempts: 0,
committed: 0 records
into Flask DB in 0.00s
from K40 Lobby Jessore Branch
[31m[DISCONNECTED] K40 Lobby Jessore Branch
[34m[SCHEDULER] K40 Lobby Jessore Branch: 0 new logs
[33m
[DEBUG] Connecting to K40 Lobby Maligram Branch (172.19.152.231:4370)
[32m[CONNECTED] K40 Lobby Mouchak Branch
[32m[CONNECTED] K40 Lobby Maligram Branch
[34m    [NEW ✅] RID 2649, User=425, Time=2025-08-19 18:57:50
[34m    [NEW ✅] RID 2650, User=1669, Time=2025-08-19 18:59:54
[34m    [NEW ✅] RID 2651, User=780, Time=2025-08-19 19:01:45
[34m    [NEW ✅] RID 2652, User=425, Time=2025-08-20 09:35:33
[34m    [NEW ✅] RID 2653, User=1669, Time=2025-08-20 09:35:39
[34m    [NEW ✅] RID 2654, User=1110, Time=2025-08-20 09:46:05
[34m    [NEW ✅] RID 2655, User=780, Time=2025-08-20 09:50:59
[34m    [NEW ✅] RID 2656, User=834, Time=2025-08-20 09:56:57
[34m    [NEW ✅] RID 2657, User=9033, Time=2025-08-20 10:22:16
[32m    [ACCESS ✅] USERID=425 CHECKTIME=2025-08-19 18:57:50
[32m    [ACCESS ✅] USERID=1669 CHECKTIME=2025-08-19 18:59:54
[32m    [ACCESS ✅] USERID=780 CHECKTIME=2025-08-19 19:01:45
[32m    [ACCESS ✅] USERID=425 CHECKTIME=2025-08-20 09:35:33
[32m    [ACCESS ✅] USERID=1669 CHECKTIME=2025-08-20 09:35:39
[32m    [ACCESS ✅] USERID=1110 CHECKTIME=2025-08-20 09:46:05
[32m    [ACCESS ✅] USERID=780 CHECKTIME=2025-08-20 09:50:59
[32m    [ACCESS ✅] USERID=834 CHECKTIME=2025-08-20 09:56:57
[32m    [ACCESS ✅] USERID=9033 CHECKTIME=2025-08-20 10:22:16
[35m[ACCESS INSERT TIME:2025-08-20 18:09:02]
Insert attempts: 9,
successful: 9 records
into Access DB in 0.05s
from K40 Lobby Morrelganj Branch
[37m[FLASK DB INSERT TIME:2025-08-20 18:09:02]
Insert attempts: 9,
committed: 9 records
into Flask DB in 0.01s
from K40 Lobby Morrelganj Branch
[36m[INFO] Retrieved 2052 logs from K40 Lobby Chalakchar Branch in 0.92 seconds
[31m[DISCONNECTED] K40 Lobby Morrelganj Branch
[34m[SCHEDULER] K40 Lobby Morrelganj Branch: 9 new logs
[33m
[DEBUG] Connecting to K40 Lobby Chittagong EPZ Branch (172.19.153.231:4370)
[36m[INFO] Retrieved 877 logs from K40 Lobby Maligram Branch in 0.52 seconds
[35m[ACCESS INSERT TIME:2025-08-20 18:09:03]
Insert attempts: 0,
successful: 0 records
into Access DB in 0.00s
from K40 Lobby Nasirabad Branch
[37m[FLASK DB INSERT TIME:2025-08-20 18:09:03]
Insert attempts: 0,
committed: 0 records
into Flask DB in 0.00s
from K40 Lobby Nasirabad Branch
[31m[DISCONNECTED] K40 Lobby Nasirabad Branch
[34m[SCHEDULER] K40 Lobby Nasirabad Branch: 0 new logs
[33m
[DEBUG] Connecting to K40 Lobby Dinajpur Branch (172.19.154.231:4370)
[36m[INFO] Retrieved 3791 logs from K40 Lobby Kharabad Branch in 1.52 seconds
[32m[CONNECTED] K40 Lobby Dinajpur Branch
[34m    [NEW ✅] RID 2048, User=639, Time=2025-08-20 09:28:04
[34m    [NEW ✅] RID 2049, User=7041, Time=2025-08-20 09:28:12
[34m    [NEW ✅] RID 2050, User=1680, Time=2025-08-20 09:28:19
[34m    [NEW ✅] RID 2051, User=732, Time=2025-08-20 09:28:45
[34m    [NEW ✅] RID 2052, User=1299, Time=2025-08-20 09:32:50
[32m    [ACCESS ✅] USERID=639 CHECKTIME=2025-08-20 09:28:04
[32m    [ACCESS ✅] USERID=7041 CHECKTIME=2025-08-20 09:28:12
[32m    [ACCESS ✅] USERID=1680 CHECKTIME=2025-08-20 09:28:19
[32m    [ACCESS ✅] USERID=732 CHECKTIME=2025-08-20 09:28:45
[32m    [ACCESS ✅] USERID=1299 CHECKTIME=2025-08-20 09:32:50
[36m[INFO] Retrieved 4644 logs from K40 Lobby Panthapath Branch in 1.46 seconds
[35m[ACCESS INSERT TIME:2025-08-20 18:09:03]
Insert attempts: 5,
successful: 5 records
into Access DB in 0.04s
from K40 Lobby Chalakchar Branch
[37m[FLASK DB INSERT TIME:2025-08-20 18:09:03]
Insert attempts: 5,
committed: 5 records
into Flask DB in 0.00s
from K40 Lobby Chalakchar Branch
[36m[INFO] Retrieved 3453 logs from K40 Lobby Mouchak Branch in 1.21 seconds
[31m[DISCONNECTED] K40 Lobby Chalakchar Branch
[34m[SCHEDULER] K40 Lobby Chalakchar Branch: 5 new logs
[33m
[DEBUG] Connecting to K40 Lobby KDA Branch (172.19.155.231:4370)
[32m[CONNECTED] K40 Lobby KDA Branch
[34m    [NEW ✅] RID 4644, User=912, Time=2025-08-20 12:56:11
[32m    [ACCESS ✅] USERID=912 CHECKTIME=2025-08-20 12:56:11
[35m[ACCESS INSERT TIME:2025-08-20 18:09:04]
Insert attempts: 1,
successful: 1 records
into Access DB in 0.01s
from K40 Lobby Panthapath Branch
[37m[FLASK DB INSERT TIME:2025-08-20 18:09:04]
Insert attempts: 1,
committed: 1 records
into Flask DB in 0.00s
from K40 Lobby Panthapath Branch
[31m[DISCONNECTED] K40 Lobby Panthapath Branch
[34m[SCHEDULER] K40 Lobby Panthapath Branch: 1 new logs
[33m
[DEBUG] Connecting to K40 Lobby Nator Branch (172.19.156.231:4370)
[32m[CONNECTED] K40 Lobby Nator Branch
[35m[ACCESS INSERT TIME:2025-08-20 18:09:04]
Insert attempts: 0,
successful: 0 records
into Access DB in 0.00s
from K40 Lobby Takerhat Branch
[37m[FLASK DB INSERT TIME:2025-08-20 18:09:04]
Insert attempts: 0,
committed: 0 records
into Flask DB in 0.00s
from K40 Lobby Takerhat Branch
[31m[DISCONNECTED] K40 Lobby Takerhat Branch
[34m[SCHEDULER] K40 Lobby Takerhat Branch: 0 new logs
[33m
[DEBUG] Connecting to K40 Lobby Feni Branch (172.19.157.231:4370)
[32m[CONNECTED] K40 Lobby Feni Branch
[34m    [NEW ✅] RID 3791, User=439, Time=2025-08-20 13:33:10
[32m    [ACCESS ✅] USERID=439 CHECKTIME=2025-08-20 13:33:10
[35m[ACCESS INSERT TIME:2025-08-20 18:09:04]
Insert attempts: 1,
successful: 1 records
into Access DB in 0.01s
from K40 Lobby Kharabad Branch
[37m[FLASK DB INSERT TIME:2025-08-20 18:09:04]
Insert attempts: 1,
committed: 1 records
into Flask DB in 0.01s
from K40 Lobby Kharabad Branch
[36m[INFO] Retrieved 5196 logs from K40 Lobby Bhomra Branch in 4.26 seconds
[36m[INFO] Retrieved 3594 logs from K40 Lobby Dinajpur Branch in 1.35 seconds[31m[ERROR] Polling K40 Lobby Hasnabad Branch failed: can't reach device (ping 172.19.147.231)
[34m[SCHEDULER] K40 Lobby Hasnabad Branch: 0 new logs
[33m
[DEBUG] Connecting to K40 Lobby Kushtia Branch (172.19.158.231:4370)
[31m[DISCONNECTED] K40 Lobby Kharabad Branch
[34m[SCHEDULER] K40 Lobby Kharabad Branch: 1 new logs

[33m
[DEBUG] Connecting to K40 Lobby Labanchora Branch (172.19.159.231:4370)
[32m[CONNECTED] K40 Lobby Kushtia Branch[36m[INFO] Retrieved 2907 logs from K40 Lobby KDA Branch in 1.11 seconds

[32m[CONNECTED] K40 Lobby Labanchora Branch
[35m[ACCESS INSERT TIME:2025-08-20 18:09:05]
Insert attempts: 0,
successful: 0 records
into Access DB in 0.00s
from K40 Lobby Maligram Branch
[37m[FLASK DB INSERT TIME:2025-08-20 18:09:05]
Insert attempts: 0,
committed: 0 records
into Flask DB in 0.00s
from K40 Lobby Maligram Branch
[31m[DISCONNECTED] K40 Lobby Maligram Branch
[34m[SCHEDULER] K40 Lobby Maligram Branch: 0 new logs
[33m
[DEBUG] Connecting to K40 Lobby Khatunganj Branch (172.19.160.231:4370)
[32m[CONNECTED] K40 Lobby Khatunganj Branch
[36m[INFO] Retrieved 2648 logs from K40 Lobby Feni Branch in 0.89 seconds
[35m[ACCESS INSERT TIME:2025-08-20 18:09:05]
Insert attempts: 0,
successful: 0 records
into Access DB in 0.00s
from K40 Lobby Dinajpur Branch
[37m[FLASK DB INSERT TIME:2025-08-20 18:09:05]
Insert attempts: 0,
committed: 0 records
into Flask DB in 0.00s
from K40 Lobby Dinajpur Branch
[31m[DISCONNECTED] K40 Lobby Dinajpur Branch
[34m[SCHEDULER] K40 Lobby Dinajpur Branch: 0 new logs
[33m
[DEBUG] Connecting to K40 Lobby Pragati Sharani Branch (172.19.161.231:4370)
[36m[INFO] Retrieved 4696 logs from K40 Lobby Nator Branch in 1.47 seconds
[32m[CONNECTED] K40 Lobby Pragati Sharani Branch
[35m[ACCESS INSERT TIME:2025-08-20 18:09:06]
Insert attempts: 0,
successful: 0 records
into Access DB in 0.00s
from K40 Lobby Feni Branch
[37m[FLASK DB INSERT TIME:2025-08-20 18:09:06]
Insert attempts: 0,
committed: 0 records
into Flask DB in 0.00s
from K40 Lobby Feni Branch
[31m[DISCONNECTED] K40 Lobby Feni Branch
[34m[SCHEDULER] K40 Lobby Feni Branch: 0 new logs
[33m
[DEBUG] Connecting to K40 Lobby Amin Bazar Branch (172.19.162.231:4370)
[32m[CONNECTED] K40 Lobby Amin Bazar Branch
[36m[INFO] Retrieved 4620 logs from K40 Lobby Kushtia Branch in 1.33 seconds
[36m[INFO] Retrieved 2188 logs from K40 Lobby Khatunganj Branch in 0.91 seconds
[35m[ACCESS INSERT TIME:2025-08-20 18:09:06]
Insert attempts: 0,
successful: 0 records
into Access DB in 0.00s
from K40 Lobby Mouchak Branch
[37m[FLASK DB INSERT TIME:2025-08-20 18:09:06]
Insert attempts: 0,
committed: 0 records
into Flask DB in 0.00s
from K40 Lobby Mouchak Branch
[31m[DISCONNECTED] K40 Lobby Mouchak Branch
[34m[SCHEDULER] K40 Lobby Mouchak Branch: 0 new logs
[33m
[DEBUG] Connecting to K40 Lobby Banaripara Branch (172.19.163.231:4370)
[32m[CONNECTED] K40 Lobby Banaripara Branch
[31m[ERROR] Polling K40 Lobby Chittagong EPZ Branch failed: can't reach device (ping 172.19.153.231)
[34m[SCHEDULER] K40 Lobby Chittagong EPZ Branch: 0 new logs
[33m
[DEBUG] Connecting to K40 Lobby Faltita Branch (172.19.164.231:4370)
[35m[ACCESS INSERT TIME:2025-08-20 18:09:06]
Insert attempts: 0,
successful: 0 records
into Access DB in 0.00s
from K40 Lobby Bhomra Branch
[37m[FLASK DB INSERT TIME:2025-08-20 18:09:06]
Insert attempts: 0,
committed: 0 records
into Flask DB in 0.00s
from K40 Lobby Bhomra Branch
[32m[CONNECTED] K40 Lobby Faltita Branch
[31m[DISCONNECTED] K40 Lobby Bhomra Branch
[34m[SCHEDULER] K40 Lobby Bhomra Branch: 0 new logs
[33m
[DEBUG] Connecting to K40 Lobby AddaBazar Branch (172.19.165.231:4370)
[36m[INFO] Retrieved 1919 logs from K40 Lobby Pragati Sharani Branch in 1.20 seconds
[32m[CONNECTED] K40 Lobby AddaBazar Branch
[36m[INFO] Retrieved 3040 logs from K40 Lobby Amin Bazar Branch in 1.06 seconds
[35m[ACCESS INSERT TIME:2025-08-20 18:09:07]
Insert attempts: 0,
successful: 0 records
into Access DB in 0.00s
from K40 Lobby Kushtia Branch
[37m[FLASK DB INSERT TIME:2025-08-20 18:09:07]
Insert attempts: 0,
committed: 0 records
into Flask DB in 0.00s
from K40 Lobby Kushtia Branch
[31m[DISCONNECTED] K40 Lobby Kushtia Branch
[34m[SCHEDULER] K40 Lobby Kushtia Branch: 0 new logs
[33m
[DEBUG] Connecting to K40 Lobby Jibannagar Branch (172.19.166.231:4370)
[32m[CONNECTED] K40 Lobby Jibannagar Branch
[34m    [NEW ✅] RID 1919, User=632, Time=2025-08-20 14:08:19
[32m    [ACCESS ✅] USERID=632 CHECKTIME=2025-08-20 14:08:19
[35m[ACCESS INSERT TIME:2025-08-20 18:09:07]
Insert attempts: 1,
successful: 1 records
into Access DB in 0.02s
from K40 Lobby Pragati Sharani Branch
[37m[FLASK DB INSERT TIME:2025-08-20 18:09:07]
Insert attempts: 1,
committed: 1 records
into Flask DB in 0.01s
from K40 Lobby Pragati Sharani Branch
[31m[DISCONNECTED] K40 Lobby Pragati Sharani Branch
[34m[SCHEDULER] K40 Lobby Pragati Sharani Branch: 1 new logs
[33m
[DEBUG] Connecting to K40 Lobby Abdullahpur Branch (172.19.167.231:4370)
[34m    [NEW ✅] RID 3040, User=1414, Time=2025-08-20 17:48:11
[32m    [ACCESS ✅] USERID=1414 CHECKTIME=2025-08-20 17:48:11
[35m[ACCESS INSERT TIME:2025-08-20 18:09:08]
Insert attempts: 1,
successful: 1 records
into Access DB in 0.02s
from K40 Lobby Amin Bazar Branch
[37m[FLASK DB INSERT TIME:2025-08-20 18:09:08]
Insert attempts: 1,
committed: 1 records
into Flask DB in 0.00s
from K40 Lobby Amin Bazar Branch
[31m[DISCONNECTED] K40 Lobby Amin Bazar Branch
[34m[SCHEDULER] K40 Lobby Amin Bazar Branch: 1 new logs
[33m
[DEBUG] Connecting to K40 Lobby Bhulta Branch (172.19.168.231:4370)
[36m[INFO] Retrieved 2897 logs from K40 Lobby Banaripara Branch in 1.35 seconds
[32m[CONNECTED] K40 Lobby Bhulta Branch
[36m[INFO] Retrieved 3066 logs from K40 Lobby Faltita Branch in 1.48 seconds
[34m    [NEW ✅] RID 2897, User=966, Time=2025-08-20 17:44:42
[32m    [ACCESS ✅] USERID=966 CHECKTIME=2025-08-20 17:44:42
[35m[ACCESS INSERT TIME:2025-08-20 18:09:08]
Insert attempts: 1,
successful: 1 records
into Access DB in 0.02s
from K40 Lobby Banaripara Branch
[37m[FLASK DB INSERT TIME:2025-08-20 18:09:08]
Insert attempts: 1,
committed: 1 records
into Flask DB in 0.01s
from K40 Lobby Banaripara Branch
[36m[INFO] Retrieved 2950 logs from K40 Lobby Jibannagar Branch in 1.06 seconds
[31m[DISCONNECTED] K40 Lobby Banaripara Branch
[34m[SCHEDULER] K40 Lobby Banaripara Branch: 1 new logs
[33m
[DEBUG] Connecting to K40 Lobby Myemensingh Branch (172.19.169.231:4370)
[32m[CONNECTED] K40 Lobby Myemensingh Branch
[35m[ACCESS INSERT TIME:2025-08-20 18:09:08]
Insert attempts: 0,
successful: 0 records
into Access DB in 0.00s
from K40 Lobby KDA Branch
[37m[FLASK DB INSERT TIME:2025-08-20 18:09:08]
Insert attempts: 0,
committed: 0 records
into Flask DB in 0.00s
from K40 Lobby KDA Branch
[36m[INFO] Retrieved 2621 logs from K40 Lobby AddaBazar Branch in 1.79 seconds
[31m[DISCONNECTED] K40 Lobby KDA Branch
[34m[SCHEDULER] K40 Lobby KDA Branch: 0 new logs
[33m
[DEBUG] Connecting to K40 Lobby Birganj Branch (172.19.170.231:4370)
[32m[CONNECTED] K40 Lobby Birganj Branch
[36m[INFO] Retrieved 2780 logs from K40 Lobby Bhulta Branch in 1.00 seconds
[35m[ACCESS INSERT TIME:2025-08-20 18:09:09]
Insert attempts: 0,
successful: 0 records
into Access DB in 0.00s
from K40 Lobby AddaBazar Branch
[37m[FLASK DB INSERT TIME:2025-08-20 18:09:09]
Insert attempts: 0,
committed: 0 records
into Flask DB in 0.00s
from K40 Lobby AddaBazar Branch
[31m[DISCONNECTED] K40 Lobby AddaBazar Branch
[34m[SCHEDULER] K40 Lobby AddaBazar Branch: 0 new logs
[33m
[DEBUG] Connecting to K40 Lobby Nazipur Branch (172.19.171.231:4370)
[32m[CONNECTED] K40 Lobby Nazipur Branch
[34m    [NEW ✅] RID 4696, User=8007, Time=2025-08-20 17:30:54
[32m    [ACCESS ✅] USERID=8007 CHECKTIME=2025-08-20 17:30:54
[35m[ACCESS INSERT TIME:2025-08-20 18:09:09]
Insert attempts: 1,
successful: 1 records
into Access DB in 0.02s
from K40 Lobby Nator Branch
[37m[FLASK DB INSERT TIME:2025-08-20 18:09:09]
Insert attempts: 1,
committed: 1 records
into Flask DB in 0.00s
from K40 Lobby Nator Branch
[36m[INFO] Retrieved 2387 logs from K40 Lobby Myemensingh Branch in 0.96 seconds
[31m[DISCONNECTED] K40 Lobby Nator Branch
[34m[SCHEDULER] K40 Lobby Nator Branch: 1 new logs
[33m
[DEBUG] Connecting to K40 Lobby Mehendiganj Branch (172.19.172.231:4370)
[36m[INFO] Retrieved 1614 logs from K40 Lobby Birganj Branch in 0.72 seconds
[32m[CONNECTED] K40 Lobby Mehendiganj Branch
[35m[ACCESS INSERT TIME:2025-08-20 18:09:10]
Insert attempts: 0,
successful: 0 records
into Access DB in 0.00s
from K40 Lobby Myemensingh Branch
[37m[FLASK DB INSERT TIME:2025-08-20 18:09:10]
Insert attempts: 0,
committed: 0 records
into Flask DB in 0.00s
from K40 Lobby Myemensingh Branch
[31m[DISCONNECTED] K40 Lobby Myemensingh Branch
[34m[SCHEDULER] K40 Lobby Myemensingh Branch: 0 new logs
[33m
[DEBUG] Connecting to K40 Lobby Cumilla Branch (172.19.173.231:4370)
[32m[CONNECTED] K40 Lobby Cumilla Branch
[35m[ACCESS INSERT TIME:2025-08-20 18:09:10]
Insert attempts: 0,
successful: 0 records
into Access DB in 0.00s
from K40 Lobby Jibannagar Branch
[37m[FLASK DB INSERT TIME:2025-08-20 18:09:10]
Insert attempts: 0,
committed: 0 records
into Flask DB in 0.00s
from K40 Lobby Jibannagar Branch
[31m[DISCONNECTED] K40 Lobby Jibannagar Branch
[34m[SCHEDULER] K40 Lobby Jibannagar Branch: 0 new logs
[33m
[DEBUG] Connecting to K40 Lobby Bhola Branch (172.19.174.231:4370)
[36m[INFO] Retrieved 3561 logs from K40 Lobby Nazipur Branch in 1.20 seconds
[32m[CONNECTED] K40 Lobby Bhola Branch
[35m[ACCESS INSERT TIME:2025-08-20 18:09:10]
Insert attempts: 0,
successful: 0 records
into Access DB in 0.00s
from K40 Lobby Khatunganj Branch
[37m[FLASK DB INSERT TIME:2025-08-20 18:09:10]
Insert attempts: 0,
committed: 0 records
into Flask DB in 0.00s
from K40 Lobby Khatunganj Branch
[36m[INFO] Retrieved 1748 logs from K40 Lobby Mehendiganj Branch in 0.92 seconds
[31m[DISCONNECTED] K40 Lobby Khatunganj Branch
[34m[SCHEDULER] K40 Lobby Khatunganj Branch: 0 new logs
[33m
[DEBUG] Connecting to K40 Lobby Bashundhara Branch (172.19.175.231:4370)
[32m[CONNECTED] K40 Lobby Bashundhara Branch
[36m[INFO] Retrieved 6680 logs from K40 Lobby Labanchora Branch in 5.76 seconds
[35m[ACCESS INSERT TIME:2025-08-20 18:09:11]
Insert attempts: 0,
successful: 0 records
into Access DB in 0.00s
from K40 Lobby Mehendiganj Branch
[37m[FLASK DB INSERT TIME:2025-08-20 18:09:11]
Insert attempts: 0,
committed: 0 records
into Flask DB in 0.00s
from K40 Lobby Mehendiganj Branch
[36m[INFO] Retrieved 3580 logs from K40 Lobby Cumilla Branch in 1.12 seconds
[31m[DISCONNECTED] K40 Lobby Mehendiganj Branch
[34m[SCHEDULER] K40 Lobby Mehendiganj Branch: 0 new logs
[33m
[DEBUG] Connecting to K40 Lobby Gopalgonj Branch (172.19.176.231:4370)
[34m    [NEW ✅] RID 6676, User=9028, Time=2025-08-20 18:00:56
[34m    [NEW ✅] RID 6677, User=492, Time=2025-08-20 18:02:22
[34m    [NEW ✅] RID 6678, User=961, Time=2025-08-20 18:06:44
[34m    [NEW ✅] RID 6679, User=393, Time=2025-08-20 18:07:42
[34m    [NEW ✅] RID 6680, User=339, Time=2025-08-20 18:07:51
[36m[INFO] Retrieved 2653 logs from K40 Lobby Bhola Branch in 1.00 seconds
[32m    [ACCESS ✅] USERID=9028 CHECKTIME=2025-08-20 18:00:56
[32m    [ACCESS ✅] USERID=492 CHECKTIME=2025-08-20 18:02:22
[32m    [ACCESS ✅] USERID=961 CHECKTIME=2025-08-20 18:06:44
[32m    [ACCESS ✅] USERID=393 CHECKTIME=2025-08-20 18:07:42
[32m    [ACCESS ✅] USERID=339 CHECKTIME=2025-08-20 18:07:51
[31m[ERROR] Polling K40 Lobby Abdullahpur Branch failed: can't reach device (ping 172.19.167.231)
[33m
[DEBUG] Connecting to K40 Lobby Jatrabari Sub Branch (172.19.177.231:4370)
[34m[SCHEDULER] K40 Lobby Abdullahpur Branch: 0 new logs
[35m[ACCESS INSERT TIME:2025-08-20 18:09:11]
Insert attempts: 5,
successful: 5 records
into Access DB in 0.05s
from K40 Lobby Labanchora Branch
[37m[FLASK DB INSERT TIME:2025-08-20 18:09:11]
Insert attempts: 5,
committed: 5 records
into Flask DB in 0.01s
from K40 Lobby Labanchora Branch
[32m[CONNECTED] K40 Lobby Jatrabari Sub Branch
[35m[ACCESS INSERT TIME:2025-08-20 18:09:12]
Insert attempts: 0,
successful: 0 records
into Access DB in 0.00s
from K40 Lobby Cumilla Branch
[37m[FLASK DB INSERT TIME:2025-08-20 18:09:12]
Insert attempts: 0,
committed: 0 records
into Flask DB in 0.00s
from K40 Lobby Cumilla Branch
[31m[DISCONNECTED] K40 Lobby Cumilla Branch
[34m[SCHEDULER] K40 Lobby Cumilla Branch: 0 new logs
[33m
[DEBUG] Connecting to K40 Lobby BabuBazar Sub Branch (172.19.178.231:4370)
[32m[CONNECTED] K40 Lobby BabuBazar Sub Branch
[31m[DISCONNECTED] K40 Lobby Labanchora Branch
[34m[SCHEDULER] K40 Lobby Labanchora Branch: 5 new logs
[33m
[DEBUG] Connecting to K40 Lobby Rayenda Bazar Sub Branch (172.19.179.231:4370)
[35m[ACCESS INSERT TIME:2025-08-20 18:09:12]
Insert attempts: 0,
successful: 0 records
into Access DB in 0.00s
from K40 Lobby Faltita Branch
[37m[FLASK DB INSERT TIME:2025-08-20 18:09:12]
Insert attempts: 0,
committed: 0 records
into Flask DB in 0.00s
from K40 Lobby Faltita Branch
[32m[CONNECTED] K40 Lobby Rayenda Bazar Sub Branch
[31m[DISCONNECTED] K40 Lobby Faltita Branch
[34m[SCHEDULER] K40 Lobby Faltita Branch: 0 new logs
[33m
[DEBUG] Connecting to K40 Lobby Rupatali Sub Branch (172.19.180.231:4370)
[32m[CONNECTED] K40 Lobby Rupatali Sub Branch
[36m[INFO] Retrieved 6379 logs from K40 Lobby Bashundhara Branch in 1.86 seconds
[35m[ACCESS INSERT TIME:2025-08-20 18:09:13]
Insert attempts: 0,
successful: 0 records
into Access DB in 0.00s
from K40 Lobby Bhulta Branch
[37m[FLASK DB INSERT TIME:2025-08-20 18:09:13]
Insert attempts: 0,
committed: 0 records
into Flask DB in 0.00s
from K40 Lobby Bhulta Branch
[31m[DISCONNECTED] K40 Lobby Bhulta Branch
[34m[SCHEDULER] K40 Lobby Bhulta Branch: 0 new logs
[33m
[DEBUG] Connecting to K40 Lobby Ramgonj Branch (172.19.181.231:4370)
[36m[INFO] Retrieved 1154 logs from K40 Lobby Rayenda Bazar Sub Branch in 0.54 seconds
[36m[INFO] Retrieved 4309 logs from K40 Lobby Jatrabari Sub Branch in 1.38 seconds
[32m[CONNECTED] K40 Lobby Ramgonj Branch
[35m[ACCESS INSERT TIME:2025-08-20 18:09:13]
Insert attempts: 0,
successful: 0 records
into Access DB in 0.00s
from K40 Lobby Nazipur Branch
[37m[FLASK DB INSERT TIME:2025-08-20 18:09:13]
Insert attempts: 0,
committed: 0 records
into Flask DB in 0.00s
from K40 Lobby Nazipur Branch
[31m[DISCONNECTED] K40 Lobby Nazipur Branch
[34m[SCHEDULER] K40 Lobby Nazipur Branch: 0 new logs
[33m
[DEBUG] Connecting to K40 Lobby Kaligonj Branch (172.19.182.231:4370)
[32m[CONNECTED] K40 Lobby Kaligonj Branch
[34m    [NEW ✅] RID 6379, User=319, Time=2025-08-20 17:17:52
[32m    [ACCESS ✅] USERID=319 CHECKTIME=2025-08-20 17:17:52
[36m[INFO] Retrieved 4881 logs from K40 Lobby BabuBazar Sub Branch in 1.55 seconds
[35m[ACCESS INSERT TIME:2025-08-20 18:09:13]
Insert attempts: 1,
successful: 1 records
into Access DB in 0.01s
from K40 Lobby Bashundhara Branch
[37m[FLASK DB INSERT TIME:2025-08-20 18:09:13]
Insert attempts: 1,
committed: 1 records
into Flask DB in 0.03s
from K40 Lobby Bashundhara Branch
[31m[DISCONNECTED] K40 Lobby Bashundhara Branch
[34m[SCHEDULER] K40 Lobby Bashundhara Branch: 1 new logs
[33m
[DEBUG] Connecting to K40 Lobby Palashbari Branch (172.19.183.231:4370)
[36m[INFO] Retrieved 1442 logs from K40 Lobby Rupatali Sub Branch in 1.14 seconds
[32m[CONNECTED] K40 Lobby Palashbari Branch
[35m[ACCESS INSERT TIME:2025-08-20 18:09:14]
Insert attempts: 0,
successful: 0 records
into Access DB in 0.00s
from K40 Lobby Birganj Branch
[37m[FLASK DB INSERT TIME:2025-08-20 18:09:14]
Insert attempts: 0,
committed: 0 records
into Flask DB in 0.00s
from K40 Lobby Birganj Branch
[31m[DISCONNECTED] K40 Lobby Birganj Branch
[34m[SCHEDULER] K40 Lobby Birganj Branch: 0 new logs
[33m
[DEBUG] Connecting to K40 Lobby Mohakhali Branch (172.19.184.231:4370)
[32m[CONNECTED] K40 Lobby Mohakhali Branch
[34m    [NEW ✅] RID 4302, User=1221, Time=2025-08-20 12:40:01
[34m    [NEW ✅] RID 4303, User=1221, Time=2025-08-20 14:52:50
[34m    [NEW ✅] RID 4304, User=1221, Time=2025-08-20 14:54:19
[34m    [NEW ✅] RID 4305, User=1221, Time=2025-08-20 15:03:12
[34m    [NEW ✅] RID 4306, User=1221, Time=2025-08-20 16:50:16
[34m    [NEW ✅] RID 4307, User=1221, Time=2025-08-20 16:59:02
[34m    [NEW ✅] RID 4308, User=1221, Time=2025-08-20 17:25:36
[34m    [NEW ✅] RID 4309, User=1221, Time=2025-08-20 17:54:06
[32m    [ACCESS ✅] USERID=1221 CHECKTIME=2025-08-20 12:40:01
[32m    [ACCESS ✅] USERID=1221 CHECKTIME=2025-08-20 14:52:50
[32m    [ACCESS ✅] USERID=1221 CHECKTIME=2025-08-20 14:54:19
[32m    [ACCESS ✅] USERID=1221 CHECKTIME=2025-08-20 15:03:12
[32m    [ACCESS ✅] USERID=1221 CHECKTIME=2025-08-20 16:50:16
[32m    [ACCESS ✅] USERID=1221 CHECKTIME=2025-08-20 16:59:02
[32m    [ACCESS ✅] USERID=1221 CHECKTIME=2025-08-20 17:25:36
[32m    [ACCESS ✅] USERID=1221 CHECKTIME=2025-08-20 17:54:06
[35m[ACCESS INSERT TIME:2025-08-20 18:09:14]
Insert attempts: 8,
successful: 8 records
into Access DB in 0.01s
from K40 Lobby Jatrabari Sub Branch
[37m[FLASK DB INSERT TIME:2025-08-20 18:09:14]
Insert attempts: 8,
committed: 8 records
into Flask DB in 0.00s
from K40 Lobby Jatrabari Sub Branch
[31m[DISCONNECTED] K40 Lobby Jatrabari Sub Branch
[34m[SCHEDULER] K40 Lobby Jatrabari Sub Branch: 8 new logs
[33m
[DEBUG] Connecting to K40 Lobby Bhandaria Branch (172.19.185.231:4370)
[36m[INFO] Retrieved 1095 logs from K40 Lobby Palashbari Branch in 0.61 seconds
[32m[CONNECTED] K40 Lobby Bhandaria Branch
[36m[INFO] Retrieved 3311 logs from K40 Lobby Kaligonj Branch in 1.24 seconds
[35m[ACCESS INSERT TIME:2025-08-20 18:09:15]
Insert attempts: 0,
successful: 0 records
into Access DB in 0.00s
from K40 Lobby Rupatali Sub Branch
[37m[FLASK DB INSERT TIME:2025-08-20 18:09:15]
Insert attempts: 0,
committed: 0 records
into Flask DB in 0.00s
from K40 Lobby Rupatali Sub Branch
[31m[DISCONNECTED] K40 Lobby Rupatali Sub Branch
[34m[SCHEDULER] K40 Lobby Rupatali Sub Branch: 0 new logs
[33m
[DEBUG] Connecting to K40 Lobby Lohagara Branch (172.19.186.231:4370)
[31m[ERROR] Polling K40 Lobby Gopalgonj Branch failed: can't reach device (ping 172.19.176.231)
[34m[SCHEDULER] K40 Lobby Gopalgonj Branch: 0 new logs
[33m
[DEBUG] Connecting to K40 Lobby Benapole Branch (172.19.187.231:4370)
[32m[CONNECTED] K40 Lobby Lohagara Branch
[32m[CONNECTED] K40 Lobby Benapole Branch
[36m[INFO] Retrieved 3258 logs from K40 Lobby Ramgonj Branch in 2.09 seconds
[35m[ACCESS INSERT TIME:2025-08-20 18:09:15]
Insert attempts: 0,
successful: 0 records
into Access DB in 0.00s
from K40 Lobby BabuBazar Sub Branch
[37m[FLASK DB INSERT TIME:2025-08-20 18:09:15]
Insert attempts: 0,
committed: 0 records
into Flask DB in 0.00s
from K40 Lobby BabuBazar Sub Branch
[31m[DISCONNECTED] K40 Lobby BabuBazar Sub Branch
[34m[SCHEDULER] K40 Lobby BabuBazar Sub Branch: 0 new logs
[33m
[DEBUG] Connecting to K40 Lobby Panchar Sub Branch (172.19.188.231:4370)
[36m[INFO] Retrieved 3556 logs from K40 Lobby Mohakhali Branch in 1.25 seconds
[32m[CONNECTED] K40 Lobby Panchar Sub Branch
[36m[INFO] Retrieved 2793 logs from K40 Lobby Bhandaria Branch in 1.00 seconds
[35m[ACCESS INSERT TIME:2025-08-20 18:09:15]
Insert attempts: 0,
successful: 0 records
into Access DB in 0.00s
from K40 Lobby Palashbari Branch
[37m[FLASK DB INSERT TIME:2025-08-20 18:09:15]
Insert attempts: 0,
committed: 0 records
into Flask DB in 0.00s
from K40 Lobby Palashbari Branch
[31m[DISCONNECTED] K40 Lobby Palashbari Branch
[34m[SCHEDULER] K40 Lobby Palashbari Branch: 0 new logs
[33m
[DEBUG] Connecting to K40 Lobby Muladi Sub Branch (172.19.189.231:4370)
[36m[INFO] Retrieved 1332 logs from K40 Lobby Lohagara Branch in 0.62 seconds
[32m[CONNECTED] K40 Lobby Muladi Sub Branch
[36m[INFO] Retrieved 2053 logs from K40 Lobby Benapole Branch in 0.78 seconds
[35m[ACCESS INSERT TIME:2025-08-20 18:09:16]
Insert attempts: 0,
successful: 0 records
into Access DB in 0.00s
from K40 Lobby Bhola Branch
[37m[FLASK DB INSERT TIME:2025-08-20 18:09:16]
Insert attempts: 0,
committed: 0 records
into Flask DB in 0.00s
from K40 Lobby Bhola Branch
[31m[DISCONNECTED] K40 Lobby Bhola Branch
[34m[SCHEDULER] K40 Lobby Bhola Branch: 0 new logs
[33m
[DEBUG] Connecting to K40 Lobby Hatirpool Sub Branch (172.19.190.231:4370)
[32m[CONNECTED] K40 Lobby Hatirpool Sub Branch
[36m[INFO] Retrieved 1712 logs from K40 Lobby Panchar Sub Branch in 0.77 seconds
[35m[ACCESS INSERT TIME:2025-08-20 18:09:16]
Insert attempts: 0,
successful: 0 records
into Access DB in 0.00s
from K40 Lobby Kaligonj Branch
[37m[FLASK DB INSERT TIME:2025-08-20 18:09:16]
Insert attempts: 0,
committed: 0 records
into Flask DB in 0.00s
from K40 Lobby Kaligonj Branch
[31m[DISCONNECTED] K40 Lobby Kaligonj Branch
[34m[SCHEDULER] K40 Lobby Kaligonj Branch: 0 new logs
[33m
[DEBUG] Connecting to K40 Lobby Yousuf Market Sub Branch (172.19.191.231:4370)
[32m[CONNECTED] K40 Lobby Yousuf Market Sub Branch
[36m[INFO] Retrieved 2392 logs from K40 Lobby Muladi Sub Branch in 0.89 seconds
[34m    [NEW ✅] RID 3556, User=1546, Time=2025-08-20 18:05:05
[32m    [ACCESS ✅] USERID=1546 CHECKTIME=2025-08-20 18:05:05
[35m[ACCESS INSERT TIME:2025-08-20 18:09:17]
Insert attempts: 1,
successful: 1 records
into Access DB in 0.00s
from K40 Lobby Mohakhali Branch
[37m[FLASK DB INSERT TIME:2025-08-20 18:09:17]
Insert attempts: 1,
committed: 1 records
into Flask DB in 0.01s
from K40 Lobby Mohakhali Branch
[31m[DISCONNECTED] K40 Lobby Mohakhali Branch
[33m
[DEBUG] Connecting to K40 Lobby Laxmipur Sub Branch (172.19.192.231:4370)
[34m[SCHEDULER] K40 Lobby Mohakhali Branch: 1 new logs
[32m[CONNECTED] K40 Lobby Laxmipur Sub Branch
[34m    [NEW ✅] RID 2392, User=1309, Time=2025-08-20 17:39:28
[32m    [ACCESS ✅] USERID=1309 CHECKTIME=2025-08-20 17:39:28
[35m[ACCESS INSERT TIME:2025-08-20 18:09:17]
Insert attempts: 1,
successful: 1 records
into Access DB in 0.02s
from K40 Lobby Muladi Sub Branch
[37m[FLASK DB INSERT TIME:2025-08-20 18:09:17]
Insert attempts: 1,
committed: 1 records
into Flask DB in 0.00s
from K40 Lobby Muladi Sub Branch
[36m[INFO] Retrieved 1236 logs from K40 Lobby Yousuf Market Sub Branch in 0.63 seconds
[31m[DISCONNECTED] K40 Lobby Muladi Sub Branch
[34m[SCHEDULER] K40 Lobby Muladi Sub Branch: 1 new logs
[33m
[DEBUG] Connecting to K40 Lobby Dupchanchia Sub Branch (172.19.193.231:4370)
[36m[INFO] Retrieved 3243 logs from K40 Lobby Hatirpool Sub Branch in 1.17 seconds
[32m[CONNECTED] K40 Lobby Dupchanchia Sub Branch
[35m[ACCESS INSERT TIME:2025-08-20 18:09:17]
Insert attempts: 0,
successful: 0 records
into Access DB in 0.00s
from K40 Lobby Yousuf Market Sub Branch
[37m[FLASK DB INSERT TIME:2025-08-20 18:09:17]
Insert attempts: 0,
committed: 0 records
into Flask DB in 0.00s
from K40 Lobby Yousuf Market Sub Branch
[31m[DISCONNECTED] K40 Lobby Yousuf Market Sub Branch
[34m[SCHEDULER] K40 Lobby Yousuf Market Sub Branch: 0 new logs
[33m
[DEBUG] Connecting to K40 Lobby Khan Jahan Ali Mazar Sub Branch (172.19.194.231:4370)
[32m[CONNECTED] K40 Lobby Khan Jahan Ali Mazar Sub Branch
[35m[ACCESS INSERT TIME:2025-08-20 18:09:18]
Insert attempts: 0,
successful: 0 records
into Access DB in 0.00s
from K40 Lobby Lohagara Branch
[37m[FLASK DB INSERT TIME:2025-08-20 18:09:18]
Insert attempts: 0,
committed: 0 records
into Flask DB in 0.00s
from K40 Lobby Lohagara Branch
[36m[INFO] Retrieved 1379 logs from K40 Lobby Dupchanchia Sub Branch in 0.63 seconds
[31m[DISCONNECTED] K40 Lobby Lohagara Branch
[34m[SCHEDULER] K40 Lobby Lohagara Branch: 0 new logs
[33m
[DEBUG] Connecting to K40 Lobby Gopalpur Sub Branch (172.19.195.231:4370)
[36m[INFO] Retrieved 1847 logs from K40 Lobby Laxmipur Sub Branch in 1.13 seconds
[32m[CONNECTED] K40 Lobby Gopalpur Sub Branch
[35m[ACCESS INSERT TIME:2025-08-20 18:09:18]
Insert attempts: 0,
successful: 0 records
into Access DB in 0.00s
from K40 Lobby Dupchanchia Sub Branch
[37m[FLASK DB INSERT TIME:2025-08-20 18:09:18]
Insert attempts: 0,
committed: 0 records
into Flask DB in 0.00s
from K40 Lobby Dupchanchia Sub Branch
[31m[DISCONNECTED] K40 Lobby Dupchanchia Sub Branch
[34m[SCHEDULER] K40 Lobby Dupchanchia Sub Branch: 0 new logs
[33m
[DEBUG] Connecting to K40 Lobby Thermax Sub Branch (172.19.196.231:4370)
[32m[CONNECTED] K40 Lobby Thermax Sub Branch
[35m[ACCESS INSERT TIME:2025-08-20 18:09:19]
Insert attempts: 0,
successful: 0 records
into Access DB in 0.00s
from K40 Lobby Laxmipur Sub Branch
[37m[FLASK DB INSERT TIME:2025-08-20 18:09:19]
Insert attempts: 0,
committed: 0 records
into Flask DB in 0.00s
from K40 Lobby Laxmipur Sub Branch
[36m[INFO] Retrieved 2249 logs from K40 Lobby Khan Jahan Ali Mazar Sub Branch in 0.90 seconds
[36m[INFO] Retrieved 630 logs from K40 Lobby Gopalpur Sub Branch in 0.50 seconds
[31m[DISCONNECTED] K40 Lobby Laxmipur Sub Branch
[34m[SCHEDULER] K40 Lobby Laxmipur Sub Branch: 0 new logs
[33m
[DEBUG] Connecting to K40 Lobby Trunkroad Sub Branch (172.19.197.231:4370)
[32m[CONNECTED] K40 Lobby Trunkroad Sub Branch
[35m[ACCESS INSERT TIME:2025-08-20 18:09:19]
Insert attempts: 0,
successful: 0 records
into Access DB in 0.00s
from K40 Lobby Hatirpool Sub Branch
[37m[FLASK DB INSERT TIME:2025-08-20 18:09:19]
Insert attempts: 0,
committed: 0 records
into Flask DB in 0.00s
from K40 Lobby Hatirpool Sub Branch
[31m[DISCONNECTED] K40 Lobby Hatirpool Sub Branch
[34m[SCHEDULER] K40 Lobby Hatirpool Sub Branch: 0 new logs
[33m
[DEBUG] Connecting to K40 Lobby Pirganj Sub Branch (172.19.198.231:4370)
[32m[CONNECTED] K40 Lobby Pirganj Sub Branch
[35m[ACCESS INSERT TIME:2025-08-20 18:09:19]
Insert attempts: 0,
successful: 0 records
into Access DB in 0.00s
from K40 Lobby Bhandaria Branch
[37m[FLASK DB INSERT TIME:2025-08-20 18:09:19]
Insert attempts: 0,
committed: 0 records
into Flask DB in 0.00s
from K40 Lobby Bhandaria Branch
[31m[DISCONNECTED] K40 Lobby Bhandaria Branch
[34m[SCHEDULER] K40 Lobby Bhandaria Branch: 0 new logs
[33m
[DEBUG] Connecting to K40 Lobby Barua Sub Branch (172.19.199.231:4370)
[32m[CONNECTED] K40 Lobby Barua Sub Branch
[36m[INFO] Retrieved 1705 logs from K40 Lobby Trunkroad Sub Branch in 0.75 seconds
[35m[ACCESS INSERT TIME:2025-08-20 18:09:20]
Insert attempts: 0,
successful: 0 records
into Access DB in 0.00s
from K40 Lobby Benapole Branch
[37m[FLASK DB INSERT TIME:2025-08-20 18:09:20]
Insert attempts: 0,
committed: 0 records
into Flask DB in 0.00s
from K40 Lobby Benapole Branch
[31m[DISCONNECTED] K40 Lobby Benapole Branch
[34m[SCHEDULER] K40 Lobby Benapole Branch: 0 new logs
[33m
[DEBUG] Connecting to K40 Lobby Satkhira Branch (172.19.200.231:4370)
[32m[CONNECTED] K40 Lobby Satkhira Branch
[35m[ACCESS INSERT TIME:2025-08-20 18:09:20]
Insert attempts: 0,
successful: 0 records
into Access DB in 0.00s
from K40 Lobby Panchar Sub Branch
[37m[FLASK DB INSERT TIME:2025-08-20 18:09:20]
Insert attempts: 0,
committed: 0 records
into Flask DB in 0.00s
from K40 Lobby Panchar Sub Branch
[31m[DISCONNECTED] K40 Lobby Panchar Sub Branch
[34m[SCHEDULER] K40 Lobby Panchar Sub Branch: 0 new logs
[33m
[DEBUG] Connecting to K40 Lobby Bagerhat Sub Branch (172.19.201.231:4370)
[32m[CONNECTED] K40 Lobby Bagerhat Sub Branch
[36m[INFO] Retrieved 2945 logs from K40 Lobby Thermax Sub Branch in 1.76 seconds
[35m[ACCESS INSERT TIME:2025-08-20 18:09:20]
Insert attempts: 0,
successful: 0 records
into Access DB in 0.00s
from K40 Lobby Khan Jahan Ali Mazar Sub Branch
[37m[FLASK DB INSERT TIME:2025-08-20 18:09:20]
Insert attempts: 0,
committed: 0 records
into Flask DB in 0.00s
from K40 Lobby Khan Jahan Ali Mazar Sub Branch
[31m[DISCONNECTED] K40 Lobby Khan Jahan Ali Mazar Sub Branch
[34m[SCHEDULER] K40 Lobby Khan Jahan Ali Mazar Sub Branch: 0 new logs
[33m
[DEBUG] Connecting to K40 Lobby Dania Sub Branch (172.19.202.231:4370)
[36m[INFO] Retrieved 2763 logs from K40 Lobby Barua Sub Branch in 0.98 seconds
[32m[CONNECTED] K40 Lobby Dania Sub Branch
[36m[INFO] Retrieved 1667 logs from K40 Lobby Satkhira Branch in 0.87 seconds
[35m[ACCESS INSERT TIME:2025-08-20 18:09:21]
Insert attempts: 0,
successful: 0 records
into Access DB in 0.00s
from K40 Lobby Trunkroad Sub Branch
[37m[FLASK DB INSERT TIME:2025-08-20 18:09:21]
Insert attempts: 0,
committed: 0 records
into Flask DB in 0.00s
from K40 Lobby Trunkroad Sub Branch
[31m[DISCONNECTED] K40 Lobby Trunkroad Sub Branch
[34m[SCHEDULER] K40 Lobby Trunkroad Sub Branch: 0 new logs
[33m
[DEBUG] Connecting to K40 Lobby Khatungonj Branch (172.19.203.231:4370)
[32m[CONNECTED] K40 Lobby Khatungonj Branch
[35m[ACCESS INSERT TIME:2025-08-20 18:09:21]
Insert attempts: 0,
successful: 0 records
into Access DB in 0.00s
from K40 Lobby Gopalpur Sub Branch
[37m[FLASK DB INSERT TIME:2025-08-20 18:09:21]
Insert attempts: 0,
committed: 0 records
into Flask DB in 0.00s
from K40 Lobby Gopalpur Sub Branch
[31m[DISCONNECTED] K40 Lobby Gopalpur Sub Branch
[34m[SCHEDULER] K40 Lobby Gopalpur Sub Branch: 0 new logs
[33m
[DEBUG] Connecting to K40 Lobby Kalaroa Sub Branch (172.19.204.231:4370)
[36m[INFO] Retrieved 2967 logs from K40 Lobby Bagerhat Sub Branch in 1.04 seconds
[32m[CONNECTED] K40 Lobby Kalaroa Sub Branch
[36m[INFO] Retrieved 1321 logs from K40 Lobby Pirganj Sub Branch in 2.28 seconds
[35m[ACCESS INSERT TIME:2025-08-20 18:09:21]
Insert attempts: 0,
successful: 0 records
into Access DB in 0.00s
from K40 Lobby Barua Sub Branch
[37m[FLASK DB INSERT TIME:2025-08-20 18:09:21]
Insert attempts: 0,
committed: 0 records
into Flask DB in 0.00s
from K40 Lobby Barua Sub Branch
[31m[DISCONNECTED] K40 Lobby Barua Sub Branch
[34m[SCHEDULER] K40 Lobby Barua Sub Branch: 0 new logs
[33m
[DEBUG] Connecting to K40 Lobby Mongla Sub Branch (172.19.205.231:4370)
[32m[CONNECTED] K40 Lobby Mongla Sub Branch
[35m[ACCESS INSERT TIME:2025-08-20 18:09:22]
Insert attempts: 0,
successful: 0 records
into Access DB in 0.00s
from K40 Lobby Bagerhat Sub Branch
[37m[FLASK DB INSERT TIME:2025-08-20 18:09:22]
Insert attempts: 0,
committed: 0 records
into Flask DB in 0.00s
from K40 Lobby Bagerhat Sub Branch
[31m[DISCONNECTED] K40 Lobby Bagerhat Sub Branch
[34m[SCHEDULER] K40 Lobby Bagerhat Sub Branch: 0 new logs
[33m
[DEBUG] Connecting to K40 Lobby Tejgaon Link Road Branch (172.19.206.231:4370)
[36m[INFO] Retrieved 2276 logs from K40 Lobby Khatungonj Branch in 0.94 seconds
[32m[CONNECTED] K40 Lobby Tejgaon Link Road Branch
[36m[INFO] Retrieved 2115 logs from K40 Lobby Kalaroa Sub Branch in 0.82 seconds
[35m[ACCESS INSERT TIME:2025-08-20 18:09:22]
Insert attempts: 0,
successful: 0 records
into Access DB in 0.00s
from K40 Lobby Pirganj Sub Branch
[37m[FLASK DB INSERT TIME:2025-08-20 18:09:22]
Insert attempts: 0,
committed: 0 records
into Flask DB in 0.00s
from K40 Lobby Pirganj Sub Branch
[31m[DISCONNECTED] K40 Lobby Pirganj Sub Branch
[34m[SCHEDULER] K40 Lobby Pirganj Sub Branch: 0 new logs
[33m
[DEBUG] Connecting to K40 Lobby Indira Road Sub Branch (172.19.207.231:4370)
[36m[INFO] Retrieved 1098 logs from K40 Lobby Mongla Sub Branch in 0.57 seconds
[32m[CONNECTED] K40 Lobby Indira Road Sub Branch
[35m[ACCESS INSERT TIME:2025-08-20 18:09:23]
Insert attempts: 0,
successful: 0 records
into Access DB in 0.00s
from K40 Lobby Mongla Sub Branch
[37m[FLASK DB INSERT TIME:2025-08-20 18:09:23]
Insert attempts: 0,
committed: 0 records
into Flask DB in 0.00s
from K40 Lobby Mongla Sub Branch
[31m[DISCONNECTED] K40 Lobby Mongla Sub Branch
[34m[SCHEDULER] K40 Lobby Mongla Sub Branch: 0 new logs
[33m
[DEBUG] Connecting to K40 Lobby Fakirhat sub Branch (172.19.208.231:4370)
[32m[CONNECTED] K40 Lobby Fakirhat sub Branch
[34m    [NEW ✅] RID 3258, User=7081, Time=2025-08-20 18:01:10
[32m    [ACCESS ✅] USERID=7081 CHECKTIME=2025-08-20 18:01:10
[35m[ACCESS INSERT TIME:2025-08-20 18:09:23]
Insert attempts: 1,
successful: 1 records
into Access DB in 0.00s
from K40 Lobby Ramgonj Branch
[37m[FLASK DB INSERT TIME:2025-08-20 18:09:23]
Insert attempts: 1,
committed: 1 records
into Flask DB in 0.01s
from K40 Lobby Ramgonj Branch
[31m[DISCONNECTED] K40 Lobby Ramgonj Branch
[34m[SCHEDULER] K40 Lobby Ramgonj Branch: 1 new logs
[33m
[DEBUG] Connecting to K40 Lobby Tanbazar Branch (172.19.209.231:4370)
[32m[CONNECTED] K40 Lobby Tanbazar Branch
[35m[ACCESS INSERT TIME:2025-08-20 18:09:23]
Insert attempts: 0,
successful: 0 records
into Access DB in 0.00s
from K40 Lobby Rayenda Bazar Sub Branch
[37m[FLASK DB INSERT TIME:2025-08-20 18:09:23]
Insert attempts: 0,
committed: 0 records
into Flask DB in 0.00s
from K40 Lobby Rayenda Bazar Sub Branch
[31m[DISCONNECTED] K40 Lobby Rayenda Bazar Sub Branch
[34m[SCHEDULER] K40 Lobby Rayenda Bazar Sub Branch: 0 new logs
[33m
[DEBUG] Connecting to K40 Lobby Narshingdi Branch (172.19.210.231:4370)
[36m[INFO] Retrieved 3749 logs from K40 Lobby Indira Road Sub Branch in 1.30 seconds
[36m[INFO] Retrieved 1829 logs from K40 Lobby Fakirhat sub Branch in 0.85 seconds
[36m[INFO] Retrieved 5110 logs from K40 Lobby Tejgaon Link Road Branch in 1.82 seconds
[34m    [NEW ✅] RID 2944, User=1639, Time=2025-08-20 18:04:11
[34m    [NEW ✅] RID 2945, User=1356, Time=2025-08-20 18:04:18
[32m    [ACCESS ✅] USERID=1639 CHECKTIME=2025-08-20 18:04:11
[32m    [ACCESS ✅] USERID=1356 CHECKTIME=2025-08-20 18:04:18
[35m[ACCESS INSERT TIME:2025-08-20 18:09:24]
Insert attempts: 2,
successful: 2 records
into Access DB in 0.01s
from K40 Lobby Thermax Sub Branch
[37m[FLASK DB INSERT TIME:2025-08-20 18:09:24]
Insert attempts: 2,
committed: 2 records
into Flask DB in 0.00s
from K40 Lobby Thermax Sub Branch
[31m[DISCONNECTED] K40 Lobby Thermax Sub Branch
[34m[SCHEDULER] K40 Lobby Thermax Sub Branch: 2 new logs
[33m
[DEBUG] Connecting to K40 Lobby Darus Salam Branch (172.19.211.231:4370)
[32m[CONNECTED] K40 Lobby Darus Salam Branch
[36m[INFO] Retrieved 1662 logs from K40 Lobby Tanbazar Branch in 0.88 seconds
[35m[ACCESS INSERT TIME:2025-08-20 18:09:24]
Insert attempts: 0,
successful: 0 records
into Access DB in 0.00s
from K40 Lobby Kalaroa Sub Branch
[37m[FLASK DB INSERT TIME:2025-08-20 18:09:24]
Insert attempts: 0,
committed: 0 records
into Flask DB in 0.00s
from K40 Lobby Kalaroa Sub Branch
[31m[DISCONNECTED] K40 Lobby Kalaroa Sub Branch
[34m[SCHEDULER] K40 Lobby Kalaroa Sub Branch: 0 new logs
[33m
[DEBUG] Connecting to K40 Lobby Cox Bazar Branch (172.19.212.231:4370)
[32m[CONNECTED] K40 Lobby Cox Bazar Branch
[35m[ACCESS INSERT TIME:2025-08-20 18:09:25]
Insert attempts: 0,
successful: 0 records
into Access DB in 0.00s
from K40 Lobby Fakirhat sub Branch
[37m[FLASK DB INSERT TIME:2025-08-20 18:09:25]
Insert attempts: 0,
committed: 0 records
into Flask DB in 0.00s
from K40 Lobby Fakirhat sub Branch
[31m[DISCONNECTED] K40 Lobby Fakirhat sub Branch
[34m[SCHEDULER] K40 Lobby Fakirhat sub Branch: 0 new logs
[33m
[DEBUG] Connecting to K40 Lobby Bhairab Branch (172.19.213.231:4370)
[32m[CONNECTED] K40 Lobby Bhairab Branch
[35m[ACCESS INSERT TIME:2025-08-20 18:09:25]
Insert attempts: 0,
successful: 0 records
into Access DB in 0.00s
from K40 Lobby Tejgaon Link Road Branch
[37m[FLASK DB INSERT TIME:2025-08-20 18:09:25]
Insert attempts: 0,
committed: 0 records
into Flask DB in 0.00s
from K40 Lobby Tejgaon Link Road Branch
[31m[DISCONNECTED] K40 Lobby Tejgaon Link Road Branch
[34m[SCHEDULER] K40 Lobby Tejgaon Link Road Branch: 0 new logs
[33m
[DEBUG] Connecting to K40 Lobby Pirojpur Sub Branch (172.19.214.231:4370)
[36m[INFO] Retrieved 17576 logs from K40 Lobby Dania Sub Branch in 4.85 seconds
[32m[CONNECTED] K40 Lobby Pirojpur Sub Branch
[35m[ACCESS INSERT TIME:2025-08-20 18:09:26]
Insert attempts: 0,
successful: 0 records
into Access DB in 0.00s
from K40 Lobby Tanbazar Branch
[37m[FLASK DB INSERT TIME:2025-08-20 18:09:26]
Insert attempts: 0,
committed: 0 records
into Flask DB in 0.00s
from K40 Lobby Tanbazar Branch
[36m[INFO] Retrieved 3314 logs from K40 Lobby Cox Bazar Branch in 1.24 seconds
[31m[DISCONNECTED] K40 Lobby Tanbazar Branch
[34m[SCHEDULER] K40 Lobby Tanbazar Branch: 0 new logs
[33m
[DEBUG] Connecting to K40 Lobby Shahi Eidgah Sub Branch (172.19.215.231:4370)
[32m[CONNECTED] K40 Lobby Shahi Eidgah Sub Branch
[35m[ACCESS INSERT TIME:2025-08-20 18:09:26]
Insert attempts: 0,
successful: 0 records
into Access DB in 0.00s
from K40 Lobby Cox Bazar Branch
[37m[FLASK DB INSERT TIME:2025-08-20 18:09:26]
Insert attempts: 0,
committed: 0 records
into Flask DB in 0.00s
from K40 Lobby Cox Bazar Branch
[31m[DISCONNECTED] K40 Lobby Cox Bazar Branch
[34m[SCHEDULER] K40 Lobby Cox Bazar Branch: 0 new logs
[33m
[DEBUG] Connecting to K40 Lobby Charfeshon Branch (172.19.216.231:4370)
[32m[CONNECTED] K40 Lobby Charfeshon Branch
[34m    [NEW ✅] RID 3749, User=1579, Time=2025-08-20 18:04:16
[32m    [ACCESS ✅] USERID=1579 CHECKTIME=2025-08-20 18:04:16
[36m[INFO] Retrieved 2827 logs from K40 Lobby Pirojpur Sub Branch in 1.13 seconds
[35m[ACCESS INSERT TIME:2025-08-20 18:09:27]
Insert attempts: 1,
successful: 1 records
into Access DB in 0.00s
from K40 Lobby Indira Road Sub Branch
[37m[FLASK DB INSERT TIME:2025-08-20 18:09:27]
Insert attempts: 1,
committed: 1 records
into Flask DB in 0.01s
from K40 Lobby Indira Road Sub Branch
[36m[INFO] Retrieved 3159 logs from K40 Lobby Bhairab Branch in 1.66 seconds
[31m[DISCONNECTED] K40 Lobby Indira Road Sub Branch
[34m[SCHEDULER] K40 Lobby Indira Road Sub Branch: 1 new logs
[33m
[DEBUG] Connecting to K40 Lobby Hossainpur Branch (172.19.217.231:4370)
[32m[CONNECTED] K40 Lobby Hossainpur Branch
[36m[INFO] Retrieved 2071 logs from K40 Lobby Shahi Eidgah Sub Branch in 0.89 seconds
[35m[ACCESS INSERT TIME:2025-08-20 18:09:27]
Insert attempts: 0,
successful: 0 records
into Access DB in 0.00s
from K40 Lobby Pirojpur Sub Branch
[37m[FLASK DB INSERT TIME:2025-08-20 18:09:27]
Insert attempts: 0,
committed: 0 records
into Flask DB in 0.00s
from K40 Lobby Pirojpur Sub Branch
[31m[DISCONNECTED] K40 Lobby Pirojpur Sub Branch
[34m[SCHEDULER] K40 Lobby Pirojpur Sub Branch: 0 new logs
[33m
[DEBUG] Connecting to K40 Lobby Sherpur Sub Branch (172.19.218.231:4370)
[36m[INFO] Retrieved 5895 logs from K40 Lobby Darus Salam Branch in 2.79 seconds
[32m[CONNECTED] K40 Lobby Sherpur Sub Branch
[36m[INFO] Retrieved 1689 logs from K40 Lobby Charfeshon Branch in 0.80 seconds
[31m[ERROR] Polling K40 Lobby Narshingdi Branch failed: can't reach device (ping 172.19.210.231)
[34m[SCHEDULER] K40 Lobby Narshingdi Branch: 0 new logs
[33m
[DEBUG] Connecting to K40 Lobby Boteswor SUB Branch (172.19.219.231:4370)
[34m    [NEW ✅] RID 2070, User=1076, Time=2025-08-20 17:49:44
[34m    [NEW ✅] RID 2071, User=1673, Time=2025-08-20 17:49:53
[32m    [ACCESS ✅] USERID=1076 CHECKTIME=2025-08-20 17:49:44
[32m    [ACCESS ✅] USERID=1673 CHECKTIME=2025-08-20 17:49:53
[35m[ACCESS INSERT TIME:2025-08-20 18:09:27]
Insert attempts: 2,
successful: 2 records
into Access DB in 0.02s
from K40 Lobby Shahi Eidgah Sub Branch
[37m[FLASK DB INSERT TIME:2025-08-20 18:09:27]
Insert attempts: 2,
committed: 2 records
into Flask DB in 0.00s
from K40 Lobby Shahi Eidgah Sub Branch
[32m[CONNECTED] K40 Lobby Boteswor SUB Branch
[31m[DISCONNECTED] K40 Lobby Shahi Eidgah Sub Branch
[34m[SCHEDULER] K40 Lobby Shahi Eidgah Sub Branch: 2 new logs
[33m
[DEBUG] Connecting to K40 Lobby Aftabganj Sub Branch (172.19.220.231:4370)
[32m[CONNECTED] K40 Lobby Aftabganj Sub Branch
[35m[ACCESS INSERT TIME:2025-08-20 18:09:28]
Insert attempts: 0,
successful: 0 records
into Access DB in 0.00s
from K40 Lobby Charfeshon Branch
[37m[FLASK DB INSERT TIME:2025-08-20 18:09:28]
Insert attempts: 0,
committed: 0 records
into Flask DB in 0.00s
from K40 Lobby Charfeshon Branch
[36m[INFO] Retrieved 2177 logs from K40 Lobby Hossainpur Branch in 0.99 seconds
[31m[DISCONNECTED] K40 Lobby Charfeshon Branch
[34m[SCHEDULER] K40 Lobby Charfeshon Branch: 0 new logs
[33m
[DEBUG] Connecting to K40 Lobby Padua Bazar Sub Branch (172.19.221.231:4370)
[36m[INFO] Retrieved 1665 logs from K40 Lobby Sherpur Sub Branch in 0.80 seconds
[35m[ACCESS INSERT TIME:2025-08-20 18:09:28]
Insert attempts: 0,
successful: 0 records
into Access DB in 0.00s
from K40 Lobby Darus Salam Branch
[37m[FLASK DB INSERT TIME:2025-08-20 18:09:28]
Insert attempts: 0,
committed: 0 records
into Flask DB in 0.00s
from K40 Lobby Darus Salam Branch
[32m[CONNECTED] K40 Lobby Padua Bazar Sub Branch
[31m[DISCONNECTED] K40 Lobby Darus Salam Branch
[34m[SCHEDULER] K40 Lobby Darus Salam Branch: 0 new logs
[33m
[DEBUG] Connecting to K40 Lobby Tangail Branch  (172.19.222.231:4370)
[36m[INFO] Retrieved 1029 logs from K40 Lobby Aftabganj Sub Branch in 0.63 seconds
[32m[CONNECTED] K40 Lobby Tangail Branch 
[35m[ACCESS INSERT TIME:2025-08-20 18:09:28]
Insert attempts: 0,
successful: 0 records
into Access DB in 0.00s
from K40 Lobby Khatungonj Branch
[37m[FLASK DB INSERT TIME:2025-08-20 18:09:28]
Insert attempts: 0,
committed: 0 records
into Flask DB in 0.00s
from K40 Lobby Khatungonj Branch
[31m[DISCONNECTED] K40 Lobby Khatungonj Branch
[33m
[DEBUG] Connecting to K40 Lobby Birampur Sub Branch (172.19.223.231:4370)
[34m[SCHEDULER] K40 Lobby Khatungonj Branch: 0 new logs
[32m[CONNECTED] K40 Lobby Birampur Sub Branch
[35m[ACCESS INSERT TIME:2025-08-20 18:09:29]
Insert attempts: 0,
successful: 0 records
into Access DB in 0.00s
from K40 Lobby Bhairab Branch
[37m[FLASK DB INSERT TIME:2025-08-20 18:09:29]
Insert attempts: 0,
committed: 0 records
into Flask DB in 0.00s
from K40 Lobby Bhairab Branch
[36m[INFO] Retrieved 1444 logs from K40 Lobby Tangail Branch  in 0.66 seconds
[31m[DISCONNECTED] K40 Lobby Bhairab Branch
[34m[SCHEDULER] K40 Lobby Bhairab Branch: 0 new logs
[33m
[DEBUG] Connecting to K40 Lobby Mirpur Vault Room Branch (172.19.133.231:4370)
[35m[ACCESS INSERT TIME:2025-08-20 18:09:29]
Insert attempts: 0,
successful: 0 records
into Access DB in 0.00s
from K40 Lobby Satkhira Branch
[37m[FLASK DB INSERT TIME:2025-08-20 18:09:29]
Insert attempts: 0,
committed: 0 records
into Flask DB in 0.00s
from K40 Lobby Satkhira Branch
[31m[DISCONNECTED] K40 Lobby Satkhira Branch
[34m[SCHEDULER] K40 Lobby Satkhira Branch: 0 new logs
[33m
[DEBUG] Connecting to K40 Lobby Palashbari Branch (EXT) Branch (172.19.183.232:4370)
[36m[INFO] Retrieved 1534 logs from K40 Lobby Birampur Sub Branch in 0.69 seconds
[34m    [NEW ✅] RID 17565, User=1120, Time=2025-08-20 13:11:31
[34m    [NEW ✅] RID 17566, User=1115, Time=2025-08-20 14:22:43
[34m    [NEW ✅] RID 17567, User=1115, Time=2025-08-20 14:26:42
[34m    [NEW ✅] RID 17568, User=1120, Time=2025-08-20 14:36:18
[34m    [NEW ✅] RID 17569, User=1120, Time=2025-08-20 14:54:59
[34m    [NEW ✅] RID 17570, User=1120, Time=2025-08-20 15:52:42
[34m    [NEW ✅] RID 17571, User=1120, Time=2025-08-20 15:55:13
[34m    [NEW ✅] RID 17572, User=1120, Time=2025-08-20 16:29:18
[34m    [NEW ✅] RID 17573, User=1120, Time=2025-08-20 16:29:39
[34m    [NEW ✅] RID 17574, User=1120, Time=2025-08-20 17:03:17
[34m    [NEW ✅] RID 17575, User=962, Time=2025-08-20 17:15:36
[34m    [NEW ✅] RID 17576, User=1120, Time=2025-08-20 17:50:52
[32m    [ACCESS ✅] USERID=1120 CHECKTIME=2025-08-20 13:11:31
[32m    [ACCESS ✅] USERID=1115 CHECKTIME=2025-08-20 14:22:43
[32m    [ACCESS ✅] USERID=1115 CHECKTIME=2025-08-20 14:26:42
[32m    [ACCESS ✅] USERID=1120 CHECKTIME=2025-08-20 14:36:18
[32m    [ACCESS ✅] USERID=1120 CHECKTIME=2025-08-20 14:54:59
[32m    [ACCESS ✅] USERID=1120 CHECKTIME=2025-08-20 15:52:42
[32m    [ACCESS ✅] USERID=1120 CHECKTIME=2025-08-20 15:55:13
[32m    [ACCESS ✅] USERID=1120 CHECKTIME=2025-08-20 16:29:18
[32m    [ACCESS ✅] USERID=1120 CHECKTIME=2025-08-20 16:29:39
[32m    [ACCESS ✅] USERID=1120 CHECKTIME=2025-08-20 17:03:17
[32m    [ACCESS ✅] USERID=962 CHECKTIME=2025-08-20 17:15:36
[32m    [ACCESS ✅] USERID=1120 CHECKTIME=2025-08-20 17:50:52
[35m[ACCESS INSERT TIME:2025-08-20 18:09:30]
Insert attempts: 12,
successful: 12 records
into Access DB in 0.03s
from K40 Lobby Dania Sub Branch
[37m[FLASK DB INSERT TIME:2025-08-20 18:09:30]
Insert attempts: 12,
committed: 12 records
into Flask DB in 0.01s
from K40 Lobby Dania Sub Branch
[36m[INFO] Retrieved 1208 logs from K40 Lobby Boteswor SUB Branch in 2.01 seconds
[31m[DISCONNECTED] K40 Lobby Dania Sub Branch
[34m[SCHEDULER] K40 Lobby Dania Sub Branch: 12 new logs
[35m[ACCESS INSERT TIME:2025-08-20 18:09:30]
Insert attempts: 0,
successful: 0 records
into Access DB in 0.00s
from K40 Lobby Boteswor SUB Branch
[37m[FLASK DB INSERT TIME:2025-08-20 18:09:30]
Insert attempts: 0,
committed: 0 records
into Flask DB in 0.00s
from K40 Lobby Boteswor SUB Branch
[35m[ACCESS INSERT TIME:2025-08-20 18:09:30]
Insert attempts: 0,
successful: 0 records
into Access DB in 0.00s
from K40 Lobby Birampur Sub Branch
[37m[FLASK DB INSERT TIME:2025-08-20 18:09:30]
Insert attempts: 0,
committed: 0 records
into Flask DB in 0.00s
from K40 Lobby Birampur Sub Branch
[31m[DISCONNECTED] K40 Lobby Boteswor SUB Branch
[34m[SCHEDULER] K40 Lobby Boteswor SUB Branch: 0 new logs
[31m[DISCONNECTED] K40 Lobby Birampur Sub Branch
[34m[SCHEDULER] K40 Lobby Birampur Sub Branch: 0 new logs
[36m[INFO] Retrieved 1462 logs from K40 Lobby Padua Bazar Sub Branch in 2.21 seconds
[35m[ACCESS INSERT TIME:2025-08-20 18:09:31]
Insert attempts: 0,
successful: 0 records
into Access DB in 0.00s
from K40 Lobby Tangail Branch 
[37m[FLASK DB INSERT TIME:2025-08-20 18:09:31]
Insert attempts: 0,
committed: 0 records
into Flask DB in 0.00s
from K40 Lobby Tangail Branch 
[31m[DISCONNECTED] K40 Lobby Tangail Branch 
[34m[SCHEDULER] K40 Lobby Tangail Branch : 0 new logs
[35m[ACCESS INSERT TIME:2025-08-20 18:09:31]
Insert attempts: 0,
successful: 0 records
into Access DB in 0.00s
from K40 Lobby Sherpur Sub Branch
[37m[FLASK DB INSERT TIME:2025-08-20 18:09:31]
Insert attempts: 0,
committed: 0 records
into Flask DB in 0.00s
from K40 Lobby Sherpur Sub Branch
[31m[DISCONNECTED] K40 Lobby Sherpur Sub Branch
[34m[SCHEDULER] K40 Lobby Sherpur Sub Branch: 0 new logs
[35m[ACCESS INSERT TIME:2025-08-20 18:09:32]
Insert attempts: 0,
successful: 0 records
into Access DB in 0.00s
from K40 Lobby Aftabganj Sub Branch
[37m[FLASK DB INSERT TIME:2025-08-20 18:09:32]
Insert attempts: 0,
committed: 0 records
into Flask DB in 0.00s
from K40 Lobby Aftabganj Sub Branch
[31m[DISCONNECTED] K40 Lobby Aftabganj Sub Branch
[34m[SCHEDULER] K40 Lobby Aftabganj Sub Branch: 0 new logs
[35m[ACCESS INSERT TIME:2025-08-20 18:09:32]
Insert attempts: 0,
successful: 0 records
into Access DB in 0.00s
from K40 Lobby Hossainpur Branch
[37m[FLASK DB INSERT TIME:2025-08-20 18:09:32]
Insert attempts: 0,
committed: 0 records
into Flask DB in 0.00s
from K40 Lobby Hossainpur Branch
[31m[DISCONNECTED] K40 Lobby Hossainpur Branch
[34m[SCHEDULER] K40 Lobby Hossainpur Branch: 0 new logs
[35m[ACCESS INSERT TIME:2025-08-20 18:09:33]
Insert attempts: 0,
successful: 0 records
into Access DB in 0.00s
from K40 Lobby Padua Bazar Sub Branch
[37m[FLASK DB INSERT TIME:2025-08-20 18:09:33]
Insert attempts: 0,
committed: 0 records
into Flask DB in 0.00s
from K40 Lobby Padua Bazar Sub Branch
[31m[DISCONNECTED] K40 Lobby Padua Bazar Sub Branch
[34m[SCHEDULER] K40 Lobby Padua Bazar Sub Branch: 0 new logs
[31m[ERROR] Polling K40 Lobby Palashbari Branch (EXT) Branch failed: can't reach device (ping 172.19.183.232)
[34m[SCHEDULER] K40 Lobby Palashbari Branch (EXT) Branch: 0 new logs
[36m[SCHEDULER] Stopped and shutdown.
[31m[ERROR] Polling K40 Lobby Mirpur Vault Room Branch failed: timed out
[34m[SCHEDULER] K40 Lobby Mirpur Vault Room Branch: 0 new logs
[36m[SCHEDULER] Completed polling 123 devices. Total new logs: 67. Run time: 66.73s

RUN_SUMMARY_JSON: {"start": "2025-08-20T18:08:42.698853", "end": "2025-08-20T18:09:49.475548", "devices_polled": 123, "new_logs": 67, "elapsed_seconds": 66.732, "exceptions": [], "logfile": "logs\\zk_sync_20250820_180842.log"}

===== ZK SYNC RUN STOP: 2025-08-20 18:09:49 (elapsed 66.78s) =====

