
===== ZK SYNC RUN START: 2025-08-20 16:51:10 =====
[35m[JOB] Dispatching poll_branch=30 (job_id=60234a49-eb8d-4386-ac75-e40516aaee3d) — log: logs\zk_sync_20250820_165110.log
[33m
[DEBUG] Connecting to K40 Lobby Dhanmondi Branch (172.19.114.231:4370)
[32m[CONNECTED] K40 Lobby Dhanmondi Branch
[36m[INFO] Retrieved 5713 logs from K40 Lobby Dhanmondi Branch in 2.30 seconds
[32m    [ACCESS ✅] USERID=1050 CHECKTIME=2025-08-20 09:01:58
[34m    [NEW ✅] RID 5699, User=1050, Time=2025-08-20 09:01:58
[32m    [ACCESS ✅] USERID=648 CHECKTIME=2025-08-20 09:23:32
[34m    [NEW ✅] RID 5700, User=648, Time=2025-08-20 09:23:32
[32m    [ACCESS ✅] USERID=762 CHECKTIME=2025-08-20 09:26:31
[34m    [NEW ✅] RID 5701, User=762, Time=2025-08-20 09:26:31
[32m    [ACCESS ✅] USERID=1515 CHECKTIME=2025-08-20 09:36:52
[34m    [NEW ✅] RID 5702, User=1515, Time=2025-08-20 09:36:52
[32m    [ACCESS ✅] USERID=1440 CHECKTIME=2025-08-20 09:39:57
[34m    [NEW ✅] RID 5703, User=1440, Time=2025-08-20 09:39:57
[32m    [ACCESS ✅] USERID=1469 CHECKTIME=2025-08-20 09:41:38
[34m    [NEW ✅] RID 5704, User=1469, Time=2025-08-20 09:41:38
[32m    [ACCESS ✅] USERID=266 CHECKTIME=2025-08-20 09:42:25
[34m    [NEW ✅] RID 5705, User=266, Time=2025-08-20 09:42:25
[32m    [ACCESS ✅] USERID=1459 CHECKTIME=2025-08-20 09:43:29
[34m    [NEW ✅] RID 5706, User=1459, Time=2025-08-20 09:43:29
[32m    [ACCESS ✅] USERID=1429 CHECKTIME=2025-08-20 09:43:49
[34m    [NEW ✅] RID 5707, User=1429, Time=2025-08-20 09:43:49
[32m    [ACCESS ✅] USERID=1459 CHECKTIME=2025-08-20 09:48:19
[34m    [NEW ✅] RID 5708, User=1459, Time=2025-08-20 09:48:19
[32m    [ACCESS ✅] USERID=505 CHECKTIME=2025-08-20 09:48:39
[34m    [NEW ✅] RID 5709, User=505, Time=2025-08-20 09:48:39
[32m    [ACCESS ✅] USERID=1033 CHECKTIME=2025-08-20 10:04:16
[34m    [NEW ✅] RID 5710, User=1033, Time=2025-08-20 10:04:16
[32m    [ACCESS ✅] USERID=1352 CHECKTIME=2025-08-20 10:06:54
[34m    [NEW ✅] RID 5711, User=1352, Time=2025-08-20 10:06:54
[34m    [NEW ✅] RID 5712, User=26, Time=2025-08-20 12:26:07
[34m    [NEW ✅] RID 5713, User=635, Time=2025-08-20 13:27:35
[32m    [ACCESS ✅] USERID=26 CHECKTIME=2025-08-20 12:26:07
[32m    [ACCESS ✅] USERID=635 CHECKTIME=2025-08-20 13:27:35
[35m[ACCESS INSERT TIME:2025-08-20 16:51:16]
Insert attempts: 2,
successful: 2 records
into Access DB in 0.12s
from K40 Lobby Dhanmondi Branch
[37m[FLASK DB INSERT TIME:2025-08-20 16:51:16]
Insert attempts: 15,
committed: 15 records
into Flask DB in 0.09s
from K40 Lobby Dhanmondi Branch
[31m[DISCONNECTED] K40 Lobby Dhanmondi Branch
[34m[JOB 60234a49-eb8d-4386-ac75-e40516aaee3d] K40 Lobby Dhanmondi Branch -> 15 new

===== ZK SYNC RUN STOP: 2025-08-20 16:51:16 (elapsed 5.30s) =====

