
===== ZK SYNC RUN START: 2025-08-20 18:27:36 =====
[35m[SCHEDULER] Dispatching polling for devices… (log: logs\zk_sync_20250820_182736.log)
[33m
[DEBUG] Connecting to K40 Lobby Principal Branch (172.19.102.231:4370)
[33m
[DEBUG] Connecting to K40 Lobby Hemayetpur  Branch (172.19.103.231:4370)[33m
[DEBUG] Connecting to K40 Lobby Bhatiary  Branch (172.19.104.231:4370)[33m
[DEBUG] Connecting to K40 Lobby Agrabad  Branch (172.19.105.231:4370)
[33m
[DEBUG] Connecting to K40 Lobby Khulna Branch (172.19.106.231:4370)
[33m
[DEBUG] Connecting to K40 Lobby Katakhali Branch (172.19.107.231:4370)
[33m
[DEBUG] Connecting to K40 Lobby Keraniganj Branch (172.19.108.231:4370)[33m
[DEBUG] Connecting to K40 Lobby Gulshan Branch (172.19.110.231:4370)[33m
[DEBUG] Connecting to K40 Lobby Uttara Branch (172.19.109.231:4370)[33m
[DEBUG] Connecting to K40 Lobby Velanagar Branch (172.19.111.231:4370)





[32m[CONNECTED] K40 Lobby Principal Branch
[32m[CONNECTED] K40 Lobby Hemayetpur  Branch
[32m[CONNECTED] K40 Lobby Agrabad  Branch
[32m[CONNECTED] K40 Lobby Uttara Branch
[32m[CONNECTED] K40 Lobby Gulshan Branch
[32m[CONNECTED] K40 Lobby Khulna Branch
[32m[CONNECTED] K40 Lobby Keraniganj Branch
[32m[CONNECTED] K40 Lobby Velanagar Branch
[32m[CONNECTED] K40 Lobby Bhatiary  Branch
[32m[CONNECTED] K40 Lobby Katakhali Branch
[36m[INFO] Retrieved 2314 logs from K40 Lobby Hemayetpur  Branch in 0.81 seconds
[36m[INFO] Retrieved 2415 logs from K40 Lobby Bhatiary  Branch in 0.82 seconds
[35m[ACCESS INSERT TIME:2025-08-20 18:27:37]
Insert attempts: 0,
successful: 0 records
into Access DB in 0.00s
from K40 Lobby Hemayetpur  Branch
[37m[FLASK DB INSERT TIME:2025-08-20 18:27:37]
Insert attempts: 0,
committed: 0 records
into Flask DB in 0.00s
from K40 Lobby Hemayetpur  Branch
[31m[DISCONNECTED] K40 Lobby Hemayetpur  Branch
[34m[SCHEDULER] K40 Lobby Hemayetpur  Branch: 0 new logs
[33m
[DEBUG] Connecting to K40 Lobby Imamganj Branch (172.19.112.231:4370)
[36m[INFO] Retrieved 3868 logs from K40 Lobby Agrabad  Branch in 1.29 seconds
[32m[CONNECTED] K40 Lobby Imamganj Branch
[36m[INFO] Retrieved 4414 logs from K40 Lobby Keraniganj Branch in 1.38 seconds
[36m[INFO] Retrieved 3746 logs from K40 Lobby Katakhali Branch in 1.39 seconds
[35m[ACCESS INSERT TIME:2025-08-20 18:27:38]
Insert attempts: 0,
successful: 0 records
into Access DB in 0.00s
from K40 Lobby Bhatiary  Branch
[37m[FLASK DB INSERT TIME:2025-08-20 18:27:38]
Insert attempts: 0,
committed: 0 records
into Flask DB in 0.00s
from K40 Lobby Bhatiary  Branch
[31m[DISCONNECTED] K40 Lobby Bhatiary  Branch
[33m
[DEBUG] Connecting to K40 Lobby Ashulia Branch (172.19.113.231:4370)
[34m[SCHEDULER] K40 Lobby Bhatiary  Branch: 0 new logs
[32m[CONNECTED] K40 Lobby Ashulia Branch
[35m[ACCESS INSERT TIME:2025-08-20 18:27:38]
Insert attempts: 0,
successful: 0 records
into Access DB in 0.00s
from K40 Lobby Agrabad  Branch
[37m[FLASK DB INSERT TIME:2025-08-20 18:27:38]
Insert attempts: 0,
committed: 0 records
into Flask DB in 0.00s
from K40 Lobby Agrabad  Branch
[36m[INFO] Retrieved 6212 logs from K40 Lobby Khulna Branch in 2.07 seconds
[31m[DISCONNECTED] K40 Lobby Agrabad  Branch
[34m[SCHEDULER] K40 Lobby Agrabad  Branch: 0 new logs
[33m
[DEBUG] Connecting to K40 Lobby Dhanmondi Branch (172.19.114.231:4370)
[32m[CONNECTED] K40 Lobby Dhanmondi Branch
[36m[INFO] Retrieved 7632 logs from K40 Lobby Gulshan Branch in 2.34 seconds
[36m[INFO] Retrieved 8780 logs from K40 Lobby Velanagar Branch in 2.49 seconds
[35m[ACCESS INSERT TIME:2025-08-20 18:27:38]
Insert attempts: 0,
successful: 0 records
into Access DB in 0.00s
from K40 Lobby Keraniganj Branch
[37m[FLASK DB INSERT TIME:2025-08-20 18:27:38]
Insert attempts: 0,
committed: 0 records
into Flask DB in 0.00s
from K40 Lobby Keraniganj Branch
[31m[DISCONNECTED] K40 Lobby Keraniganj Branch
[34m[SCHEDULER] K40 Lobby Keraniganj Branch: 0 new logs
[33m
[DEBUG] Connecting to K40 Lobby Sylhet Branch (172.19.116.231:4370)
[32m[CONNECTED] K40 Lobby Sylhet Branch
[36m[INFO] Retrieved 4640 logs from K40 Lobby Imamganj Branch in 1.45 seconds
[36m[INFO] Retrieved 11034 logs from K40 Lobby Principal Branch in 3.05 seconds
[36m[INFO] Retrieved 10114 logs from K40 Lobby Uttara Branch in 3.10 seconds
[35m[ACCESS INSERT TIME:2025-08-20 18:27:39]
Insert attempts: 0,
successful: 0 records
into Access DB in 0.00s
from K40 Lobby Gulshan Branch
[37m[FLASK DB INSERT TIME:2025-08-20 18:27:39]
Insert attempts: 0,
committed: 0 records
into Flask DB in 0.00s
from K40 Lobby Gulshan Branch
[31m[DISCONNECTED] K40 Lobby Gulshan Branch
[34m[SCHEDULER] K40 Lobby Gulshan Branch: 0 new logs
[33m
[DEBUG] Connecting to K40 Lobby Jubliroad Sub Branch (172.19.117.231:4370)
[32m[CONNECTED] K40 Lobby Jubliroad Sub Branch
[36m[INFO] Retrieved 4103 logs from K40 Lobby Ashulia Branch in 1.72 seconds
[35m[ACCESS INSERT TIME:2025-08-20 18:27:40]
Insert attempts: 0,
successful: 0 records
into Access DB in 0.00s
from K40 Lobby Imamganj Branch
[37m[FLASK DB INSERT TIME:2025-08-20 18:27:40]
Insert attempts: 0,
committed: 0 records
into Flask DB in 0.00s
from K40 Lobby Imamganj Branch
[36m[INFO] Retrieved 1979 logs from K40 Lobby Sylhet Branch in 0.86 seconds
[31m[DISCONNECTED] K40 Lobby Imamganj Branch
[34m[SCHEDULER] K40 Lobby Imamganj Branch: 0 new logs
[33m
[DEBUG] Connecting to K40 Lobby Bogura Branch (172.19.118.231:4370)
[32m[CONNECTED] K40 Lobby Bogura Branch
[35m[ACCESS INSERT TIME:2025-08-20 18:27:40]
Insert attempts: 0,
successful: 0 records
into Access DB in 0.00s
from K40 Lobby Ashulia Branch
[37m[FLASK DB INSERT TIME:2025-08-20 18:27:40]
Insert attempts: 0,
committed: 0 records
into Flask DB in 0.00s
from K40 Lobby Ashulia Branch
[31m[DISCONNECTED] K40 Lobby Ashulia Branch
[34m[SCHEDULER] K40 Lobby Ashulia Branch: 0 new logs
[33m
[DEBUG] Connecting to K40 Lobby Mawna Branch (172.19.119.231:4370)
[36m[INFO] Retrieved 2144 logs from K40 Lobby Jubliroad Sub Branch in 0.79 seconds
[32m[CONNECTED] K40 Lobby Mawna Branch
[35m[ACCESS INSERT TIME:2025-08-20 18:27:40]
Insert attempts: 0,
successful: 0 records
into Access DB in 0.00s
from K40 Lobby Katakhali Branch
[37m[FLASK DB INSERT TIME:2025-08-20 18:27:40]
Insert attempts: 0,
committed: 0 records
into Flask DB in 0.00s
from K40 Lobby Katakhali Branch
[36m[INFO] Retrieved 5713 logs from K40 Lobby Dhanmondi Branch in 2.40 seconds
[31m[DISCONNECTED] K40 Lobby Katakhali Branch
[33m
[DEBUG] Connecting to K40 Lobby Islampur Branch (172.19.120.231:4370)
[34m[SCHEDULER] K40 Lobby Katakhali Branch: 0 new logs
[32m[CONNECTED] K40 Lobby Islampur Branch
[35m[ACCESS INSERT TIME:2025-08-20 18:27:41]
Insert attempts: 0,
successful: 0 records
into Access DB in 0.00s
from K40 Lobby Khulna Branch
[37m[FLASK DB INSERT TIME:2025-08-20 18:27:41]
Insert attempts: 0,
committed: 0 records
into Flask DB in 0.00s
from K40 Lobby Khulna Branch
[31m[DISCONNECTED] K40 Lobby Khulna Branch
[34m[SCHEDULER] K40 Lobby Khulna Branch: 0 new logs
[33m
[DEBUG] Connecting to K40 Lobby Modhunaghat Branch (172.19.121.231:4370)
[32m[CONNECTED] K40 Lobby Modhunaghat Branch
[36m[INFO] Retrieved 1915 logs from K40 Lobby Mawna Branch in 0.95 seconds
[35m[ACCESS INSERT TIME:2025-08-20 18:27:41]
Insert attempts: 0,
successful: 0 records
into Access DB in 0.00s
from K40 Lobby Velanagar Branch
[37m[FLASK DB INSERT TIME:2025-08-20 18:27:41]
Insert attempts: 0,
committed: 0 records
into Flask DB in 0.00s
from K40 Lobby Velanagar Branch
[31m[DISCONNECTED] K40 Lobby Velanagar Branch
[34m[SCHEDULER] K40 Lobby Velanagar Branch: 0 new logs
[33m
[DEBUG] Connecting to K40 Lobby Shyamnagar Branch (172.19.122.231:4370)
[32m[CONNECTED] K40 Lobby Shyamnagar Branch
[35m[ACCESS INSERT TIME:2025-08-20 18:27:42]
Insert attempts: 0,
successful: 0 records
into Access DB in 0.00s
from K40 Lobby Mawna Branch
[37m[FLASK DB INSERT TIME:2025-08-20 18:27:42]
Insert attempts: 0,
committed: 0 records
into Flask DB in 0.00s
from K40 Lobby Mawna Branch
[36m[INFO] Retrieved 2676 logs from K40 Lobby Islampur Branch in 1.00 seconds
[31m[DISCONNECTED] K40 Lobby Mawna Branch
[34m[SCHEDULER] K40 Lobby Mawna Branch: 0 new logs
[33m
[DEBUG] Connecting to K40 Lobby Gazipur Branch (172.19.123.231:4370)
[32m[CONNECTED] K40 Lobby Gazipur Branch
[36m[INFO] Retrieved 1679 logs from K40 Lobby Modhunaghat Branch in 0.77 seconds
[35m[ACCESS INSERT TIME:2025-08-20 18:27:42]
Insert attempts: 0,
successful: 0 records
into Access DB in 0.00s
from K40 Lobby Uttara Branch
[37m[FLASK DB INSERT TIME:2025-08-20 18:27:42]
Insert attempts: 0,
committed: 0 records
into Flask DB in 0.00s
from K40 Lobby Uttara Branch
[31m[DISCONNECTED] K40 Lobby Uttara Branch
[34m[SCHEDULER] K40 Lobby Uttara Branch: 0 new logs
[33m
[DEBUG] Connecting to K40 Lobby Moynamoti Branch (172.19.124.231:4370)
[36m[INFO] Retrieved 7560 logs from K40 Lobby Bogura Branch in 2.44 seconds
[36m[INFO] Retrieved 909 logs from K40 Lobby Shyamnagar Branch in 0.74 seconds
[32m[CONNECTED] K40 Lobby Moynamoti Branch
[35m[ACCESS INSERT TIME:2025-08-20 18:27:42]
Insert attempts: 0,
successful: 0 records
into Access DB in 0.00s
from K40 Lobby Modhunaghat Branch
[37m[FLASK DB INSERT TIME:2025-08-20 18:27:42]
Insert attempts: 0,
committed: 0 records
into Flask DB in 0.00s
from K40 Lobby Modhunaghat Branch
[31m[DISCONNECTED] K40 Lobby Modhunaghat Branch
[34m[SCHEDULER] K40 Lobby Modhunaghat Branch: 0 new logs
[33m
[DEBUG] Connecting to K40 Lobby Banglabazar Branch (172.19.125.231:4370)
[32m[CONNECTED] K40 Lobby Banglabazar Branch
[35m[ACCESS INSERT TIME:2025-08-20 18:27:43]
Insert attempts: 0,
successful: 0 records
into Access DB in 0.00s
from K40 Lobby Bogura Branch
[37m[FLASK DB INSERT TIME:2025-08-20 18:27:43]
Insert attempts: 0,
committed: 0 records
into Flask DB in 0.00s
from K40 Lobby Bogura Branch
[31m[DISCONNECTED] K40 Lobby Bogura Branch
[34m[SCHEDULER] K40 Lobby Bogura Branch: 0 new logs
[33m
[DEBUG] Connecting to K40 Lobby Banani Branch (172.19.126.231:4370)
[32m[CONNECTED] K40 Lobby Banani Branch
[35m[ACCESS INSERT TIME:2025-08-20 18:27:43]
Insert attempts: 0,
successful: 0 records
into Access DB in 0.00s
from K40 Lobby Sylhet Branch
[37m[FLASK DB INSERT TIME:2025-08-20 18:27:43]
Insert attempts: 0,
committed: 0 records
into Flask DB in 0.00s
from K40 Lobby Sylhet Branch
[31m[DISCONNECTED] K40 Lobby Sylhet Branch
[34m[SCHEDULER] K40 Lobby Sylhet Branch: 0 new logs
[33m
[DEBUG] Connecting to K40 Lobby Chuknagar  Branch (172.19.127.231:4370)
[36m[INFO] Retrieved 2158 logs from K40 Lobby Moynamoti Branch in 0.95 seconds
[32m[CONNECTED] K40 Lobby Chuknagar  Branch
[35m[ACCESS INSERT TIME:2025-08-20 18:27:44]
Insert attempts: 0,
successful: 0 records
into Access DB in 0.00s
from K40 Lobby Shyamnagar Branch
[37m[FLASK DB INSERT TIME:2025-08-20 18:27:44]
Insert attempts: 0,
committed: 0 records
into Flask DB in 0.00s
from K40 Lobby Shyamnagar Branch
[36m[INFO] Retrieved 2288 logs from K40 Lobby Banglabazar Branch in 0.95 seconds
[31m[DISCONNECTED] K40 Lobby Shyamnagar Branch
[34m[SCHEDULER] K40 Lobby Shyamnagar Branch: 0 new logs
[33m
[DEBUG] Connecting to K40 Lobby Madhobdi Branch (172.19.128.231:4370)
[32m[CONNECTED] K40 Lobby Madhobdi Branch
[36m[INFO] Retrieved 6161 logs from K40 Lobby Gazipur Branch in 2.14 seconds
[35m[ACCESS INSERT TIME:2025-08-20 18:27:44]
Insert attempts: 0,
successful: 0 records
into Access DB in 0.00s
from K40 Lobby Banglabazar Branch
[37m[FLASK DB INSERT TIME:2025-08-20 18:27:44]
Insert attempts: 0,
committed: 0 records
into Flask DB in 0.00s
from K40 Lobby Banglabazar Branch
[31m[DISCONNECTED] K40 Lobby Banglabazar Branch
[33m
[DEBUG] Connecting to K40 Lobby Barishal Branch (172.19.129.231:4370)
[34m[SCHEDULER] K40 Lobby Banglabazar Branch: 0 new logs
[32m[CONNECTED] K40 Lobby Barishal Branch
[35m[ACCESS INSERT TIME:2025-08-20 18:27:45]
Insert attempts: 0,
successful: 0 records
into Access DB in 0.00s
from K40 Lobby Islampur Branch
[37m[FLASK DB INSERT TIME:2025-08-20 18:27:45]
Insert attempts: 0,
committed: 0 records
into Flask DB in 0.00s
from K40 Lobby Islampur Branch
[31m[DISCONNECTED] K40 Lobby Islampur Branch
[34m[SCHEDULER] K40 Lobby Islampur Branch: 0 new logs
[33m
[DEBUG] Connecting to K40 Lobby Sarbolakkhona Branch (172.19.130.231:4370)
[36m[INFO] Retrieved 4986 logs from K40 Lobby Banani Branch in 1.62 seconds
[32m[CONNECTED] K40 Lobby Sarbolakkhona Branch
[35m[ACCESS INSERT TIME:2025-08-20 18:27:45]
Insert attempts: 0,
successful: 0 records
into Access DB in 0.00s
from K40 Lobby Dhanmondi Branch
[37m[FLASK DB INSERT TIME:2025-08-20 18:27:45]
Insert attempts: 0,
committed: 0 records
into Flask DB in 0.00s
from K40 Lobby Dhanmondi Branch
[31m[DISCONNECTED] K40 Lobby Dhanmondi Branch
[34m[SCHEDULER] K40 Lobby Dhanmondi Branch: 0 new logs
[33m
[DEBUG] Connecting to K40 Lobby Rajshahi Branch (172.19.131.231:4370)
[36m[INFO] Retrieved 3648 logs from K40 Lobby Madhobdi Branch in 1.34 seconds
[36m[INFO] Retrieved 4931 logs from K40 Lobby Chuknagar  Branch in 1.75 seconds
[32m[CONNECTED] K40 Lobby Rajshahi Branch
[35m[ACCESS INSERT TIME:2025-08-20 18:27:45]
Insert attempts: 0,
successful: 0 records
into Access DB in 0.00s
from K40 Lobby Jubliroad Sub Branch
[37m[FLASK DB INSERT TIME:2025-08-20 18:27:45]
Insert attempts: 0,
committed: 0 records
into Flask DB in 0.00s
from K40 Lobby Jubliroad Sub Branch
[31m[DISCONNECTED] K40 Lobby Jubliroad Sub Branch
[34m[SCHEDULER] K40 Lobby Jubliroad Sub Branch: 0 new logs
[33m
[DEBUG] Connecting to K40 Lobby Nababpur Branch (172.19.132.231:4370)
[32m[CONNECTED] K40 Lobby Nababpur Branch
[35m[ACCESS INSERT TIME:2025-08-20 18:27:46]
Insert attempts: 0,
successful: 0 records
into Access DB in 0.00s
from K40 Lobby Madhobdi Branch
[37m[FLASK DB INSERT TIME:2025-08-20 18:27:46]
Insert attempts: 0,
committed: 0 records
into Flask DB in 0.00s
from K40 Lobby Madhobdi Branch
[31m[DISCONNECTED] K40 Lobby Madhobdi Branch
[34m[SCHEDULER] K40 Lobby Madhobdi Branch: 0 new logs
[33m
[DEBUG] Connecting to K40 Lobby Mirpur Branch (172.19.133.230:4370)
[32m[CONNECTED] K40 Lobby Mirpur Branch
[36m[INFO] Retrieved 2839 logs from K40 Lobby Sarbolakkhona Branch in 1.21 seconds
[35m[ACCESS INSERT TIME:2025-08-20 18:27:46]
Insert attempts: 0,
successful: 0 records
into Access DB in 0.00s
from K40 Lobby Principal Branch
[37m[FLASK DB INSERT TIME:2025-08-20 18:27:46]
Insert attempts: 0,
committed: 0 records
into Flask DB in 0.00s
from K40 Lobby Principal Branch
[31m[DISCONNECTED] K40 Lobby Principal Branch
[34m[SCHEDULER] K40 Lobby Principal Branch: 0 new logs
[33m
[DEBUG] Connecting to K40 Lobby Shibu Market Branch (172.19.134.231:4370)
[32m[CONNECTED] K40 Lobby Shibu Market Branch
[36m[INFO] Retrieved 6698 logs from K40 Lobby Barishal Branch in 2.11 seconds
[35m[ACCESS INSERT TIME:2025-08-20 18:27:47]
Insert attempts: 0,
successful: 0 records
into Access DB in 0.00s
from K40 Lobby Chuknagar  Branch
[37m[FLASK DB INSERT TIME:2025-08-20 18:27:47]
Insert attempts: 0,
committed: 0 records
into Flask DB in 0.00s
from K40 Lobby Chuknagar  Branch
[31m[DISCONNECTED] K40 Lobby Chuknagar  Branch
[34m[SCHEDULER] K40 Lobby Chuknagar  Branch: 0 new logs
[33m
[DEBUG] Connecting to K40 Lobby Ghonapara Branch (172.19.135.231:4370)
[32m[CONNECTED] K40 Lobby Ghonapara Branch
[34m    [NEW ✅] RID 6161, User=299, Time=2025-08-20 18:27:21
[32m    [ACCESS ✅] USERID=299 CHECKTIME=2025-08-20 18:27:21
[35m[ACCESS INSERT TIME:2025-08-20 18:27:47]
Insert attempts: 1,
successful: 1 records
into Access DB in 0.00s
from K40 Lobby Gazipur Branch
[37m[FLASK DB INSERT TIME:2025-08-20 18:27:47]
Insert attempts: 1,
committed: 1 records
into Flask DB in 0.02s
from K40 Lobby Gazipur Branch
[31m[DISCONNECTED] K40 Lobby Gazipur Branch
[33m
[DEBUG] Connecting to K40 Lobby Digraj Branch (172.19.136.231:4370)
[34m[SCHEDULER] K40 Lobby Gazipur Branch: 1 new logs
[36m[INFO] Retrieved 2782 logs from K40 Lobby Shibu Market Branch in 1.03 seconds
[35m[ACCESS INSERT TIME:2025-08-20 18:27:47]
Insert attempts: 0,
successful: 0 records
into Access DB in 0.00s
from K40 Lobby Sarbolakkhona Branch[36m[INFO] Retrieved 6082 logs from K40 Lobby Nababpur Branch in 1.86 seconds

[37m[FLASK DB INSERT TIME:2025-08-20 18:27:47]
Insert attempts: 0,
committed: 0 records
into Flask DB in 0.00s
from K40 Lobby Sarbolakkhona Branch
[31m[DISCONNECTED] K40 Lobby Sarbolakkhona Branch
[34m[SCHEDULER] K40 Lobby Sarbolakkhona Branch: 0 new logs
[33m
[DEBUG] Connecting to K40 Lobby Bijoynagar Branch (172.19.137.231:4370)
[32m[CONNECTED] K40 Lobby Bijoynagar Branch
[36m[INFO] Retrieved 5399 logs from K40 Lobby Mirpur Branch in 1.72 seconds
[36m[INFO] Retrieved 2464 logs from K40 Lobby Ghonapara Branch in 0.88 seconds
[35m[ACCESS INSERT TIME:2025-08-20 18:27:48]
Insert attempts: 0,
successful: 0 records
into Access DB in 0.00s
from K40 Lobby Barishal Branch
[37m[FLASK DB INSERT TIME:2025-08-20 18:27:48]
Insert attempts: 0,
committed: 0 records
into Flask DB in 0.00s
from K40 Lobby Barishal Branch
[31m[DISCONNECTED] K40 Lobby Barishal Branch
[34m[SCHEDULER] K40 Lobby Barishal Branch: 0 new logs
[33m
[DEBUG] Connecting to K40 Lobby Narayangonj Branch (172.19.138.231:4370)
[36m[INFO] Retrieved 6703 logs from K40 Lobby Rajshahi Branch in 2.68 seconds
[32m[CONNECTED] K40 Lobby Narayangonj Branch
[35m[ACCESS INSERT TIME:2025-08-20 18:27:48]
Insert attempts: 0,
successful: 0 records
into Access DB in 0.00s
from K40 Lobby Shibu Market Branch
[37m[FLASK DB INSERT TIME:2025-08-20 18:27:48]
Insert attempts: 0,
committed: 0 records
into Flask DB in 0.00s
from K40 Lobby Shibu Market Branch
[31m[DISCONNECTED] K40 Lobby Shibu Market Branch
[34m[SCHEDULER] K40 Lobby Shibu Market Branch: 0 new logs
[33m
[DEBUG] Connecting to K40 Lobby Fatikchari Branch (172.19.139.231:4370)
[35m[ACCESS INSERT TIME:2025-08-20 18:27:49]
Insert attempts: 0,
successful: 0 records
into Access DB in 0.00s
from K40 Lobby Mirpur Branch
[37m[FLASK DB INSERT TIME:2025-08-20 18:27:49]
Insert attempts: 0,
committed: 0 records
into Flask DB in 0.00s
from K40 Lobby Mirpur Branch
[31m[DISCONNECTED] K40 Lobby Mirpur Branch
[34m[SCHEDULER] K40 Lobby Mirpur Branch: 0 new logs
[33m
[DEBUG] Connecting to K40 Lobby Baburhat Branch (172.19.140.231:4370)
[35m[ACCESS INSERT TIME:2025-08-20 18:27:49]
Insert attempts: 0,
successful: 0 records
into Access DB in 0.00s
from K40 Lobby Nababpur Branch
[37m[FLASK DB INSERT TIME:2025-08-20 18:27:49]
Insert attempts: 0,
committed: 0 records
into Flask DB in 0.00s
from K40 Lobby Nababpur Branch
[31m[DISCONNECTED] K40 Lobby Nababpur Branch
[34m[SCHEDULER] K40 Lobby Nababpur Branch: 0 new logs
[33m
[DEBUG] Connecting to K40 Lobby Rangpur Branch (172.19.141.231:4370)
[32m[CONNECTED] K40 Lobby Rangpur Branch
[35m[ACCESS INSERT TIME:2025-08-20 18:27:49]
Insert attempts: 0,
successful: 0 records
into Access DB in 0.00s
from K40 Lobby Moynamoti Branch
[37m[FLASK DB INSERT TIME:2025-08-20 18:27:49]
Insert attempts: 0,
committed: 0 records
into Flask DB in 0.00s
from K40 Lobby Moynamoti Branch
[31m[DISCONNECTED] K40 Lobby Moynamoti Branch
[34m[SCHEDULER] K40 Lobby Moynamoti Branch: 0 new logs
[33m
[DEBUG] Connecting to K40 Lobby Jessore Branch (172.19.142.231:4370)
[36m[INFO] Retrieved 6685 logs from K40 Lobby Bijoynagar Branch in 1.98 seconds
[32m[CONNECTED] K40 Lobby Jessore Branch
[36m[INFO] Retrieved 4936 logs from K40 Lobby Narayangonj Branch in 1.68 seconds
[35m[ACCESS INSERT TIME:2025-08-20 18:27:50]
Insert attempts: 0,
successful: 0 records
into Access DB in 0.00s
from K40 Lobby Banani Branch
[37m[FLASK DB INSERT TIME:2025-08-20 18:27:50]
Insert attempts: 0,
committed: 0 records
into Flask DB in 0.00s
from K40 Lobby Banani Branch
[31m[DISCONNECTED] K40 Lobby Banani Branch
[34m[SCHEDULER] K40 Lobby Banani Branch: 0 new logs
[33m
[DEBUG] Connecting to K40 Lobby Takerhat Branch (172.19.143.231:4370)
[32m[CONNECTED] K40 Lobby Takerhat Branch
[35m[ACCESS INSERT TIME:2025-08-20 18:27:50]
Insert attempts: 0,
successful: 0 records
into Access DB in 0.00s
from K40 Lobby Bijoynagar Branch
[37m[FLASK DB INSERT TIME:2025-08-20 18:27:50]
Insert attempts: 0,
committed: 0 records
into Flask DB in 0.00s
from K40 Lobby Bijoynagar Branch
[31m[DISCONNECTED] K40 Lobby Bijoynagar Branch
[34m[SCHEDULER] K40 Lobby Bijoynagar Branch: 0 new logs
[33m
[DEBUG] Connecting to K40 Lobby Nasirabad Branch (172.19.144.231:4370)
[32m[CONNECTED] K40 Lobby Nasirabad Branch
[31m[ERROR] Polling K40 Lobby Digraj Branch failed: can't reach device (ping 172.19.136.231)
[34m[SCHEDULER] K40 Lobby Digraj Branch: 0 new logs
[33m
[DEBUG] Connecting to K40 Lobby Bhomra Branch (172.19.145.231:4370)
[36m[INFO] Retrieved 5390 logs from K40 Lobby Rangpur Branch in 1.63 seconds
[32m[CONNECTED] K40 Lobby Bhomra Branch
[35m[ACCESS INSERT TIME:2025-08-20 18:27:51]
Insert attempts: 0,
successful: 0 records
into Access DB in 0.00s
from K40 Lobby Narayangonj Branch
[37m[FLASK DB INSERT TIME:2025-08-20 18:27:51]
Insert attempts: 0,
committed: 0 records
into Flask DB in 0.00s
from K40 Lobby Narayangonj Branch
[31m[DISCONNECTED] K40 Lobby Narayangonj Branch
[34m[SCHEDULER] K40 Lobby Narayangonj Branch: 0 new logs
[33m
[DEBUG] Connecting to K40 Lobby Morrelganj Branch (172.19.146.231:4370)
[36m[INFO] Retrieved 2142 logs from K40 Lobby Takerhat Branch in 0.83 seconds
[32m[CONNECTED] K40 Lobby Morrelganj Branch
[35m[ACCESS INSERT TIME:2025-08-20 18:27:51]
Insert attempts: 0,
successful: 0 records
into Access DB in 0.00s
from K40 Lobby Ghonapara Branch
[37m[FLASK DB INSERT TIME:2025-08-20 18:27:51]
Insert attempts: 0,
committed: 0 records
into Flask DB in 0.00s
from K40 Lobby Ghonapara Branch
[31m[DISCONNECTED] K40 Lobby Ghonapara Branch
[34m[SCHEDULER] K40 Lobby Ghonapara Branch: 0 new logs
[33m
[DEBUG] Connecting to K40 Lobby Hasnabad Branch (172.19.147.231:4370)
[35m[ACCESS INSERT TIME:2025-08-20 18:27:52]
Insert attempts: 0,
successful: 0 records
into Access DB in 0.00s
from K40 Lobby Rajshahi Branch
[37m[FLASK DB INSERT TIME:2025-08-20 18:27:52]
Insert attempts: 0,
committed: 0 records
into Flask DB in 0.00s
from K40 Lobby Rajshahi Branch
[36m[INFO] Retrieved 2858 logs from K40 Lobby Nasirabad Branch in 1.17 seconds
[36m[INFO] Retrieved 7881 logs from K40 Lobby Jessore Branch in 2.23 seconds
[31m[DISCONNECTED] K40 Lobby Rajshahi Branch
[34m[SCHEDULER] K40 Lobby Rajshahi Branch: 0 new logs
[33m
[DEBUG] Connecting to K40 Lobby Kharabad Branch (172.19.148.231:4370)
[32m[CONNECTED] K40 Lobby Kharabad Branch
[36m[INFO] Retrieved 2657 logs from K40 Lobby Morrelganj Branch in 1.06 seconds
[31m[ERROR] Polling K40 Lobby Baburhat Branch failed: can't reach device (ping 172.19.140.231)
[31m[ERROR] Polling K40 Lobby Fatikchari Branch failed: can't reach device (ping 172.19.139.231)
[33m
[DEBUG] Connecting to K40 Lobby Chalakchar Branch (172.19.149.231:4370)
[34m[SCHEDULER] K40 Lobby Baburhat Branch: 0 new logs
[34m[SCHEDULER] K40 Lobby Fatikchari Branch: 0 new logs
[33m
[DEBUG] Connecting to K40 Lobby Panthapath Branch (172.19.150.231:4370)
[35m[ACCESS INSERT TIME:2025-08-20 18:27:52]
Insert attempts: 0,
successful: 0 records
into Access DB in 0.00s
from K40 Lobby Takerhat Branch
[37m[FLASK DB INSERT TIME:2025-08-20 18:27:52]
Insert attempts: 0,
committed: 0 records
into Flask DB in 0.00s
from K40 Lobby Takerhat Branch
[32m[CONNECTED] K40 Lobby Chalakchar Branch
[32m[CONNECTED] K40 Lobby Panthapath Branch
[31m[DISCONNECTED] K40 Lobby Takerhat Branch
[34m[SCHEDULER] K40 Lobby Takerhat Branch: 0 new logs
[33m
[DEBUG] Connecting to K40 Lobby Mouchak Branch (172.19.151.231:4370)
[35m[ACCESS INSERT TIME:2025-08-20 18:27:53]
Insert attempts: 0,
successful: 0 records
into Access DB in 0.00s
from K40 Lobby Rangpur Branch
[37m[FLASK DB INSERT TIME:2025-08-20 18:27:53]
Insert attempts: 0,
committed: 0 records
into Flask DB in 0.00s
from K40 Lobby Rangpur Branch
[31m[DISCONNECTED] K40 Lobby Rangpur Branch
[34m[SCHEDULER] K40 Lobby Rangpur Branch: 0 new logs
[33m
[DEBUG] Connecting to K40 Lobby Maligram Branch (172.19.152.231:4370)
[32m[CONNECTED] K40 Lobby Mouchak Branch
[32m[CONNECTED] K40 Lobby Maligram Branch
[35m[ACCESS INSERT TIME:2025-08-20 18:27:53]
Insert attempts: 0,
successful: 0 records
into Access DB in 0.00s
from K40 Lobby Nasirabad Branch
[37m[FLASK DB INSERT TIME:2025-08-20 18:27:53]
Insert attempts: 0,
committed: 0 records
into Flask DB in 0.00s
from K40 Lobby Nasirabad Branch
[31m[DISCONNECTED] K40 Lobby Nasirabad Branch
[34m[SCHEDULER] K40 Lobby Nasirabad Branch: 0 new logs
[33m
[DEBUG] Connecting to K40 Lobby Chittagong EPZ Branch (172.19.153.231:4370)
[36m[INFO] Retrieved 5196 logs from K40 Lobby Bhomra Branch in 2.37 seconds
[36m[INFO] Retrieved 2052 logs from K40 Lobby Chalakchar Branch in 0.93 seconds
[36m[INFO] Retrieved 877 logs from K40 Lobby Maligram Branch in 0.50 seconds
[35m[ACCESS INSERT TIME:2025-08-20 18:27:53]
Insert attempts: 0,
successful: 0 records
into Access DB in 0.00s
from K40 Lobby Jessore Branch
[37m[FLASK DB INSERT TIME:2025-08-20 18:27:53]
Insert attempts: 0,
committed: 0 records
into Flask DB in 0.00s
from K40 Lobby Jessore Branch
[31m[DISCONNECTED] K40 Lobby Jessore Branch
[34m[SCHEDULER] K40 Lobby Jessore Branch: 0 new logs
[33m
[DEBUG] Connecting to K40 Lobby Dinajpur Branch (172.19.154.231:4370)
[32m[CONNECTED] K40 Lobby Dinajpur Branch
[36m[INFO] Retrieved 3791 logs from K40 Lobby Kharabad Branch in 1.62 seconds
[36m[INFO] Retrieved 4645 logs from K40 Lobby Panthapath Branch in 1.48 seconds
[35m[ACCESS INSERT TIME:2025-08-20 18:27:54]
Insert attempts: 0,
successful: 0 records
into Access DB in 0.00s
from K40 Lobby Bhomra Branch
[37m[FLASK DB INSERT TIME:2025-08-20 18:27:54]
Insert attempts: 0,
committed: 0 records
into Flask DB in 0.00s
from K40 Lobby Bhomra Branch
[31m[DISCONNECTED] K40 Lobby Bhomra Branch
[34m[SCHEDULER] K40 Lobby Bhomra Branch: 0 new logs
[33m
[DEBUG] Connecting to K40 Lobby KDA Branch (172.19.155.231:4370)
[32m[CONNECTED] K40 Lobby KDA Branch
[35m[ACCESS INSERT TIME:2025-08-20 18:27:54]
Insert attempts: 0,
successful: 0 records
into Access DB in 0.00s
from K40 Lobby Kharabad Branch
[37m[FLASK DB INSERT TIME:2025-08-20 18:27:54]
Insert attempts: 0,
committed: 0 records
into Flask DB in 0.00s
from K40 Lobby Kharabad Branch
[31m[DISCONNECTED] K40 Lobby Kharabad Branch
[34m[SCHEDULER] K40 Lobby Kharabad Branch: 0 new logs
[33m
[DEBUG] Connecting to K40 Lobby Nator Branch (172.19.156.231:4370)
[36m[INFO] Retrieved 3453 logs from K40 Lobby Mouchak Branch in 1.48 seconds
[32m[CONNECTED] K40 Lobby Nator Branch
[35m[ACCESS INSERT TIME:2025-08-20 18:27:55]
Insert attempts: 0,
successful: 0 records
into Access DB in 0.00s
from K40 Lobby Chalakchar Branch
[37m[FLASK DB INSERT TIME:2025-08-20 18:27:55]
Insert attempts: 0,
committed: 0 records
into Flask DB in 0.00s
from K40 Lobby Chalakchar Branch
[31m[DISCONNECTED] K40 Lobby Chalakchar Branch
[34m[SCHEDULER] K40 Lobby Chalakchar Branch: 0 new logs
[33m
[DEBUG] Connecting to K40 Lobby Feni Branch (172.19.157.231:4370)
[32m[CONNECTED] K40 Lobby Feni Branch
[36m[INFO] Retrieved 3594 logs from K40 Lobby Dinajpur Branch in 1.30 seconds
[35m[ACCESS INSERT TIME:2025-08-20 18:27:55]
Insert attempts: 0,
successful: 0 records
into Access DB in 0.00s
from K40 Lobby Maligram Branch
[37m[FLASK DB INSERT TIME:2025-08-20 18:27:55]
Insert attempts: 0,
committed: 0 records
into Flask DB in 0.00s
from K40 Lobby Maligram Branch
[31m[DISCONNECTED] K40 Lobby Maligram Branch
[34m[SCHEDULER] K40 Lobby Maligram Branch: 0 new logs
[33m
[DEBUG] Connecting to K40 Lobby Kushtia Branch (172.19.158.231:4370)
[31m[ERROR] Polling K40 Lobby Hasnabad Branch failed: can't reach device (ping 172.19.147.231)
[34m[SCHEDULER] K40 Lobby Hasnabad Branch: 0 new logs
[33m
[DEBUG] Connecting to K40 Lobby Labanchora Branch (172.19.159.231:4370)
[36m[INFO] Retrieved 2907 logs from K40 Lobby KDA Branch in 1.12 seconds
[32m[CONNECTED] K40 Lobby Kushtia Branch
[35m[ACCESS INSERT TIME:2025-08-20 18:27:56]
Insert attempts: 0,
successful: 0 records
into Access DB in 0.00s
from K40 Lobby Morrelganj Branch
[37m[FLASK DB INSERT TIME:2025-08-20 18:27:56]
Insert attempts: 0,
committed: 0 records
into Flask DB in 0.00s
from K40 Lobby Morrelganj Branch
[32m[CONNECTED] K40 Lobby Labanchora Branch
[31m[DISCONNECTED] K40 Lobby Morrelganj Branch
[34m[SCHEDULER] K40 Lobby Morrelganj Branch: 0 new logs
[33m
[DEBUG] Connecting to K40 Lobby Khatunganj Branch (172.19.160.231:4370)
[32m[CONNECTED] K40 Lobby Khatunganj Branch
[36m[INFO] Retrieved 2648 logs from K40 Lobby Feni Branch in 0.91 seconds
[35m[ACCESS INSERT TIME:2025-08-20 18:27:56]
Insert attempts: 0,
successful: 0 records
into Access DB in 0.00s
from K40 Lobby Mouchak Branch
[37m[FLASK DB INSERT TIME:2025-08-20 18:27:56]
Insert attempts: 0,
committed: 0 records
into Flask DB in 0.00s
from K40 Lobby Mouchak Branch
[31m[DISCONNECTED] K40 Lobby Mouchak Branch
[33m
[DEBUG] Connecting to K40 Lobby Pragati Sharani Branch (172.19.161.231:4370)
[34m[SCHEDULER] K40 Lobby Mouchak Branch: 0 new logs
[36m[INFO] Retrieved 4698 logs from K40 Lobby Nator Branch in 1.62 seconds
[32m[CONNECTED] K40 Lobby Pragati Sharani Branch
[35m[ACCESS INSERT TIME:2025-08-20 18:27:56]
Insert attempts: 0,
successful: 0 records
into Access DB in 0.00s
from K40 Lobby Feni Branch
[37m[FLASK DB INSERT TIME:2025-08-20 18:27:56]
Insert attempts: 0,
committed: 0 records
into Flask DB in 0.00s
from K40 Lobby Feni Branch
[31m[DISCONNECTED] K40 Lobby Feni Branch
[34m[SCHEDULER] K40 Lobby Feni Branch: 0 new logs
[33m
[DEBUG] Connecting to K40 Lobby Amin Bazar Branch (172.19.162.231:4370)
[32m[CONNECTED] K40 Lobby Amin Bazar Branch
[36m[INFO] Retrieved 2188 logs from K40 Lobby Khatunganj Branch in 0.91 seconds
[31m[ERROR] Polling K40 Lobby Chittagong EPZ Branch failed: can't reach device (ping 172.19.153.231)
[34m[SCHEDULER] K40 Lobby Chittagong EPZ Branch: 0 new logs
[33m
[DEBUG] Connecting to K40 Lobby Banaripara Branch (172.19.163.231:4370)
[35m[ACCESS INSERT TIME:2025-08-20 18:27:57]
Insert attempts: 0,
successful: 0 records
into Access DB in 0.00s
from K40 Lobby Dinajpur Branch
[37m[FLASK DB INSERT TIME:2025-08-20 18:27:57]
Insert attempts: 0,
committed: 0 records
into Flask DB in 0.00s
from K40 Lobby Dinajpur Branch
[36m[INFO] Retrieved 4620 logs from K40 Lobby Kushtia Branch in 1.50 seconds
[31m[DISCONNECTED] K40 Lobby Dinajpur Branch
[34m[SCHEDULER] K40 Lobby Dinajpur Branch: 0 new logs
[33m
[DEBUG] Connecting to K40 Lobby Faltita Branch (172.19.164.231:4370)
[32m[CONNECTED] K40 Lobby Banaripara Branch
[35m[ACCESS INSERT TIME:2025-08-20 18:27:57]
Insert attempts: 0,
successful: 0 records
into Access DB in 0.00s
from K40 Lobby Kushtia Branch
[37m[FLASK DB INSERT TIME:2025-08-20 18:27:57]
Insert attempts: 0,
committed: 0 records
into Flask DB in 0.00s
from K40 Lobby Kushtia Branch
[31m[DISCONNECTED] K40 Lobby Kushtia Branch
[34m[SCHEDULER] K40 Lobby Kushtia Branch: 0 new logs
[33m
[DEBUG] Connecting to K40 Lobby AddaBazar Branch (172.19.165.231:4370)
[32m[CONNECTED] K40 Lobby AddaBazar Branch
[36m[INFO] Retrieved 1922 logs from K40 Lobby Pragati Sharani Branch in 1.26 seconds
[35m[ACCESS INSERT TIME:2025-08-20 18:27:58]
Insert attempts: 0,
successful: 0 records
into Access DB in 0.00s
from K40 Lobby KDA Branch
[37m[FLASK DB INSERT TIME:2025-08-20 18:27:58]
Insert attempts: 0,
committed: 0 records
into Flask DB in 0.00s
from K40 Lobby KDA Branch
[36m[INFO] Retrieved 3040 logs from K40 Lobby Amin Bazar Branch in 1.01 seconds
[31m[DISCONNECTED] K40 Lobby KDA Branch
[34m[SCHEDULER] K40 Lobby KDA Branch: 0 new logs
[33m
[DEBUG] Connecting to K40 Lobby Jibannagar Branch (172.19.166.231:4370)
[32m[CONNECTED] K40 Lobby Jibannagar Branch
[35m[ACCESS INSERT TIME:2025-08-20 18:27:58]
Insert attempts: 0,
successful: 0 records
into Access DB in 0.00s
from K40 Lobby Amin Bazar Branch
[37m[FLASK DB INSERT TIME:2025-08-20 18:27:58]
Insert attempts: 0,
committed: 0 records
into Flask DB in 0.00s
from K40 Lobby Amin Bazar Branch
[31m[DISCONNECTED] K40 Lobby Amin Bazar Branch
[34m[SCHEDULER] K40 Lobby Amin Bazar Branch: 0 new logs
[33m
[DEBUG] Connecting to K40 Lobby Abdullahpur Branch (172.19.167.231:4370)
[36m[INFO] Retrieved 2897 logs from K40 Lobby Banaripara Branch in 1.28 seconds
[35m[ACCESS INSERT TIME:2025-08-20 18:27:58]
Insert attempts: 0,
successful: 0 records
into Access DB in 0.00s
from K40 Lobby Panthapath Branch
[37m[FLASK DB INSERT TIME:2025-08-20 18:27:58]
Insert attempts: 0,
committed: 0 records
into Flask DB in 0.00s
from K40 Lobby Panthapath Branch
[31m[DISCONNECTED] K40 Lobby Panthapath Branch
[34m[SCHEDULER] K40 Lobby Panthapath Branch: 0 new logs
[33m
[DEBUG] Connecting to K40 Lobby Bhulta Branch (172.19.168.231:4370)
[32m[CONNECTED] K40 Lobby Bhulta Branch
[35m[ACCESS INSERT TIME:2025-08-20 18:27:59]
Insert attempts: 0,
successful: 0 records
into Access DB in 0.00s
from K40 Lobby Banaripara Branch
[37m[FLASK DB INSERT TIME:2025-08-20 18:27:59]
Insert attempts: 0,
committed: 0 records
into Flask DB in 0.00s
from K40 Lobby Banaripara Branch
[36m[INFO] Retrieved 2950 logs from K40 Lobby Jibannagar Branch in 1.05 seconds
[31m[DISCONNECTED] K40 Lobby Banaripara Branch
[34m[SCHEDULER] K40 Lobby Banaripara Branch: 0 new logs
[33m
[DEBUG] Connecting to K40 Lobby Myemensingh Branch (172.19.169.231:4370)
[32m[CONNECTED] K40 Lobby Myemensingh Branch
[35m[ACCESS INSERT TIME:2025-08-20 18:27:59]
Insert attempts: 0,
successful: 0 records
into Access DB in 0.00s
from K40 Lobby Pragati Sharani Branch
[37m[FLASK DB INSERT TIME:2025-08-20 18:27:59]
Insert attempts: 0,
committed: 0 records
into Flask DB in 0.00s
from K40 Lobby Pragati Sharani Branch
[36m[INFO] Retrieved 2621 logs from K40 Lobby AddaBazar Branch in 1.84 seconds
[31m[DISCONNECTED] K40 Lobby Pragati Sharani Branch
[34m[SCHEDULER] K40 Lobby Pragati Sharani Branch: 0 new logs
[33m
[DEBUG] Connecting to K40 Lobby Birganj Branch (172.19.170.231:4370)
[32m[CONNECTED] K40 Lobby Birganj Branch
[34m    [NEW ✅] RID 4697, User=1370, Time=2025-08-20 18:26:58
[34m    [NEW ✅] RID 4698, User=1370, Time=2025-08-20 18:27:41
[32m    [ACCESS ✅] USERID=1370 CHECKTIME=2025-08-20 18:26:58
[32m    [ACCESS ✅] USERID=1370 CHECKTIME=2025-08-20 18:27:41
[35m[ACCESS INSERT TIME:2025-08-20 18:28:00]
Insert attempts: 2,
successful: 2 records
into Access DB in 0.02s
from K40 Lobby Nator Branch
[37m[FLASK DB INSERT TIME:2025-08-20 18:28:00]
Insert attempts: 2,
committed: 2 records
into Flask DB in 0.01s
from K40 Lobby Nator Branch
[36m[INFO] Retrieved 2780 logs from K40 Lobby Bhulta Branch in 0.98 seconds
[31m[DISCONNECTED] K40 Lobby Nator Branch
[34m[SCHEDULER] K40 Lobby Nator Branch: 2 new logs
[33m
[DEBUG] Connecting to K40 Lobby Nazipur Branch (172.19.171.231:4370)
[32m[CONNECTED] K40 Lobby Nazipur Branch
[35m[ACCESS INSERT TIME:2025-08-20 18:28:00]
Insert attempts: 0,
successful: 0 records
into Access DB in 0.00s
from K40 Lobby Bhulta Branch
[37m[FLASK DB INSERT TIME:2025-08-20 18:28:00]
Insert attempts: 0,
committed: 0 records
into Flask DB in 0.00s
from K40 Lobby Bhulta Branch
[36m[INFO] Retrieved 2387 logs from K40 Lobby Myemensingh Branch in 0.95 seconds
[31m[DISCONNECTED] K40 Lobby Bhulta Branch
[34m[SCHEDULER] K40 Lobby Bhulta Branch: 0 new logs
[33m
[DEBUG] Connecting to K40 Lobby Mehendiganj Branch (172.19.172.231:4370)
[36m[INFO] Retrieved 1614 logs from K40 Lobby Birganj Branch in 0.70 seconds
[32m[CONNECTED] K40 Lobby Mehendiganj Branch
[35m[ACCESS INSERT TIME:2025-08-20 18:28:00]
Insert attempts: 0,
successful: 0 records
into Access DB in 0.00s
from K40 Lobby Myemensingh Branch
[37m[FLASK DB INSERT TIME:2025-08-20 18:28:00]
Insert attempts: 0,
committed: 0 records
into Flask DB in 0.00s
from K40 Lobby Myemensingh Branch
[31m[DISCONNECTED] K40 Lobby Myemensingh Branch
[34m[SCHEDULER] K40 Lobby Myemensingh Branch: 0 new logs
[33m
[DEBUG] Connecting to K40 Lobby Cumilla Branch (172.19.173.231:4370)
[32m[CONNECTED] K40 Lobby Cumilla Branch
[35m[ACCESS INSERT TIME:2025-08-20 18:28:01]
Insert attempts: 0,
successful: 0 records
into Access DB in 0.00s
from K40 Lobby Khatunganj Branch
[37m[FLASK DB INSERT TIME:2025-08-20 18:28:01]
Insert attempts: 0,
committed: 0 records
into Flask DB in 0.00s
from K40 Lobby Khatunganj Branch
[31m[DISCONNECTED] K40 Lobby Khatunganj Branch
[34m[SCHEDULER] K40 Lobby Khatunganj Branch: 0 new logs
[33m
[DEBUG] Connecting to K40 Lobby Bhola Branch (172.19.174.231:4370)
[31m[ERROR] Polling K40 Lobby Faltita Branch failed: can't reach device (ping 172.19.164.231)
[34m[SCHEDULER] K40 Lobby Faltita Branch: 0 new logs
[33m
[DEBUG] Connecting to K40 Lobby Bashundhara Branch (172.19.175.231:4370)
[32m[CONNECTED] K40 Lobby Bashundhara Branch
[32m[CONNECTED] K40 Lobby Bhola Branch
[36m[INFO] Retrieved 3561 logs from K40 Lobby Nazipur Branch in 1.15 seconds
[35m[ACCESS INSERT TIME:2025-08-20 18:28:01]
Insert attempts: 0,
successful: 0 records
into Access DB in 0.00s
from K40 Lobby Jibannagar Branch
[37m[FLASK DB INSERT TIME:2025-08-20 18:28:01]
Insert attempts: 0,
committed: 0 records
into Flask DB in 0.00s
from K40 Lobby Jibannagar Branch
[31m[DISCONNECTED] K40 Lobby Jibannagar Branch
[34m[SCHEDULER] K40 Lobby Jibannagar Branch: 0 new logs
[33m
[DEBUG] Connecting to K40 Lobby Gopalgonj Branch (172.19.176.231:4370)
[36m[INFO] Retrieved 1748 logs from K40 Lobby Mehendiganj Branch in 1.09 seconds
[35m[ACCESS INSERT TIME:2025-08-20 18:28:01]
Insert attempts: 0,
successful: 0 records
into Access DB in 0.00s
from K40 Lobby AddaBazar Branch
[37m[FLASK DB INSERT TIME:2025-08-20 18:28:01]
Insert attempts: 0,
committed: 0 records
into Flask DB in 0.00s
from K40 Lobby AddaBazar Branch
[31m[DISCONNECTED] K40 Lobby AddaBazar Branch
[34m[SCHEDULER] K40 Lobby AddaBazar Branch: 0 new logs
[33m
[DEBUG] Connecting to K40 Lobby Jatrabari Sub Branch (172.19.177.231:4370)
[32m[CONNECTED] K40 Lobby Jatrabari Sub Branch
[36m[INFO] Retrieved 3580 logs from K40 Lobby Cumilla Branch in 1.17 seconds
[36m[INFO] Retrieved 6680 logs from K40 Lobby Labanchora Branch in 5.81 seconds
[31m[ERROR] Polling K40 Lobby Abdullahpur Branch failed: can't reach device (ping 172.19.167.231)
[34m[SCHEDULER] K40 Lobby Abdullahpur Branch: 0 new logs
[33m
[DEBUG] Connecting to K40 Lobby BabuBazar Sub Branch (172.19.178.231:4370)
[32m[CONNECTED] K40 Lobby BabuBazar Sub Branch
[36m[INFO] Retrieved 2653 logs from K40 Lobby Bhola Branch in 1.00 seconds
[35m[ACCESS INSERT TIME:2025-08-20 18:28:02]
Insert attempts: 0,
successful: 0 records
into Access DB in 0.00s
from K40 Lobby Mehendiganj Branch
[37m[FLASK DB INSERT TIME:2025-08-20 18:28:02]
Insert attempts: 0,
committed: 0 records
into Flask DB in 0.00s
from K40 Lobby Mehendiganj Branch
[31m[DISCONNECTED] K40 Lobby Mehendiganj Branch
[34m[SCHEDULER] K40 Lobby Mehendiganj Branch: 0 new logs
[33m
[DEBUG] Connecting to K40 Lobby Rayenda Bazar Sub Branch (172.19.179.231:4370)
[32m[CONNECTED] K40 Lobby Rayenda Bazar Sub Branch
[35m[ACCESS INSERT TIME:2025-08-20 18:28:02]
Insert attempts: 0,
successful: 0 records
into Access DB in 0.00s
from K40 Lobby Birganj Branch
[37m[FLASK DB INSERT TIME:2025-08-20 18:28:02]
Insert attempts: 0,
committed: 0 records
into Flask DB in 0.00s
from K40 Lobby Birganj Branch
[31m[DISCONNECTED] K40 Lobby Birganj Branch
[34m[SCHEDULER] K40 Lobby Birganj Branch: 0 new logs
[33m
[DEBUG] Connecting to K40 Lobby Rupatali Sub Branch (172.19.180.231:4370)
[32m[CONNECTED] K40 Lobby Rupatali Sub Branch
[35m[ACCESS INSERT TIME:2025-08-20 18:28:03]
Insert attempts: 0,
successful: 0 records
into Access DB in 0.00s
from K40 Lobby Bhola Branch
[37m[FLASK DB INSERT TIME:2025-08-20 18:28:03]
Insert attempts: 0,
committed: 0 records
into Flask DB in 0.00s
from K40 Lobby Bhola Branch
[31m[DISCONNECTED] K40 Lobby Bhola Branch
[34m[SCHEDULER] K40 Lobby Bhola Branch: 0 new logs
[33m
[DEBUG] Connecting to K40 Lobby Ramgonj Branch (172.19.181.231:4370)
[36m[INFO] Retrieved 6384 logs from K40 Lobby Bashundhara Branch in 1.92 seconds
[36m[INFO] Retrieved 1154 logs from K40 Lobby Rayenda Bazar Sub Branch in 0.64 seconds
[32m[CONNECTED] K40 Lobby Ramgonj Branch
[36m[INFO] Retrieved 4309 logs from K40 Lobby Jatrabari Sub Branch in 1.34 seconds
[35m[ACCESS INSERT TIME:2025-08-20 18:28:03]
Insert attempts: 0,
successful: 0 records
into Access DB in 0.00s
from K40 Lobby Cumilla Branch
[37m[FLASK DB INSERT TIME:2025-08-20 18:28:03]
Insert attempts: 0,
committed: 0 records
into Flask DB in 0.00s
from K40 Lobby Cumilla Branch
[31m[DISCONNECTED] K40 Lobby Cumilla Branch
[34m[SCHEDULER] K40 Lobby Cumilla Branch: 0 new logs
[33m
[DEBUG] Connecting to K40 Lobby Kaligonj Branch (172.19.182.231:4370)
[32m[CONNECTED] K40 Lobby Kaligonj Branch
[36m[INFO] Retrieved 4881 logs from K40 Lobby BabuBazar Sub Branch in 1.52 seconds
[35m[ACCESS INSERT TIME:2025-08-20 18:28:03]
Insert attempts: 0,
successful: 0 records
into Access DB in 0.00s
from K40 Lobby Jatrabari Sub Branch
[37m[FLASK DB INSERT TIME:2025-08-20 18:28:03]
Insert attempts: 0,
committed: 0 records
into Flask DB in 0.00s
from K40 Lobby Jatrabari Sub Branch
[31m[DISCONNECTED] K40 Lobby Jatrabari Sub Branch
[34m[SCHEDULER] K40 Lobby Jatrabari Sub Branch: 0 new logs
[33m
[DEBUG] Connecting to K40 Lobby Palashbari Branch (172.19.183.231:4370)
[32m[CONNECTED] K40 Lobby Palashbari Branch
[36m[INFO] Retrieved 1442 logs from K40 Lobby Rupatali Sub Branch in 1.10 seconds
[35m[ACCESS INSERT TIME:2025-08-20 18:28:04]
Insert attempts: 0,
successful: 0 records
into Access DB in 0.00s
from K40 Lobby Nazipur Branch
[37m[FLASK DB INSERT TIME:2025-08-20 18:28:04]
Insert attempts: 0,
committed: 0 records
into Flask DB in 0.00s
from K40 Lobby Nazipur Branch
[31m[DISCONNECTED] K40 Lobby Nazipur Branch
[34m[SCHEDULER] K40 Lobby Nazipur Branch: 0 new logs
[33m
[DEBUG] Connecting to K40 Lobby Mohakhali Branch (172.19.184.231:4370)
[32m[CONNECTED] K40 Lobby Mohakhali Branch
[34m    [NEW ✅] RID 6382, User=202, Time=2025-08-20 18:27:00
[34m    [NEW ✅] RID 6383, User=1387, Time=2025-08-20 18:27:23
[34m    [NEW ✅] RID 6384, User=529, Time=2025-08-20 18:27:59
[32m    [ACCESS ✅] USERID=202 CHECKTIME=2025-08-20 18:27:00
[32m    [ACCESS ✅] USERID=1387 CHECKTIME=2025-08-20 18:27:23
[32m    [ACCESS ✅] USERID=529 CHECKTIME=2025-08-20 18:27:59
[36m[INFO] Retrieved 1095 logs from K40 Lobby Palashbari Branch in 0.61 seconds
[35m[ACCESS INSERT TIME:2025-08-20 18:28:04]
Insert attempts: 3,
successful: 3 records
into Access DB in 0.03s
from K40 Lobby Bashundhara Branch
[37m[FLASK DB INSERT TIME:2025-08-20 18:28:04]
Insert attempts: 3,
committed: 3 records
into Flask DB in 0.01s
from K40 Lobby Bashundhara Branch
[31m[DISCONNECTED] K40 Lobby Bashundhara Branch
[34m[SCHEDULER] K40 Lobby Bashundhara Branch: 3 new logs
[33m
[DEBUG] Connecting to K40 Lobby Bhandaria Branch (172.19.185.231:4370)
[36m[INFO] Retrieved 3258 logs from K40 Lobby Ramgonj Branch in 1.64 seconds
[32m[CONNECTED] K40 Lobby Bhandaria Branch
[36m[INFO] Retrieved 3311 logs from K40 Lobby Kaligonj Branch in 1.27 seconds
[31m[ERROR] Polling K40 Lobby Gopalgonj Branch failed: can't reach device (ping 172.19.176.231)
[34m[SCHEDULER] K40 Lobby Gopalgonj Branch: 0 new logs
[33m
[DEBUG] Connecting to K40 Lobby Lohagara Branch (172.19.186.231:4370)
[35m[ACCESS INSERT TIME:2025-08-20 18:28:05]
Insert attempts: 0,
successful: 0 records
into Access DB in 0.00s
from K40 Lobby Labanchora Branch
[37m[FLASK DB INSERT TIME:2025-08-20 18:28:05]
Insert attempts: 0,
committed: 0 records
into Flask DB in 0.00s
from K40 Lobby Labanchora Branch
[32m[CONNECTED] K40 Lobby Lohagara Branch
[35m[ACCESS INSERT TIME:2025-08-20 18:28:05]
Insert attempts: 0,
successful: 0 records
into Access DB in 0.00s
from K40 Lobby Rayenda Bazar Sub Branch
[37m[FLASK DB INSERT TIME:2025-08-20 18:28:05]
Insert attempts: 0,
committed: 0 records
into Flask DB in 0.00s
from K40 Lobby Rayenda Bazar Sub Branch
[31m[DISCONNECTED] K40 Lobby Rayenda Bazar Sub Branch
[34m[SCHEDULER] K40 Lobby Rayenda Bazar Sub Branch: 0 new logs
[33m
[DEBUG] Connecting to K40 Lobby Benapole Branch (172.19.187.231:4370)
[32m[CONNECTED] K40 Lobby Benapole Branch
[36m[INFO] Retrieved 3558 logs from K40 Lobby Mohakhali Branch in 1.26 seconds
[31m[DISCONNECTED] K40 Lobby Labanchora Branch
[34m[SCHEDULER] K40 Lobby Labanchora Branch: 0 new logs
[33m
[DEBUG] Connecting to K40 Lobby Panchar Sub Branch (172.19.188.231:4370)
[32m[CONNECTED] K40 Lobby Panchar Sub Branch
[36m[INFO] Retrieved 1332 logs from K40 Lobby Lohagara Branch in 0.63 seconds
[35m[ACCESS INSERT TIME:2025-08-20 18:28:06]
Insert attempts: 0,
successful: 0 records
into Access DB in 0.00s
from K40 Lobby Kaligonj Branch
[37m[FLASK DB INSERT TIME:2025-08-20 18:28:06]
Insert attempts: 0,
committed: 0 records
into Flask DB in 0.00s
from K40 Lobby Kaligonj Branch
[36m[INFO] Retrieved 2794 logs from K40 Lobby Bhandaria Branch in 1.02 seconds
[31m[DISCONNECTED] K40 Lobby Kaligonj Branch
[34m[SCHEDULER] K40 Lobby Kaligonj Branch: 0 new logs
[33m
[DEBUG] Connecting to K40 Lobby Muladi Sub Branch (172.19.189.231:4370)
[32m[CONNECTED] K40 Lobby Muladi Sub Branch
[35m[ACCESS INSERT TIME:2025-08-20 18:28:06]
Insert attempts: 0,
successful: 0 records
into Access DB in 0.00s
from K40 Lobby Mohakhali Branch
[37m[FLASK DB INSERT TIME:2025-08-20 18:28:06]
Insert attempts: 0,
committed: 0 records
into Flask DB in 0.00s
from K40 Lobby Mohakhali Branch
[31m[DISCONNECTED] K40 Lobby Mohakhali Branch
[34m[SCHEDULER] K40 Lobby Mohakhali Branch: 0 new logs
[33m
[DEBUG] Connecting to K40 Lobby Hatirpool Sub Branch (172.19.190.231:4370)
[32m[CONNECTED] K40 Lobby Hatirpool Sub Branch
[36m[INFO] Retrieved 2054 logs from K40 Lobby Benapole Branch in 0.88 seconds
[36m[INFO] Retrieved 1712 logs from K40 Lobby Panchar Sub Branch in 0.78 seconds
[35m[ACCESS INSERT TIME:2025-08-20 18:28:06]
Insert attempts: 0,
successful: 0 records
into Access DB in 0.00s
from K40 Lobby Lohagara Branch
[37m[FLASK DB INSERT TIME:2025-08-20 18:28:06]
Insert attempts: 0,
committed: 0 records
into Flask DB in 0.00s
from K40 Lobby Lohagara Branch
[31m[DISCONNECTED] K40 Lobby Lohagara Branch
[34m[SCHEDULER] K40 Lobby Lohagara Branch: 0 new logs
[33m
[DEBUG] Connecting to K40 Lobby Yousuf Market Sub Branch (172.19.191.231:4370)
[32m[CONNECTED] K40 Lobby Yousuf Market Sub Branch
[36m[INFO] Retrieved 2392 logs from K40 Lobby Muladi Sub Branch in 0.83 seconds
[35m[ACCESS INSERT TIME:2025-08-20 18:28:07]
Insert attempts: 0,
successful: 0 records
into Access DB in 0.00s
from K40 Lobby Palashbari Branch
[37m[FLASK DB INSERT TIME:2025-08-20 18:28:07]
Insert attempts: 0,
committed: 0 records
into Flask DB in 0.00s
from K40 Lobby Palashbari Branch
[31m[DISCONNECTED] K40 Lobby Palashbari Branch
[34m[SCHEDULER] K40 Lobby Palashbari Branch: 0 new logs
[33m
[DEBUG] Connecting to K40 Lobby Laxmipur Sub Branch (172.19.192.231:4370)
[32m[CONNECTED] K40 Lobby Laxmipur Sub Branch
[35m[ACCESS INSERT TIME:2025-08-20 18:28:07]
Insert attempts: 0,
successful: 0 records
into Access DB in 0.00s
from K40 Lobby Panchar Sub Branch
[37m[FLASK DB INSERT TIME:2025-08-20 18:28:07]
Insert attempts: 0,
committed: 0 records
into Flask DB in 0.00s
from K40 Lobby Panchar Sub Branch
[31m[DISCONNECTED] K40 Lobby Panchar Sub Branch
[34m[SCHEDULER] K40 Lobby Panchar Sub Branch: 0 new logs
[33m
[DEBUG] Connecting to K40 Lobby Dupchanchia Sub Branch (172.19.193.231:4370)
[36m[INFO] Retrieved 1236 logs from K40 Lobby Yousuf Market Sub Branch in 0.64 seconds
[32m[CONNECTED] K40 Lobby Dupchanchia Sub Branch
[36m[INFO] Retrieved 3243 logs from K40 Lobby Hatirpool Sub Branch in 1.12 seconds
[35m[ACCESS INSERT TIME:2025-08-20 18:28:07]
Insert attempts: 0,
successful: 0 records
into Access DB in 0.00s
from K40 Lobby BabuBazar Sub Branch
[37m[FLASK DB INSERT TIME:2025-08-20 18:28:07]
Insert attempts: 0,
committed: 0 records
into Flask DB in 0.00s
from K40 Lobby BabuBazar Sub Branch
[31m[DISCONNECTED] K40 Lobby BabuBazar Sub Branch
[34m[SCHEDULER] K40 Lobby BabuBazar Sub Branch: 0 new logs
[33m
[DEBUG] Connecting to K40 Lobby Khan Jahan Ali Mazar Sub Branch (172.19.194.231:4370)
[32m[CONNECTED] K40 Lobby Khan Jahan Ali Mazar Sub Branch
[35m[ACCESS INSERT TIME:2025-08-20 18:28:08]
Insert attempts: 0,
successful: 0 records
into Access DB in 0.00s
from K40 Lobby Hatirpool Sub Branch
[37m[FLASK DB INSERT TIME:2025-08-20 18:28:08]
Insert attempts: 0,
committed: 0 records
into Flask DB in 0.00s
from K40 Lobby Hatirpool Sub Branch
[31m[DISCONNECTED] K40 Lobby Hatirpool Sub Branch
[34m[SCHEDULER] K40 Lobby Hatirpool Sub Branch: 0 new logs
[33m
[DEBUG] Connecting to K40 Lobby Gopalpur Sub Branch (172.19.195.231:4370)
[36m[INFO] Retrieved 1379 logs from K40 Lobby Dupchanchia Sub Branch in 0.64 seconds
[32m[CONNECTED] K40 Lobby Gopalpur Sub Branch
[36m[INFO] Retrieved 1847 logs from K40 Lobby Laxmipur Sub Branch in 1.16 seconds
[35m[ACCESS INSERT TIME:2025-08-20 18:28:08]
Insert attempts: 0,
successful: 0 records
into Access DB in 0.00s
from K40 Lobby Muladi Sub Branch
[37m[FLASK DB INSERT TIME:2025-08-20 18:28:08]
Insert attempts: 0,
committed: 0 records
into Flask DB in 0.00s
from K40 Lobby Muladi Sub Branch
[31m[DISCONNECTED] K40 Lobby Muladi Sub Branch
[34m[SCHEDULER] K40 Lobby Muladi Sub Branch: 0 new logs
[33m
[DEBUG] Connecting to K40 Lobby Thermax Sub Branch (172.19.196.231:4370)
[32m[CONNECTED] K40 Lobby Thermax Sub Branch
[35m[ACCESS INSERT TIME:2025-08-20 18:28:08]
Insert attempts: 0,
successful: 0 records
into Access DB in 0.00s
from K40 Lobby Laxmipur Sub Branch
[37m[FLASK DB INSERT TIME:2025-08-20 18:28:08]
Insert attempts: 0,
committed: 0 records
into Flask DB in 0.00s
from K40 Lobby Laxmipur Sub Branch
[36m[INFO] Retrieved 2251 logs from K40 Lobby Khan Jahan Ali Mazar Sub Branch in 0.86 seconds
[31m[DISCONNECTED] K40 Lobby Laxmipur Sub Branch
[34m[SCHEDULER] K40 Lobby Laxmipur Sub Branch: 0 new logs
[33m
[DEBUG] Connecting to K40 Lobby Trunkroad Sub Branch (172.19.197.231:4370)
[36m[INFO] Retrieved 630 logs from K40 Lobby Gopalpur Sub Branch in 0.54 seconds
[32m[CONNECTED] K40 Lobby Trunkroad Sub Branch
[35m[ACCESS INSERT TIME:2025-08-20 18:28:09]
Insert attempts: 0,
successful: 0 records
into Access DB in 0.00s
from K40 Lobby Dupchanchia Sub Branch
[37m[FLASK DB INSERT TIME:2025-08-20 18:28:09]
Insert attempts: 0,
committed: 0 records
into Flask DB in 0.00s
from K40 Lobby Dupchanchia Sub Branch
[31m[DISCONNECTED] K40 Lobby Dupchanchia Sub Branch
[34m[SCHEDULER] K40 Lobby Dupchanchia Sub Branch: 0 new logs
[33m
[DEBUG] Connecting to K40 Lobby Pirganj Sub Branch (172.19.198.231:4370)
[35m[ACCESS INSERT TIME:2025-08-20 18:28:09]
Insert attempts: 0,
successful: 0 records
into Access DB in 0.00s
from K40 Lobby Gopalpur Sub Branch
[37m[FLASK DB INSERT TIME:2025-08-20 18:28:09]
Insert attempts: 0,
committed: 0 records
into Flask DB in 0.00s
from K40 Lobby Gopalpur Sub Branch
[31m[DISCONNECTED] K40 Lobby Gopalpur Sub Branch
[34m[SCHEDULER] K40 Lobby Gopalpur Sub Branch: 0 new logs
[33m
[DEBUG] Connecting to K40 Lobby Barua Sub Branch (172.19.199.231:4370)
[32m[CONNECTED] K40 Lobby Barua Sub Branch
[36m[INFO] Retrieved 1705 logs from K40 Lobby Trunkroad Sub Branch in 0.76 seconds
[35m[ACCESS INSERT TIME:2025-08-20 18:28:10]
Insert attempts: 0,
successful: 0 records
into Access DB in 0.00s
from K40 Lobby Benapole Branch
[37m[FLASK DB INSERT TIME:2025-08-20 18:28:10]
Insert attempts: 0,
committed: 0 records
into Flask DB in 0.00s
from K40 Lobby Benapole Branch
[31m[DISCONNECTED] K40 Lobby Benapole Branch
[34m[SCHEDULER] K40 Lobby Benapole Branch: 0 new logs
[33m
[DEBUG] Connecting to K40 Lobby Satkhira Branch (172.19.200.231:4370)
[32m[CONNECTED] K40 Lobby Satkhira Branch
[35m[ACCESS INSERT TIME:2025-08-20 18:28:10]
Insert attempts: 0,
successful: 0 records
into Access DB in 0.00s
from K40 Lobby Bhandaria Branch
[37m[FLASK DB INSERT TIME:2025-08-20 18:28:10]
Insert attempts: 0,
committed: 0 records
into Flask DB in 0.00s
from K40 Lobby Bhandaria Branch
[31m[DISCONNECTED] K40 Lobby Bhandaria Branch
[34m[SCHEDULER] K40 Lobby Bhandaria Branch: 0 new logs
[33m
[DEBUG] Connecting to K40 Lobby Bagerhat Sub Branch (172.19.201.231:4370)
[36m[INFO] Retrieved 2945 logs from K40 Lobby Thermax Sub Branch in 1.84 seconds
[32m[CONNECTED] K40 Lobby Bagerhat Sub Branch
[36m[INFO] Retrieved 2767 logs from K40 Lobby Barua Sub Branch in 0.96 seconds
[35m[ACCESS INSERT TIME:2025-08-20 18:28:10]
Insert attempts: 0,
successful: 0 records
into Access DB in 0.00s
from K40 Lobby Trunkroad Sub Branch
[37m[FLASK DB INSERT TIME:2025-08-20 18:28:10]
Insert attempts: 0,
committed: 0 records
into Flask DB in 0.00s
from K40 Lobby Trunkroad Sub Branch
[31m[DISCONNECTED] K40 Lobby Trunkroad Sub Branch
[34m[SCHEDULER] K40 Lobby Trunkroad Sub Branch: 0 new logs
[33m
[DEBUG] Connecting to K40 Lobby Dania Sub Branch (172.19.202.231:4370)
[32m[CONNECTED] K40 Lobby Dania Sub Branch
[36m[INFO] Retrieved 1667 logs from K40 Lobby Satkhira Branch in 0.82 seconds
[35m[ACCESS INSERT TIME:2025-08-20 18:28:11]
Insert attempts: 0,
successful: 0 records
into Access DB in 0.00s
from K40 Lobby Thermax Sub Branch
[37m[FLASK DB INSERT TIME:2025-08-20 18:28:11]
Insert attempts: 0,
committed: 0 records
into Flask DB in 0.00s
from K40 Lobby Thermax Sub Branch
[31m[DISCONNECTED] K40 Lobby Thermax Sub Branch
[34m[SCHEDULER] K40 Lobby Thermax Sub Branch: 0 new logs
[33m
[DEBUG] Connecting to K40 Lobby Khatungonj Branch (172.19.203.231:4370)
[32m[CONNECTED] K40 Lobby Khatungonj Branch
[35m[ACCESS INSERT TIME:2025-08-20 18:28:11]
Insert attempts: 0,
successful: 0 records
into Access DB in 0.00s
from K40 Lobby Satkhira Branch
[37m[FLASK DB INSERT TIME:2025-08-20 18:28:11]
Insert attempts: 0,
committed: 0 records
into Flask DB in 0.00s
from K40 Lobby Satkhira Branch
[31m[DISCONNECTED] K40 Lobby Satkhira Branch
[34m[SCHEDULER] K40 Lobby Satkhira Branch: 0 new logs
[33m
[DEBUG] Connecting to K40 Lobby Kalaroa Sub Branch (172.19.204.231:4370)
[36m[INFO] Retrieved 2968 logs from K40 Lobby Bagerhat Sub Branch in 1.06 seconds
[32m[CONNECTED] K40 Lobby Kalaroa Sub Branch
[35m[ACCESS INSERT TIME:2025-08-20 18:28:12]
Insert attempts: 0,
successful: 0 records
into Access DB in 0.00s
from K40 Lobby Ramgonj Branch
[37m[FLASK DB INSERT TIME:2025-08-20 18:28:12]
Insert attempts: 0,
committed: 0 records
into Flask DB in 0.00s
from K40 Lobby Ramgonj Branch
[31m[DISCONNECTED] K40 Lobby Ramgonj Branch
[33m
[DEBUG] Connecting to K40 Lobby Mongla Sub Branch (172.19.205.231:4370)
[34m[SCHEDULER] K40 Lobby Ramgonj Branch: 0 new logs
[32m[CONNECTED] K40 Lobby Mongla Sub Branch
[35m[ACCESS INSERT TIME:2025-08-20 18:28:12]
Insert attempts: 0,
successful: 0 records
into Access DB in 0.00s
from K40 Lobby Yousuf Market Sub Branch
[37m[FLASK DB INSERT TIME:2025-08-20 18:28:12]
Insert attempts: 0,
committed: 0 records
into Flask DB in 0.00s
from K40 Lobby Yousuf Market Sub Branch
[36m[INFO] Retrieved 2278 logs from K40 Lobby Khatungonj Branch in 0.90 seconds
[31m[DISCONNECTED] K40 Lobby Yousuf Market Sub Branch
[34m[SCHEDULER] K40 Lobby Yousuf Market Sub Branch: 0 new logs
[33m
[DEBUG] Connecting to K40 Lobby Tejgaon Link Road Branch (172.19.206.231:4370)
[32m[CONNECTED] K40 Lobby Tejgaon Link Road Branch
[36m[INFO] Retrieved 2115 logs from K40 Lobby Kalaroa Sub Branch in 0.78 seconds
[35m[ACCESS INSERT TIME:2025-08-20 18:28:12]
Insert attempts: 0,
successful: 0 records
into Access DB in 0.00s
from K40 Lobby Khatungonj Branch
[37m[FLASK DB INSERT TIME:2025-08-20 18:28:12]
Insert attempts: 0,
committed: 0 records
into Flask DB in 0.00s
from K40 Lobby Khatungonj Branch
[31m[DISCONNECTED] K40 Lobby Khatungonj Branch
[34m[SCHEDULER] K40 Lobby Khatungonj Branch: 0 new logs
[33m
[DEBUG] Connecting to K40 Lobby Indira Road Sub Branch (172.19.207.231:4370)
[36m[INFO] Retrieved 1098 logs from K40 Lobby Mongla Sub Branch in 0.65 seconds
[31m[ERROR] Polling K40 Lobby Pirganj Sub Branch failed: can't reach device (ping 172.19.198.231)
[34m[SCHEDULER] K40 Lobby Pirganj Sub Branch: 0 new logs
[33m
[DEBUG] Connecting to K40 Lobby Fakirhat sub Branch (172.19.208.231:4370)
[35m[ACCESS INSERT TIME:2025-08-20 18:28:13]
Insert attempts: 0,
successful: 0 records
into Access DB in 0.00s
from K40 Lobby Kalaroa Sub Branch
[37m[FLASK DB INSERT TIME:2025-08-20 18:28:13]
Insert attempts: 0,
committed: 0 records
into Flask DB in 0.00s
from K40 Lobby Kalaroa Sub Branch
[32m[CONNECTED] K40 Lobby Fakirhat sub Branch
[31m[DISCONNECTED] K40 Lobby Kalaroa Sub Branch
[34m[SCHEDULER] K40 Lobby Kalaroa Sub Branch: 0 new logs
[33m
[DEBUG] Connecting to K40 Lobby Tanbazar Branch (172.19.209.231:4370)
[32m[CONNECTED] K40 Lobby Tanbazar Branch
[35m[ACCESS INSERT TIME:2025-08-20 18:28:13]
Insert attempts: 0,
successful: 0 records
into Access DB in 0.00s
from K40 Lobby Rupatali Sub Branch
[37m[FLASK DB INSERT TIME:2025-08-20 18:28:13]
Insert attempts: 0,
committed: 0 records
into Flask DB in 0.00s
from K40 Lobby Rupatali Sub Branch
[31m[DISCONNECTED] K40 Lobby Rupatali Sub Branch
[34m[SCHEDULER] K40 Lobby Rupatali Sub Branch: 0 new logs
[33m
[DEBUG] Connecting to K40 Lobby Narshingdi Branch (172.19.210.231:4370)
[36m[INFO] Retrieved 1829 logs from K40 Lobby Fakirhat sub Branch in 0.84 seconds
[35m[ACCESS INSERT TIME:2025-08-20 18:28:14]
Insert attempts: 0,
successful: 0 records
into Access DB in 0.00s
from K40 Lobby Barua Sub Branch
[37m[FLASK DB INSERT TIME:2025-08-20 18:28:14]
Insert attempts: 0,
committed: 0 records
into Flask DB in 0.00s
from K40 Lobby Barua Sub Branch
[31m[DISCONNECTED] K40 Lobby Barua Sub Branch
[34m[SCHEDULER] K40 Lobby Barua Sub Branch: 0 new logs
[33m
[DEBUG] Connecting to K40 Lobby Darus Salam Branch (172.19.211.231:4370)
[36m[INFO] Retrieved 1662 logs from K40 Lobby Tanbazar Branch in 0.83 seconds
[32m[CONNECTED] K40 Lobby Darus Salam Branch
[36m[INFO] Retrieved 5110 logs from K40 Lobby Tejgaon Link Road Branch in 1.73 seconds
[35m[ACCESS INSERT TIME:2025-08-20 18:28:14]
Insert attempts: 0,
successful: 0 records
into Access DB in 0.00s
from K40 Lobby Fakirhat sub Branch
[37m[FLASK DB INSERT TIME:2025-08-20 18:28:14]
Insert attempts: 0,
committed: 0 records
into Flask DB in 0.00s
from K40 Lobby Fakirhat sub Branch
[31m[DISCONNECTED] K40 Lobby Fakirhat sub Branch
[34m[SCHEDULER] K40 Lobby Fakirhat sub Branch: 0 new logs
[33m
[DEBUG] Connecting to K40 Lobby Cox Bazar Branch (172.19.212.231:4370)
[32m[CONNECTED] K40 Lobby Cox Bazar Branch
[35m[ACCESS INSERT TIME:2025-08-20 18:28:14]
Insert attempts: 0,
successful: 0 records
into Access DB in 0.00s
from K40 Lobby Tanbazar Branch
[37m[FLASK DB INSERT TIME:2025-08-20 18:28:14]
Insert attempts: 0,
committed: 0 records
into Flask DB in 0.00s
from K40 Lobby Tanbazar Branch
[31m[DISCONNECTED] K40 Lobby Tanbazar Branch
[34m[SCHEDULER] K40 Lobby Tanbazar Branch: 0 new logs
[33m
[DEBUG] Connecting to K40 Lobby Bhairab Branch (172.19.213.231:4370)
[32m[CONNECTED] K40 Lobby Bhairab Branch
[35m[ACCESS INSERT TIME:2025-08-20 18:28:15]
Insert attempts: 0,
successful: 0 records
into Access DB in 0.00s
from K40 Lobby Tejgaon Link Road Branch
[37m[FLASK DB INSERT TIME:2025-08-20 18:28:15]
Insert attempts: 0,
committed: 0 records
into Flask DB in 0.00s
from K40 Lobby Tejgaon Link Road Branch
[31m[DISCONNECTED] K40 Lobby Tejgaon Link Road Branch
[34m[SCHEDULER] K40 Lobby Tejgaon Link Road Branch: 0 new logs
[33m
[DEBUG] Connecting to K40 Lobby Pirojpur Sub Branch (172.19.214.231:4370)
[36m[INFO] Retrieved 17580 logs from K40 Lobby Dania Sub Branch in 4.48 seconds
[32m[CONNECTED] K40 Lobby Pirojpur Sub Branch
[35m[ACCESS INSERT TIME:2025-08-20 18:28:15]
Insert attempts: 0,
successful: 0 records
into Access DB in 0.00s
from K40 Lobby Bagerhat Sub Branch
[37m[FLASK DB INSERT TIME:2025-08-20 18:28:15]
Insert attempts: 0,
committed: 0 records
into Flask DB in 0.00s
from K40 Lobby Bagerhat Sub Branch
[31m[DISCONNECTED] K40 Lobby Bagerhat Sub Branch
[34m[SCHEDULER] K40 Lobby Bagerhat Sub Branch: 0 new logs
[33m
[DEBUG] Connecting to K40 Lobby Shahi Eidgah Sub Branch (172.19.215.231:4370)
[36m[INFO] Retrieved 3315 logs from K40 Lobby Cox Bazar Branch in 1.32 seconds
[32m[CONNECTED] K40 Lobby Shahi Eidgah Sub Branch
[35m[ACCESS INSERT TIME:2025-08-20 18:28:16]
Insert attempts: 0,
successful: 0 records
into Access DB in 0.00s
from K40 Lobby Mongla Sub Branch
[37m[FLASK DB INSERT TIME:2025-08-20 18:28:16]
Insert attempts: 0,
committed: 0 records
into Flask DB in 0.00s
from K40 Lobby Mongla Sub Branch
[36m[INFO] Retrieved 5895 logs from K40 Lobby Darus Salam Branch in 1.96 seconds
[31m[DISCONNECTED] K40 Lobby Mongla Sub Branch
[34m[SCHEDULER] K40 Lobby Mongla Sub Branch: 0 new logs
[33m
[DEBUG] Connecting to K40 Lobby Charfeshon Branch (172.19.216.231:4370)
[32m[CONNECTED] K40 Lobby Charfeshon Branch
[31m[ERROR] Polling K40 Lobby Indira Road Sub Branch failed: can't reach device (ping 172.19.207.231)
[34m[SCHEDULER] K40 Lobby Indira Road Sub Branch: 0 new logs
[33m
[DEBUG] Connecting to K40 Lobby Hossainpur Branch (172.19.217.231:4370)
[35m[ACCESS INSERT TIME:2025-08-20 18:28:16]
Insert attempts: 0,
successful: 0 records
into Access DB in 0.00s
from K40 Lobby Dania Sub Branch
[37m[FLASK DB INSERT TIME:2025-08-20 18:28:16]
Insert attempts: 0,
committed: 0 records
into Flask DB in 0.00s
from K40 Lobby Dania Sub Branch
[36m[INFO] Retrieved 2827 logs from K40 Lobby Pirojpur Sub Branch in 1.11 seconds
[31m[DISCONNECTED] K40 Lobby Dania Sub Branch
[34m[SCHEDULER] K40 Lobby Dania Sub Branch: 0 new logs
[33m
[DEBUG] Connecting to K40 Lobby Sherpur Sub Branch (172.19.218.231:4370)
[32m[CONNECTED] K40 Lobby Hossainpur Branch
[32m[CONNECTED] K40 Lobby Sherpur Sub Branch
[36m[INFO] Retrieved 2071 logs from K40 Lobby Shahi Eidgah Sub Branch in 0.84 seconds
[35m[ACCESS INSERT TIME:2025-08-20 18:28:17]
Insert attempts: 0,
successful: 0 records
into Access DB in 0.00s
from K40 Lobby Khan Jahan Ali Mazar Sub Branch
[37m[FLASK DB INSERT TIME:2025-08-20 18:28:17]
Insert attempts: 0,
committed: 0 records
into Flask DB in 0.00s
from K40 Lobby Khan Jahan Ali Mazar Sub Branch
[31m[DISCONNECTED] K40 Lobby Khan Jahan Ali Mazar Sub Branch
[34m[SCHEDULER] K40 Lobby Khan Jahan Ali Mazar Sub Branch: 0 new logs
[33m
[DEBUG] Connecting to K40 Lobby Boteswor SUB Branch (172.19.219.231:4370)
[36m[INFO] Retrieved 1689 logs from K40 Lobby Charfeshon Branch in 0.76 seconds
[36m[INFO] Retrieved 3159 logs from K40 Lobby Bhairab Branch in 2.14 seconds
[35m[ACCESS INSERT TIME:2025-08-20 18:28:17]
Insert attempts: 0,
successful: 0 records
into Access DB in 0.00s
from K40 Lobby Shahi Eidgah Sub Branch
[37m[FLASK DB INSERT TIME:2025-08-20 18:28:17]
Insert attempts: 0,
committed: 0 records
into Flask DB in 0.00s
from K40 Lobby Shahi Eidgah Sub Branch
[32m[CONNECTED] K40 Lobby Boteswor SUB Branch
[31m[DISCONNECTED] K40 Lobby Shahi Eidgah Sub Branch
[34m[SCHEDULER] K40 Lobby Shahi Eidgah Sub Branch: 0 new logs
[33m
[DEBUG] Connecting to K40 Lobby Aftabganj Sub Branch (172.19.220.231:4370)
[32m[CONNECTED] K40 Lobby Aftabganj Sub Branch
[31m[ERROR] Polling K40 Lobby Narshingdi Branch failed: can't reach device (ping 172.19.210.231)
[34m[SCHEDULER] K40 Lobby Narshingdi Branch: 0 new logs
[33m
[DEBUG] Connecting to K40 Lobby Padua Bazar Sub Branch (172.19.221.231:4370)
[36m[INFO] Retrieved 1665 logs from K40 Lobby Sherpur Sub Branch in 0.79 seconds
[35m[ACCESS INSERT TIME:2025-08-20 18:28:17]
Insert attempts: 0,
successful: 0 records
into Access DB in 0.00s
from K40 Lobby Charfeshon Branch
[37m[FLASK DB INSERT TIME:2025-08-20 18:28:17]
Insert attempts: 0,
committed: 0 records
into Flask DB in 0.00s
from K40 Lobby Charfeshon Branch
[36m[INFO] Retrieved 2177 logs from K40 Lobby Hossainpur Branch in 1.00 seconds
[31m[DISCONNECTED] K40 Lobby Charfeshon Branch
[34m[SCHEDULER] K40 Lobby Charfeshon Branch: 0 new logs
[33m
[DEBUG] Connecting to K40 Lobby Tangail Branch  (172.19.222.231:4370)
[32m[CONNECTED] K40 Lobby Padua Bazar Sub Branch
[32m[CONNECTED] K40 Lobby Tangail Branch 
[35m[ACCESS INSERT TIME:2025-08-20 18:28:18]
Insert attempts: 0,
successful: 0 records
into Access DB in 0.00s
from K40 Lobby Cox Bazar Branch
[37m[FLASK DB INSERT TIME:2025-08-20 18:28:18]
Insert attempts: 0,
committed: 0 records
into Flask DB in 0.00s
from K40 Lobby Cox Bazar Branch
[31m[DISCONNECTED] K40 Lobby Cox Bazar Branch
[34m[SCHEDULER] K40 Lobby Cox Bazar Branch: 0 new logs
[33m
[DEBUG] Connecting to K40 Lobby Birampur Sub Branch (172.19.223.231:4370)
[36m[INFO] Retrieved 1029 logs from K40 Lobby Aftabganj Sub Branch in 0.61 seconds
[32m[CONNECTED] K40 Lobby Birampur Sub Branch
[35m[ACCESS INSERT TIME:2025-08-20 18:28:18]
Insert attempts: 0,
successful: 0 records
into Access DB in 0.00s
from K40 Lobby Aftabganj Sub Branch
[37m[FLASK DB INSERT TIME:2025-08-20 18:28:18]
Insert attempts: 0,
committed: 0 records
into Flask DB in 0.00s
from K40 Lobby Aftabganj Sub Branch
[31m[DISCONNECTED] K40 Lobby Aftabganj Sub Branch
[34m[SCHEDULER] K40 Lobby Aftabganj Sub Branch: 0 new logs
[33m
[DEBUG] Connecting to K40 Lobby Mirpur Vault Room Branch (172.19.133.231:4370)
[35m[ACCESS INSERT TIME:2025-08-20 18:28:18]
Insert attempts: 0,
successful: 0 records
into Access DB in 0.00s
from K40 Lobby Pirojpur Sub Branch
[37m[FLASK DB INSERT TIME:2025-08-20 18:28:18]
Insert attempts: 0,
committed: 0 records
into Flask DB in 0.00s
from K40 Lobby Pirojpur Sub Branch
[31m[DISCONNECTED] K40 Lobby Pirojpur Sub Branch
[34m[SCHEDULER] K40 Lobby Pirojpur Sub Branch: 0 new logs
[33m
[DEBUG] Connecting to K40 Lobby Palashbari Branch (EXT) Branch (172.19.183.232:4370)
[36m[INFO] Retrieved 1535 logs from K40 Lobby Birampur Sub Branch in 0.71 seconds
[36m[INFO] Retrieved 1444 logs from K40 Lobby Tangail Branch  in 1.02 seconds
[35m[ACCESS INSERT TIME:2025-08-20 18:28:19]
Insert attempts: 0,
successful: 0 records
into Access DB in 0.00s
from K40 Lobby Sherpur Sub Branch
[37m[FLASK DB INSERT TIME:2025-08-20 18:28:19]
Insert attempts: 0,
committed: 0 records
into Flask DB in 0.00s
from K40 Lobby Sherpur Sub Branch
[31m[DISCONNECTED] K40 Lobby Sherpur Sub Branch
[34m[SCHEDULER] K40 Lobby Sherpur Sub Branch: 0 new logs
[35m[ACCESS INSERT TIME:2025-08-20 18:28:19]
Insert attempts: 0,
successful: 0 records
into Access DB in 0.00s
from K40 Lobby Birampur Sub Branch
[37m[FLASK DB INSERT TIME:2025-08-20 18:28:19]
Insert attempts: 0,
committed: 0 records
into Flask DB in 0.00s
from K40 Lobby Birampur Sub Branch
[31m[DISCONNECTED] K40 Lobby Birampur Sub Branch
[34m[SCHEDULER] K40 Lobby Birampur Sub Branch: 0 new logs
[36m[INFO] Retrieved 1209 logs from K40 Lobby Boteswor SUB Branch in 2.11 seconds
[35m[ACCESS INSERT TIME:2025-08-20 18:28:20]
Insert attempts: 0,
successful: 0 records
into Access DB in 0.00s
from K40 Lobby Hossainpur Branch
[37m[FLASK DB INSERT TIME:2025-08-20 18:28:20]
Insert attempts: 0,
committed: 0 records
into Flask DB in 0.00s
from K40 Lobby Hossainpur Branch
[31m[DISCONNECTED] K40 Lobby Hossainpur Branch
[34m[SCHEDULER] K40 Lobby Hossainpur Branch: 0 new logs
[35m[ACCESS INSERT TIME:2025-08-20 18:28:20]
Insert attempts: 0,
successful: 0 records
into Access DB in 0.00s
from K40 Lobby Boteswor SUB Branch
[37m[FLASK DB INSERT TIME:2025-08-20 18:28:20]
Insert attempts: 0,
committed: 0 records
into Flask DB in 0.00s
from K40 Lobby Boteswor SUB Branch
[36m[INFO] Retrieved 1462 logs from K40 Lobby Padua Bazar Sub Branch in 2.20 seconds
[35m[ACCESS INSERT TIME:2025-08-20 18:28:20]
Insert attempts: 0,
successful: 0 records
into Access DB in 0.00s
from K40 Lobby Tangail Branch 
[37m[FLASK DB INSERT TIME:2025-08-20 18:28:20]
Insert attempts: 0,
committed: 0 records
into Flask DB in 0.00s
from K40 Lobby Tangail Branch 
[31m[DISCONNECTED] K40 Lobby Tangail Branch 
[34m[SCHEDULER] K40 Lobby Tangail Branch : 0 new logs
[31m[DISCONNECTED] K40 Lobby Boteswor SUB Branch
[34m[SCHEDULER] K40 Lobby Boteswor SUB Branch: 0 new logs
[35m[ACCESS INSERT TIME:2025-08-20 18:28:21]
Insert attempts: 0,
successful: 0 records
into Access DB in 0.00s
from K40 Lobby Padua Bazar Sub Branch
[37m[FLASK DB INSERT TIME:2025-08-20 18:28:21]
Insert attempts: 0,
committed: 0 records
into Flask DB in 0.00s
from K40 Lobby Padua Bazar Sub Branch
[31m[DISCONNECTED] K40 Lobby Padua Bazar Sub Branch
[34m[SCHEDULER] K40 Lobby Padua Bazar Sub Branch: 0 new logs
[35m[ACCESS INSERT TIME:2025-08-20 18:28:21]
Insert attempts: 0,
successful: 0 records
into Access DB in 0.00s
from K40 Lobby Bhairab Branch
[37m[FLASK DB INSERT TIME:2025-08-20 18:28:21]
Insert attempts: 0,
committed: 0 records
into Flask DB in 0.00s
from K40 Lobby Bhairab Branch
[31m[DISCONNECTED] K40 Lobby Bhairab Branch
[34m[SCHEDULER] K40 Lobby Bhairab Branch: 0 new logs
[35m[ACCESS INSERT TIME:2025-08-20 18:28:22]
Insert attempts: 0,
successful: 0 records
into Access DB in 0.00s
from K40 Lobby Darus Salam Branch
[37m[FLASK DB INSERT TIME:2025-08-20 18:28:22]
Insert attempts: 0,
committed: 0 records
into Flask DB in 0.00s
from K40 Lobby Darus Salam Branch
[31m[DISCONNECTED] K40 Lobby Darus Salam Branch
[34m[SCHEDULER] K40 Lobby Darus Salam Branch: 0 new logs
[31m[ERROR] Polling K40 Lobby Palashbari Branch (EXT) Branch failed: can't reach device (ping 172.19.183.232)
[34m[SCHEDULER] K40 Lobby Palashbari Branch (EXT) Branch: 0 new logs
[31m[ERROR] Polling K40 Lobby Mirpur Vault Room Branch failed: timed out
[34m[SCHEDULER] K40 Lobby Mirpur Vault Room Branch: 0 new logs
[36m[SCHEDULER] Completed polling 123 devices. Total new logs: 6. Run time: 62.58s

RUN_SUMMARY_JSON: {"start": "2025-08-20T18:27:36.184873", "end": "2025-08-20T18:28:38.777037", "devices_polled": 123, "new_logs": 6, "elapsed_seconds": 62.581, "exceptions": [], "logfile": "logs\\zk_sync_20250820_182736.log"}

===== ZK SYNC RUN STOP: 2025-08-20 18:28:38 (elapsed 62.59s) =====

