
===== ZK SYNC RUN START: 2025-09-01 16:10:59 =====
[35m[SCHEDULER] Dispatching polling for devices… (log: logs\zk_sync_20250901_161059.log)
[33m
[DEBUG] Connecting to K40 Lobby Principal Branch (172.19.102.231:4370)
[33m
[DEBUG] Connecting to K40 Lobby Hemayetpur  Branch (172.19.103.231:4370)
[33m
[DEBUG] Connecting to K40 Lobby Agrabad  Branch (172.19.105.231:4370)[33m
[DEBUG] Connecting to K40 Lobby Bhatiary  Branch (172.19.104.231:4370)[33m
[DEBUG] Connecting to K40 Lobby Khulna Branch (172.19.106.231:4370)[33m
[DEBUG] Connecting to K40 Lobby Keraniganj Branch (172.19.108.231:4370)[33m
[DEBUG] Connecting to K40 Lobby Katakhali Branch (172.19.107.231:4370)
[33m
[DEBUG] Connecting to K40 Lobby Uttara Branch (172.19.109.231:4370)[33m
[DEBUG] Connecting to K40 Lobby Gulshan Branch (172.19.110.231:4370)
[33m
[DEBUG] Connecting to K40 Lobby Velanagar Branch (172.19.111.231:4370)





[32m[CONNECTED] K40 Lobby Uttara Branch
[32m[CONNECTED] K40 Lobby Principal Branch
[32m[CONNECTED] K40 Lobby Hemayetpur  Branch
[32m[CONNECTED] K40 Lobby Agrabad  Branch
[32m[CONNECTED] K40 Lobby Gulshan Branch
[32m[CONNECTED] K40 Lobby Velanagar Branch
[32m[CONNECTED] K40 Lobby Katakhali Branch
[36m[INFO] Resolved device SN: A8N5231260116
[33m[DEBUG] Fetching users from K40 Lobby Principal Branch
[36m[INFO] Resolved device SN: A8N5232360705
[33m[DEBUG] Fetching users from K40 Lobby Uttara Branch
[36m[INFO] Resolved device SN: A8N5232360851
[33m[DEBUG] Fetching users from K40 Lobby Agrabad  Branch
[36m[INFO] Resolved device SN: A8N5232360629
[33m[DEBUG] Fetching users from K40 Lobby Velanagar Branch
[32m[CONNECTED] K40 Lobby Keraniganj Branch
[32m[CONNECTED] K40 Lobby Bhatiary  Branch
[36m[INFO] Resolved device SN: A8N5232360470
[33m[DEBUG] Fetching users from K40 Lobby Gulshan Branch[32m[CONNECTED] K40 Lobby Khulna Branch

[36m[INFO] Resolved device SN: A8N5232360653
[33m[DEBUG] Fetching users from K40 Lobby Hemayetpur  Branch[36m[INFO] Resolved device SN: A8N5232360596
[33m[DEBUG] Fetching users from K40 Lobby Katakhali Branch

[36m[INFO] Resolved device SN: A8N5232360005
[33m[DEBUG] Fetching users from K40 Lobby Bhatiary  Branch
[36m[INFO] Resolved device SN: A8N5232360900
[33m[DEBUG] Fetching users from K40 Lobby Keraniganj Branch
[36m[INFO] Resolved device SN: A8N5231260510
[33m[DEBUG] Fetching users from K40 Lobby Khulna Branch
[36m[INFO] Fetched 13 users from K40 Lobby Bhatiary  Branch
[31m[ERROR] Polling K40 Lobby Bhatiary  Branch failed: DirLock.__init__() got an unexpected keyword argument 'poll_interval'
[36m[INFO] Fetched 13 users from K40 Lobby Keraniganj Branch
[31m[ERROR] Polling K40 Lobby Keraniganj Branch failed: DirLock.__init__() got an unexpected keyword argument 'poll_interval'
[36m[INFO] Fetched 47 users from K40 Lobby Principal Branch
[31m[ERROR] Polling K40 Lobby Principal Branch failed: DirLock.__init__() got an unexpected keyword argument 'poll_interval'
[36m[INFO] Fetched 23 users from K40 Lobby Agrabad  Branch
[31m[ERROR] Polling K40 Lobby Agrabad  Branch failed: DirLock.__init__() got an unexpected keyword argument 'poll_interval'
[36m[INFO] Fetched 18 users from K40 Lobby Velanagar Branch
[31m[ERROR] Polling K40 Lobby Velanagar Branch failed: DirLock.__init__() got an unexpected keyword argument 'poll_interval'
[36m[INFO] Fetched 12 users from K40 Lobby Hemayetpur  Branch
[31m[ERROR] Polling K40 Lobby Hemayetpur  Branch failed: DirLock.__init__() got an unexpected keyword argument 'poll_interval'
[31m[INFO] Disconnected from K40 Lobby Bhatiary  Branch
[34m[SCHEDULER] K40 Lobby Bhatiary  Branch: 0 new logs
[33m
[DEBUG] Connecting to K40 Lobby Imamganj Branch (172.19.112.231:4370)
[36m[INFO] Fetched 46 users from K40 Lobby Uttara Branch
[31m[ERROR] Polling K40 Lobby Uttara Branch failed: DirLock.__init__() got an unexpected keyword argument 'poll_interval'
[36m[INFO] Fetched 17 users from K40 Lobby Katakhali Branch
[31m[ERROR] Polling K40 Lobby Katakhali Branch failed: DirLock.__init__() got an unexpected keyword argument 'poll_interval'
[31m[INFO] Disconnected from K40 Lobby Principal Branch
[34m[SCHEDULER] K40 Lobby Principal Branch: 0 new logs
[33m
[DEBUG] Connecting to K40 Lobby Ashulia Branch (172.19.113.231:4370)
[31m[INFO] Disconnected from K40 Lobby Velanagar Branch
[34m[SCHEDULER] K40 Lobby Velanagar Branch: 0 new logs
[31m[INFO] Disconnected from K40 Lobby Keraniganj Branch
[34m[SCHEDULER] K40 Lobby Keraniganj Branch: 0 new logs
[33m
[DEBUG] Connecting to K40 Lobby Sylhet Branch (172.19.116.231:4370)
[33m
[DEBUG] Connecting to K40 Lobby Dhanmondi Branch (172.19.114.231:4370)
[36m[INFO] Fetched 34 users from K40 Lobby Gulshan Branch
[31m[ERROR] Polling K40 Lobby Gulshan Branch failed: DirLock.__init__() got an unexpected keyword argument 'poll_interval'
[31m[INFO] Disconnected from K40 Lobby Agrabad  Branch
[34m[SCHEDULER] K40 Lobby Agrabad  Branch: 0 new logs
[33m
[DEBUG] Connecting to K40 Lobby Jubliroad Sub Branch (172.19.117.231:4370)
[32m[CONNECTED] K40 Lobby Imamganj Branch
[31m[INFO] Disconnected from K40 Lobby Uttara Branch
[34m[SCHEDULER] K40 Lobby Uttara Branch: 0 new logs
[33m
[DEBUG] Connecting to K40 Lobby Bogura Branch (172.19.118.231:4370)
[36m[INFO] Resolved device SN: A8N5232360901
[33m[DEBUG] Fetching users from K40 Lobby Imamganj Branch
[31m[INFO] Disconnected from K40 Lobby Hemayetpur  Branch
[33m
[DEBUG] Connecting to K40 Lobby Mawna Branch (172.19.119.231:4370)
[34m[SCHEDULER] K40 Lobby Hemayetpur  Branch: 0 new logs
[32m[CONNECTED] K40 Lobby Dhanmondi Branch
[32m[CONNECTED] K40 Lobby Ashulia Branch
[31m[INFO] Disconnected from K40 Lobby Katakhali Branch
[34m[SCHEDULER] K40 Lobby Katakhali Branch: 0 new logs
[33m
[DEBUG] Connecting to K40 Lobby Islampur Branch (172.19.120.231:4370)
[32m[CONNECTED] K40 Lobby Jubliroad Sub Branch
[31m[INFO] Disconnected from K40 Lobby Gulshan Branch
[33m
[DEBUG] Connecting to K40 Lobby Modhunaghat Branch (172.19.121.231:4370)
[34m[SCHEDULER] K40 Lobby Gulshan Branch: 0 new logs
[36m[INFO] Resolved device SN: A8N5232360698
[33m[DEBUG] Fetching users from K40 Lobby Dhanmondi Branch
[36m[INFO] Resolved device SN: A8N5232360388
[33m[DEBUG] Fetching users from K40 Lobby Jubliroad Sub Branch
[36m[INFO] Fetched 31 users from K40 Lobby Khulna Branch
[31m[ERROR] Polling K40 Lobby Khulna Branch failed: DirLock.__init__() got an unexpected keyword argument 'poll_interval'
[36m[INFO] Resolved device SN: A8N5232360666
[33m[DEBUG] Fetching users from K40 Lobby Ashulia Branch
[32m[CONNECTED] K40 Lobby Bogura Branch
[36m[INFO] Fetched 35 users from K40 Lobby Imamganj Branch
[31m[ERROR] Polling K40 Lobby Imamganj Branch failed: DirLock.__init__() got an unexpected keyword argument 'poll_interval'
[32m[CONNECTED] K40 Lobby Modhunaghat Branch
[32m[CONNECTED] K40 Lobby Islampur Branch
[36m[INFO] Resolved device SN: A8N5232360139
[33m[DEBUG] Fetching users from K40 Lobby Modhunaghat Branch
[36m[INFO] Fetched 11 users from K40 Lobby Jubliroad Sub Branch
[31m[ERROR] Polling K40 Lobby Jubliroad Sub Branch failed: DirLock.__init__() got an unexpected keyword argument 'poll_interval'
[36m[INFO] Resolved device SN: A8N5232360031
[33m[DEBUG] Fetching users from K40 Lobby Bogura Branch
[36m[INFO] Resolved device SN: A8N5232360488
[33m[DEBUG] Fetching users from K40 Lobby Islampur Branch
[32m[CONNECTED] K40 Lobby Mawna Branch
[31m[INFO] Disconnected from K40 Lobby Imamganj Branch
[34m[SCHEDULER] K40 Lobby Imamganj Branch: 0 new logs
[33m
[DEBUG] Connecting to K40 Lobby Shyamnagar Branch (172.19.122.231:4370)
[36m[INFO] Resolved device SN: A8N5232360703
[33m[DEBUG] Fetching users from K40 Lobby Mawna Branch
[31m[INFO] Disconnected from K40 Lobby Khulna Branch
[34m[SCHEDULER] K40 Lobby Khulna Branch: 0 new logs
[33m
[DEBUG] Connecting to K40 Lobby Gazipur Branch (172.19.123.231:4370)
[31m[INFO] Disconnected from K40 Lobby Jubliroad Sub Branch
[34m[SCHEDULER] K40 Lobby Jubliroad Sub Branch: 0 new logs
[33m
[DEBUG] Connecting to K40 Lobby Moynamoti Branch (172.19.124.231:4370)
[36m[INFO] Fetched 13 users from K40 Lobby Modhunaghat Branch
[31m[ERROR] Polling K40 Lobby Modhunaghat Branch failed: DirLock.__init__() got an unexpected keyword argument 'poll_interval'
[36m[INFO] Fetched 10 users from K40 Lobby Islampur Branch
[31m[ERROR] Polling K40 Lobby Islampur Branch failed: DirLock.__init__() got an unexpected keyword argument 'poll_interval'
[32m[CONNECTED] K40 Lobby Shyamnagar Branch
[32m[CONNECTED] K40 Lobby Gazipur Branch
[36m[INFO] Fetched 12 users from K40 Lobby Mawna Branch
[31m[ERROR] Polling K40 Lobby Mawna Branch failed: DirLock.__init__() got an unexpected keyword argument 'poll_interval'
[31m[INFO] Disconnected from K40 Lobby Modhunaghat Branch
[34m[SCHEDULER] K40 Lobby Modhunaghat Branch: 0 new logs
[32m[CONNECTED] K40 Lobby Moynamoti Branch[33m
[DEBUG] Connecting to K40 Lobby Banglabazar Branch (172.19.125.231:4370)

[36m[INFO] Resolved device SN: A8N5231260148[36m[INFO] Resolved device SN: A8N5232360746
[33m[DEBUG] Fetching users from K40 Lobby Gazipur Branch[31m[INFO] Disconnected from K40 Lobby Islampur Branch


[33m[DEBUG] Fetching users from K40 Lobby Shyamnagar Branch
[34m[SCHEDULER] K40 Lobby Islampur Branch: 0 new logs[33m
[DEBUG] Connecting to K40 Lobby Banani Branch (172.19.126.231:4370)

[36m[INFO] Resolved device SN: A8N5232360425
[33m[DEBUG] Fetching users from K40 Lobby Moynamoti Branch
[31m[INFO] Disconnected from K40 Lobby Mawna Branch
[34m[SCHEDULER] K40 Lobby Mawna Branch: 0 new logs
[33m
[DEBUG] Connecting to K40 Lobby Chuknagar  Branch (172.19.127.231:4370)
[36m[INFO] Fetched 29 users from K40 Lobby Ashulia Branch
[31m[ERROR] Polling K40 Lobby Ashulia Branch failed: DirLock.__init__() got an unexpected keyword argument 'poll_interval'
[32m[CONNECTED] K40 Lobby Banani Branch
[36m[INFO] Fetched 12 users from K40 Lobby Moynamoti Branch
[31m[ERROR] Polling K40 Lobby Moynamoti Branch failed: DirLock.__init__() got an unexpected keyword argument 'poll_interval'
[36m[INFO] Resolved device SN: A8N5232360457
[33m[DEBUG] Fetching users from K40 Lobby Banani Branch
[36m[INFO] Fetched 15 users from K40 Lobby Bogura Branch
[31m[ERROR] Polling K40 Lobby Bogura Branch failed: DirLock.__init__() got an unexpected keyword argument 'poll_interval'
[36m[INFO] Fetched 22 users from K40 Lobby Shyamnagar Branch
[31m[ERROR] Polling K40 Lobby Shyamnagar Branch failed: DirLock.__init__() got an unexpected keyword argument 'poll_interval'
[31m[INFO] Disconnected from K40 Lobby Moynamoti Branch
[34m[SCHEDULER] K40 Lobby Moynamoti Branch: 0 new logs
[36m[INFO] Fetched 26 users from K40 Lobby Gazipur Branch[33m
[DEBUG] Connecting to K40 Lobby Madhobdi Branch (172.19.128.231:4370)

[31m[ERROR] Polling K40 Lobby Gazipur Branch failed: DirLock.__init__() got an unexpected keyword argument 'poll_interval'
[32m[CONNECTED] K40 Lobby Chuknagar  Branch
[31m[INFO] Disconnected from K40 Lobby Ashulia Branch
[34m[SCHEDULER] K40 Lobby Ashulia Branch: 0 new logs
[33m
[DEBUG] Connecting to K40 Lobby Barishal Branch (172.19.129.231:4370)
[31m[INFO] Disconnected from K40 Lobby Shyamnagar Branch
[34m[SCHEDULER] K40 Lobby Shyamnagar Branch: 0 new logs
[33m
[DEBUG] Connecting to K40 Lobby Sarbolakkhona Branch (172.19.130.231:4370)
[32m[CONNECTED] K40 Lobby Banglabazar Branch
[31m[INFO] Disconnected from K40 Lobby Gazipur Branch
[34m[SCHEDULER] K40 Lobby Gazipur Branch: 0 new logs
[33m
[DEBUG] Connecting to K40 Lobby Rajshahi Branch (172.19.131.231:4370)
[36m[INFO] Resolved device SN: A8N5232360384
[33m[DEBUG] Fetching users from K40 Lobby Chuknagar  Branch
[31m[INFO] Disconnected from K40 Lobby Bogura Branch
[34m[SCHEDULER] K40 Lobby Bogura Branch: 0 new logs
[33m
[DEBUG] Connecting to K40 Lobby Nababpur Branch (172.19.132.231:4370)
[36m[INFO] Fetched 41 users from K40 Lobby Banani Branch
[31m[ERROR] Polling K40 Lobby Banani Branch failed: DirLock.__init__() got an unexpected keyword argument 'poll_interval'
[36m[INFO] Resolved device SN: A8N5232360566
[33m[DEBUG] Fetching users from K40 Lobby Banglabazar Branch
[32m[CONNECTED] K40 Lobby Madhobdi Branch
[32m[CONNECTED] K40 Lobby Barishal Branch
[31m[INFO] Disconnected from K40 Lobby Banani Branch
[34m[SCHEDULER] K40 Lobby Banani Branch: 0 new logs
[33m
[DEBUG] Connecting to K40 Lobby Mirpur Branch (172.19.133.230:4370)
[36m[INFO] Resolved device SN: A8N5231260150
[33m[DEBUG] Fetching users from K40 Lobby Madhobdi Branch
[36m[INFO] Resolved device SN: A8N5232360379
[33m[DEBUG] Fetching users from K40 Lobby Barishal Branch
[32m[CONNECTED] K40 Lobby Rajshahi Branch
[32m[CONNECTED] K40 Lobby Sarbolakkhona Branch
[36m[INFO] Fetched 7 users from K40 Lobby Banglabazar Branch
[31m[ERROR] Polling K40 Lobby Banglabazar Branch failed: DirLock.__init__() got an unexpected keyword argument 'poll_interval'
[36m[INFO] Fetched 12 users from K40 Lobby Chuknagar  Branch
[31m[ERROR] Polling K40 Lobby Chuknagar  Branch failed: DirLock.__init__() got an unexpected keyword argument 'poll_interval'
[36m[INFO] Resolved device SN: A8N5232360747
[33m[DEBUG] Fetching users from K40 Lobby Sarbolakkhona Branch
[32m[CONNECTED] K40 Lobby Mirpur Branch
[36m[INFO] Resolved device SN: A8N5232360069
[33m[DEBUG] Fetching users from K40 Lobby Rajshahi Branch
[31m[INFO] Disconnected from K40 Lobby Banglabazar Branch
[34m[SCHEDULER] K40 Lobby Banglabazar Branch: 0 new logs
[33m
[DEBUG] Connecting to K40 Lobby Shibu Market Branch (172.19.134.231:4370)
[36m[INFO] Resolved device SN: A8N5232360750
[33m[DEBUG] Fetching users from K40 Lobby Mirpur Branch
[36m[INFO] Fetched 30 users from K40 Lobby Madhobdi Branch
[31m[ERROR] Polling K40 Lobby Madhobdi Branch failed: DirLock.__init__() got an unexpected keyword argument 'poll_interval'
[31m[INFO] Disconnected from K40 Lobby Chuknagar  Branch
[34m[SCHEDULER] K40 Lobby Chuknagar  Branch: 0 new logs
[33m
[DEBUG] Connecting to K40 Lobby Ghonapara Branch (172.19.135.231:4370)
[36m[INFO] Fetched 22 users from K40 Lobby Barishal Branch
[31m[ERROR] Polling K40 Lobby Barishal Branch failed: DirLock.__init__() got an unexpected keyword argument 'poll_interval'
[31m[INFO] Disconnected from K40 Lobby Madhobdi Branch
[34m[SCHEDULER] K40 Lobby Madhobdi Branch: 0 new logs
[33m
[DEBUG] Connecting to K40 Lobby Digraj Branch (172.19.136.231:4370)
[32m[CONNECTED] K40 Lobby Shibu Market Branch
[32m[CONNECTED] K40 Lobby Ghonapara Branch
[31m[INFO] Disconnected from K40 Lobby Barishal Branch
[34m[SCHEDULER] K40 Lobby Barishal Branch: 0 new logs
[33m
[DEBUG] Connecting to K40 Lobby Bijoynagar Branch (172.19.137.231:4370)
[36m[INFO] Resolved device SN: A8N5232360405
[33m[DEBUG] Fetching users from K40 Lobby Shibu Market Branch
[36m[INFO] Resolved device SN: A8N5232360857
[33m[DEBUG] Fetching users from K40 Lobby Ghonapara Branch
[36m[INFO] Fetched 38 users from K40 Lobby Mirpur Branch
[31m[ERROR] Polling K40 Lobby Mirpur Branch failed: DirLock.__init__() got an unexpected keyword argument 'poll_interval'
[36m[INFO] Fetched 16 users from K40 Lobby Sarbolakkhona Branch
[31m[ERROR] Polling K40 Lobby Sarbolakkhona Branch failed: DirLock.__init__() got an unexpected keyword argument 'poll_interval'
[32m[CONNECTED] K40 Lobby Bijoynagar Branch
[36m[INFO] Fetched 8 users from K40 Lobby Shibu Market Branch
[31m[ERROR] Polling K40 Lobby Shibu Market Branch failed: DirLock.__init__() got an unexpected keyword argument 'poll_interval'
[32m[CONNECTED] K40 Lobby Digraj Branch
[31m[INFO] Disconnected from K40 Lobby Mirpur Branch
[34m[SCHEDULER] K40 Lobby Mirpur Branch: 0 new logs
[33m
[DEBUG] Connecting to K40 Lobby Narayangonj Branch (172.19.138.231:4370)
[36m[INFO] Fetched 1201 users from K40 Lobby Dhanmondi Branch
[31m[ERROR] Polling K40 Lobby Dhanmondi Branch failed: DirLock.__init__() got an unexpected keyword argument 'poll_interval'
[36m[INFO] Fetched 9 users from K40 Lobby Ghonapara Branch
[31m[ERROR] Polling K40 Lobby Ghonapara Branch failed: DirLock.__init__() got an unexpected keyword argument 'poll_interval'[36m[INFO] Resolved device SN: A8N5232360134
[33m[DEBUG] Fetching users from K40 Lobby Bijoynagar Branch

[36m[INFO] Resolved device SN: A8N5232360595
[33m[DEBUG] Fetching users from K40 Lobby Digraj Branch
[31m[INFO] Disconnected from K40 Lobby Sarbolakkhona Branch
[34m[SCHEDULER] K40 Lobby Sarbolakkhona Branch: 0 new logs
[33m
[DEBUG] Connecting to K40 Lobby Fatikchari Branch (172.19.139.231:4370)
[31m[INFO] Disconnected from K40 Lobby Shibu Market Branch
[34m[SCHEDULER] K40 Lobby Shibu Market Branch: 0 new logs
[33m
[DEBUG] Connecting to K40 Lobby Baburhat Branch (172.19.140.231:4370)
[32m[CONNECTED] K40 Lobby Narayangonj Branch
[31m[INFO] Disconnected from K40 Lobby Ghonapara Branch
[34m[SCHEDULER] K40 Lobby Ghonapara Branch: 0 new logs
[33m
[DEBUG] Connecting to K40 Lobby Rangpur Branch (172.19.141.231:4370)
[31m[INFO] Disconnected from K40 Lobby Dhanmondi Branch
[34m[SCHEDULER] K40 Lobby Dhanmondi Branch: 0 new logs
[36m[INFO] Fetched 20 users from K40 Lobby Rajshahi Branch
[31m[ERROR] Polling K40 Lobby Rajshahi Branch failed: DirLock.__init__() got an unexpected keyword argument 'poll_interval'
[33m
[DEBUG] Connecting to K40 Lobby Jessore Branch (172.19.142.231:4370)
[36m[INFO] Fetched 5 users from K40 Lobby Digraj Branch
[31m[ERROR] Polling K40 Lobby Digraj Branch failed: DirLock.__init__() got an unexpected keyword argument 'poll_interval'
[36m[INFO] Resolved device SN: A8N5232360422
[33m[DEBUG] Fetching users from K40 Lobby Narayangonj Branch
[32m[CONNECTED] K40 Lobby Baburhat Branch
[32m[CONNECTED] K40 Lobby Fatikchari Branch
[31m[INFO] Disconnected from K40 Lobby Digraj Branch
[34m[SCHEDULER] K40 Lobby Digraj Branch: 0 new logs
[33m
[DEBUG] Connecting to K40 Lobby Takerhat Branch (172.19.143.231:4370)
[36m[INFO] Resolved device SN: A8N5232360742
[33m[DEBUG] Fetching users from K40 Lobby Baburhat Branch
[36m[INFO] Fetched 30 users from K40 Lobby Bijoynagar Branch
[31m[ERROR] Polling K40 Lobby Bijoynagar Branch failed: DirLock.__init__() got an unexpected keyword argument 'poll_interval'
[32m[CONNECTED] K40 Lobby Jessore Branch
[36m[INFO] Resolved device SN: A8N5232360601
[33m[DEBUG] Fetching users from K40 Lobby Fatikchari Branch
[32m[CONNECTED] K40 Lobby Rangpur Branch
[36m[INFO] Resolved device SN: A8N5232360621
[33m[DEBUG] Fetching users from K40 Lobby Jessore Branch
[36m[INFO] Resolved device SN: A8N5232360840
[33m[DEBUG] Fetching users from K40 Lobby Rangpur Branch
[31m[INFO] Disconnected from K40 Lobby Bijoynagar Branch
[34m[SCHEDULER] K40 Lobby Bijoynagar Branch: 0 new logs
[33m
[DEBUG] Connecting to K40 Lobby Nasirabad Branch (172.19.144.231:4370)
[36m[INFO] Fetched 8 users from K40 Lobby Baburhat Branch
[31m[ERROR] Polling K40 Lobby Baburhat Branch failed: DirLock.__init__() got an unexpected keyword argument 'poll_interval'
[31m[INFO] Disconnected from K40 Lobby Rajshahi Branch
[34m[SCHEDULER] K40 Lobby Rajshahi Branch: 0 new logs
[33m
[DEBUG] Connecting to K40 Lobby Bhomra Branch (172.19.145.231:4370)
[36m[INFO] Fetched 7 users from K40 Lobby Fatikchari Branch
[31m[ERROR] Polling K40 Lobby Fatikchari Branch failed: DirLock.__init__() got an unexpected keyword argument 'poll_interval'
[36m[INFO] Fetched 18 users from K40 Lobby Narayangonj Branch
[31m[ERROR] Polling K40 Lobby Narayangonj Branch failed: DirLock.__init__() got an unexpected keyword argument 'poll_interval'
[32m[CONNECTED] K40 Lobby Takerhat Branch
[31m[INFO] Disconnected from K40 Lobby Baburhat Branch
[34m[SCHEDULER] K40 Lobby Baburhat Branch: 0 new logs
[36m[INFO] Resolved device SN: A8N5232360680[33m
[DEBUG] Connecting to K40 Lobby Morrelganj Branch (172.19.146.231:4370)

[33m[DEBUG] Fetching users from K40 Lobby Takerhat Branch
[32m[CONNECTED] K40 Lobby Nasirabad Branch
[31m[INFO] Disconnected from K40 Lobby Fatikchari Branch
[34m[SCHEDULER] K40 Lobby Fatikchari Branch: 0 new logs
[33m
[DEBUG] Connecting to K40 Lobby Hasnabad Branch (172.19.147.231:4370)
[31m[INFO] Disconnected from K40 Lobby Narayangonj Branch
[34m[SCHEDULER] K40 Lobby Narayangonj Branch: 0 new logs
[33m
[DEBUG] Connecting to K40 Lobby Kharabad Branch (172.19.148.231:4370)
[36m[INFO] Resolved device SN: A8N5232360850
[33m[DEBUG] Fetching users from K40 Lobby Nasirabad Branch
[36m[INFO] Fetched 17 users from K40 Lobby Jessore Branch
[31m[ERROR] Polling K40 Lobby Jessore Branch failed: DirLock.__init__() got an unexpected keyword argument 'poll_interval'
[32m[CONNECTED] K40 Lobby Bhomra Branch
[36m[INFO] Fetched 9 users from K40 Lobby Takerhat Branch
[31m[ERROR] Polling K40 Lobby Takerhat Branch failed: DirLock.__init__() got an unexpected keyword argument 'poll_interval'
[36m[INFO] Fetched 15 users from K40 Lobby Rangpur Branch
[31m[ERROR] Polling K40 Lobby Rangpur Branch failed: DirLock.__init__() got an unexpected keyword argument 'poll_interval'
[36m[INFO] Resolved device SN: A8N5231260147
[33m[DEBUG] Fetching users from K40 Lobby Bhomra Branch
[32m[CONNECTED] K40 Lobby Morrelganj Branch
[36m[INFO] Fetched 12 users from K40 Lobby Nasirabad Branch
[31m[ERROR] Polling K40 Lobby Nasirabad Branch failed: DirLock.__init__() got an unexpected keyword argument 'poll_interval'
[31m[INFO] Disconnected from K40 Lobby Jessore Branch
[32m[CONNECTED] K40 Lobby Kharabad Branch
[34m[SCHEDULER] K40 Lobby Jessore Branch: 0 new logs[33m
[DEBUG] Connecting to K40 Lobby Chalakchar Branch (172.19.149.231:4370)

[36m[INFO] Resolved device SN: A8N5232360371
[33m[DEBUG] Fetching users from K40 Lobby Morrelganj Branch
[31m[INFO] Disconnected from K40 Lobby Takerhat Branch
[34m[SCHEDULER] K40 Lobby Takerhat Branch: 0 new logs
[33m
[DEBUG] Connecting to K40 Lobby Panthapath Branch (172.19.150.231:4370)
[31m[INFO] Disconnected from K40 Lobby Rangpur Branch
[34m[SCHEDULER] K40 Lobby Rangpur Branch: 0 new logs
[33m
[DEBUG] Connecting to K40 Lobby Mouchak Branch (172.19.151.231:4370)
[36m[INFO] Resolved device SN: A8N5232360711
[33m[DEBUG] Fetching users from K40 Lobby Kharabad Branch
[31m[INFO] Disconnected from K40 Lobby Nasirabad Branch
[34m[SCHEDULER] K40 Lobby Nasirabad Branch: 0 new logs
[33m
[DEBUG] Connecting to K40 Lobby Maligram Branch (172.19.152.231:4370)
[32m[CONNECTED] K40 Lobby Chalakchar Branch
[36m[INFO] Fetched 7 users from K40 Lobby Morrelganj Branch
[31m[ERROR] Polling K40 Lobby Morrelganj Branch failed: DirLock.__init__() got an unexpected keyword argument 'poll_interval'
[32m[CONNECTED] K40 Lobby Panthapath Branch
[32m[CONNECTED] K40 Lobby Mouchak Branch
[36m[INFO] Resolved device SN: A8N5232360958
[33m[DEBUG] Fetching users from K40 Lobby Chalakchar Branch
[36m[INFO] Resolved device SN: A8N5232360106
[33m[DEBUG] Fetching users from K40 Lobby Panthapath Branch
[36m[INFO] Resolved device SN: A8N5232360745
[33m[DEBUG] Fetching users from K40 Lobby Mouchak Branch
[36m[INFO] Fetched 25 users from K40 Lobby Bhomra Branch
[31m[ERROR] Polling K40 Lobby Bhomra Branch failed: DirLock.__init__() got an unexpected keyword argument 'poll_interval'
[31m[INFO] Disconnected from K40 Lobby Morrelganj Branch
[34m[SCHEDULER] K40 Lobby Morrelganj Branch: 0 new logs
[33m
[DEBUG] Connecting to K40 Lobby Chittagong EPZ Branch (172.19.153.231:4370)
[32m[CONNECTED] K40 Lobby Maligram Branch
[36m[INFO] Fetched 14 users from K40 Lobby Mouchak Branch
[31m[ERROR] Polling K40 Lobby Mouchak Branch failed: DirLock.__init__() got an unexpected keyword argument 'poll_interval'
[36m[INFO] Resolved device SN: 3259222240021
[33m[DEBUG] Fetching users from K40 Lobby Maligram Branch
[36m[INFO] Fetched 24 users from K40 Lobby Kharabad Branch
[31m[ERROR] Polling K40 Lobby Kharabad Branch failed: DirLock.__init__() got an unexpected keyword argument 'poll_interval'
[31m[INFO] Disconnected from K40 Lobby Bhomra Branch
[33m
[DEBUG] Connecting to K40 Lobby Dinajpur Branch (172.19.154.231:4370)
[34m[SCHEDULER] K40 Lobby Bhomra Branch: 0 new logs
[32m[CONNECTED] K40 Lobby Chittagong EPZ Branch
[36m[INFO] Resolved device SN: PAS4250801000
[33m[DEBUG] Fetching users from K40 Lobby Chittagong EPZ Branch
[36m[INFO] Fetched 22 users from K40 Lobby Panthapath Branch
[31m[ERROR] Polling K40 Lobby Panthapath Branch failed: DirLock.__init__() got an unexpected keyword argument 'poll_interval'
[31m[INFO] Disconnected from K40 Lobby Mouchak Branch
[34m[SCHEDULER] K40 Lobby Mouchak Branch: 0 new logs
[33m
[DEBUG] Connecting to K40 Lobby KDA Branch (172.19.155.231:4370)
[36m[INFO] Fetched 7 users from K40 Lobby Maligram Branch
[31m[ERROR] Polling K40 Lobby Maligram Branch failed: DirLock.__init__() got an unexpected keyword argument 'poll_interval'
[31m[INFO] Disconnected from K40 Lobby Kharabad Branch
[34m[SCHEDULER] K40 Lobby Kharabad Branch: 0 new logs
[33m
[DEBUG] Connecting to K40 Lobby Nator Branch (172.19.156.231:4370)
[36m[INFO] Fetched 19 users from K40 Lobby Chalakchar Branch
[31m[ERROR] Polling K40 Lobby Chalakchar Branch failed: DirLock.__init__() got an unexpected keyword argument 'poll_interval'
[31m[INFO] Disconnected from K40 Lobby Panthapath Branch
[34m[SCHEDULER] K40 Lobby Panthapath Branch: 0 new logs
[33m
[DEBUG] Connecting to K40 Lobby Feni Branch (172.19.157.231:4370)
[36m[INFO] Fetched 8 users from K40 Lobby Chittagong EPZ Branch
[31m[ERROR] Polling K40 Lobby Chittagong EPZ Branch failed: DirLock.__init__() got an unexpected keyword argument 'poll_interval'
[32m[CONNECTED] K40 Lobby Dinajpur Branch
[32m[CONNECTED] K40 Lobby KDA Branch
[31m[INFO] Disconnected from K40 Lobby Maligram Branch
[34m[SCHEDULER] K40 Lobby Maligram Branch: 0 new logs
[33m
[DEBUG] Connecting to K40 Lobby Kushtia Branch (172.19.158.231:4370)
[36m[INFO] Resolved device SN: A8N5231260519
[33m[DEBUG] Fetching users from K40 Lobby KDA Branch
[36m[INFO] Resolved device SN: A8N5232360304
[33m[DEBUG] Fetching users from K40 Lobby Dinajpur Branch
[31m[INFO] Disconnected from K40 Lobby Chalakchar Branch
[34m[SCHEDULER] K40 Lobby Chalakchar Branch: 0 new logs
[33m
[DEBUG] Connecting to K40 Lobby Labanchora Branch (172.19.159.231:4370)
[32m[CONNECTED] K40 Lobby Nator Branch
[32m[CONNECTED] K40 Lobby Feni Branch
[31m[INFO] Disconnected from K40 Lobby Chittagong EPZ Branch
[34m[SCHEDULER] K40 Lobby Chittagong EPZ Branch: 0 new logs
[33m
[DEBUG] Connecting to K40 Lobby Khatunganj Branch (172.19.160.231:4370)
[36m[INFO] Resolved device SN: A8N5232360503
[33m[DEBUG] Fetching users from K40 Lobby Feni Branch
[36m[INFO] Resolved device SN: A8N5232360122
[33m[DEBUG] Fetching users from K40 Lobby Nator Branch
[32m[CONNECTED] K40 Lobby Kushtia Branch
[32m[CONNECTED] K40 Lobby Khatunganj Branch
[36m[INFO] Resolved device SN: A8N5232360015
[33m[DEBUG] Fetching users from K40 Lobby Kushtia Branch
[36m[INFO] Resolved device SN: A8N5232360615
[33m[DEBUG] Fetching users from K40 Lobby Khatunganj Branch
[36m[INFO] Fetched 12 users from K40 Lobby Feni Branch
[31m[ERROR] Polling K40 Lobby Feni Branch failed: DirLock.__init__() got an unexpected keyword argument 'poll_interval'
[36m[INFO] Fetched 27 users from K40 Lobby KDA Branch
[31m[ERROR] Polling K40 Lobby KDA Branch failed: DirLock.__init__() got an unexpected keyword argument 'poll_interval'
[32m[CONNECTED] K40 Lobby Labanchora Branch
[31m[INFO] Disconnected from K40 Lobby Feni Branch
[34m[SCHEDULER] K40 Lobby Feni Branch: 0 new logs
[33m
[DEBUG] Connecting to K40 Lobby Pragati Sharani Branch (172.19.161.231:4370)
[36m[INFO] Fetched 12 users from K40 Lobby Kushtia Branch
[31m[ERROR] Polling K40 Lobby Kushtia Branch failed: DirLock.__init__() got an unexpected keyword argument 'poll_interval'
[36m[INFO] Fetched 15 users from K40 Lobby Dinajpur Branch
[31m[ERROR] Polling K40 Lobby Dinajpur Branch failed: DirLock.__init__() got an unexpected keyword argument 'poll_interval'
[31m[INFO] Disconnected from K40 Lobby KDA Branch
[34m[SCHEDULER] K40 Lobby KDA Branch: 0 new logs
[33m
[DEBUG] Connecting to K40 Lobby Amin Bazar Branch (172.19.162.231:4370)
[31m[INFO] Disconnected from K40 Lobby Kushtia Branch
[34m[SCHEDULER] K40 Lobby Kushtia Branch: 0 new logs
[36m[INFO] Fetched 15 users from K40 Lobby Nator Branch
[31m[ERROR] Polling K40 Lobby Nator Branch failed: DirLock.__init__() got an unexpected keyword argument 'poll_interval'
[33m
[DEBUG] Connecting to K40 Lobby Banaripara Branch (172.19.163.231:4370)
[32m[CONNECTED] K40 Lobby Pragati Sharani Branch
[36m[INFO] Fetched 15 users from K40 Lobby Khatunganj Branch
[31m[ERROR] Polling K40 Lobby Khatunganj Branch failed: DirLock.__init__() got an unexpected keyword argument 'poll_interval'
[32m[CONNECTED] K40 Lobby Amin Bazar Branch
[31m[INFO] Disconnected from K40 Lobby Dinajpur Branch
[34m[SCHEDULER] K40 Lobby Dinajpur Branch: 0 new logs
[33m
[DEBUG] Connecting to K40 Lobby Faltita Branch (172.19.164.231:4370)
[36m[INFO] Resolved device SN: A8N5232360664
[33m[DEBUG] Fetching users from K40 Lobby Amin Bazar Branch
[36m[INFO] Resolved device SN: A8N5232360782
[33m[DEBUG] Fetching users from K40 Lobby Pragati Sharani Branch
[31m[INFO] Disconnected from K40 Lobby Nator Branch
[34m[SCHEDULER] K40 Lobby Nator Branch: 0 new logs
[33m
[DEBUG] Connecting to K40 Lobby AddaBazar Branch (172.19.165.231:4370)
[31m[INFO] Disconnected from K40 Lobby Khatunganj Branch
[34m[SCHEDULER] K40 Lobby Khatunganj Branch: 0 new logs
[33m
[DEBUG] Connecting to K40 Lobby Jibannagar Branch (172.19.166.231:4370)
[32m[CONNECTED] K40 Lobby Banaripara Branch
[32m[CONNECTED] K40 Lobby Faltita Branch
[36m[INFO] Resolved device SN: A8N5232360584
[33m[DEBUG] Fetching users from K40 Lobby Banaripara Branch
[36m[INFO] Fetched 8 users from K40 Lobby Amin Bazar Branch
[31m[ERROR] Polling K40 Lobby Amin Bazar Branch failed: DirLock.__init__() got an unexpected keyword argument 'poll_interval'
[32m[CONNECTED] K40 Lobby AddaBazar Branch
[32m[CONNECTED] K40 Lobby Jibannagar Branch
[36m[INFO] Resolved device SN: A8N5232360581
[33m[DEBUG] Fetching users from K40 Lobby Faltita Branch
[36m[INFO] Resolved device SN: A8N5232360659
[33m[DEBUG] Fetching users from K40 Lobby AddaBazar Branch
[36m[INFO] Resolved device SN: A8N5232360123
[33m[DEBUG] Fetching users from K40 Lobby Jibannagar Branch
[31m[INFO] Disconnected from K40 Lobby Amin Bazar Branch
[34m[SCHEDULER] K40 Lobby Amin Bazar Branch: 0 new logs
[33m
[DEBUG] Connecting to K40 Lobby Abdullahpur Branch (172.19.167.231:4370)
[36m[INFO] Resolved device SN: A8N5231260153
[33m[DEBUG] Fetching users from K40 Lobby Labanchora Branch
[36m[INFO] Fetched 12 users from K40 Lobby Jibannagar Branch
[31m[ERROR] Polling K40 Lobby Jibannagar Branch failed: DirLock.__init__() got an unexpected keyword argument 'poll_interval'
[36m[INFO] Fetched 9 users from K40 Lobby Faltita Branch
[31m[ERROR] Polling K40 Lobby Faltita Branch failed: DirLock.__init__() got an unexpected keyword argument 'poll_interval'
[31m[INFO] Disconnected from K40 Lobby Jibannagar Branch
[34m[SCHEDULER] K40 Lobby Jibannagar Branch: 0 new logs
[33m
[DEBUG] Connecting to K40 Lobby Bhulta Branch (172.19.168.231:4370)
[36m[INFO] Fetched 27 users from K40 Lobby Pragati Sharani Branch
[31m[ERROR] Polling K40 Lobby Pragati Sharani Branch failed: DirLock.__init__() got an unexpected keyword argument 'poll_interval'
[36m[INFO] Fetched 20 users from K40 Lobby Banaripara Branch
[31m[ERROR] Polling K40 Lobby Banaripara Branch failed: DirLock.__init__() got an unexpected keyword argument 'poll_interval'
[32m[CONNECTED] K40 Lobby Bhulta Branch
[31m[INFO] Disconnected from K40 Lobby Faltita Branch
[34m[SCHEDULER] K40 Lobby Faltita Branch: 0 new logs
[33m
[DEBUG] Connecting to K40 Lobby Myemensingh Branch (172.19.169.231:4370)
[36m[INFO] Resolved device SN: A8N5232360400
[33m[DEBUG] Fetching users from K40 Lobby Bhulta Branch
[31m[INFO] Disconnected from K40 Lobby Banaripara Branch
[34m[SCHEDULER] K40 Lobby Banaripara Branch: 0 new logs
[33m
[DEBUG] Connecting to K40 Lobby Birganj Branch (172.19.170.231:4370)
[36m[INFO] Fetched 7 users from K40 Lobby Bhulta Branch
[31m[ERROR] Polling K40 Lobby Bhulta Branch failed: DirLock.__init__() got an unexpected keyword argument 'poll_interval'
[32m[CONNECTED] K40 Lobby Myemensingh Branch
[31m[INFO] Disconnected from K40 Lobby Pragati Sharani Branch
[34m[SCHEDULER] K40 Lobby Pragati Sharani Branch: 0 new logs
[33m
[DEBUG] Connecting to K40 Lobby Nazipur Branch (172.19.171.231:4370)
[36m[INFO] Resolved device SN: A8N5232360342
[33m[DEBUG] Fetching users from K40 Lobby Myemensingh Branch
[31m[INFO] Disconnected from K40 Lobby Bhulta Branch
[34m[SCHEDULER] K40 Lobby Bhulta Branch: 0 new logs
[33m
[DEBUG] Connecting to K40 Lobby Mehendiganj Branch (172.19.172.231:4370)
[32m[CONNECTED] K40 Lobby Birganj Branch
[32m[CONNECTED] K40 Lobby Nazipur Branch
[36m[INFO] Resolved device SN: A8N5232360576
[33m[DEBUG] Fetching users from K40 Lobby Birganj Branch
[36m[INFO] Resolved device SN: A8N5232360696
[33m[DEBUG] Fetching users from K40 Lobby Nazipur Branch
[36m[INFO] Fetched 9 users from K40 Lobby Myemensingh Branch
[31m[ERROR] Polling K40 Lobby Myemensingh Branch failed: DirLock.__init__() got an unexpected keyword argument 'poll_interval'
[32m[CONNECTED] K40 Lobby Mehendiganj Branch
[36m[INFO] Fetched 9 users from K40 Lobby Birganj Branch
[31m[ERROR] Polling K40 Lobby Birganj Branch failed: DirLock.__init__() got an unexpected keyword argument 'poll_interval'
[36m[INFO] Fetched 9 users from K40 Lobby Nazipur Branch
[31m[ERROR] Polling K40 Lobby Nazipur Branch failed: DirLock.__init__() got an unexpected keyword argument 'poll_interval'
[36m[INFO] Resolved device SN: A8N5232360589
[33m[DEBUG] Fetching users from K40 Lobby Mehendiganj Branch
[31m[INFO] Disconnected from K40 Lobby Myemensingh Branch
[34m[SCHEDULER] K40 Lobby Myemensingh Branch: 0 new logs
[33m
[DEBUG] Connecting to K40 Lobby Cumilla Branch (172.19.173.231:4370)
[31m[INFO] Disconnected from K40 Lobby Birganj Branch
[34m[SCHEDULER] K40 Lobby Birganj Branch: 0 new logs
[33m
[DEBUG] Connecting to K40 Lobby Bhola Branch (172.19.174.231:4370)
[36m[INFO] Fetched 9 users from K40 Lobby Mehendiganj Branch
[31m[ERROR] Polling K40 Lobby Mehendiganj Branch failed: DirLock.__init__() got an unexpected keyword argument 'poll_interval'
[31m[INFO] Disconnected from K40 Lobby Nazipur Branch
[34m[SCHEDULER] K40 Lobby Nazipur Branch: 0 new logs
[33m
[DEBUG] Connecting to K40 Lobby Bashundhara Branch (172.19.175.231:4370)
[32m[CONNECTED] K40 Lobby Cumilla Branch
[36m[INFO] Resolved device SN: A8N5232360397
[33m[DEBUG] Fetching users from K40 Lobby Cumilla Branch
[31m[INFO] Disconnected from K40 Lobby Mehendiganj Branch
[32m[CONNECTED] K40 Lobby Bhola Branch
[34m[SCHEDULER] K40 Lobby Mehendiganj Branch: 0 new logs[33m
[DEBUG] Connecting to K40 Lobby Gopalgonj Branch (172.19.176.231:4370)

[32m[CONNECTED] K40 Lobby Bashundhara Branch
[36m[INFO] Resolved device SN: A8N5232360583
[33m[DEBUG] Fetching users from K40 Lobby Bhola Branch
[36m[INFO] Resolved device SN: A8N5231260034
[33m[DEBUG] Fetching users from K40 Lobby Bashundhara Branch
[36m[INFO] Fetched 10 users from K40 Lobby Cumilla Branch
[31m[ERROR] Polling K40 Lobby Cumilla Branch failed: DirLock.__init__() got an unexpected keyword argument 'poll_interval'
[36m[INFO] Fetched 11 users from K40 Lobby Bhola Branch
[31m[ERROR] Polling K40 Lobby Bhola Branch failed: DirLock.__init__() got an unexpected keyword argument 'poll_interval'
[32m[CONNECTED] K40 Lobby Gopalgonj Branch
[31m[INFO] Disconnected from K40 Lobby Cumilla Branch
[34m[SCHEDULER] K40 Lobby Cumilla Branch: 0 new logs
[33m
[DEBUG] Connecting to K40 Lobby Jatrabari Sub Branch (172.19.177.231:4370)
[36m[INFO] Resolved device SN: A8N5232360526
[33m[DEBUG] Fetching users from K40 Lobby Gopalgonj Branch
[31m[INFO] Disconnected from K40 Lobby Bhola Branch
[34m[SCHEDULER] K40 Lobby Bhola Branch: 0 new logs
[33m
[DEBUG] Connecting to K40 Lobby BabuBazar Sub Branch (172.19.178.231:4370)
[36m[INFO] Fetched 1125 users from K40 Lobby AddaBazar Branch
[31m[ERROR] Polling K40 Lobby AddaBazar Branch failed: DirLock.__init__() got an unexpected keyword argument 'poll_interval'
[36m[INFO] Fetched 15 users from K40 Lobby Bashundhara Branch
[31m[ERROR] Polling K40 Lobby Bashundhara Branch failed: DirLock.__init__() got an unexpected keyword argument 'poll_interval'[32m[CONNECTED] K40 Lobby Jatrabari Sub Branch

[36m[INFO] Fetched 4 users from K40 Lobby Gopalgonj Branch
[31m[ERROR] Polling K40 Lobby Gopalgonj Branch failed: DirLock.__init__() got an unexpected keyword argument 'poll_interval'
[36m[INFO] Resolved device SN: A8N5232360414
[33m[DEBUG] Fetching users from K40 Lobby Jatrabari Sub Branch
[31m[INFO] Disconnected from K40 Lobby AddaBazar Branch
[34m[SCHEDULER] K40 Lobby AddaBazar Branch: 0 new logs
[33m
[DEBUG] Connecting to K40 Lobby Rayenda Bazar Sub Branch (172.19.179.231:4370)
[32m[CONNECTED] K40 Lobby BabuBazar Sub Branch
[31m[INFO] Disconnected from K40 Lobby Bashundhara Branch
[34m[SCHEDULER] K40 Lobby Bashundhara Branch: 0 new logs
[33m
[DEBUG] Connecting to K40 Lobby Rupatali Sub Branch (172.19.180.231:4370)
[31m[INFO] Disconnected from K40 Lobby Gopalgonj Branch
[34m[SCHEDULER] K40 Lobby Gopalgonj Branch: 0 new logs
[33m
[DEBUG] Connecting to K40 Lobby Ramgonj Branch (172.19.181.231:4370)
[36m[INFO] Resolved device SN: A8N5232360899
[33m[DEBUG] Fetching users from K40 Lobby BabuBazar Sub Branch
[36m[INFO] Fetched 10 users from K40 Lobby Jatrabari Sub Branch
[31m[ERROR] Polling K40 Lobby Jatrabari Sub Branch failed: DirLock.__init__() got an unexpected keyword argument 'poll_interval'
[32m[CONNECTED] K40 Lobby Rayenda Bazar Sub Branch
[32m[CONNECTED] K40 Lobby Ramgonj Branch
[32m[CONNECTED] K40 Lobby Rupatali Sub Branch
[31m[INFO] Disconnected from K40 Lobby Jatrabari Sub Branch
[34m[SCHEDULER] K40 Lobby Jatrabari Sub Branch: 0 new logs
[33m
[DEBUG] Connecting to K40 Lobby Kaligonj Branch (172.19.182.231:4370)
[36m[INFO] Resolved device SN: A8N5232360363
[33m[DEBUG] Fetching users from K40 Lobby Rayenda Bazar Sub Branch
[36m[INFO] Resolved device SN: A8N5232360413
[33m[DEBUG] Fetching users from K40 Lobby Ramgonj Branch
[36m[INFO] Fetched 20 users from K40 Lobby BabuBazar Sub Branch
[31m[ERROR] Polling K40 Lobby BabuBazar Sub Branch failed: DirLock.__init__() got an unexpected keyword argument 'poll_interval'
[36m[INFO] Resolved device SN: A8N5232360377
[33m[DEBUG] Fetching users from K40 Lobby Rupatali Sub Branch
[31m[ERROR] Polling K40 Lobby Sylhet Branch failed: can't reach device (ping 172.19.116.231)
[34m[SCHEDULER] K40 Lobby Sylhet Branch: 0 new logs
[33m
[DEBUG] Connecting to K40 Lobby Palashbari Branch (172.19.183.231:4370)
[36m[INFO] Fetched 5 users from K40 Lobby Rayenda Bazar Sub Branch
[31m[ERROR] Polling K40 Lobby Rayenda Bazar Sub Branch failed: DirLock.__init__() got an unexpected keyword argument 'poll_interval'
[36m[INFO] Fetched 7 users from K40 Lobby Ramgonj Branch
[31m[ERROR] Polling K40 Lobby Ramgonj Branch failed: DirLock.__init__() got an unexpected keyword argument 'poll_interval'
[32m[CONNECTED] K40 Lobby Kaligonj Branch
[31m[INFO] Disconnected from K40 Lobby BabuBazar Sub Branch
[34m[SCHEDULER] K40 Lobby BabuBazar Sub Branch: 0 new logs
[33m
[DEBUG] Connecting to K40 Lobby Mohakhali Branch (172.19.184.231:4370)
[36m[INFO] Resolved device SN: A8N5232360001
[33m[DEBUG] Fetching users from K40 Lobby Kaligonj Branch
[31m[INFO] Disconnected from K40 Lobby Rayenda Bazar Sub Branch
[34m[SCHEDULER] K40 Lobby Rayenda Bazar Sub Branch: 0 new logs
[33m
[DEBUG] Connecting to K40 Lobby Bhandaria Branch (172.19.185.231:4370)
[31m[INFO] Disconnected from K40 Lobby Ramgonj Branch
[34m[SCHEDULER] K40 Lobby Ramgonj Branch: 0 new logs
[33m
[DEBUG] Connecting to K40 Lobby Lohagara Branch (172.19.186.231:4370)
[32m[CONNECTED] K40 Lobby Palashbari Branch
[36m[INFO] Resolved device SN: A8N5232360525
[33m[DEBUG] Fetching users from K40 Lobby Palashbari Branch
[32m[CONNECTED] K40 Lobby Mohakhali Branch
[36m[INFO] Resolved device SN: A8N5232360712
[33m[DEBUG] Fetching users from K40 Lobby Mohakhali Branch
[32m[CONNECTED] K40 Lobby Lohagara Branch
[36m[INFO] Fetched 7 users from K40 Lobby Palashbari Branch
[31m[ERROR] Polling K40 Lobby Palashbari Branch failed: DirLock.__init__() got an unexpected keyword argument 'poll_interval'
[36m[INFO] Resolved device SN: A8N5232360012
[33m[DEBUG] Fetching users from K40 Lobby Lohagara Branch
[36m[INFO] Fetched 10 users from K40 Lobby Kaligonj Branch
[31m[ERROR] Polling K40 Lobby Kaligonj Branch failed: DirLock.__init__() got an unexpected keyword argument 'poll_interval'
[32m[CONNECTED] K40 Lobby Bhandaria Branch
[36m[INFO] Fetched 7 users from K40 Lobby Rupatali Sub Branch
[31m[ERROR] Polling K40 Lobby Rupatali Sub Branch failed: DirLock.__init__() got an unexpected keyword argument 'poll_interval'
[36m[INFO] Resolved device SN: A8N5232360393
[33m[DEBUG] Fetching users from K40 Lobby Bhandaria Branch
[31m[INFO] Disconnected from K40 Lobby Palashbari Branch
[34m[SCHEDULER] K40 Lobby Palashbari Branch: 0 new logs
[33m
[DEBUG] Connecting to K40 Lobby Benapole Branch (172.19.187.231:4370)
[36m[INFO] Fetched 10 users from K40 Lobby Lohagara Branch
[31m[ERROR] Polling K40 Lobby Lohagara Branch failed: DirLock.__init__() got an unexpected keyword argument 'poll_interval'
[31m[INFO] Disconnected from K40 Lobby Kaligonj Branch
[34m[SCHEDULER] K40 Lobby Kaligonj Branch: 0 new logs
[33m
[DEBUG] Connecting to K40 Lobby Panchar Sub Branch (172.19.188.231:4370)
[36m[INFO] Fetched 27 users from K40 Lobby Labanchora Branch
[31m[ERROR] Polling K40 Lobby Labanchora Branch failed: DirLock.__init__() got an unexpected keyword argument 'poll_interval'
[36m[INFO] Fetched 12 users from K40 Lobby Bhandaria Branch
[31m[ERROR] Polling K40 Lobby Bhandaria Branch failed: DirLock.__init__() got an unexpected keyword argument 'poll_interval'
[36m[INFO] Fetched 18 users from K40 Lobby Mohakhali Branch
[31m[ERROR] Polling K40 Lobby Mohakhali Branch failed: DirLock.__init__() got an unexpected keyword argument 'poll_interval'
[31m[INFO] Disconnected from K40 Lobby Lohagara Branch
[34m[SCHEDULER] K40 Lobby Lohagara Branch: 0 new logs
[33m
[DEBUG] Connecting to K40 Lobby Muladi Sub Branch (172.19.189.231:4370)
[31m[INFO] Disconnected from K40 Lobby Mohakhali Branch
[31m[INFO] Disconnected from K40 Lobby Bhandaria Branch
[34m[SCHEDULER] K40 Lobby Mohakhali Branch: 0 new logs[33m
[DEBUG] Connecting to K40 Lobby Hatirpool Sub Branch (172.19.190.231:4370)

[33m
[DEBUG] Connecting to K40 Lobby Yousuf Market Sub Branch (172.19.191.231:4370)
[34m[SCHEDULER] K40 Lobby Bhandaria Branch: 0 new logs
[32m[CONNECTED] K40 Lobby Muladi Sub Branch
[32m[CONNECTED] K40 Lobby Panchar Sub Branch
[31m[INFO] Disconnected from K40 Lobby Rupatali Sub Branch
[34m[SCHEDULER] K40 Lobby Rupatali Sub Branch: 0 new logs
[33m
[DEBUG] Connecting to K40 Lobby Laxmipur Sub Branch (172.19.192.231:4370)
[36m[INFO] Resolved device SN: A8N5232360594
[33m[DEBUG] Fetching users from K40 Lobby Muladi Sub Branch
[36m[INFO] Resolved device SN: A8N5232360950
[33m[DEBUG] Fetching users from K40 Lobby Panchar Sub Branch
[32m[CONNECTED] K40 Lobby Hatirpool Sub Branch
[36m[INFO] Fetched 6 users from K40 Lobby Muladi Sub Branch
[31m[ERROR] Polling K40 Lobby Muladi Sub Branch failed: DirLock.__init__() got an unexpected keyword argument 'poll_interval'
[32m[CONNECTED] K40 Lobby Laxmipur Sub Branch
[36m[INFO] Fetched 6 users from K40 Lobby Panchar Sub Branch
[31m[ERROR] Polling K40 Lobby Panchar Sub Branch failed: DirLock.__init__() got an unexpected keyword argument 'poll_interval'
[36m[INFO] Resolved device SN: A8N5232360102
[33m[DEBUG] Fetching users from K40 Lobby Hatirpool Sub Branch
[31m[INFO] Disconnected from K40 Lobby Muladi Sub Branch
[34m[SCHEDULER] K40 Lobby Muladi Sub Branch: 0 new logs
[33m
[DEBUG] Connecting to K40 Lobby Dupchanchia Sub Branch (172.19.193.231:4370)
[31m[INFO] Disconnected from K40 Lobby Panchar Sub Branch
[34m[SCHEDULER] K40 Lobby Panchar Sub Branch: 0 new logs
[33m
[DEBUG] Connecting to K40 Lobby Khan Jahan Ali Mazar Sub Branch (172.19.194.231:4370)
[36m[INFO] Resolved device SN: A8N5232360068
[33m[DEBUG] Fetching users from K40 Lobby Laxmipur Sub Branch
[32m[CONNECTED] K40 Lobby Dupchanchia Sub Branch
[36m[INFO] Fetched 24 users from K40 Lobby Hatirpool Sub Branch
[31m[ERROR] Polling K40 Lobby Hatirpool Sub Branch failed: DirLock.__init__() got an unexpected keyword argument 'poll_interval'
[36m[INFO] Resolved device SN: A8N5232360027
[33m[DEBUG] Fetching users from K40 Lobby Dupchanchia Sub Branch
[36m[INFO] Fetched 7 users from K40 Lobby Laxmipur Sub Branch
[31m[ERROR] Polling K40 Lobby Laxmipur Sub Branch failed: DirLock.__init__() got an unexpected keyword argument 'poll_interval'
[32m[CONNECTED] K40 Lobby Khan Jahan Ali Mazar Sub Branch
[36m[INFO] Resolved device SN: A8N5232360376
[33m[DEBUG] Fetching users from K40 Lobby Khan Jahan Ali Mazar Sub Branch
[36m[INFO] Fetched 8 users from K40 Lobby Dupchanchia Sub Branch
[31m[ERROR] Polling K40 Lobby Dupchanchia Sub Branch failed: DirLock.__init__() got an unexpected keyword argument 'poll_interval'
[31m[INFO] Disconnected from K40 Lobby Hatirpool Sub Branch
[34m[SCHEDULER] K40 Lobby Hatirpool Sub Branch: 0 new logs
[33m
[DEBUG] Connecting to K40 Lobby Gopalpur Sub Branch (172.19.195.231:4370)
[36m[INFO] Fetched 8 users from K40 Lobby Khan Jahan Ali Mazar Sub Branch
[31m[ERROR] Polling K40 Lobby Khan Jahan Ali Mazar Sub Branch failed: DirLock.__init__() got an unexpected keyword argument 'poll_interval'
[31m[INFO] Disconnected from K40 Lobby Dupchanchia Sub Branch
[34m[SCHEDULER] K40 Lobby Dupchanchia Sub Branch: 0 new logs
[33m
[DEBUG] Connecting to K40 Lobby Thermax Sub Branch (172.19.196.231:4370)
[31m[INFO] Disconnected from K40 Lobby Laxmipur Sub Branch
[34m[SCHEDULER] K40 Lobby Laxmipur Sub Branch: 0 new logs
[33m
[DEBUG] Connecting to K40 Lobby Trunkroad Sub Branch (172.19.197.231:4370)
[31m[INFO] Disconnected from K40 Lobby Khan Jahan Ali Mazar Sub Branch
[34m[SCHEDULER] K40 Lobby Khan Jahan Ali Mazar Sub Branch: 0 new logs
[33m
[DEBUG] Connecting to K40 Lobby Pirganj Sub Branch (172.19.198.231:4370)
[32m[CONNECTED] K40 Lobby Gopalpur Sub Branch
[31m[INFO] Disconnected from K40 Lobby Labanchora Branch
[34m[SCHEDULER] K40 Lobby Labanchora Branch: 0 new logs
[33m
[DEBUG] Connecting to K40 Lobby Barua Sub Branch (172.19.199.231:4370)
[32m[CONNECTED] K40 Lobby Thermax Sub Branch
[36m[INFO] Resolved device SN: A8N5232360011
[33m[DEBUG] Fetching users from K40 Lobby Gopalpur Sub Branch
[31m[ERROR] Polling K40 Lobby Nababpur Branch failed: can't reach device (ping 172.19.132.231)
[34m[SCHEDULER] K40 Lobby Nababpur Branch: 0 new logs
[33m
[DEBUG] Connecting to K40 Lobby Satkhira Branch (172.19.200.231:4370)
[32m[CONNECTED] K40 Lobby Trunkroad Sub Branch
[32m[CONNECTED] K40 Lobby Barua Sub Branch
[32m[CONNECTED] K40 Lobby Pirganj Sub Branch
[36m[INFO] Resolved device SN: A8N5232360655
[33m[DEBUG] Fetching users from K40 Lobby Trunkroad Sub Branch
[36m[INFO] Fetched 6 users from K40 Lobby Gopalpur Sub Branch
[31m[ERROR] Polling K40 Lobby Gopalpur Sub Branch failed: DirLock.__init__() got an unexpected keyword argument 'poll_interval'
[36m[INFO] Resolved device SN: A8N5232360381
[33m[DEBUG] Fetching users from K40 Lobby Barua Sub Branch
[36m[INFO] Resolved device SN: A8N5232360343
[33m[DEBUG] Fetching users from K40 Lobby Pirganj Sub Branch
[32m[CONNECTED] K40 Lobby Satkhira Branch
[36m[INFO] Resolved device SN: A8N5232360639
[33m[DEBUG] Fetching users from K40 Lobby Thermax Sub Branch
[36m[INFO] Resolved device SN: A8N5232360764
[33m[DEBUG] Fetching users from K40 Lobby Satkhira Branch
[36m[INFO] Fetched 8 users from K40 Lobby Trunkroad Sub Branch
[31m[ERROR] Polling K40 Lobby Trunkroad Sub Branch failed: DirLock.__init__() got an unexpected keyword argument 'poll_interval'
[31m[INFO] Disconnected from K40 Lobby Gopalpur Sub Branch
[34m[SCHEDULER] K40 Lobby Gopalpur Sub Branch: 0 new logs
[33m
[DEBUG] Connecting to K40 Lobby Bagerhat Sub Branch (172.19.201.231:4370)
[36m[INFO] Fetched 7 users from K40 Lobby Barua Sub Branch
[31m[ERROR] Polling K40 Lobby Barua Sub Branch failed: DirLock.__init__() got an unexpected keyword argument 'poll_interval'
[36m[INFO] Fetched 5 users from K40 Lobby Pirganj Sub Branch
[31m[ERROR] Polling K40 Lobby Pirganj Sub Branch failed: DirLock.__init__() got an unexpected keyword argument 'poll_interval'
[31m[INFO] Disconnected from K40 Lobby Trunkroad Sub Branch
[34m[SCHEDULER] K40 Lobby Trunkroad Sub Branch: 0 new logs
[33m
[DEBUG] Connecting to K40 Lobby Dania Sub Branch (172.19.202.231:4370)
[31m[INFO] Disconnected from K40 Lobby Barua Sub Branch
[34m[SCHEDULER] K40 Lobby Barua Sub Branch: 0 new logs
[33m
[DEBUG] Connecting to K40 Lobby Khatungonj Branch (172.19.203.231:4370)
[31m[INFO] Disconnected from K40 Lobby Pirganj Sub Branch
[33m
[DEBUG] Connecting to K40 Lobby Kalaroa Sub Branch (172.19.204.231:4370)
[34m[SCHEDULER] K40 Lobby Pirganj Sub Branch: 0 new logs
[32m[CONNECTED] K40 Lobby Bagerhat Sub Branch
[36m[INFO] Fetched 18 users from K40 Lobby Satkhira Branch
[31m[ERROR] Polling K40 Lobby Satkhira Branch failed: DirLock.__init__() got an unexpected keyword argument 'poll_interval'
[36m[INFO] Resolved device SN: A8N5232360374
[33m[DEBUG] Fetching users from K40 Lobby Bagerhat Sub Branch
[32m[CONNECTED] K40 Lobby Dania Sub Branch
[36m[INFO] Resolved device SN: CQQC232361249
[33m[DEBUG] Fetching users from K40 Lobby Dania Sub Branch
[32m[CONNECTED] K40 Lobby Khatungonj Branch
[31m[INFO] Disconnected from K40 Lobby Satkhira Branch
[34m[SCHEDULER] K40 Lobby Satkhira Branch: 0 new logs
[33m
[DEBUG] Connecting to K40 Lobby Mongla Sub Branch (172.19.205.231:4370)
[36m[INFO] Fetched 5 users from K40 Lobby Bagerhat Sub Branch
[31m[ERROR] Polling K40 Lobby Bagerhat Sub Branch failed: DirLock.__init__() got an unexpected keyword argument 'poll_interval'
[36m[INFO] Resolved device SN: A8N5232360427
[33m[DEBUG] Fetching users from K40 Lobby Khatungonj Branch
[32m[CONNECTED] K40 Lobby Kalaroa Sub Branch
[36m[INFO] Fetched 6 users from K40 Lobby Dania Sub Branch
[31m[ERROR] Polling K40 Lobby Dania Sub Branch failed: DirLock.__init__() got an unexpected keyword argument 'poll_interval'
[31m[INFO] Disconnected from K40 Lobby Bagerhat Sub Branch
[34m[SCHEDULER] K40 Lobby Bagerhat Sub Branch: 0 new logs
[33m
[DEBUG] Connecting to K40 Lobby Tejgaon Link Road Branch (172.19.206.231:4370)
[36m[INFO] Resolved device SN: A8N5231260156
[33m[DEBUG] Fetching users from K40 Lobby Kalaroa Sub Branch
[36m[INFO] Fetched 10 users from K40 Lobby Khatungonj Branch
[31m[ERROR] Polling K40 Lobby Khatungonj Branch failed: DirLock.__init__() got an unexpected keyword argument 'poll_interval'
[31m[INFO] Disconnected from K40 Lobby Dania Sub Branch
[34m[SCHEDULER] K40 Lobby Dania Sub Branch: 0 new logs
[33m
[DEBUG] Connecting to K40 Lobby Indira Road Sub Branch (172.19.207.231:4370)
[36m[INFO] Fetched 6 users from K40 Lobby Kalaroa Sub Branch
[31m[ERROR] Polling K40 Lobby Kalaroa Sub Branch failed: DirLock.__init__() got an unexpected keyword argument 'poll_interval'
[31m[INFO] Disconnected from K40 Lobby Khatungonj Branch
[34m[SCHEDULER] K40 Lobby Khatungonj Branch: 0 new logs
[33m
[DEBUG] Connecting to K40 Lobby Fakirhat sub Branch (172.19.208.231:4370)
[32m[CONNECTED] K40 Lobby Tejgaon Link Road Branch
[31m[ERROR] Polling K40 Lobby Hasnabad Branch failed: can't reach device (ping 172.19.147.231)
[34m[SCHEDULER] K40 Lobby Hasnabad Branch: 0 new logs
[33m
[DEBUG] Connecting to K40 Lobby Tanbazar Branch (172.19.209.231:4370)
[32m[CONNECTED] K40 Lobby Mongla Sub Branch
[36m[INFO] Resolved device SN: A8N5232360667
[33m[DEBUG] Fetching users from K40 Lobby Tejgaon Link Road Branch
[36m[INFO] Resolved device SN: A8N5232360590
[33m[DEBUG] Fetching users from K40 Lobby Mongla Sub Branch
[31m[INFO] Disconnected from K40 Lobby Kalaroa Sub Branch
[34m[SCHEDULER] K40 Lobby Kalaroa Sub Branch: 0 new logs
[33m
[DEBUG] Connecting to K40 Lobby Narshingdi Branch (172.19.210.231:4370)
[32m[CONNECTED] K40 Lobby Indira Road Sub Branch
[36m[INFO] Fetched 19 users from K40 Lobby Thermax Sub Branch
[31m[ERROR] Polling K40 Lobby Thermax Sub Branch failed: DirLock.__init__() got an unexpected keyword argument 'poll_interval'
[36m[INFO] Resolved device SN: A8N5232360684
[33m[DEBUG] Fetching users from K40 Lobby Indira Road Sub Branch
[32m[CONNECTED] K40 Lobby Fakirhat sub Branch
[32m[CONNECTED] K40 Lobby Tanbazar Branch
[36m[INFO] Fetched 6 users from K40 Lobby Mongla Sub Branch
[31m[ERROR] Polling K40 Lobby Mongla Sub Branch failed: DirLock.__init__() got an unexpected keyword argument 'poll_interval'
[32m[CONNECTED] K40 Lobby Narshingdi Branch
[36m[INFO] Resolved device SN: A8N5232360602
[33m[DEBUG] Fetching users from K40 Lobby Fakirhat sub Branch
[36m[INFO] Resolved device SN: A8N5232360611
[33m[DEBUG] Fetching users from K40 Lobby Narshingdi Branch
[36m[INFO] Fetched 16 users from K40 Lobby Tejgaon Link Road Branch
[31m[ERROR] Polling K40 Lobby Tejgaon Link Road Branch failed: DirLock.__init__() got an unexpected keyword argument 'poll_interval'
[31m[INFO] Disconnected from K40 Lobby Mongla Sub Branch
[34m[SCHEDULER] K40 Lobby Mongla Sub Branch: 0 new logs
[33m
[DEBUG] Connecting to K40 Lobby Darus Salam Branch (172.19.211.231:4370)
[36m[INFO] Fetched 9 users from K40 Lobby Fakirhat sub Branch
[31m[ERROR] Polling K40 Lobby Fakirhat sub Branch failed: DirLock.__init__() got an unexpected keyword argument 'poll_interval'
[31m[INFO] Disconnected from K40 Lobby Tejgaon Link Road Branch
[34m[SCHEDULER] K40 Lobby Tejgaon Link Road Branch: 0 new logs
[33m
[DEBUG] Connecting to K40 Lobby Cox Bazar Branch (172.19.212.231:4370)
[36m[INFO] Fetched 15 users from K40 Lobby Indira Road Sub Branch
[31m[ERROR] Polling K40 Lobby Indira Road Sub Branch failed: DirLock.__init__() got an unexpected keyword argument 'poll_interval'
[36m[INFO] Resolved device SN: A8N5232360409
[33m[DEBUG] Fetching users from K40 Lobby Tanbazar Branch
[31m[INFO] Disconnected from K40 Lobby Fakirhat sub Branch
[34m[SCHEDULER] K40 Lobby Fakirhat sub Branch: 0 new logs
[33m
[DEBUG] Connecting to K40 Lobby Bhairab Branch (172.19.213.231:4370)
[32m[CONNECTED] K40 Lobby Darus Salam Branch
[36m[INFO] Resolved device SN: A8N5232360665
[33m[DEBUG] Fetching users from K40 Lobby Darus Salam Branch
[31m[INFO] Disconnected from K40 Lobby Thermax Sub Branch
[34m[SCHEDULER] K40 Lobby Thermax Sub Branch: 0 new logs
[33m
[DEBUG] Connecting to K40 Lobby Pirojpur Sub Branch (172.19.214.231:4370)
[36m[INFO] Fetched 20 users from K40 Lobby Narshingdi Branch
[31m[ERROR] Polling K40 Lobby Narshingdi Branch failed: DirLock.__init__() got an unexpected keyword argument 'poll_interval'
[31m[INFO] Disconnected from K40 Lobby Indira Road Sub Branch
[34m[SCHEDULER] K40 Lobby Indira Road Sub Branch: 0 new logs
[33m
[DEBUG] Connecting to K40 Lobby Shahi Eidgah Sub Branch (172.19.215.231:4370)
[32m[CONNECTED] K40 Lobby Cox Bazar Branch
[36m[INFO] Resolved device SN: A8N5232360624
[33m[DEBUG] Fetching users from K40 Lobby Cox Bazar Branch
[31m[INFO] Disconnected from K40 Lobby Narshingdi Branch
[34m[SCHEDULER] K40 Lobby Narshingdi Branch: 0 new logs
[33m
[DEBUG] Connecting to K40 Lobby Charfeshon Branch (172.19.216.231:4370)
[32m[CONNECTED] K40 Lobby Bhairab Branch
[32m[CONNECTED] K40 Lobby Shahi Eidgah Sub Branch
[36m[INFO] Resolved device SN: A8N5232360605
[33m[DEBUG] Fetching users from K40 Lobby Shahi Eidgah Sub Branch
[36m[INFO] Fetched 7 users from K40 Lobby Cox Bazar Branch
[31m[ERROR] Polling K40 Lobby Cox Bazar Branch failed: DirLock.__init__() got an unexpected keyword argument 'poll_interval'
[32m[CONNECTED] K40 Lobby Pirojpur Sub Branch
[36m[INFO] Fetched 26 users from K40 Lobby Darus Salam Branch
[31m[ERROR] Polling K40 Lobby Darus Salam Branch failed: DirLock.__init__() got an unexpected keyword argument 'poll_interval'
[36m[INFO] Resolved device SN: A8N5232360386
[33m[DEBUG] Fetching users from K40 Lobby Pirojpur Sub Branch
[36m[INFO] Resolved device SN: A8N5232360610
[33m[DEBUG] Fetching users from K40 Lobby Bhairab Branch
[32m[CONNECTED] K40 Lobby Charfeshon Branch
[31m[INFO] Disconnected from K40 Lobby Cox Bazar Branch
[34m[SCHEDULER] K40 Lobby Cox Bazar Branch: 0 new logs
[33m
[DEBUG] Connecting to K40 Lobby Hossainpur Branch (172.19.217.231:4370)
[36m[INFO] Fetched 7 users from K40 Lobby Shahi Eidgah Sub Branch
[31m[ERROR] Polling K40 Lobby Shahi Eidgah Sub Branch failed: DirLock.__init__() got an unexpected keyword argument 'poll_interval'
[36m[INFO] Resolved device SN: A8N5232360582
[33m[DEBUG] Fetching users from K40 Lobby Charfeshon Branch
[31m[INFO] Disconnected from K40 Lobby Darus Salam Branch
[34m[SCHEDULER] K40 Lobby Darus Salam Branch: 0 new logs
[33m
[DEBUG] Connecting to K40 Lobby Sherpur Sub Branch (172.19.218.231:4370)
[31m[INFO] Disconnected from K40 Lobby Shahi Eidgah Sub Branch
[34m[SCHEDULER] K40 Lobby Shahi Eidgah Sub Branch: 0 new logs
[33m
[DEBUG] Connecting to K40 Lobby Boteswor SUB Branch (172.19.219.231:4370)
[32m[CONNECTED] K40 Lobby Hossainpur Branch
[36m[INFO] Fetched 7 users from K40 Lobby Charfeshon Branch
[31m[ERROR] Polling K40 Lobby Charfeshon Branch failed: DirLock.__init__() got an unexpected keyword argument 'poll_interval'
[36m[INFO] Resolved device SN: A8N5232360798
[33m[DEBUG] Fetching users from K40 Lobby Hossainpur Branch
[36m[INFO] Fetched 22 users from K40 Lobby Pirojpur Sub Branch
[31m[ERROR] Polling K40 Lobby Pirojpur Sub Branch failed: DirLock.__init__() got an unexpected keyword argument 'poll_interval'
[32m[CONNECTED] K40 Lobby Sherpur Sub Branch
[31m[INFO] Disconnected from K40 Lobby Charfeshon Branch
[34m[SCHEDULER] K40 Lobby Charfeshon Branch: 0 new logs
[33m
[DEBUG] Connecting to K40 Lobby Aftabganj Sub Branch (172.19.220.231:4370)
[36m[INFO] Resolved device SN: A8N5232360007
[33m[DEBUG] Fetching users from K40 Lobby Sherpur Sub Branch
[31m[INFO] Disconnected from K40 Lobby Pirojpur Sub Branch
[34m[SCHEDULER] K40 Lobby Pirojpur Sub Branch: 0 new logs
[33m
[DEBUG] Connecting to K40 Lobby Padua Bazar Sub Branch (172.19.221.231:4370)
[36m[INFO] Fetched 5 users from K40 Lobby Sherpur Sub Branch
[31m[ERROR] Polling K40 Lobby Sherpur Sub Branch failed: DirLock.__init__() got an unexpected keyword argument 'poll_interval'
[36m[INFO] Fetched 21 users from K40 Lobby Hossainpur Branch
[31m[ERROR] Polling K40 Lobby Hossainpur Branch failed: DirLock.__init__() got an unexpected keyword argument 'poll_interval'
[32m[CONNECTED] K40 Lobby Aftabganj Sub Branch
[32m[CONNECTED] K40 Lobby Boteswor SUB Branch
[36m[INFO] Resolved device SN: A8N5232360608
[33m[DEBUG] Fetching users from K40 Lobby Aftabganj Sub Branch
[31m[INFO] Disconnected from K40 Lobby Sherpur Sub Branch
[34m[SCHEDULER] K40 Lobby Sherpur Sub Branch: 0 new logs
[33m
[DEBUG] Connecting to K40 Lobby Tangail Branch  (172.19.222.231:4370)
[31m[INFO] Disconnected from K40 Lobby Hossainpur Branch
[34m[SCHEDULER] K40 Lobby Hossainpur Branch: 0 new logs
[33m
[DEBUG] Connecting to K40 Lobby Birampur Sub Branch (172.19.223.231:4370)
[36m[INFO] Fetched 5 users from K40 Lobby Aftabganj Sub Branch
[31m[ERROR] Polling K40 Lobby Aftabganj Sub Branch failed: DirLock.__init__() got an unexpected keyword argument 'poll_interval'
[32m[CONNECTED] K40 Lobby Tangail Branch 
[32m[CONNECTED] K40 Lobby Birampur Sub Branch
[36m[INFO] Fetched 20 users from K40 Lobby Bhairab Branch
[31m[ERROR] Polling K40 Lobby Bhairab Branch failed: DirLock.__init__() got an unexpected keyword argument 'poll_interval'
[36m[INFO] Resolved device SN: A8N5232360943
[33m[DEBUG] Fetching users from K40 Lobby Tangail Branch 
[32m[CONNECTED] K40 Lobby Benapole Branch
[36m[INFO] Resolved device SN: A8N5232360561
[33m[DEBUG] Fetching users from K40 Lobby Birampur Sub Branch
[32m[CONNECTED] K40 Lobby Padua Bazar Sub Branch
[31m[INFO] Disconnected from K40 Lobby Aftabganj Sub Branch
[34m[SCHEDULER] K40 Lobby Aftabganj Sub Branch: 0 new logs
[33m
[DEBUG] Connecting to K40 Lobby Mirpur Vault Room Branch (172.19.133.231:4370)
[36m[INFO] Fetched 21 users from K40 Lobby Tanbazar Branch
[31m[ERROR] Polling K40 Lobby Tanbazar Branch failed: DirLock.__init__() got an unexpected keyword argument 'poll_interval'
[31m[ERROR] Polling K40 Lobby Abdullahpur Branch failed: can't reach device (ping 172.19.167.231)
[34m[SCHEDULER] K40 Lobby Abdullahpur Branch: 0 new logs
[33m
[DEBUG] Connecting to K40 Lobby Palashbari Branch (EXT) Branch (172.19.183.232:4370)
[36m[INFO] Fetched 8 users from K40 Lobby Tangail Branch 
[31m[ERROR] Polling K40 Lobby Tangail Branch  failed: DirLock.__init__() got an unexpected keyword argument 'poll_interval'
[36m[INFO] Fetched 4 users from K40 Lobby Birampur Sub Branch
[31m[ERROR] Polling K40 Lobby Birampur Sub Branch failed: DirLock.__init__() got an unexpected keyword argument 'poll_interval'
[36m[INFO] Resolved device SN: A8N5232360500
[33m[DEBUG] Fetching users from K40 Lobby Boteswor SUB Branch
[31m[INFO] Disconnected from K40 Lobby Tangail Branch 
[34m[SCHEDULER] K40 Lobby Tangail Branch : 0 new logs
[33m
[DEBUG] Connecting to K40 Lobby TPU (172.19.101.220:4370)
[31m[INFO] Disconnected from K40 Lobby Birampur Sub Branch
[34m[SCHEDULER] K40 Lobby Birampur Sub Branch: 0 new logs
[33m
[DEBUG] Connecting to K40 Lobby SWIFT (172.19.100.186:4370)
[31m[INFO] Disconnected from K40 Lobby Bhairab Branch
[33m
[DEBUG] Connecting to K40 Lobby Power Room (172.19.100.232:4370)
[34m[SCHEDULER] K40 Lobby Bhairab Branch: 0 new logs
[32m[CONNECTED] K40 Lobby TPU
[32m[CONNECTED] K40 Lobby SWIFT
[36m[INFO] Resolved device SN: A8N5232360049
[33m[DEBUG] Fetching users from K40 Lobby Benapole Branch
[36m[INFO] Resolved device SN: PAS4240900544
[33m[DEBUG] Fetching users from K40 Lobby TPU
[32m[CONNECTED] K40 Lobby Power Room
[36m[INFO] Resolved device SN: A8N5232360455
[33m[DEBUG] Fetching users from K40 Lobby SWIFT
[36m[INFO] Resolved device SN: CQQC225260030
[33m[DEBUG] Fetching users from K40 Lobby Power Room
[36m[INFO] Resolved device SN: A8N5232360785
[33m[DEBUG] Fetching users from K40 Lobby Padua Bazar Sub Branch
[36m[INFO] Fetched 11 users from K40 Lobby Power Room
[31m[ERROR] Polling K40 Lobby Power Room failed: DirLock.__init__() got an unexpected keyword argument 'poll_interval'
[36m[INFO] Fetched 3 users from K40 Lobby SWIFT
[31m[ERROR] Polling K40 Lobby SWIFT failed: DirLock.__init__() got an unexpected keyword argument 'poll_interval'
[31m[INFO] Disconnected from K40 Lobby Power Room
[34m[SCHEDULER] K40 Lobby Power Room: 0 new logs
[33m
[DEBUG] Connecting to K40 Lobby HRD 2 (172.19.58.232:4370)
[31m[INFO] Disconnected from K40 Lobby Tanbazar Branch
[34m[SCHEDULER] K40 Lobby Tanbazar Branch: 0 new logs
[36m[INFO] Fetched 72 users from K40 Lobby TPU
[31m[ERROR] Polling K40 Lobby TPU failed: DirLock.__init__() got an unexpected keyword argument 'poll_interval'
[31m[INFO] Disconnected from K40 Lobby SWIFT
[34m[SCHEDULER] K40 Lobby SWIFT: 0 new logs
[32m[CONNECTED] K40 Lobby HRD 2
[36m[INFO] Resolved device SN: CQQC225261242
[33m[DEBUG] Fetching users from K40 Lobby HRD 2
[31m[INFO] Disconnected from K40 Lobby TPU
[34m[SCHEDULER] K40 Lobby TPU: 0 new logs
[36m[INFO] Fetched 19 users from K40 Lobby HRD 2
[31m[ERROR] Polling K40 Lobby HRD 2 failed: DirLock.__init__() got an unexpected keyword argument 'poll_interval'
[31m[INFO] Disconnected from K40 Lobby HRD 2
[34m[SCHEDULER] K40 Lobby HRD 2: 0 new logs
[36m[INFO] Fetched 5 users from K40 Lobby Boteswor SUB Branch
[31m[ERROR] Polling K40 Lobby Boteswor SUB Branch failed: DirLock.__init__() got an unexpected keyword argument 'poll_interval'
[36m[INFO] Fetched 7 users from K40 Lobby Benapole Branch
[31m[ERROR] Polling K40 Lobby Benapole Branch failed: DirLock.__init__() got an unexpected keyword argument 'poll_interval'
[31m[INFO] Disconnected from K40 Lobby Benapole Branch
[34m[SCHEDULER] K40 Lobby Benapole Branch: 0 new logs
[36m[INFO] Fetched 4 users from K40 Lobby Padua Bazar Sub Branch
[31m[ERROR] Polling K40 Lobby Padua Bazar Sub Branch failed: DirLock.__init__() got an unexpected keyword argument 'poll_interval'
[31m[INFO] Disconnected from K40 Lobby Boteswor SUB Branch
[34m[SCHEDULER] K40 Lobby Boteswor SUB Branch: 0 new logs
[31m[INFO] Disconnected from K40 Lobby Padua Bazar Sub Branch
[34m[SCHEDULER] K40 Lobby Padua Bazar Sub Branch: 0 new logs
[31m[ERROR] Polling K40 Lobby Yousuf Market Sub Branch failed: can't reach device (ping 172.19.191.231)
[34m[SCHEDULER] K40 Lobby Yousuf Market Sub Branch: 0 new logs
[31m[ERROR] Polling K40 Lobby Palashbari Branch (EXT) Branch failed: can't reach device (ping 172.19.183.232)
[34m[SCHEDULER] K40 Lobby Palashbari Branch (EXT) Branch: 0 new logs
[31m[ERROR] Polling K40 Lobby Mirpur Vault Room Branch failed: timed out
[34m[SCHEDULER] K40 Lobby Mirpur Vault Room Branch: 0 new logs
[36m[EXPORT JOB STARTED] id=0a9861cc-2e01-4fe7-b4d1-c90abd195333 (background)
[36m[EXPORT] Export job launched (background).
[36m[SCHEDULER] Completed polling 127 devices. Total new logs: 0. Run time: 26.42s

RUN_SUMMARY_JSON: {"start": "2025-09-01T16:10:59.446938", "end": "2025-09-01T16:11:27.912840", "devices_polled": 127, "new_logs": 0, "elapsed_seconds": 26.415, "exceptions": [], "logfile": "logs\\zk_sync_20250901_161059.log"}

===== ZK SYNC RUN STOP: 2025-09-01 16:11:27 (elapsed 28.47s) =====

