
===== ZK SYNC RUN START: 2025-09-03 16:45:22 =====
[35m[SCHEDULER] Dispatching polling for devices… (log: logs\zk_sync_20250903_164522.log)
[34m
[DEBUG] Connecting to K40 Lobby Principal Branch (172.19.102.231:4370)
[34m
[DEBUG] Connecting to K40 Lobby Hemayetpur  Branch (172.19.103.231:4370)
[34m
[DEBUG] Connecting to K40 Lobby Bhatiary  Branch (172.19.104.231:4370)[34m
[DEBUG] Connecting to K40 Lobby Agrabad  Branch (172.19.105.231:4370)[34m
[DEBUG] Connecting to K40 Lobby Khulna Branch (172.19.106.231:4370)[34m
[DEBUG] Connecting to K40 Lobby Katakhali Branch (172.19.107.231:4370)
[34m
[DEBUG] Connecting to K40 Lobby Keraniganj Branch (172.19.108.231:4370)[34m
[DEBUG] Connecting to K40 Lobby Uttara Branch (172.19.109.231:4370)
[34m
[DEBUG] Connecting to K40 Lobby Gulshan Branch (172.19.110.231:4370)
[34m
[DEBUG] Connecting to K40 Lobby Velanagar Branch (172.19.111.231:4370)




[32m[CONNECTED] K40 Lobby Hemayetpur  Branch
[32m[CONNECTED] K40 Lobby Principal Branch
[32m[CONNECTED] K40 Lobby Uttara Branch
[32m[CONNECTED] K40 Lobby Keraniganj Branch
[32m[CONNECTED] K40 Lobby Agrabad  Branch
[32m[CONNECTED] K40 Lobby Katakhali Branch
[32m[CONNECTED] K40 Lobby Khulna Branch
[32m[CONNECTED] K40 Lobby Bhatiary  Branch
[32m[CONNECTED] K40 Lobby Gulshan Branch
[32m[CONNECTED] K40 Lobby Velanagar Branch
[31m[ERROR] Polling K40 Lobby Bhatiary  Branch failed: name 'ACCESS_DB_PATH' is not defined
[31m[ERROR] Polling K40 Lobby Hemayetpur  Branch failed: name 'ACCESS_DB_PATH' is not defined
[31m[ERROR] Polling K40 Lobby Keraniganj Branch failed: name 'ACCESS_DB_PATH' is not defined
[31m[ERROR] Polling K40 Lobby Agrabad  Branch failed: name 'ACCESS_DB_PATH' is not defined
[31m[DISCONNECTED] K40 Lobby Bhatiary  Branch
[34m[SCHEDULER] K40 Lobby Bhatiary  Branch: 0 new logs
[34m
[DEBUG] Connecting to K40 Lobby Imamganj Branch (172.19.112.231:4370)
[31m[ERROR] Polling K40 Lobby Principal Branch failed: name 'ACCESS_DB_PATH' is not defined
[31m[DISCONNECTED] K40 Lobby Agrabad  Branch
[34m[SCHEDULER] K40 Lobby Agrabad  Branch: 0 new logs
[34m
[DEBUG] Connecting to K40 Lobby Ashulia Branch (172.19.113.231:4370)
[31m[ERROR] Polling K40 Lobby Katakhali Branch failed: name 'ACCESS_DB_PATH' is not defined
[31m[ERROR] Polling K40 Lobby Gulshan Branch failed: name 'ACCESS_DB_PATH' is not defined
[31m[DISCONNECTED] K40 Lobby Keraniganj Branch
[34m[SCHEDULER] K40 Lobby Keraniganj Branch: 0 new logs
[34m
[DEBUG] Connecting to K40 Lobby Dhanmondi Branch (172.19.114.231:4370)
[31m[DISCONNECTED] K40 Lobby Hemayetpur  Branch
[34m[SCHEDULER] K40 Lobby Hemayetpur  Branch: 0 new logs
[34m
[DEBUG] Connecting to K40 Lobby Sylhet Branch (172.19.116.231:4370)
[31m[DISCONNECTED] K40 Lobby Principal Branch
[34m[SCHEDULER] K40 Lobby Principal Branch: 0 new logs
[34m
[DEBUG] Connecting to K40 Lobby Jubliroad Sub Branch (172.19.117.231:4370)
[31m[DISCONNECTED] K40 Lobby Katakhali Branch
[34m[SCHEDULER] K40 Lobby Katakhali Branch: 0 new logs
[34m
[DEBUG] Connecting to K40 Lobby Bogura Branch (172.19.118.231:4370)
[32m[CONNECTED] K40 Lobby Imamganj Branch
[31m[DISCONNECTED] K40 Lobby Gulshan Branch
[34m[SCHEDULER] K40 Lobby Gulshan Branch: 0 new logs
[34m
[DEBUG] Connecting to K40 Lobby Mawna Branch (172.19.119.231:4370)
[32m[CONNECTED] K40 Lobby Ashulia Branch
[32m[CONNECTED] K40 Lobby Dhanmondi Branch
[32m[CONNECTED] K40 Lobby Sylhet Branch
[31m[ERROR] Polling K40 Lobby Velanagar Branch failed: name 'ACCESS_DB_PATH' is not defined
[32m[CONNECTED] K40 Lobby Jubliroad Sub Branch
[32m[CONNECTED] K40 Lobby Bogura Branch
[31m[DISCONNECTED] K40 Lobby Velanagar Branch
[34m[SCHEDULER] K40 Lobby Velanagar Branch: 0 new logs
[34m
[DEBUG] Connecting to K40 Lobby Islampur Branch (172.19.120.231:4370)
[31m[ERROR] Polling K40 Lobby Uttara Branch failed: name 'ACCESS_DB_PATH' is not defined
[31m[ERROR] Polling K40 Lobby Imamganj Branch failed: name 'ACCESS_DB_PATH' is not defined
[32m[CONNECTED] K40 Lobby Mawna Branch
[31m[ERROR] Polling K40 Lobby Sylhet Branch failed: name 'ACCESS_DB_PATH' is not defined
[31m[ERROR] Polling K40 Lobby Jubliroad Sub Branch failed: name 'ACCESS_DB_PATH' is not defined
[31m[DISCONNECTED] K40 Lobby Uttara Branch
[34m[SCHEDULER] K40 Lobby Uttara Branch: 0 new logs
[34m
[DEBUG] Connecting to K40 Lobby Modhunaghat Branch (172.19.121.231:4370)
[31m[DISCONNECTED] K40 Lobby Imamganj Branch
[34m[SCHEDULER] K40 Lobby Imamganj Branch: 0 new logs
[34m
[DEBUG] Connecting to K40 Lobby Shyamnagar Branch (172.19.122.231:4370)
[32m[CONNECTED] K40 Lobby Islampur Branch
[31m[DISCONNECTED] K40 Lobby Sylhet Branch
[34m[SCHEDULER] K40 Lobby Sylhet Branch: 0 new logs
[34m
[DEBUG] Connecting to K40 Lobby Gazipur Branch (172.19.123.231:4370)
[31m[ERROR] Polling K40 Lobby Khulna Branch failed: name 'ACCESS_DB_PATH' is not defined
[31m[DISCONNECTED] K40 Lobby Jubliroad Sub Branch
[34m[SCHEDULER] K40 Lobby Jubliroad Sub Branch: 0 new logs
[34m
[DEBUG] Connecting to K40 Lobby Moynamoti Branch (172.19.124.231:4370)
[32m[CONNECTED] K40 Lobby Modhunaghat Branch
[31m[ERROR] Polling K40 Lobby Mawna Branch failed: name 'ACCESS_DB_PATH' is not defined
[32m[CONNECTED] K40 Lobby Gazipur Branch
[31m[ERROR] Polling K40 Lobby Islampur Branch failed: name 'ACCESS_DB_PATH' is not defined
[32m[CONNECTED] K40 Lobby Shyamnagar Branch
[31m[ERROR] Polling K40 Lobby Ashulia Branch failed: name 'ACCESS_DB_PATH' is not defined
[31m[DISCONNECTED] K40 Lobby Khulna Branch
[34m[SCHEDULER] K40 Lobby Khulna Branch: 0 new logs
[34m
[DEBUG] Connecting to K40 Lobby Banglabazar Branch (172.19.125.231:4370)
[32m[CONNECTED] K40 Lobby Moynamoti Branch
[31m[ERROR] Polling K40 Lobby Modhunaghat Branch failed: name 'ACCESS_DB_PATH' is not defined
[31m[DISCONNECTED] K40 Lobby Mawna Branch
[34m[SCHEDULER] K40 Lobby Mawna Branch: 0 new logs
[34m
[DEBUG] Connecting to K40 Lobby Banani Branch (172.19.126.231:4370)
[31m[DISCONNECTED] K40 Lobby Islampur Branch
[34m[SCHEDULER] K40 Lobby Islampur Branch: 0 new logs
[34m
[DEBUG] Connecting to K40 Lobby Chuknagar  Branch (172.19.127.231:4370)
[31m[ERROR] Polling K40 Lobby Moynamoti Branch failed: name 'ACCESS_DB_PATH' is not defined
[31m[DISCONNECTED] K40 Lobby Modhunaghat Branch
[34m[SCHEDULER] K40 Lobby Modhunaghat Branch: 0 new logs
[34m
[DEBUG] Connecting to K40 Lobby Madhobdi Branch (172.19.128.231:4370)
[31m[DISCONNECTED] K40 Lobby Ashulia Branch
[34m[SCHEDULER] K40 Lobby Ashulia Branch: 0 new logs
[34m
[DEBUG] Connecting to K40 Lobby Barishal Branch (172.19.129.231:4370)
[31m[ERROR] Polling K40 Lobby Gazipur Branch failed: name 'ACCESS_DB_PATH' is not defined
[31m[DISCONNECTED] K40 Lobby Moynamoti Branch
[34m[SCHEDULER] K40 Lobby Moynamoti Branch: 0 new logs
[34m
[DEBUG] Connecting to K40 Lobby Sarbolakkhona Branch (172.19.130.231:4370)
[31m[ERROR] Polling K40 Lobby Bogura Branch failed: name 'ACCESS_DB_PATH' is not defined
[32m[CONNECTED] K40 Lobby Banani Branch
[31m[DISCONNECTED] K40 Lobby Gazipur Branch
[34m[SCHEDULER] K40 Lobby Gazipur Branch: 0 new logs
[34m
[DEBUG] Connecting to K40 Lobby Rajshahi Branch (172.19.131.231:4370)
[31m[ERROR] Polling K40 Lobby Shyamnagar Branch failed: name 'ACCESS_DB_PATH' is not defined
[32m[CONNECTED] K40 Lobby Barishal Branch
[32m[CONNECTED] K40 Lobby Chuknagar  Branch
[32m[CONNECTED] K40 Lobby Sarbolakkhona Branch
[31m[DISCONNECTED] K40 Lobby Shyamnagar Branch
[34m[SCHEDULER] K40 Lobby Shyamnagar Branch: 0 new logs
[34m
[DEBUG] Connecting to K40 Lobby Nababpur Branch (172.19.132.231:4370)
[32m[CONNECTED] K40 Lobby Madhobdi Branch
[32m[CONNECTED] K40 Lobby Rajshahi Branch
[31m[DISCONNECTED] K40 Lobby Bogura Branch
[34m[SCHEDULER] K40 Lobby Bogura Branch: 0 new logs
[34m
[DEBUG] Connecting to K40 Lobby Mirpur Branch (172.19.133.230:4370)
[31m[ERROR] Polling K40 Lobby Banani Branch failed: name 'ACCESS_DB_PATH' is not defined
[32m[CONNECTED] K40 Lobby Nababpur Branch
[31m[ERROR] Polling K40 Lobby Chuknagar  Branch failed: name 'ACCESS_DB_PATH' is not defined
[31m[DISCONNECTED] K40 Lobby Banani Branch
[34m[SCHEDULER] K40 Lobby Banani Branch: 0 new logs
[32m[CONNECTED] K40 Lobby Banglabazar Branch
[34m
[DEBUG] Connecting to K40 Lobby Shibu Market Branch (172.19.134.231:4370)
[31m[ERROR] Polling K40 Lobby Barishal Branch failed: name 'ACCESS_DB_PATH' is not defined
[32m[CONNECTED] K40 Lobby Mirpur Branch
[31m[ERROR] Polling K40 Lobby Madhobdi Branch failed: name 'ACCESS_DB_PATH' is not defined
[31m[DISCONNECTED] K40 Lobby Barishal Branch
[34m[SCHEDULER] K40 Lobby Barishal Branch: 0 new logs
[34m
[DEBUG] Connecting to K40 Lobby Ghonapara Branch (172.19.135.231:4370)
[31m[DISCONNECTED] K40 Lobby Chuknagar  Branch
[34m[SCHEDULER] K40 Lobby Chuknagar  Branch: 0 new logs
[34m
[DEBUG] Connecting to K40 Lobby Digraj Branch (172.19.136.231:4370)
[32m[CONNECTED] K40 Lobby Shibu Market Branch
[31m[ERROR] Polling K40 Lobby Sarbolakkhona Branch failed: name 'ACCESS_DB_PATH' is not defined
[31m[DISCONNECTED] K40 Lobby Madhobdi Branch
[34m[SCHEDULER] K40 Lobby Madhobdi Branch: 0 new logs
[34m
[DEBUG] Connecting to K40 Lobby Bijoynagar Branch (172.19.137.231:4370)
[31m[ERROR] Polling K40 Lobby Mirpur Branch failed: name 'ACCESS_DB_PATH' is not defined
[31m[ERROR] Polling K40 Lobby Shibu Market Branch failed: name 'ACCESS_DB_PATH' is not defined
[32m[CONNECTED] K40 Lobby Ghonapara Branch
[32m[CONNECTED] K40 Lobby Digraj Branch
[31m[ERROR] Polling K40 Lobby Dhanmondi Branch failed: name 'ACCESS_DB_PATH' is not defined
[32m[CONNECTED] K40 Lobby Bijoynagar Branch
[31m[DISCONNECTED] K40 Lobby Mirpur Branch
[34m[SCHEDULER] K40 Lobby Mirpur Branch: 0 new logs
[34m
[DEBUG] Connecting to K40 Lobby Narayangonj Branch (172.19.138.231:4370)
[31m[DISCONNECTED] K40 Lobby Sarbolakkhona Branch
[34m[SCHEDULER] K40 Lobby Sarbolakkhona Branch: 0 new logs
[34m
[DEBUG] Connecting to K40 Lobby Fatikchari Branch (172.19.139.231:4370)
[31m[DISCONNECTED] K40 Lobby Shibu Market Branch
[34m[SCHEDULER] K40 Lobby Shibu Market Branch: 0 new logs
[34m
[DEBUG] Connecting to K40 Lobby Baburhat Branch (172.19.140.231:4370)
[31m[DISCONNECTED] K40 Lobby Dhanmondi Branch
[34m[SCHEDULER] K40 Lobby Dhanmondi Branch: 0 new logs
[34m
[DEBUG] Connecting to K40 Lobby Rangpur Branch (172.19.141.231:4370)
[31m[ERROR] Polling K40 Lobby Nababpur Branch failed: name 'ACCESS_DB_PATH' is not defined
[31m[ERROR] Polling K40 Lobby Rajshahi Branch failed: name 'ACCESS_DB_PATH' is not defined
[31m[ERROR] Polling K40 Lobby Digraj Branch failed: name 'ACCESS_DB_PATH' is not defined
[31m[ERROR] Polling K40 Lobby Ghonapara Branch failed: name 'ACCESS_DB_PATH' is not defined
[32m[CONNECTED] K40 Lobby Narayangonj Branch
[31m[DISCONNECTED] K40 Lobby Digraj Branch
[34m[SCHEDULER] K40 Lobby Digraj Branch: 0 new logs
[34m
[DEBUG] Connecting to K40 Lobby Jessore Branch (172.19.142.231:4370)
[32m[CONNECTED] K40 Lobby Fatikchari Branch
[31m[ERROR] Polling K40 Lobby Banglabazar Branch failed: name 'ACCESS_DB_PATH' is not defined
[31m[DISCONNECTED] K40 Lobby Nababpur Branch
[34m
[DEBUG] Connecting to K40 Lobby Takerhat Branch (172.19.143.231:4370)
[34m[SCHEDULER] K40 Lobby Nababpur Branch: 0 new logs
[32m[CONNECTED] K40 Lobby Baburhat Branch
[32m[CONNECTED] K40 Lobby Rangpur Branch
[31m[DISCONNECTED] K40 Lobby Ghonapara Branch
[34m
[DEBUG] Connecting to K40 Lobby Nasirabad Branch (172.19.144.231:4370)
[34m[SCHEDULER] K40 Lobby Ghonapara Branch: 0 new logs
[31m[ERROR] Polling K40 Lobby Bijoynagar Branch failed: name 'ACCESS_DB_PATH' is not defined
[31m[DISCONNECTED] K40 Lobby Rajshahi Branch
[34m[SCHEDULER] K40 Lobby Rajshahi Branch: 0 new logs
[34m
[DEBUG] Connecting to K40 Lobby Bhomra Branch (172.19.145.231:4370)
[31m[DISCONNECTED] K40 Lobby Bijoynagar Branch
[34m[SCHEDULER] K40 Lobby Bijoynagar Branch: 0 new logs
[34m
[DEBUG] Connecting to K40 Lobby Morrelganj Branch (172.19.146.231:4370)
[31m[ERROR] Polling K40 Lobby Baburhat Branch failed: name 'ACCESS_DB_PATH' is not defined
[31m[ERROR] Polling K40 Lobby Fatikchari Branch failed: name 'ACCESS_DB_PATH' is not defined
[32m[CONNECTED] K40 Lobby Jessore Branch
[32m[CONNECTED] K40 Lobby Takerhat Branch
[31m[ERROR] Polling K40 Lobby Narayangonj Branch failed: name 'ACCESS_DB_PATH' is not defined
[32m[CONNECTED] K40 Lobby Nasirabad Branch
[31m[DISCONNECTED] K40 Lobby Baburhat Branch
[34m[SCHEDULER] K40 Lobby Baburhat Branch: 0 new logs
[34m
[DEBUG] Connecting to K40 Lobby Hasnabad Branch (172.19.147.231:4370)
[31m[DISCONNECTED] K40 Lobby Fatikchari Branch
[34m[SCHEDULER] K40 Lobby Fatikchari Branch: 0 new logs
[34m
[DEBUG] Connecting to K40 Lobby Kharabad Branch (172.19.148.231:4370)
[31m[DISCONNECTED] K40 Lobby Narayangonj Branch
[34m[SCHEDULER] K40 Lobby Narayangonj Branch: 0 new logs
[34m
[DEBUG] Connecting to K40 Lobby Chalakchar Branch (172.19.149.231:4370)
[32m[CONNECTED] K40 Lobby Bhomra Branch
[31m[ERROR] Polling K40 Lobby Takerhat Branch failed: name 'ACCESS_DB_PATH' is not defined
[31m[DISCONNECTED] K40 Lobby Banglabazar Branch
[34m[SCHEDULER] K40 Lobby Banglabazar Branch: 0 new logs
[34m
[DEBUG] Connecting to K40 Lobby Panthapath Branch (172.19.150.231:4370)
[31m[ERROR] Polling K40 Lobby Nasirabad Branch failed: name 'ACCESS_DB_PATH' is not defined
[32m[CONNECTED] K40 Lobby Morrelganj Branch
[31m[ERROR] Polling K40 Lobby Rangpur Branch failed: name 'ACCESS_DB_PATH' is not defined
[31m[DISCONNECTED] K40 Lobby Takerhat Branch
[34m[SCHEDULER] K40 Lobby Takerhat Branch: 0 new logs
[34m
[DEBUG] Connecting to K40 Lobby Mouchak Branch (172.19.151.231:4370)
[32m[CONNECTED] K40 Lobby Kharabad Branch
[31m[DISCONNECTED] K40 Lobby Nasirabad Branch
[34m[SCHEDULER] K40 Lobby Nasirabad Branch: 0 new logs
[34m
[DEBUG] Connecting to K40 Lobby Maligram Branch (172.19.152.231:4370)
[32m[CONNECTED] K40 Lobby Chalakchar Branch
[32m[CONNECTED] K40 Lobby Panthapath Branch
[31m[ERROR] Polling K40 Lobby Morrelganj Branch failed: name 'ACCESS_DB_PATH' is not defined
[31m[DISCONNECTED] K40 Lobby Rangpur Branch
[34m[SCHEDULER] K40 Lobby Rangpur Branch: 0 new logs
[34m
[DEBUG] Connecting to K40 Lobby Chittagong EPZ Branch (172.19.153.231:4370)
[31m[ERROR] Polling K40 Lobby Jessore Branch failed: name 'ACCESS_DB_PATH' is not defined
[32m[CONNECTED] K40 Lobby Mouchak Branch
[31m[DISCONNECTED] K40 Lobby Morrelganj Branch
[34m[SCHEDULER] K40 Lobby Morrelganj Branch: 0 new logs
[34m
[DEBUG] Connecting to K40 Lobby Dinajpur Branch (172.19.154.231:4370)
[32m[CONNECTED] K40 Lobby Maligram Branch
[32m[CONNECTED] K40 Lobby Chittagong EPZ Branch
[31m[ERROR] Polling K40 Lobby Bhomra Branch failed: name 'ACCESS_DB_PATH' is not defined
[31m[ERROR] Polling K40 Lobby Mouchak Branch failed: name 'ACCESS_DB_PATH' is not defined
[31m[DISCONNECTED] K40 Lobby Jessore Branch
[34m[SCHEDULER] K40 Lobby Jessore Branch: 0 new logs
[34m
[DEBUG] Connecting to K40 Lobby KDA Branch (172.19.155.231:4370)
[32m[CONNECTED] K40 Lobby Dinajpur Branch
[31m[ERROR] Polling K40 Lobby Kharabad Branch failed: name 'ACCESS_DB_PATH' is not defined
[31m[ERROR] Polling K40 Lobby Maligram Branch failed: name 'ACCESS_DB_PATH' is not defined
[31m[ERROR] Polling K40 Lobby Panthapath Branch failed: name 'ACCESS_DB_PATH' is not defined
[31m[DISCONNECTED] K40 Lobby Mouchak Branch
[34m[SCHEDULER] K40 Lobby Mouchak Branch: 0 new logs
[34m
[DEBUG] Connecting to K40 Lobby Nator Branch (172.19.156.231:4370)
[31m[ERROR] Polling K40 Lobby Chittagong EPZ Branch failed: name 'ACCESS_DB_PATH' is not defined
[31m[DISCONNECTED] K40 Lobby Kharabad Branch
[34m[SCHEDULER] K40 Lobby Kharabad Branch: 0 new logs
[34m
[DEBUG] Connecting to K40 Lobby Feni Branch (172.19.157.231:4370)
[31m[DISCONNECTED] K40 Lobby Bhomra Branch
[34m[SCHEDULER] K40 Lobby Bhomra Branch: 0 new logs
[34m
[DEBUG] Connecting to K40 Lobby Kushtia Branch (172.19.158.231:4370)
[31m[ERROR] Polling K40 Lobby Chalakchar Branch failed: name 'ACCESS_DB_PATH' is not defined
[31m[DISCONNECTED] K40 Lobby Maligram Branch
[34m[SCHEDULER] K40 Lobby Maligram Branch: 0 new logs
[34m
[DEBUG] Connecting to K40 Lobby Labanchora Branch (172.19.159.231:4370)
[31m[DISCONNECTED] K40 Lobby Chittagong EPZ Branch
[32m[CONNECTED] K40 Lobby KDA Branch
[34m
[DEBUG] Connecting to K40 Lobby Khatunganj Branch (172.19.160.231:4370)
[34m[SCHEDULER] K40 Lobby Chittagong EPZ Branch: 0 new logs
[31m[DISCONNECTED] K40 Lobby Panthapath Branch
[34m[SCHEDULER] K40 Lobby Panthapath Branch: 0 new logs
[34m
[DEBUG] Connecting to K40 Lobby Pragati Sharani Branch (172.19.161.231:4370)
[32m[CONNECTED] K40 Lobby Feni Branch
[32m[CONNECTED] K40 Lobby Nator Branch
[31m[DISCONNECTED] K40 Lobby Chalakchar Branch
[34m[SCHEDULER] K40 Lobby Chalakchar Branch: 0 new logs
[34m
[DEBUG] Connecting to K40 Lobby Amin Bazar Branch (172.19.162.231:4370)
[32m[CONNECTED] K40 Lobby Kushtia Branch
[32m[CONNECTED] K40 Lobby Khatunganj Branch
[32m[CONNECTED] K40 Lobby Pragati Sharani Branch
[31m[ERROR] Polling K40 Lobby Feni Branch failed: name 'ACCESS_DB_PATH' is not defined
[32m[CONNECTED] K40 Lobby Amin Bazar Branch
[31m[ERROR] Polling K40 Lobby Nator Branch failed: name 'ACCESS_DB_PATH' is not defined
[31m[ERROR] Polling K40 Lobby Kushtia Branch failed: name 'ACCESS_DB_PATH' is not defined
[32m[CONNECTED] K40 Lobby Labanchora Branch
[31m[DISCONNECTED] K40 Lobby Feni Branch
[34m[SCHEDULER] K40 Lobby Feni Branch: 0 new logs
[34m
[DEBUG] Connecting to K40 Lobby Banaripara Branch (172.19.163.231:4370)
[31m[ERROR] Polling K40 Lobby Amin Bazar Branch failed: name 'ACCESS_DB_PATH' is not defined
[31m[ERROR] Polling K40 Lobby Khatunganj Branch failed: name 'ACCESS_DB_PATH' is not defined
[31m[ERROR] Polling K40 Lobby KDA Branch failed: name 'ACCESS_DB_PATH' is not defined
[31m[DISCONNECTED] K40 Lobby Nator Branch
[34m[SCHEDULER] K40 Lobby Nator Branch: 0 new logs
[34m
[DEBUG] Connecting to K40 Lobby Faltita Branch (172.19.164.231:4370)
[31m[DISCONNECTED] K40 Lobby Kushtia Branch
[34m[SCHEDULER] K40 Lobby Kushtia Branch: 0 new logs
[34m
[DEBUG] Connecting to K40 Lobby AddaBazar Branch (172.19.165.231:4370)
[31m[DISCONNECTED] K40 Lobby Amin Bazar Branch
[34m[SCHEDULER] K40 Lobby Amin Bazar Branch: 0 new logs
[34m
[DEBUG] Connecting to K40 Lobby Jibannagar Branch (172.19.166.231:4370)
[31m[DISCONNECTED] K40 Lobby Khatunganj Branch
[34m[SCHEDULER] K40 Lobby Khatunganj Branch: 0 new logs
[34m
[DEBUG] Connecting to K40 Lobby Abdullahpur Branch (172.19.167.231:4370)
[32m[CONNECTED] K40 Lobby Banaripara Branch
[31m[DISCONNECTED] K40 Lobby KDA Branch
[34m[SCHEDULER] K40 Lobby KDA Branch: 0 new logs
[34m
[DEBUG] Connecting to K40 Lobby Bhulta Branch (172.19.168.231:4370)
[31m[ERROR] Polling K40 Lobby Dinajpur Branch failed: name 'ACCESS_DB_PATH' is not defined
[32m[CONNECTED] K40 Lobby Faltita Branch
[32m[CONNECTED] K40 Lobby AddaBazar Branch
[32m[CONNECTED] K40 Lobby Jibannagar Branch
[32m[CONNECTED] K40 Lobby Bhulta Branch
[31m[DISCONNECTED] K40 Lobby Dinajpur Branch
[34m[SCHEDULER] K40 Lobby Dinajpur Branch: 0 new logs
[34m
[DEBUG] Connecting to K40 Lobby Myemensingh Branch (172.19.169.231:4370)
[31m[ERROR] Polling K40 Lobby Jibannagar Branch failed: name 'ACCESS_DB_PATH' is not defined
[31m[ERROR] Polling K40 Lobby Faltita Branch failed: name 'ACCESS_DB_PATH' is not defined
[31m[ERROR] Polling K40 Lobby Bhulta Branch failed: name 'ACCESS_DB_PATH' is not defined
[31m[ERROR] Polling K40 Lobby Pragati Sharani Branch failed: name 'ACCESS_DB_PATH' is not defined
[31m[DISCONNECTED] K40 Lobby Jibannagar Branch
[34m[SCHEDULER] K40 Lobby Jibannagar Branch: 0 new logs
[34m
[DEBUG] Connecting to K40 Lobby Birganj Branch (172.19.170.231:4370)
[32m[CONNECTED] K40 Lobby Myemensingh Branch
[31m[DISCONNECTED] K40 Lobby Bhulta Branch
[34m[SCHEDULER] K40 Lobby Bhulta Branch: 0 new logs
[34m
[DEBUG] Connecting to K40 Lobby Nazipur Branch (172.19.171.231:4370)
[31m[ERROR] Polling K40 Lobby Banaripara Branch failed: name 'ACCESS_DB_PATH' is not defined
[31m[DISCONNECTED] K40 Lobby Faltita Branch
[34m
[DEBUG] Connecting to K40 Lobby Mehendiganj Branch (172.19.172.231:4370)
[34m[SCHEDULER] K40 Lobby Faltita Branch: 0 new logs
[31m[DISCONNECTED] K40 Lobby Pragati Sharani Branch
[34m[SCHEDULER] K40 Lobby Pragati Sharani Branch: 0 new logs
[34m
[DEBUG] Connecting to K40 Lobby Cumilla Branch (172.19.173.231:4370)
[32m[CONNECTED] K40 Lobby Birganj Branch
[32m[CONNECTED] K40 Lobby Nazipur Branch
[31m[DISCONNECTED] K40 Lobby Banaripara Branch
[34m[SCHEDULER] K40 Lobby Banaripara Branch: 0 new logs
[34m
[DEBUG] Connecting to K40 Lobby Bhola Branch (172.19.174.231:4370)
[31m[ERROR] Polling K40 Lobby Myemensingh Branch failed: name 'ACCESS_DB_PATH' is not defined
[32m[CONNECTED] K40 Lobby Cumilla Branch
[31m[ERROR] Polling K40 Lobby Birganj Branch failed: name 'ACCESS_DB_PATH' is not defined
[32m[CONNECTED] K40 Lobby Bhola Branch
[31m[ERROR] Polling K40 Lobby Nazipur Branch failed: name 'ACCESS_DB_PATH' is not defined
[31m[ERROR] Polling K40 Lobby Cumilla Branch failed: name 'ACCESS_DB_PATH' is not defined
[31m[DISCONNECTED] K40 Lobby Birganj Branch
[34m[SCHEDULER] K40 Lobby Birganj Branch: 0 new logs
[34m
[DEBUG] Connecting to K40 Lobby Bashundhara Branch (172.19.175.231:4370)
[31m[ERROR] Polling K40 Lobby Bhola Branch failed: name 'ACCESS_DB_PATH' is not defined
[31m[DISCONNECTED] K40 Lobby Myemensingh Branch
[34m[SCHEDULER] K40 Lobby Myemensingh Branch: 0 new logs
[34m
[DEBUG] Connecting to K40 Lobby Gopalgonj Branch (172.19.176.231:4370)
[31m[DISCONNECTED] K40 Lobby Nazipur Branch
[31m[DISCONNECTED] K40 Lobby Cumilla Branch
[34m
[DEBUG] Connecting to K40 Lobby Jatrabari Sub Branch (172.19.177.231:4370)
[34m
[DEBUG] Connecting to K40 Lobby BabuBazar Sub Branch (172.19.178.231:4370)
[34m[SCHEDULER] K40 Lobby Nazipur Branch: 0 new logs
[34m[SCHEDULER] K40 Lobby Cumilla Branch: 0 new logs
[31m[DISCONNECTED] K40 Lobby Bhola Branch
[34m[SCHEDULER] K40 Lobby Bhola Branch: 0 new logs
[34m
[DEBUG] Connecting to K40 Lobby Rayenda Bazar Sub Branch (172.19.179.231:4370)
[32m[CONNECTED] K40 Lobby Bashundhara Branch
[32m[CONNECTED] K40 Lobby Mehendiganj Branch
[32m[CONNECTED] K40 Lobby Gopalgonj Branch
[32m[CONNECTED] K40 Lobby Jatrabari Sub Branch
[32m[CONNECTED] K40 Lobby BabuBazar Sub Branch
[32m[CONNECTED] K40 Lobby Rayenda Bazar Sub Branch
[31m[ERROR] Polling K40 Lobby Rayenda Bazar Sub Branch failed: name 'ACCESS_DB_PATH' is not defined
[31m[ERROR] Polling K40 Lobby Bashundhara Branch failed: name 'ACCESS_DB_PATH' is not defined
[31m[ERROR] Polling K40 Lobby Gopalgonj Branch failed: name 'ACCESS_DB_PATH' is not defined
[31m[ERROR] Polling K40 Lobby Jatrabari Sub Branch failed: name 'ACCESS_DB_PATH' is not defined
[31m[DISCONNECTED] K40 Lobby Rayenda Bazar Sub Branch
[34m[SCHEDULER] K40 Lobby Rayenda Bazar Sub Branch: 0 new logs
[34m
[DEBUG] Connecting to K40 Lobby Rupatali Sub Branch (172.19.180.231:4370)
[31m[DISCONNECTED] K40 Lobby Bashundhara Branch
[34m[SCHEDULER] K40 Lobby Bashundhara Branch: 0 new logs
[34m
[DEBUG] Connecting to K40 Lobby Ramgonj Branch (172.19.181.231:4370)
[31m[ERROR] Polling K40 Lobby Mehendiganj Branch failed: name 'ACCESS_DB_PATH' is not defined
[31m[ERROR] Polling K40 Lobby BabuBazar Sub Branch failed: name 'ACCESS_DB_PATH' is not defined
[31m[DISCONNECTED] K40 Lobby Gopalgonj Branch
[34m[SCHEDULER] K40 Lobby Gopalgonj Branch: 0 new logs
[34m
[DEBUG] Connecting to K40 Lobby Kaligonj Branch (172.19.182.231:4370)
[31m[DISCONNECTED] K40 Lobby Jatrabari Sub Branch
[34m[SCHEDULER] K40 Lobby Jatrabari Sub Branch: 0 new logs
[34m
[DEBUG] Connecting to K40 Lobby Palashbari Branch (172.19.183.231:4370)
[31m[ERROR] Polling K40 Lobby AddaBazar Branch failed: name 'ACCESS_DB_PATH' is not defined
[31m[DISCONNECTED] K40 Lobby BabuBazar Sub Branch
[34m
[DEBUG] Connecting to K40 Lobby Mohakhali Branch (172.19.184.231:4370)
[34m[SCHEDULER] K40 Lobby BabuBazar Sub Branch: 0 new logs
[32m[CONNECTED] K40 Lobby Rupatali Sub Branch
[31m[DISCONNECTED] K40 Lobby Mehendiganj Branch
[34m[SCHEDULER] K40 Lobby Mehendiganj Branch: 0 new logs
[34m
[DEBUG] Connecting to K40 Lobby Bhandaria Branch (172.19.185.231:4370)
[31m[DISCONNECTED] K40 Lobby AddaBazar Branch
[34m[SCHEDULER] K40 Lobby AddaBazar Branch: 0 new logs
[34m
[DEBUG] Connecting to K40 Lobby Lohagara Branch (172.19.186.231:4370)
[32m[CONNECTED] K40 Lobby Ramgonj Branch
[32m[CONNECTED] K40 Lobby Palashbari Branch
[32m[CONNECTED] K40 Lobby Kaligonj Branch
[32m[CONNECTED] K40 Lobby Mohakhali Branch
[31m[ERROR] Polling K40 Lobby Ramgonj Branch failed: name 'ACCESS_DB_PATH' is not defined
[32m[CONNECTED] K40 Lobby Bhandaria Branch
[32m[CONNECTED] K40 Lobby Lohagara Branch
[31m[DISCONNECTED] K40 Lobby Ramgonj Branch
[34m[SCHEDULER] K40 Lobby Ramgonj Branch: 0 new logs
[34m
[DEBUG] Connecting to K40 Lobby Benapole Branch (172.19.187.231:4370)
[31m[ERROR] Polling K40 Lobby Palashbari Branch failed: name 'ACCESS_DB_PATH' is not defined
[31m[ERROR] Polling K40 Lobby Bhandaria Branch failed: name 'ACCESS_DB_PATH' is not defined
[31m[ERROR] Polling K40 Lobby Kaligonj Branch failed: name 'ACCESS_DB_PATH' is not defined
[31m[ERROR] Polling K40 Lobby Lohagara Branch failed: name 'ACCESS_DB_PATH' is not defined
[31m[ERROR] Polling K40 Lobby Mohakhali Branch failed: name 'ACCESS_DB_PATH' is not defined
[31m[DISCONNECTED] K40 Lobby Palashbari Branch
[34m[SCHEDULER] K40 Lobby Palashbari Branch: 0 new logs
[34m
[DEBUG] Connecting to K40 Lobby Panchar Sub Branch (172.19.188.231:4370)
[31m[DISCONNECTED] K40 Lobby Bhandaria Branch
[34m[SCHEDULER] K40 Lobby Bhandaria Branch: 0 new logs
[34m
[DEBUG] Connecting to K40 Lobby Muladi Sub Branch (172.19.189.231:4370)
[31m[DISCONNECTED] K40 Lobby Lohagara Branch
[34m[SCHEDULER] K40 Lobby Lohagara Branch: 0 new logs
[34m
[DEBUG] Connecting to K40 Lobby Hatirpool Sub Branch (172.19.190.231:4370)
[32m[CONNECTED] K40 Lobby Benapole Branch
[31m[DISCONNECTED] K40 Lobby Mohakhali Branch
[34m[SCHEDULER] K40 Lobby Mohakhali Branch: 0 new logs
[34m
[DEBUG] Connecting to K40 Lobby Yousuf Market Sub Branch (172.19.191.231:4370)
[31m[DISCONNECTED] K40 Lobby Kaligonj Branch
[34m[SCHEDULER] K40 Lobby Kaligonj Branch: 0 new logs
[34m
[DEBUG] Connecting to K40 Lobby Laxmipur Sub Branch (172.19.192.231:4370)
[31m[ERROR] Polling K40 Lobby Rupatali Sub Branch failed: name 'ACCESS_DB_PATH' is not defined
[32m[CONNECTED] K40 Lobby Muladi Sub Branch
[31m[ERROR] Polling K40 Lobby Benapole Branch failed: name 'ACCESS_DB_PATH' is not defined
[32m[CONNECTED] K40 Lobby Hatirpool Sub Branch
[32m[CONNECTED] K40 Lobby Panchar Sub Branch
[32m[CONNECTED] K40 Lobby Yousuf Market Sub Branch
[31m[DISCONNECTED] K40 Lobby Benapole Branch
[34m[SCHEDULER] K40 Lobby Benapole Branch: 0 new logs
[34m
[DEBUG] Connecting to K40 Lobby Dupchanchia Sub Branch (172.19.193.231:4370)
[31m[ERROR] Polling K40 Lobby Muladi Sub Branch failed: name 'ACCESS_DB_PATH' is not defined
[32m[CONNECTED] K40 Lobby Laxmipur Sub Branch
[31m[ERROR] Polling K40 Lobby Yousuf Market Sub Branch failed: name 'ACCESS_DB_PATH' is not defined
[31m[DISCONNECTED] K40 Lobby Muladi Sub Branch
[34m[SCHEDULER] K40 Lobby Muladi Sub Branch: 0 new logs
[34m
[DEBUG] Connecting to K40 Lobby Khan Jahan Ali Mazar Sub Branch (172.19.194.231:4370)
[31m[ERROR] Polling K40 Lobby Panchar Sub Branch failed: name 'ACCESS_DB_PATH' is not defined
[31m[DISCONNECTED] K40 Lobby Yousuf Market Sub Branch
[34m[SCHEDULER] K40 Lobby Yousuf Market Sub Branch: 0 new logs
[34m
[DEBUG] Connecting to K40 Lobby Gopalpur Sub Branch (172.19.195.231:4370)
[31m[ERROR] Polling K40 Lobby Hatirpool Sub Branch failed: name 'ACCESS_DB_PATH' is not defined
[32m[CONNECTED] K40 Lobby Dupchanchia Sub Branch
[31m[DISCONNECTED] K40 Lobby Rupatali Sub Branch
[34m[SCHEDULER] K40 Lobby Rupatali Sub Branch: 0 new logs
[34m
[DEBUG] Connecting to K40 Lobby Thermax Sub Branch (172.19.196.231:4370)
[31m[DISCONNECTED] K40 Lobby Panchar Sub Branch
[34m[SCHEDULER] K40 Lobby Panchar Sub Branch: 0 new logs
[31m[DISCONNECTED] K40 Lobby Hatirpool Sub Branch
[34m
[DEBUG] Connecting to K40 Lobby Trunkroad Sub Branch (172.19.197.231:4370)
[34m[SCHEDULER] K40 Lobby Hatirpool Sub Branch: 0 new logs
[34m
[DEBUG] Connecting to K40 Lobby Pirganj Sub Branch (172.19.198.231:4370)
[32m[CONNECTED] K40 Lobby Khan Jahan Ali Mazar Sub Branch
[32m[CONNECTED] K40 Lobby Gopalpur Sub Branch
[31m[ERROR] Polling K40 Lobby Dupchanchia Sub Branch failed: name 'ACCESS_DB_PATH' is not defined
[32m[CONNECTED] K40 Lobby Trunkroad Sub Branch
[31m[ERROR] Polling K40 Lobby Laxmipur Sub Branch failed: name 'ACCESS_DB_PATH' is not defined
[32m[CONNECTED] K40 Lobby Pirganj Sub Branch
[31m[DISCONNECTED] K40 Lobby Dupchanchia Sub Branch
[34m[SCHEDULER] K40 Lobby Dupchanchia Sub Branch: 0 new logs
[34m
[DEBUG] Connecting to K40 Lobby Barua Sub Branch (172.19.199.231:4370)
[31m[ERROR] Polling K40 Lobby Gopalpur Sub Branch failed: name 'ACCESS_DB_PATH' is not defined
[31m[ERROR] Polling K40 Lobby Khan Jahan Ali Mazar Sub Branch failed: name 'ACCESS_DB_PATH' is not defined
[32m[CONNECTED] K40 Lobby Thermax Sub Branch
[31m[ERROR] Polling K40 Lobby Trunkroad Sub Branch failed: name 'ACCESS_DB_PATH' is not defined
[31m[DISCONNECTED] K40 Lobby Gopalpur Sub Branch
[34m[SCHEDULER] K40 Lobby Gopalpur Sub Branch: 0 new logs
[34m
[DEBUG] Connecting to K40 Lobby Satkhira Branch (172.19.200.231:4370)
[31m[ERROR] Polling K40 Lobby Pirganj Sub Branch failed: name 'ACCESS_DB_PATH' is not defined
[32m[CONNECTED] K40 Lobby Barua Sub Branch
[31m[DISCONNECTED] K40 Lobby Khan Jahan Ali Mazar Sub Branch
[34m[SCHEDULER] K40 Lobby Khan Jahan Ali Mazar Sub Branch: 0 new logs
[34m
[DEBUG] Connecting to K40 Lobby Bagerhat Sub Branch (172.19.201.231:4370)
[31m[DISCONNECTED] K40 Lobby Laxmipur Sub Branch
[34m[SCHEDULER] K40 Lobby Laxmipur Sub Branch: 0 new logs
[34m
[DEBUG] Connecting to K40 Lobby Dania Sub Branch (172.19.202.231:4370)
[31m[DISCONNECTED] K40 Lobby Trunkroad Sub Branch
[34m[SCHEDULER] K40 Lobby Trunkroad Sub Branch: 0 new logs
[34m
[DEBUG] Connecting to K40 Lobby Khatungonj Branch (172.19.203.231:4370)
[31m[ERROR] Polling K40 Lobby Labanchora Branch failed: name 'ACCESS_DB_PATH' is not defined
[31m[DISCONNECTED] K40 Lobby Pirganj Sub Branch
[34m[SCHEDULER] K40 Lobby Pirganj Sub Branch: 0 new logs
[34m
[DEBUG] Connecting to K40 Lobby Kalaroa Sub Branch (172.19.204.231:4370)
[31m[ERROR] Polling K40 Lobby Barua Sub Branch failed: name 'ACCESS_DB_PATH' is not defined
[32m[CONNECTED] K40 Lobby Dania Sub Branch
[31m[DISCONNECTED] K40 Lobby Barua Sub Branch
[34m[SCHEDULER] K40 Lobby Barua Sub Branch: 0 new logs
[34m
[DEBUG] Connecting to K40 Lobby Mongla Sub Branch (172.19.205.231:4370)
[32m[CONNECTED] K40 Lobby Bagerhat Sub Branch
[32m[CONNECTED] K40 Lobby Khatungonj Branch
[32m[CONNECTED] K40 Lobby Satkhira Branch
[32m[CONNECTED] K40 Lobby Kalaroa Sub Branch
[31m[ERROR] Polling K40 Lobby Dania Sub Branch failed: name 'ACCESS_DB_PATH' is not defined
[31m[ERROR] Polling K40 Lobby Bagerhat Sub Branch failed: name 'ACCESS_DB_PATH' is not defined
[31m[ERROR] Polling K40 Lobby Khatungonj Branch failed: name 'ACCESS_DB_PATH' is not defined
[31m[DISCONNECTED] K40 Lobby Dania Sub Branch
[34m[SCHEDULER] K40 Lobby Dania Sub Branch: 0 new logs
[34m
[DEBUG] Connecting to K40 Lobby Tejgaon Link Road Branch (172.19.206.231:4370)
[32m[CONNECTED] K40 Lobby Mongla Sub Branch
[31m[DISCONNECTED] K40 Lobby Bagerhat Sub Branch
[34m[SCHEDULER] K40 Lobby Bagerhat Sub Branch: 0 new logs
[34m
[DEBUG] Connecting to K40 Lobby Indira Road Sub Branch (172.19.207.231:4370)
[31m[ERROR] Polling K40 Lobby Kalaroa Sub Branch failed: name 'ACCESS_DB_PATH' is not defined
[31m[DISCONNECTED] K40 Lobby Khatungonj Branch
[34m[SCHEDULER] K40 Lobby Khatungonj Branch: 0 new logs
[34m
[DEBUG] Connecting to K40 Lobby Fakirhat sub Branch (172.19.208.231:4370)
[31m[ERROR] Polling K40 Lobby Satkhira Branch failed: name 'ACCESS_DB_PATH' is not defined
[31m[DISCONNECTED] K40 Lobby Kalaroa Sub Branch
[34m
[DEBUG] Connecting to K40 Lobby Tanbazar Branch (172.19.209.231:4370)
[34m[SCHEDULER] K40 Lobby Kalaroa Sub Branch: 0 new logs
[32m[CONNECTED] K40 Lobby Tejgaon Link Road Branch
[32m[CONNECTED] K40 Lobby Indira Road Sub Branch
[31m[ERROR] Polling K40 Lobby Mongla Sub Branch failed: name 'ACCESS_DB_PATH' is not defined
[31m[DISCONNECTED] K40 Lobby Satkhira Branch
[34m[SCHEDULER] K40 Lobby Satkhira Branch: 0 new logs
[34m
[DEBUG] Connecting to K40 Lobby Narshingdi Branch (172.19.210.231:4370)
[31m[DISCONNECTED] K40 Lobby Mongla Sub Branch
[34m[SCHEDULER] K40 Lobby Mongla Sub Branch: 0 new logs
[34m
[DEBUG] Connecting to K40 Lobby Darus Salam Branch (172.19.211.231:4370)
[32m[CONNECTED] K40 Lobby Fakirhat sub Branch
[32m[CONNECTED] K40 Lobby Tanbazar Branch
[32m[CONNECTED] K40 Lobby Narshingdi Branch
[31m[ERROR] Polling K40 Lobby Tejgaon Link Road Branch failed: name 'ACCESS_DB_PATH' is not defined
[31m[ERROR] Polling K40 Lobby Fakirhat sub Branch failed: name 'ACCESS_DB_PATH' is not defined
[31m[DISCONNECTED] K40 Lobby Tejgaon Link Road Branch
[34m[SCHEDULER] K40 Lobby Tejgaon Link Road Branch: 0 new logs
[34m
[DEBUG] Connecting to K40 Lobby Cox Bazar Branch (172.19.212.231:4370)
[32m[CONNECTED] K40 Lobby Darus Salam Branch
[31m[DISCONNECTED] K40 Lobby Fakirhat sub Branch
[34m[SCHEDULER] K40 Lobby Fakirhat sub Branch: 0 new logs
[34m
[DEBUG] Connecting to K40 Lobby Bhairab Branch (172.19.213.231:4370)
[31m[ERROR] Polling K40 Lobby Indira Road Sub Branch failed: name 'ACCESS_DB_PATH' is not defined
[31m[ERROR] Polling K40 Lobby Thermax Sub Branch failed: name 'ACCESS_DB_PATH' is not defined
[31m[ERROR] Polling K40 Lobby Narshingdi Branch failed: name 'ACCESS_DB_PATH' is not defined
[32m[CONNECTED] K40 Lobby Cox Bazar Branch
[31m[ERROR] Polling K40 Lobby Darus Salam Branch failed: name 'ACCESS_DB_PATH' is not defined
[31m[DISCONNECTED] K40 Lobby Indira Road Sub Branch
[34m[SCHEDULER] K40 Lobby Indira Road Sub Branch: 0 new logs
[34m
[DEBUG] Connecting to K40 Lobby Pirojpur Sub Branch (172.19.214.231:4370)
[32m[CONNECTED] K40 Lobby Bhairab Branch
[31m[DISCONNECTED] K40 Lobby Narshingdi Branch
[34m[SCHEDULER] K40 Lobby Narshingdi Branch: 0 new logs
[34m
[DEBUG] Connecting to K40 Lobby Shahi Eidgah Sub Branch (172.19.215.231:4370)
[31m[DISCONNECTED] K40 Lobby Darus Salam Branch
[34m
[DEBUG] Connecting to K40 Lobby Charfeshon Branch (172.19.216.231:4370)
[34m[SCHEDULER] K40 Lobby Darus Salam Branch: 0 new logs
[31m[ERROR] Polling K40 Lobby Tanbazar Branch failed: name 'ACCESS_DB_PATH' is not defined
[31m[DISCONNECTED] K40 Lobby Labanchora Branch
[34m[SCHEDULER] K40 Lobby Labanchora Branch: 0 new logs
[34m
[DEBUG] Connecting to K40 Lobby Hossainpur Branch (172.19.217.231:4370)
[31m[ERROR] Polling K40 Lobby Cox Bazar Branch failed: name 'ACCESS_DB_PATH' is not defined
[32m[CONNECTED] K40 Lobby Pirojpur Sub Branch
[32m[CONNECTED] K40 Lobby Shahi Eidgah Sub Branch
[32m[CONNECTED] K40 Lobby Hossainpur Branch
[31m[DISCONNECTED] K40 Lobby Cox Bazar Branch
[34m[SCHEDULER] K40 Lobby Cox Bazar Branch: 0 new logs
[34m
[DEBUG] Connecting to K40 Lobby Sherpur Sub Branch (172.19.218.231:4370)
[31m[DISCONNECTED] K40 Lobby Tanbazar Branch
[34m[SCHEDULER] K40 Lobby Tanbazar Branch: 0 new logs
[34m
[DEBUG] Connecting to K40 Lobby Boteswor SUB Branch (172.19.219.231:4370)
[31m[DISCONNECTED] K40 Lobby Thermax Sub Branch
[32m[CONNECTED] K40 Lobby Charfeshon Branch
[34m
[DEBUG] Connecting to K40 Lobby Aftabganj Sub Branch (172.19.220.231:4370)
[34m[SCHEDULER] K40 Lobby Thermax Sub Branch: 0 new logs
[32m[CONNECTED] K40 Lobby Sherpur Sub Branch
[31m[ERROR] Polling K40 Lobby Charfeshon Branch failed: name 'ACCESS_DB_PATH' is not defined
[31m[ERROR] Polling K40 Lobby Shahi Eidgah Sub Branch failed: name 'ACCESS_DB_PATH' is not defined
[32m[CONNECTED] K40 Lobby Aftabganj Sub Branch
[31m[DISCONNECTED] K40 Lobby Charfeshon Branch
[34m[SCHEDULER] K40 Lobby Charfeshon Branch: 0 new logs
[34m
[DEBUG] Connecting to K40 Lobby Padua Bazar Sub Branch (172.19.221.231:4370)
[31m[ERROR] Polling K40 Lobby Pirojpur Sub Branch failed: name 'ACCESS_DB_PATH' is not defined
[31m[DISCONNECTED] K40 Lobby Shahi Eidgah Sub Branch
[34m[SCHEDULER] K40 Lobby Shahi Eidgah Sub Branch: 0 new logs
[34m
[DEBUG] Connecting to K40 Lobby Tangail Branch  (172.19.222.231:4370)
[31m[ERROR] Polling K40 Lobby Hossainpur Branch failed: name 'ACCESS_DB_PATH' is not defined
[31m[ERROR] Polling K40 Lobby Aftabganj Sub Branch failed: name 'ACCESS_DB_PATH' is not defined
[31m[ERROR] Polling K40 Lobby Sherpur Sub Branch failed: name 'ACCESS_DB_PATH' is not defined
[31m[DISCONNECTED] K40 Lobby Pirojpur Sub Branch
[34m[SCHEDULER] K40 Lobby Pirojpur Sub Branch: 0 new logs
[34m
[DEBUG] Connecting to K40 Lobby Birampur Sub Branch (172.19.223.231:4370)
[31m[DISCONNECTED] K40 Lobby Aftabganj Sub Branch
[34m[SCHEDULER] K40 Lobby Aftabganj Sub Branch: 0 new logs
[34m
[DEBUG] Connecting to K40 Lobby Mirpur Vault Room Branch (172.19.133.231:4370)
[32m[CONNECTED] K40 Lobby Tangail Branch 
[31m[DISCONNECTED] K40 Lobby Hossainpur Branch
[34m[SCHEDULER] K40 Lobby Hossainpur Branch: 0 new logs
[34m
[DEBUG] Connecting to K40 Lobby Palashbari Branch (EXT) Branch (172.19.183.232:4370)
[31m[DISCONNECTED] K40 Lobby Sherpur Sub Branch
[34m[SCHEDULER] K40 Lobby Sherpur Sub Branch: 0 new logs
[34m
[DEBUG] Connecting to K40 Lobby TPU (172.19.101.220:4370)
[31m[ERROR] Polling K40 Lobby Bhairab Branch failed: name 'ACCESS_DB_PATH' is not defined
[32m[CONNECTED] K40 Lobby Birampur Sub Branch
[32m[CONNECTED] K40 Lobby Boteswor SUB Branch
[31m[ERROR] Polling K40 Lobby Tangail Branch  failed: name 'ACCESS_DB_PATH' is not defined
[32m[CONNECTED] K40 Lobby TPU
[31m[DISCONNECTED] K40 Lobby Tangail Branch 
[34m[SCHEDULER] K40 Lobby Tangail Branch : 0 new logs
[34m
[DEBUG] Connecting to K40 Lobby SWIFT (172.19.100.186:4370)
[31m[ERROR] Polling K40 Lobby Birampur Sub Branch failed: name 'ACCESS_DB_PATH' is not defined
[32m[CONNECTED] K40 Lobby Padua Bazar Sub Branch
[31m[ERROR] Polling K40 Lobby Hasnabad Branch failed: can't reach device (ping 172.19.147.231)
[34m[SCHEDULER] K40 Lobby Hasnabad Branch: 0 new logs
[34m
[DEBUG] Connecting to K40 Lobby Power Room (172.19.100.232:4370)
[31m[DISCONNECTED] K40 Lobby Birampur Sub Branch
[34m[SCHEDULER] K40 Lobby Birampur Sub Branch: 0 new logs
[34m
[DEBUG] Connecting to K40 Lobby HRD 2 (172.19.58.232:4370)
[31m[DISCONNECTED] K40 Lobby Bhairab Branch
[34m[SCHEDULER] K40 Lobby Bhairab Branch: 0 new logs
[32m[CONNECTED] K40 Lobby SWIFT
[32m[CONNECTED] K40 Lobby Power Room
[32m[CONNECTED] K40 Lobby HRD 2
[31m[ERROR] Polling K40 Lobby Power Room failed: name 'ACCESS_DB_PATH' is not defined
[31m[ERROR] Polling K40 Lobby TPU failed: name 'ACCESS_DB_PATH' is not defined
[31m[ERROR] Polling K40 Lobby SWIFT failed: name 'ACCESS_DB_PATH' is not defined
[31m[DISCONNECTED] K40 Lobby Power Room
[34m[SCHEDULER] K40 Lobby Power Room: 0 new logs
[31m[DISCONNECTED] K40 Lobby TPU
[34m[SCHEDULER] K40 Lobby TPU: 0 new logs
[31m[ERROR] Polling K40 Lobby HRD 2 failed: name 'ACCESS_DB_PATH' is not defined
[31m[DISCONNECTED] K40 Lobby SWIFT
[34m[SCHEDULER] K40 Lobby SWIFT: 0 new logs
[31m[DISCONNECTED] K40 Lobby HRD 2
[34m[SCHEDULER] K40 Lobby HRD 2: 0 new logs
[31m[ERROR] Polling K40 Lobby Boteswor SUB Branch failed: name 'ACCESS_DB_PATH' is not defined
[31m[ERROR] Polling K40 Lobby Padua Bazar Sub Branch failed: name 'ACCESS_DB_PATH' is not defined
[31m[ERROR] Polling K40 Lobby Abdullahpur Branch failed: can't reach device (ping 172.19.167.231)
[34m[SCHEDULER] K40 Lobby Abdullahpur Branch: 0 new logs
[31m[DISCONNECTED] K40 Lobby Boteswor SUB Branch
[34m[SCHEDULER] K40 Lobby Boteswor SUB Branch: 0 new logs
[31m[DISCONNECTED] K40 Lobby Padua Bazar Sub Branch
[34m[SCHEDULER] K40 Lobby Padua Bazar Sub Branch: 0 new logs
[31m[ERROR] Polling K40 Lobby Palashbari Branch (EXT) Branch failed: can't reach device (ping 172.19.183.232)
[34m[SCHEDULER] K40 Lobby Palashbari Branch (EXT) Branch: 0 new logs
[36m[SCHEDULER] Stopped and shutdown.
[31m[ERROR] Polling K40 Lobby Mirpur Vault Room Branch failed: timed out
[34m[SCHEDULER] K40 Lobby Mirpur Vault Room Branch: 0 new logs
[36m[EXPORT JOB STARTED] id=767386ca-b31b-42ba-936f-4ab5248140e0 (background)
[36m[EXPORT] Export job launched (background).
[36m[SCHEDULER] Completed polling 127 devices. Total new logs: 0. Run time: 24.91s

RUN_SUMMARY_JSON: {"start": "2025-09-03T16:45:22.248515", "end": "2025-09-03T16:45:49.267073", "devices_polled": 127, "new_logs": 0, "elapsed_seconds": 24.915, "exceptions": [], "logfile": "logs\\zk_sync_20250903_164522.log"}

===== ZK SYNC RUN STOP: 2025-09-03 16:45:49 (elapsed 27.02s) =====

