
===== ZK SYNC RUN START: 2025-08-20 12:23:13 =====
[35m[SCHEDULER] Dispatching polling for devices… (log: logs\zk_sync_20250820_122313.log)
[33m
[DEBUG] Connecting to K40 Lobby Principal Branch (172.19.102.231:4370)
[33m
[DEBUG] Connecting to K40 Lobby Bhatiary  Branch (172.19.104.231:4370)
[33m
[DEBUG] Connecting to K40 Lobby Agrabad  Branch (172.19.105.231:4370)[33m
[DEBUG] Connecting to K40 Lobby Hemayetpur  Branch (172.19.103.231:4370)[33m
[DEBUG] Connecting to K40 Lobby Khulna Branch (172.19.106.231:4370)[33m
[DEBUG] Connecting to K40 Lobby Katakhali Branch (172.19.107.231:4370)

[33m
[DEBUG] Connecting to K40 Lobby Keraniganj Branch (172.19.108.231:4370)
[33m
[DEBUG] Connecting to K40 Lobby Uttara Branch (172.19.109.231:4370)[33m
[DEBUG] Connecting to K40 Lobby Gulshan Branch (172.19.110.231:4370)
[33m
[DEBUG] Connecting to K40 Lobby Velanagar Branch (172.19.111.231:4370)



[32m[CONNECTED] K40 Lobby Principal Branch
[32m[CONNECTED] K40 Lobby Bhatiary  Branch
[32m[CONNECTED] K40 Lobby Uttara Branch
[32m[CONNECTED] K40 Lobby Hemayetpur  Branch
[32m[CONNECTED] K40 Lobby Velanagar Branch
[32m[CONNECTED] K40 Lobby Keraniganj Branch
[32m[CONNECTED] K40 Lobby Gulshan Branch
[32m[CONNECTED] K40 Lobby Katakhali Branch
[32m[CONNECTED] K40 Lobby Agrabad  Branch
[32m[CONNECTED] K40 Lobby Khulna Branch
[36m[INFO] Retrieved 2415 logs from K40 Lobby Bhatiary  Branch in 0.87 seconds
[36m[INFO] Retrieved 2314 logs from K40 Lobby Hemayetpur  Branch in 0.88 seconds
[35m[2025-08-20 12:23:14] [ACCESS INSERT TIME] Insert attempts: 0, successful: 0 records into Access DB in 0.00s from K40 Lobby Hemayetpur  Branch
[37m[2025-08-20 12:23:14] [FLASK DB INSERT TIME] Insert attempts: 0, committed: 0 records into Flask DB in 0.00s from K40 Lobby Hemayetpur  Branch
[36m[INFO] Retrieved 3867 logs from K40 Lobby Agrabad  Branch in 1.29 seconds
[35m[2025-08-20 12:23:15] [ACCESS INSERT TIME] Insert attempts: 0, successful: 0 records into Access DB in 0.00s from K40 Lobby Bhatiary  Branch
[37m[2025-08-20 12:23:15] [FLASK DB INSERT TIME] Insert attempts: 0, committed: 0 records into Flask DB in 0.00s from K40 Lobby Bhatiary  Branch
[36m[INFO] Retrieved 4412 logs from K40 Lobby Keraniganj Branch in 1.58 seconds
[35m[2025-08-20 12:23:15] [ACCESS INSERT TIME] Insert attempts: 0, successful: 0 records into Access DB in 0.00s from K40 Lobby Agrabad  Branch
[37m[2025-08-20 12:23:15] [FLASK DB INSERT TIME] Insert attempts: 0, committed: 0 records into Flask DB in 0.00s from K40 Lobby Agrabad  Branch
[31m[DISCONNECTED] K40 Lobby Bhatiary  Branch
[34m[SCHEDULER] K40 Lobby Bhatiary  Branch: 0 new logs
[33m
[DEBUG] Connecting to K40 Lobby Imamganj Branch (172.19.112.231:4370)
[31m[DISCONNECTED] K40 Lobby Agrabad  Branch
[34m[SCHEDULER] K40 Lobby Agrabad  Branch: 0 new logs
[33m
[DEBUG] Connecting to K40 Lobby Ashulia Branch (172.19.113.231:4370)
[32m[CONNECTED] K40 Lobby Imamganj Branch
[32m[CONNECTED] K40 Lobby Ashulia Branch
[31m[DISCONNECTED] K40 Lobby Hemayetpur  Branch
[34m[SCHEDULER] K40 Lobby Hemayetpur  Branch: 0 new logs
[33m
[DEBUG] Connecting to K40 Lobby Dhanmondi Branch (172.19.114.231:4370)
[36m[INFO] Retrieved 3746 logs from K40 Lobby Katakhali Branch in 1.77 seconds
[35m[2025-08-20 12:23:15] [ACCESS INSERT TIME] Insert attempts: 0, successful: 0 records into Access DB in 0.00s from K40 Lobby Keraniganj Branch
[37m[2025-08-20 12:23:15] [FLASK DB INSERT TIME] Insert attempts: 0, committed: 0 records into Flask DB in 0.00s from K40 Lobby Keraniganj Branch
[32m[CONNECTED] K40 Lobby Dhanmondi Branch
[31m[DISCONNECTED] K40 Lobby Keraniganj Branch
[34m[SCHEDULER] K40 Lobby Keraniganj Branch: 0 new logs
[33m
[DEBUG] Connecting to K40 Lobby Sylhet Branch (172.19.116.231:4370)
[32m[CONNECTED] K40 Lobby Sylhet Branch
[35m[2025-08-20 12:23:15] [ACCESS INSERT TIME] Insert attempts: 0, successful: 0 records into Access DB in 0.00s from K40 Lobby Katakhali Branch
[37m[2025-08-20 12:23:15] [FLASK DB INSERT TIME] Insert attempts: 0, committed: 0 records into Flask DB in 0.00s from K40 Lobby Katakhali Branch
[31m[DISCONNECTED] K40 Lobby Katakhali Branch
[34m[SCHEDULER] K40 Lobby Katakhali Branch: 0 new logs
[33m
[DEBUG] Connecting to K40 Lobby Jubliroad Sub Branch (172.19.117.231:4370)
[36m[INFO] Retrieved 6212 logs from K40 Lobby Khulna Branch in 2.21 seconds
[36m[INFO] Retrieved 7628 logs from K40 Lobby Gulshan Branch in 2.36 seconds
[32m[CONNECTED] K40 Lobby Jubliroad Sub Branch
[36m[INFO] Retrieved 8777 logs from K40 Lobby Velanagar Branch in 2.72 seconds
[36m[INFO] Retrieved 1979 logs from K40 Lobby Sylhet Branch in 0.81 seconds
[36m[INFO] Retrieved 11033 logs from K40 Lobby Principal Branch in 3.24 seconds
[36m[INFO] Retrieved 10112 logs from K40 Lobby Uttara Branch in 3.20 seconds
[36m[INFO] Retrieved 4638 logs from K40 Lobby Imamganj Branch in 1.51 seconds
[36m[INFO] Retrieved 2144 logs from K40 Lobby Jubliroad Sub Branch in 0.88 seconds
[35m[2025-08-20 12:23:17] [ACCESS INSERT TIME] Insert attempts: 0, successful: 0 records into Access DB in 0.00s from K40 Lobby Sylhet Branch
[37m[2025-08-20 12:23:17] [FLASK DB INSERT TIME] Insert attempts: 0, committed: 0 records into Flask DB in 0.00s from K40 Lobby Sylhet Branch
[31m[DISCONNECTED] K40 Lobby Sylhet Branch
[34m[SCHEDULER] K40 Lobby Sylhet Branch: 0 new logs
[33m
[DEBUG] Connecting to K40 Lobby Bogura Branch (172.19.118.231:4370)
[35m[2025-08-20 12:23:17] [ACCESS INSERT TIME] Insert attempts: 0, successful: 0 records into Access DB in 0.00s from K40 Lobby Khulna Branch
[37m[2025-08-20 12:23:17] [FLASK DB INSERT TIME] Insert attempts: 0, committed: 0 records into Flask DB in 0.00s from K40 Lobby Khulna Branch
[35m[2025-08-20 12:23:17] [ACCESS INSERT TIME] Insert attempts: 0, successful: 0 records into Access DB in 0.00s from K40 Lobby Gulshan Branch
[37m[2025-08-20 12:23:17] [FLASK DB INSERT TIME] Insert attempts: 0, committed: 0 records into Flask DB in 0.00s from K40 Lobby Gulshan Branch
[36m[INFO] Retrieved 4098 logs from K40 Lobby Ashulia Branch in 1.89 seconds
[31m[DISCONNECTED] K40 Lobby Gulshan Branch
[31m[DISCONNECTED] K40 Lobby Khulna Branch
[34m[SCHEDULER] K40 Lobby Gulshan Branch: 0 new logs
[33m
[DEBUG] Connecting to K40 Lobby Mawna Branch (172.19.119.231:4370)
[32m[CONNECTED] K40 Lobby Bogura Branch
[33m
[DEBUG] Connecting to K40 Lobby Islampur Branch (172.19.120.231:4370)
[34m[SCHEDULER] K40 Lobby Khulna Branch: 0 new logs
[32m[CONNECTED] K40 Lobby Islampur Branch
[32m[CONNECTED] K40 Lobby Mawna Branch
[35m[2025-08-20 12:23:17] [ACCESS INSERT TIME] Insert attempts: 0, successful: 0 records into Access DB in 0.00s from K40 Lobby Ashulia Branch
[37m[2025-08-20 12:23:17] [FLASK DB INSERT TIME] Insert attempts: 0, committed: 0 records into Flask DB in 0.00s from K40 Lobby Ashulia Branch
[35m[2025-08-20 12:23:17] [ACCESS INSERT TIME] Insert attempts: 0, successful: 0 records into Access DB in 0.00s from K40 Lobby Velanagar Branch
[31m[DISCONNECTED] K40 Lobby Ashulia Branch
[37m[2025-08-20 12:23:17] [FLASK DB INSERT TIME] Insert attempts: 0, committed: 0 records into Flask DB in 0.00s from K40 Lobby Velanagar Branch
[36m[INFO] Retrieved 5711 logs from K40 Lobby Dhanmondi Branch in 2.38 seconds
[34m[SCHEDULER] K40 Lobby Ashulia Branch: 0 new logs
[33m
[DEBUG] Connecting to K40 Lobby Modhunaghat Branch (172.19.121.231:4370)
[31m[DISCONNECTED] K40 Lobby Velanagar Branch
[33m
[DEBUG] Connecting to K40 Lobby Shyamnagar Branch (172.19.122.231:4370)
[34m[SCHEDULER] K40 Lobby Velanagar Branch: 0 new logs
[32m[CONNECTED] K40 Lobby Modhunaghat Branch
[32m[CONNECTED] K40 Lobby Shyamnagar Branch
[35m[2025-08-20 12:23:18] [ACCESS INSERT TIME] Insert attempts: 0, successful: 0 records into Access DB in 0.00s from K40 Lobby Principal Branch
[37m[2025-08-20 12:23:18] [FLASK DB INSERT TIME] Insert attempts: 0, committed: 0 records into Flask DB in 0.00s from K40 Lobby Principal Branch
[31m[DISCONNECTED] K40 Lobby Principal Branch
[34m[SCHEDULER] K40 Lobby Principal Branch: 0 new logs
[33m
[DEBUG] Connecting to K40 Lobby Gazipur Branch (172.19.123.231:4370)
[35m[2025-08-20 12:23:18] [ACCESS INSERT TIME] Insert attempts: 0, successful: 0 records into Access DB in 0.00s from K40 Lobby Dhanmondi Branch
[37m[2025-08-20 12:23:18] [FLASK DB INSERT TIME] Insert attempts: 0, committed: 0 records into Flask DB in 0.00s from K40 Lobby Dhanmondi Branch
[32m[CONNECTED] K40 Lobby Gazipur Branch
[31m[DISCONNECTED] K40 Lobby Dhanmondi Branch
[34m[SCHEDULER] K40 Lobby Dhanmondi Branch: 0 new logs
[33m
[DEBUG] Connecting to K40 Lobby Moynamoti Branch (172.19.124.231:4370)
[36m[INFO] Retrieved 1915 logs from K40 Lobby Mawna Branch in 0.91 seconds
[36m[INFO] Retrieved 2676 logs from K40 Lobby Islampur Branch in 0.99 seconds
[32m[CONNECTED] K40 Lobby Moynamoti Branch
[36m[INFO] Retrieved 909 logs from K40 Lobby Shyamnagar Branch in 0.56 seconds
[36m[INFO] Retrieved 1679 logs from K40 Lobby Modhunaghat Branch in 0.78 seconds
[35m[2025-08-20 12:23:19] [ACCESS INSERT TIME] Insert attempts: 0, successful: 0 records into Access DB in 0.00s from K40 Lobby Mawna Branch
[37m[2025-08-20 12:23:19] [FLASK DB INSERT TIME] Insert attempts: 0, committed: 0 records into Flask DB in 0.00s from K40 Lobby Mawna Branch
[31m[DISCONNECTED] K40 Lobby Mawna Branch
[34m[SCHEDULER] K40 Lobby Mawna Branch: 0 new logs
[33m
[DEBUG] Connecting to K40 Lobby Banglabazar Branch (172.19.125.231:4370)
[36m[INFO] Retrieved 2158 logs from K40 Lobby Moynamoti Branch in 0.95 seconds
[35m[2025-08-20 12:23:19] [ACCESS INSERT TIME] Insert attempts: 0, successful: 0 records into Access DB in 0.00s from K40 Lobby Shyamnagar Branch
[37m[2025-08-20 12:23:19] [FLASK DB INSERT TIME] Insert attempts: 0, committed: 0 records into Flask DB in 0.00s from K40 Lobby Shyamnagar Branch
[31m[DISCONNECTED] K40 Lobby Shyamnagar Branch
[34m[SCHEDULER] K40 Lobby Shyamnagar Branch: 0 new logs
[33m
[DEBUG] Connecting to K40 Lobby Banani Branch (172.19.126.231:4370)
[32m[CONNECTED] K40 Lobby Banglabazar Branch
[32m[CONNECTED] K40 Lobby Banani Branch
[35m[2025-08-20 12:23:20] [ACCESS INSERT TIME] Insert attempts: 0, successful: 0 records into Access DB in 0.00s from K40 Lobby Jubliroad Sub Branch
[37m[2025-08-20 12:23:20] [FLASK DB INSERT TIME] Insert attempts: 0, committed: 0 records into Flask DB in 0.00s from K40 Lobby Jubliroad Sub Branch
[35m[2025-08-20 12:23:20] [ACCESS INSERT TIME] Insert attempts: 0, successful: 0 records into Access DB in 0.00s from K40 Lobby Moynamoti Branch
[37m[2025-08-20 12:23:20] [FLASK DB INSERT TIME] Insert attempts: 0, committed: 0 records into Flask DB in 0.00s from K40 Lobby Moynamoti Branch
[36m[INFO] Retrieved 7560 logs from K40 Lobby Bogura Branch in 2.60 seconds
[31m[DISCONNECTED] K40 Lobby Jubliroad Sub Branch
[34m[SCHEDULER] K40 Lobby Jubliroad Sub Branch: 0 new logs
[33m
[DEBUG] Connecting to K40 Lobby Chuknagar  Branch (172.19.127.231:4370)
[31m[DISCONNECTED] K40 Lobby Moynamoti Branch
[34m[SCHEDULER] K40 Lobby Moynamoti Branch: 0 new logs
[33m
[DEBUG] Connecting to K40 Lobby Madhobdi Branch (172.19.128.231:4370)
[32m[CONNECTED] K40 Lobby Madhobdi Branch
[32m[CONNECTED] K40 Lobby Chuknagar  Branch
[36m[INFO] Retrieved 6157 logs from K40 Lobby Gazipur Branch in 1.92 seconds
[35m[2025-08-20 12:23:20] [ACCESS INSERT TIME] Insert attempts: 0, successful: 0 records into Access DB in 0.00s from K40 Lobby Modhunaghat Branch
[37m[2025-08-20 12:23:20] [FLASK DB INSERT TIME] Insert attempts: 0, committed: 0 records into Flask DB in 0.00s from K40 Lobby Modhunaghat Branch
[31m[DISCONNECTED] K40 Lobby Modhunaghat Branch
[33m
[DEBUG] Connecting to K40 Lobby Barishal Branch (172.19.129.231:4370)
[34m[SCHEDULER] K40 Lobby Modhunaghat Branch: 0 new logs
[35m[2025-08-20 12:23:20] [ACCESS INSERT TIME] Insert attempts: 0, successful: 0 records into Access DB in 0.00s from K40 Lobby Imamganj Branch
[37m[2025-08-20 12:23:20] [FLASK DB INSERT TIME] Insert attempts: 0, committed: 0 records into Flask DB in 0.00s from K40 Lobby Imamganj Branch
[35m[2025-08-20 12:23:20] [ACCESS INSERT TIME] Insert attempts: 0, successful: 0 records into Access DB in 0.00s from K40 Lobby Islampur Branch
[37m[2025-08-20 12:23:20] [FLASK DB INSERT TIME] Insert attempts: 0, committed: 0 records into Flask DB in 0.00s from K40 Lobby Islampur Branch
[31m[DISCONNECTED] K40 Lobby Imamganj Branch
[34m[SCHEDULER] K40 Lobby Imamganj Branch: 0 new logs
[33m
[DEBUG] Connecting to K40 Lobby Sarbolakkhona Branch (172.19.130.231:4370)
[32m[CONNECTED] K40 Lobby Barishal Branch
[31m[DISCONNECTED] K40 Lobby Islampur Branch
[34m[SCHEDULER] K40 Lobby Islampur Branch: 0 new logs
[33m
[DEBUG] Connecting to K40 Lobby Rajshahi Branch (172.19.131.231:4370)
[32m[CONNECTED] K40 Lobby Sarbolakkhona Branch
[32m[CONNECTED] K40 Lobby Rajshahi Branch
[35m[2025-08-20 12:23:20] [ACCESS INSERT TIME] Insert attempts: 0, successful: 0 records into Access DB in 0.00s from K40 Lobby Bogura Branch
[37m[2025-08-20 12:23:20] [FLASK DB INSERT TIME] Insert attempts: 0, committed: 0 records into Flask DB in 0.00s from K40 Lobby Bogura Branch
[36m[INFO] Retrieved 2288 logs from K40 Lobby Banglabazar Branch in 1.05 seconds
[31m[DISCONNECTED] K40 Lobby Bogura Branch
[33m
[DEBUG] Connecting to K40 Lobby Nababpur Branch (172.19.132.231:4370)
[34m[SCHEDULER] K40 Lobby Bogura Branch: 0 new logs
[35m[2025-08-20 12:23:21] [ACCESS INSERT TIME] Insert attempts: 0, successful: 0 records into Access DB in 0.00s from K40 Lobby Gazipur Branch
[37m[2025-08-20 12:23:21] [FLASK DB INSERT TIME] Insert attempts: 0, committed: 0 records into Flask DB in 0.00s from K40 Lobby Gazipur Branch
[32m[CONNECTED] K40 Lobby Nababpur Branch
[31m[DISCONNECTED] K40 Lobby Gazipur Branch
[34m[SCHEDULER] K40 Lobby Gazipur Branch: 0 new logs
[33m
[DEBUG] Connecting to K40 Lobby Mirpur Branch (172.19.133.230:4370)
[32m[CONNECTED] K40 Lobby Mirpur Branch
[35m[2025-08-20 12:23:21] [ACCESS INSERT TIME] Insert attempts: 0, successful: 0 records into Access DB in 0.00s from K40 Lobby Banglabazar Branch
[37m[2025-08-20 12:23:21] [FLASK DB INSERT TIME] Insert attempts: 0, committed: 0 records into Flask DB in 0.00s from K40 Lobby Banglabazar Branch
[35m[2025-08-20 12:23:21] [ACCESS INSERT TIME] Insert attempts: 0, successful: 0 records into Access DB in 0.00s from K40 Lobby Uttara Branch
[37m[2025-08-20 12:23:21] [FLASK DB INSERT TIME] Insert attempts: 0, committed: 0 records into Flask DB in 0.00s from K40 Lobby Uttara Branch
[31m[DISCONNECTED] K40 Lobby Banglabazar Branch
[34m[SCHEDULER] K40 Lobby Banglabazar Branch: 0 new logs
[33m
[DEBUG] Connecting to K40 Lobby Shibu Market Branch (172.19.134.231:4370)
[31m[DISCONNECTED] K40 Lobby Uttara Branch
[32m[CONNECTED] K40 Lobby Shibu Market Branch
[34m[SCHEDULER] K40 Lobby Uttara Branch: 0 new logs
[33m
[DEBUG] Connecting to K40 Lobby Ghonapara Branch (172.19.135.231:4370)
[36m[INFO] Retrieved 3648 logs from K40 Lobby Madhobdi Branch in 1.28 seconds
[32m[CONNECTED] K40 Lobby Ghonapara Branch
[36m[INFO] Retrieved 4984 logs from K40 Lobby Banani Branch in 1.91 seconds
[36m[INFO] Retrieved 2838 logs from K40 Lobby Sarbolakkhona Branch in 1.21 seconds
[35m[2025-08-20 12:23:21] [ACCESS INSERT TIME] Insert attempts: 0, successful: 0 records into Access DB in 0.00s from K40 Lobby Madhobdi Branch
[37m[2025-08-20 12:23:21] [FLASK DB INSERT TIME] Insert attempts: 0, committed: 0 records into Flask DB in 0.00s from K40 Lobby Madhobdi Branch
[31m[DISCONNECTED] K40 Lobby Madhobdi Branch
[34m[SCHEDULER] K40 Lobby Madhobdi Branch: 0 new logs
[33m
[DEBUG] Connecting to K40 Lobby Digraj Branch (172.19.136.231:4370)
[36m[INFO] Retrieved 4931 logs from K40 Lobby Chuknagar  Branch in 1.78 seconds
[32m[CONNECTED] K40 Lobby Digraj Branch
[35m[2025-08-20 12:23:22] [ACCESS INSERT TIME] Insert attempts: 0, successful: 0 records into Access DB in 0.00s from K40 Lobby Sarbolakkhona Branch
[37m[2025-08-20 12:23:22] [FLASK DB INSERT TIME] Insert attempts: 0, committed: 0 records into Flask DB in 0.00s from K40 Lobby Sarbolakkhona Branch
[31m[DISCONNECTED] K40 Lobby Sarbolakkhona Branch
[34m[SCHEDULER] K40 Lobby Sarbolakkhona Branch: 0 new logs
[33m
[DEBUG] Connecting to K40 Lobby Bijoynagar Branch (172.19.137.231:4370)
[32m[CONNECTED] K40 Lobby Bijoynagar Branch
[36m[INFO] Retrieved 2459 logs from K40 Lobby Ghonapara Branch in 0.86 seconds
[36m[INFO] Retrieved 2782 logs from K40 Lobby Shibu Market Branch in 1.04 seconds
[36m[INFO] Retrieved 6698 logs from K40 Lobby Barishal Branch in 2.04 seconds
[35m[2025-08-20 12:23:22] [ACCESS INSERT TIME] Insert attempts: 0, successful: 0 records into Access DB in 0.00s from K40 Lobby Banani Branch
[37m[2025-08-20 12:23:22] [FLASK DB INSERT TIME] Insert attempts: 0, committed: 0 records into Flask DB in 0.00s from K40 Lobby Banani Branch
[31m[DISCONNECTED] K40 Lobby Banani Branch
[34m[SCHEDULER] K40 Lobby Banani Branch: 0 new logs
[33m
[DEBUG] Connecting to K40 Lobby Narayangonj Branch (172.19.138.231:4370)
[32m[CONNECTED] K40 Lobby Narayangonj Branch
[36m[INFO] Retrieved 5397 logs from K40 Lobby Mirpur Branch in 1.66 seconds
[36m[INFO] Retrieved 6082 logs from K40 Lobby Nababpur Branch in 1.86 seconds
[35m[2025-08-20 12:23:23] [ACCESS INSERT TIME] Insert attempts: 0, successful: 0 records into Access DB in 0.00s from K40 Lobby Chuknagar  Branch
[37m[2025-08-20 12:23:23] [FLASK DB INSERT TIME] Insert attempts: 0, committed: 0 records into Flask DB in 0.00s from K40 Lobby Chuknagar  Branch
[36m[INFO] Retrieved 2776 logs from K40 Lobby Digraj Branch in 0.99 seconds
[35m[2025-08-20 12:23:23] [ACCESS INSERT TIME] Insert attempts: 0, successful: 0 records into Access DB in 0.00s from K40 Lobby Ghonapara Branch
[37m[2025-08-20 12:23:23] [FLASK DB INSERT TIME] Insert attempts: 0, committed: 0 records into Flask DB in 0.00s from K40 Lobby Ghonapara Branch
[31m[DISCONNECTED] K40 Lobby Ghonapara Branch
[34m[SCHEDULER] K40 Lobby Ghonapara Branch: 0 new logs
[33m
[DEBUG] Connecting to K40 Lobby Fatikchari Branch (172.19.139.231:4370)
[31m[DISCONNECTED] K40 Lobby Chuknagar  Branch
[34m[SCHEDULER] K40 Lobby Chuknagar  Branch: 0 new logs
[33m
[DEBUG] Connecting to K40 Lobby Baburhat Branch (172.19.140.231:4370)
[36m[INFO] Retrieved 6703 logs from K40 Lobby Rajshahi Branch in 2.50 seconds
[32m[CONNECTED] K40 Lobby Fatikchari Branch
[35m[2025-08-20 12:23:23] [ACCESS INSERT TIME] Insert attempts: 0, successful: 0 records into Access DB in 0.00s from K40 Lobby Shibu Market Branch
[37m[2025-08-20 12:23:23] [FLASK DB INSERT TIME] Insert attempts: 0, committed: 0 records into Flask DB in 0.00s from K40 Lobby Shibu Market Branch
[31m[DISCONNECTED] K40 Lobby Shibu Market Branch
[34m[SCHEDULER] K40 Lobby Shibu Market Branch: 0 new logs
[33m
[DEBUG] Connecting to K40 Lobby Rangpur Branch (172.19.141.231:4370)
[32m[CONNECTED] K40 Lobby Rangpur Branch
[34m    [NEW ✅] RID 6678, User=7077, Time=2025-08-19 19:33:14
[34m    [NEW ✅] RID 6679, User=7001, Time=2025-08-19 19:41:32
[34m    [NEW ✅] RID 6680, User=7001, Time=2025-08-19 19:41:55
[34m    [NEW ✅] RID 6681, User=1037, Time=2025-08-19 19:42:09
[34m    [NEW ✅] RID 6682, User=7005, Time=2025-08-19 19:42:18
[34m    [NEW ✅] RID 6683, User=942, Time=2025-08-19 19:45:29
[34m    [NEW ✅] RID 6684, User=9034, Time=2025-08-19 19:58:39
[34m    [NEW ✅] RID 6685, User=884, Time=2025-08-20 09:36:11
[34m    [NEW ✅] RID 6686, User=326, Time=2025-08-20 09:39:04
[34m    [NEW ✅] RID 6687, User=671, Time=2025-08-20 09:39:59
[34m    [NEW ✅] RID 6688, User=7005, Time=2025-08-20 09:41:43
[34m    [NEW ✅] RID 6689, User=1445, Time=2025-08-20 09:44:21
[34m    [NEW ✅] RID 6690, User=568, Time=2025-08-20 09:44:53
[34m    [NEW ✅] RID 6691, User=942, Time=2025-08-20 09:45:01
[34m    [NEW ✅] RID 6692, User=340, Time=2025-08-20 09:47:19
[34m    [NEW ✅] RID 6693, User=1279, Time=2025-08-20 09:47:27
[34m    [NEW ✅] RID 6694, User=1037, Time=2025-08-20 09:47:30
[34m    [NEW ✅] RID 6695, User=7077, Time=2025-08-20 09:48:46
[34m    [NEW ✅] RID 6696, User=7001, Time=2025-08-20 09:52:14
[34m    [NEW ✅] RID 6697, User=9034, Time=2025-08-20 09:52:45
[34m    [NEW ✅] RID 6698, User=480, Time=2025-08-20 10:07:28
[32m    [ACCESS ✅] USERID=7077 CHECKTIME=2025-08-19 19:33:14
[32m    [ACCESS ✅] USERID=7001 CHECKTIME=2025-08-19 19:41:32
[32m    [ACCESS ✅] USERID=7001 CHECKTIME=2025-08-19 19:41:55
[32m    [ACCESS ✅] USERID=1037 CHECKTIME=2025-08-19 19:42:09
[32m    [ACCESS ✅] USERID=7005 CHECKTIME=2025-08-19 19:42:18
[32m    [ACCESS ✅] USERID=942 CHECKTIME=2025-08-19 19:45:29
[32m    [ACCESS ✅] USERID=9034 CHECKTIME=2025-08-19 19:58:39
[32m    [ACCESS ✅] USERID=884 CHECKTIME=2025-08-20 09:36:11
[32m    [ACCESS ✅] USERID=326 CHECKTIME=2025-08-20 09:39:04
[32m    [ACCESS ✅] USERID=671 CHECKTIME=2025-08-20 09:39:59
[32m    [ACCESS ✅] USERID=7005 CHECKTIME=2025-08-20 09:41:43
[32m    [ACCESS ✅] USERID=1445 CHECKTIME=2025-08-20 09:44:21
[32m    [ACCESS ✅] USERID=568 CHECKTIME=2025-08-20 09:44:53
[32m    [ACCESS ✅] USERID=942 CHECKTIME=2025-08-20 09:45:01
[32m    [ACCESS ✅] USERID=340 CHECKTIME=2025-08-20 09:47:19
[32m    [ACCESS ✅] USERID=1279 CHECKTIME=2025-08-20 09:47:27
[32m    [ACCESS ✅] USERID=1037 CHECKTIME=2025-08-20 09:47:30
[32m    [ACCESS ✅] USERID=7077 CHECKTIME=2025-08-20 09:48:46
[32m    [ACCESS ✅] USERID=7001 CHECKTIME=2025-08-20 09:52:14
[32m    [ACCESS ✅] USERID=9034 CHECKTIME=2025-08-20 09:52:45
[32m    [ACCESS ✅] USERID=480 CHECKTIME=2025-08-20 10:07:28
[35m[2025-08-20 12:23:23] [ACCESS INSERT TIME] Insert attempts: 21, successful: 21 records into Access DB in 0.06s from K40 Lobby Barishal Branch
[37m[2025-08-20 12:23:23] [FLASK DB INSERT TIME] Insert attempts: 21, committed: 21 records into Flask DB in 0.06s from K40 Lobby Barishal Branch
[31m[DISCONNECTED] K40 Lobby Barishal Branch
[33m
[DEBUG] Connecting to K40 Lobby Jessore Branch (172.19.142.231:4370)
[34m[SCHEDULER] K40 Lobby Barishal Branch: 21 new logs
[35m[2025-08-20 12:23:24] [ACCESS INSERT TIME] Insert attempts: 0, successful: 0 records into Access DB in 0.00s from K40 Lobby Mirpur Branch
[37m[2025-08-20 12:23:24] [FLASK DB INSERT TIME] Insert attempts: 0, committed: 0 records into Flask DB in 0.00s from K40 Lobby Mirpur Branch
[36m[INFO] Retrieved 1414 logs from K40 Lobby Fatikchari Branch in 0.68 seconds
[32m[CONNECTED] K40 Lobby Jessore Branch
[31m[DISCONNECTED] K40 Lobby Mirpur Branch
[33m
[DEBUG] Connecting to K40 Lobby Takerhat Branch (172.19.143.231:4370)
[34m[SCHEDULER] K40 Lobby Mirpur Branch: 0 new logs
[32m[CONNECTED] K40 Lobby Takerhat Branch
[35m[2025-08-20 12:23:24] [ACCESS INSERT TIME] Insert attempts: 0, successful: 0 records into Access DB in 0.00s from K40 Lobby Fatikchari Branch
[37m[2025-08-20 12:23:24] [FLASK DB INSERT TIME] Insert attempts: 0, committed: 0 records into Flask DB in 0.00s from K40 Lobby Fatikchari Branch
[31m[DISCONNECTED] K40 Lobby Fatikchari Branch
[34m[SCHEDULER] K40 Lobby Fatikchari Branch: 0 new logs
[33m
[DEBUG] Connecting to K40 Lobby Nasirabad Branch (172.19.144.231:4370)
[35m[2025-08-20 12:23:24] [ACCESS INSERT TIME] Insert attempts: 0, successful: 0 records into Access DB in 0.00s from K40 Lobby Rajshahi Branch
[37m[2025-08-20 12:23:24] [FLASK DB INSERT TIME] Insert attempts: 0, committed: 0 records into Flask DB in 0.00s from K40 Lobby Rajshahi Branch
[36m[INFO] Retrieved 4935 logs from K40 Lobby Narayangonj Branch in 1.53 seconds
[31m[DISCONNECTED] K40 Lobby Rajshahi Branch
[32m[CONNECTED] K40 Lobby Nasirabad Branch
[33m
[DEBUG] Connecting to K40 Lobby Bhomra Branch (172.19.145.231:4370)
[34m[SCHEDULER] K40 Lobby Rajshahi Branch: 0 new logs
[36m[INFO] Retrieved 6683 logs from K40 Lobby Bijoynagar Branch in 2.09 seconds
[32m[CONNECTED] K40 Lobby Bhomra Branch
[35m[2025-08-20 12:23:24] [ACCESS INSERT TIME] Insert attempts: 0, successful: 0 records into Access DB in 0.00s from K40 Lobby Narayangonj Branch
[37m[2025-08-20 12:23:24] [FLASK DB INSERT TIME] Insert attempts: 0, committed: 0 records into Flask DB in 0.00s from K40 Lobby Narayangonj Branch
[31m[DISCONNECTED] K40 Lobby Narayangonj Branch
[33m
[DEBUG] Connecting to K40 Lobby Morrelganj Branch (172.19.146.231:4370)
[34m[SCHEDULER] K40 Lobby Narayangonj Branch: 0 new logs
[36m[INFO] Retrieved 2142 logs from K40 Lobby Takerhat Branch in 0.83 seconds
[35m[2025-08-20 12:23:25] [ACCESS INSERT TIME] Insert attempts: 0, successful: 0 records into Access DB in 0.00s from K40 Lobby Bijoynagar Branch
[37m[2025-08-20 12:23:25] [FLASK DB INSERT TIME] Insert attempts: 0, committed: 0 records into Flask DB in 0.00s from K40 Lobby Bijoynagar Branch
[31m[DISCONNECTED] K40 Lobby Bijoynagar Branch
[34m[SCHEDULER] K40 Lobby Bijoynagar Branch: 0 new logs
[33m
[DEBUG] Connecting to K40 Lobby Hasnabad Branch (172.19.147.231:4370)
[35m[2025-08-20 12:23:25] [ACCESS INSERT TIME] Insert attempts: 0, successful: 0 records into Access DB in 0.00s from K40 Lobby Takerhat Branch
[37m[2025-08-20 12:23:25] [FLASK DB INSERT TIME] Insert attempts: 0, committed: 0 records into Flask DB in 0.00s from K40 Lobby Takerhat Branch
[31m[DISCONNECTED] K40 Lobby Takerhat Branch
[34m[SCHEDULER] K40 Lobby Takerhat Branch: 0 new logs
[33m
[DEBUG] Connecting to K40 Lobby Kharabad Branch (172.19.148.231:4370)
[36m[INFO] Retrieved 5390 logs from K40 Lobby Rangpur Branch in 1.58 seconds
[32m[CONNECTED] K40 Lobby Kharabad Branch
[36m[INFO] Retrieved 2858 logs from K40 Lobby Nasirabad Branch in 1.07 seconds
[35m[2025-08-20 12:23:25] [ACCESS INSERT TIME] Insert attempts: 0, successful: 0 records into Access DB in 0.00s from K40 Lobby Digraj Branch
[37m[2025-08-20 12:23:25] [FLASK DB INSERT TIME] Insert attempts: 0, committed: 0 records into Flask DB in 0.00s from K40 Lobby Digraj Branch
[31m[DISCONNECTED] K40 Lobby Digraj Branch
[34m[SCHEDULER] K40 Lobby Digraj Branch: 0 new logs
[33m
[DEBUG] Connecting to K40 Lobby Chalakchar Branch (172.19.149.231:4370)
[35m[2025-08-20 12:23:26] [ACCESS INSERT TIME] Insert attempts: 0, successful: 0 records into Access DB in 0.00s from K40 Lobby Nasirabad Branch
[37m[2025-08-20 12:23:26] [FLASK DB INSERT TIME] Insert attempts: 0, committed: 0 records into Flask DB in 0.00s from K40 Lobby Nasirabad Branch
[31m[DISCONNECTED] K40 Lobby Nasirabad Branch
[34m[SCHEDULER] K40 Lobby Nasirabad Branch: 0 new logs
[33m
[DEBUG] Connecting to K40 Lobby Panthapath Branch (172.19.150.231:4370)
[32m[CONNECTED] K40 Lobby Panthapath Branch
[35m[2025-08-20 12:23:26] [ACCESS INSERT TIME] Insert attempts: 0, successful: 0 records into Access DB in 0.00s from K40 Lobby Nababpur Branch
[37m[2025-08-20 12:23:26] [FLASK DB INSERT TIME] Insert attempts: 0, committed: 0 records into Flask DB in 0.00s from K40 Lobby Nababpur Branch
[35m[2025-08-20 12:23:26] [ACCESS INSERT TIME] Insert attempts: 0, successful: 0 records into Access DB in 0.00s from K40 Lobby Rangpur Branch
[37m[2025-08-20 12:23:26] [FLASK DB INSERT TIME] Insert attempts: 0, committed: 0 records into Flask DB in 0.00s from K40 Lobby Rangpur Branch
[31m[DISCONNECTED] K40 Lobby Nababpur Branch
[34m[SCHEDULER] K40 Lobby Nababpur Branch: 0 new logs
[33m
[DEBUG] Connecting to K40 Lobby Mouchak Branch (172.19.151.231:4370)
[36m[INFO] Retrieved 7881 logs from K40 Lobby Jessore Branch in 2.22 seconds
[31m[DISCONNECTED] K40 Lobby Rangpur Branch
[34m[SCHEDULER] K40 Lobby Rangpur Branch: 0 new logs
[33m
[DEBUG] Connecting to K40 Lobby Maligram Branch (172.19.152.231:4370)
[32m[CONNECTED] K40 Lobby Mouchak Branch
[32m[CONNECTED] K40 Lobby Maligram Branch
[32m[CONNECTED] K40 Lobby Baburhat Branch
[36m[INFO] Retrieved 5196 logs from K40 Lobby Bhomra Branch in 1.97 seconds
[35m[2025-08-20 12:23:26] [ACCESS INSERT TIME] Insert attempts: 0, successful: 0 records into Access DB in 0.00s from K40 Lobby Jessore Branch
[37m[2025-08-20 12:23:26] [FLASK DB INSERT TIME] Insert attempts: 0, committed: 0 records into Flask DB in 0.00s from K40 Lobby Jessore Branch
[31m[DISCONNECTED] K40 Lobby Jessore Branch
[34m[SCHEDULER] K40 Lobby Jessore Branch: 0 new logs
[33m
[DEBUG] Connecting to K40 Lobby Chittagong EPZ Branch (172.19.153.231:4370)
[35m[2025-08-20 12:23:26] [ACCESS INSERT TIME] Insert attempts: 0, successful: 0 records into Access DB in 0.00s from K40 Lobby Bhomra Branch
[37m[2025-08-20 12:23:26] [FLASK DB INSERT TIME] Insert attempts: 0, committed: 0 records into Flask DB in 0.00s from K40 Lobby Bhomra Branch
[36m[INFO] Retrieved 3790 logs from K40 Lobby Kharabad Branch in 1.51 seconds
[31m[DISCONNECTED] K40 Lobby Bhomra Branch
[34m[SCHEDULER] K40 Lobby Bhomra Branch: 0 new logs
[33m
[DEBUG] Connecting to K40 Lobby Dinajpur Branch (172.19.154.231:4370)
[36m[INFO] Retrieved 877 logs from K40 Lobby Maligram Branch in 0.55 seconds
[32m[CONNECTED] K40 Lobby Dinajpur Branch
[35m[2025-08-20 12:23:27] [ACCESS INSERT TIME] Insert attempts: 0, successful: 0 records into Access DB in 0.00s from K40 Lobby Maligram Branch
[37m[2025-08-20 12:23:27] [FLASK DB INSERT TIME] Insert attempts: 0, committed: 0 records into Flask DB in 0.00s from K40 Lobby Maligram Branch
[31m[DISCONNECTED] K40 Lobby Maligram Branch
[34m[SCHEDULER] K40 Lobby Maligram Branch: 0 new logs
[33m
[DEBUG] Connecting to K40 Lobby KDA Branch (172.19.155.231:4370)
[32m[CONNECTED] K40 Lobby KDA Branch
[35m[2025-08-20 12:23:27] [ACCESS INSERT TIME] Insert attempts: 0, successful: 0 records into Access DB in 0.00s from K40 Lobby Kharabad Branch
[37m[2025-08-20 12:23:27] [FLASK DB INSERT TIME] Insert attempts: 0, committed: 0 records into Flask DB in 0.00s from K40 Lobby Kharabad Branch
[36m[INFO] Retrieved 3453 logs from K40 Lobby Mouchak Branch in 1.12 seconds
[31m[DISCONNECTED] K40 Lobby Kharabad Branch
[34m[SCHEDULER] K40 Lobby Kharabad Branch: 0 new logs
[33m
[DEBUG] Connecting to K40 Lobby Nator Branch (172.19.156.231:4370)
[36m[INFO] Retrieved 4643 logs from K40 Lobby Panthapath Branch in 1.53 seconds
[32m[CONNECTED] K40 Lobby Nator Branch
[35m[2025-08-20 12:23:27] [ACCESS INSERT TIME] Insert attempts: 0, successful: 0 records into Access DB in 0.00s from K40 Lobby Mouchak Branch
[37m[2025-08-20 12:23:27] [FLASK DB INSERT TIME] Insert attempts: 0, committed: 0 records into Flask DB in 0.00s from K40 Lobby Mouchak Branch
[31m[DISCONNECTED] K40 Lobby Mouchak Branch
[34m[SCHEDULER] K40 Lobby Mouchak Branch: 0 new logs
[33m
[DEBUG] Connecting to K40 Lobby Feni Branch (172.19.157.231:4370)
[32m[CONNECTED] K40 Lobby Feni Branch
[35m[2025-08-20 12:23:28] [ACCESS INSERT TIME] Insert attempts: 0, successful: 0 records into Access DB in 0.00s from K40 Lobby Panthapath Branch
[37m[2025-08-20 12:23:28] [FLASK DB INSERT TIME] Insert attempts: 0, committed: 0 records into Flask DB in 0.00s from K40 Lobby Panthapath Branch
[31m[DISCONNECTED] K40 Lobby Panthapath Branch
[33m
[DEBUG] Connecting to K40 Lobby Kushtia Branch (172.19.158.231:4370)
[34m[SCHEDULER] K40 Lobby Panthapath Branch: 0 new logs
[32m[CONNECTED] K40 Lobby Kushtia Branch
[36m[INFO] Retrieved 2907 logs from K40 Lobby KDA Branch in 1.05 seconds
[36m[INFO] Retrieved 3594 logs from K40 Lobby Dinajpur Branch in 1.37 seconds
[31m[ERROR] Polling K40 Lobby Morrelganj Branch failed: can't reach device (ping 172.19.146.231)
[31m[ERROR] Polling K40 Lobby Hasnabad Branch failed: can't reach device (ping 172.19.147.231)
[33m
[DEBUG] Connecting to K40 Lobby Khatunganj Branch (172.19.160.231:4370)
[34m[SCHEDULER] K40 Lobby Morrelganj Branch: 0 new logs
[34m[SCHEDULER] K40 Lobby Hasnabad Branch: 0 new logs
[33m
[DEBUG] Connecting to K40 Lobby Labanchora Branch (172.19.159.231:4370)
[32m[CONNECTED] K40 Lobby Khatunganj Branch
[32m[CONNECTED] K40 Lobby Labanchora Branch
[35m[2025-08-20 12:23:28] [ACCESS INSERT TIME] Insert attempts: 0, successful: 0 records into Access DB in 0.00s from K40 Lobby KDA Branch
[37m[2025-08-20 12:23:28] [FLASK DB INSERT TIME] Insert attempts: 0, committed: 0 records into Flask DB in 0.00s from K40 Lobby KDA Branch
[31m[DISCONNECTED] K40 Lobby KDA Branch
[34m[SCHEDULER] K40 Lobby KDA Branch: 0 new logs
[33m
[DEBUG] Connecting to K40 Lobby Pragati Sharani Branch (172.19.161.231:4370)
[35m[2025-08-20 12:23:29] [ACCESS INSERT TIME] Insert attempts: 0, successful: 0 records into Access DB in 0.00s from K40 Lobby Dinajpur Branch
[37m[2025-08-20 12:23:29] [FLASK DB INSERT TIME] Insert attempts: 0, committed: 0 records into Flask DB in 0.00s from K40 Lobby Dinajpur Branch
[36m[INFO] Retrieved 2648 logs from K40 Lobby Feni Branch in 0.95 seconds
[32m[CONNECTED] K40 Lobby Pragati Sharani Branch
[31m[DISCONNECTED] K40 Lobby Dinajpur Branch
[34m[SCHEDULER] K40 Lobby Dinajpur Branch: 0 new logs
[33m
[DEBUG] Connecting to K40 Lobby Amin Bazar Branch (172.19.162.231:4370)
[32m[CONNECTED] K40 Lobby Amin Bazar Branch
[36m[INFO] Retrieved 4695 logs from K40 Lobby Nator Branch in 1.53 seconds
[35m[2025-08-20 12:23:29] [ACCESS INSERT TIME] Insert attempts: 0, successful: 0 records into Access DB in 0.00s from K40 Lobby Feni Branch
[37m[2025-08-20 12:23:29] [FLASK DB INSERT TIME] Insert attempts: 0, committed: 0 records into Flask DB in 0.00s from K40 Lobby Feni Branch
[31m[DISCONNECTED] K40 Lobby Feni Branch
[34m[SCHEDULER] K40 Lobby Feni Branch: 0 new logs
[33m
[DEBUG] Connecting to K40 Lobby Banaripara Branch (172.19.163.231:4370)
[35m[2025-08-20 12:23:29] [ACCESS INSERT TIME] Insert attempts: 0, successful: 0 records into Access DB in 0.00s from K40 Lobby Nator Branch
[37m[2025-08-20 12:23:29] [FLASK DB INSERT TIME] Insert attempts: 0, committed: 0 records into Flask DB in 0.00s from K40 Lobby Nator Branch
[32m[CONNECTED] K40 Lobby Banaripara Branch
[31m[DISCONNECTED] K40 Lobby Nator Branch
[31m[ERROR] Polling K40 Lobby Chalakchar Branch failed: can't reach device (ping 172.19.149.231)
[34m[SCHEDULER] K40 Lobby Chalakchar Branch: 0 new logs
[33m
[DEBUG] Connecting to K40 Lobby Faltita Branch (172.19.164.231:4370)
[36m[INFO] Retrieved 2188 logs from K40 Lobby Khatunganj Branch in 0.92 seconds
[34m[SCHEDULER] K40 Lobby Nator Branch: 0 new logs
[33m
[DEBUG] Connecting to K40 Lobby AddaBazar Branch (172.19.165.231:4370)
[36m[INFO] Retrieved 4620 logs from K40 Lobby Kushtia Branch in 1.42 seconds
[32m[CONNECTED] K40 Lobby Faltita Branch
[32m[CONNECTED] K40 Lobby AddaBazar Branch
[35m[2025-08-20 12:23:30] [ACCESS INSERT TIME] Insert attempts: 0, successful: 0 records into Access DB in 0.00s from K40 Lobby Khatunganj Branch
[37m[2025-08-20 12:23:30] [FLASK DB INSERT TIME] Insert attempts: 0, committed: 0 records into Flask DB in 0.00s from K40 Lobby Khatunganj Branch
[31m[DISCONNECTED] K40 Lobby Khatunganj Branch
[34m[SCHEDULER] K40 Lobby Khatunganj Branch: 0 new logs
[33m
[DEBUG] Connecting to K40 Lobby Jibannagar Branch (172.19.166.231:4370)
[35m[2025-08-20 12:23:30] [ACCESS INSERT TIME] Insert attempts: 0, successful: 0 records into Access DB in 0.00s from K40 Lobby Kushtia Branch
[37m[2025-08-20 12:23:30] [FLASK DB INSERT TIME] Insert attempts: 0, committed: 0 records into Flask DB in 0.00s from K40 Lobby Kushtia Branch
[36m[INFO] Retrieved 3039 logs from K40 Lobby Amin Bazar Branch in 1.04 seconds
[32m[CONNECTED] K40 Lobby Jibannagar Branch
[31m[DISCONNECTED] K40 Lobby Kushtia Branch
[34m[SCHEDULER] K40 Lobby Kushtia Branch: 0 new logs
[33m
[DEBUG] Connecting to K40 Lobby Abdullahpur Branch (172.19.167.231:4370)
[36m[INFO] Retrieved 1918 logs from K40 Lobby Pragati Sharani Branch in 1.30 seconds
[35m[2025-08-20 12:23:30] [ACCESS INSERT TIME] Insert attempts: 0, successful: 0 records into Access DB in 0.00s from K40 Lobby Amin Bazar Branch
[37m[2025-08-20 12:23:30] [FLASK DB INSERT TIME] Insert attempts: 0, committed: 0 records into Flask DB in 0.00s from K40 Lobby Amin Bazar Branch
[31m[DISCONNECTED] K40 Lobby Amin Bazar Branch
[34m[SCHEDULER] K40 Lobby Amin Bazar Branch: 0 new logs
[33m
[DEBUG] Connecting to K40 Lobby Bhulta Branch (172.19.168.231:4370)
[31m[ERROR] Polling K40 Lobby Chittagong EPZ Branch failed: can't reach device (ping 172.19.153.231)
[34m[SCHEDULER] K40 Lobby Chittagong EPZ Branch: 0 new logs
[33m
[DEBUG] Connecting to K40 Lobby Myemensingh Branch (172.19.169.231:4370)
[32m[CONNECTED] K40 Lobby Bhulta Branch
[35m[2025-08-20 12:23:30] [ACCESS INSERT TIME] Insert attempts: 0, successful: 0 records into Access DB in 0.00s from K40 Lobby Pragati Sharani Branch
[37m[2025-08-20 12:23:30] [FLASK DB INSERT TIME] Insert attempts: 0, committed: 0 records into Flask DB in 0.00s from K40 Lobby Pragati Sharani Branch
[32m[CONNECTED] K40 Lobby Myemensingh Branch
[36m[INFO] Retrieved 3066 logs from K40 Lobby Faltita Branch in 0.97 seconds
[31m[DISCONNECTED] K40 Lobby Pragati Sharani Branch
[34m[SCHEDULER] K40 Lobby Pragati Sharani Branch: 0 new logs
[33m
[DEBUG] Connecting to K40 Lobby Birganj Branch (172.19.170.231:4370)
[36m[INFO] Retrieved 2896 logs from K40 Lobby Banaripara Branch in 1.36 seconds
[32m[CONNECTED] K40 Lobby Birganj Branch
[35m[2025-08-20 12:23:31] [ACCESS INSERT TIME] Insert attempts: 0, successful: 0 records into Access DB in 0.00s from K40 Lobby Faltita Branch
[37m[2025-08-20 12:23:31] [FLASK DB INSERT TIME] Insert attempts: 0, committed: 0 records into Flask DB in 0.00s from K40 Lobby Faltita Branch
[31m[DISCONNECTED] K40 Lobby Faltita Branch
[34m[SCHEDULER] K40 Lobby Faltita Branch: 0 new logs
[33m
[DEBUG] Connecting to K40 Lobby Nazipur Branch (172.19.171.231:4370)
[36m[INFO] Retrieved 2950 logs from K40 Lobby Jibannagar Branch in 1.02 seconds
[35m[2025-08-20 12:23:31] [ACCESS INSERT TIME] Insert attempts: 0, successful: 0 records into Access DB in 0.00s from K40 Lobby Banaripara Branch
[37m[2025-08-20 12:23:31] [FLASK DB INSERT TIME] Insert attempts: 0, committed: 0 records into Flask DB in 0.00s from K40 Lobby Banaripara Branch
[32m[CONNECTED] K40 Lobby Nazipur Branch
[31m[DISCONNECTED] K40 Lobby Banaripara Branch
[34m[SCHEDULER] K40 Lobby Banaripara Branch: 0 new logs
[33m
[DEBUG] Connecting to K40 Lobby Mehendiganj Branch (172.19.172.231:4370)
[36m[INFO] Retrieved 2621 logs from K40 Lobby AddaBazar Branch in 1.61 seconds
[32m[CONNECTED] K40 Lobby Mehendiganj Branch
[35m[2025-08-20 12:23:31] [ACCESS INSERT TIME] Insert attempts: 0, successful: 0 records into Access DB in 0.00s from K40 Lobby Jibannagar Branch
[37m[2025-08-20 12:23:31] [FLASK DB INSERT TIME] Insert attempts: 0, committed: 0 records into Flask DB in 0.00s from K40 Lobby Jibannagar Branch
[36m[INFO] Retrieved 2387 logs from K40 Lobby Myemensingh Branch in 0.91 seconds
[36m[INFO] Retrieved 2780 logs from K40 Lobby Bhulta Branch in 0.98 seconds
[31m[DISCONNECTED] K40 Lobby Jibannagar Branch
[34m[SCHEDULER] K40 Lobby Jibannagar Branch: 0 new logs
[33m
[DEBUG] Connecting to K40 Lobby Cumilla Branch (172.19.173.231:4370)
[36m[INFO] Retrieved 1614 logs from K40 Lobby Birganj Branch in 0.70 seconds
[32m[CONNECTED] K40 Lobby Cumilla Branch
[36m[INFO] Retrieved 2280 logs from K40 Lobby Baburhat Branch in 4.66 seconds
[35m[2025-08-20 12:23:32] [ACCESS INSERT TIME] Insert attempts: 0, successful: 0 records into Access DB in 0.00s from K40 Lobby AddaBazar Branch
[37m[2025-08-20 12:23:32] [FLASK DB INSERT TIME] Insert attempts: 0, committed: 0 records into Flask DB in 0.00s from K40 Lobby AddaBazar Branch
[31m[DISCONNECTED] K40 Lobby AddaBazar Branch
[34m[SCHEDULER] K40 Lobby AddaBazar Branch: 0 new logs
[33m
[DEBUG] Connecting to K40 Lobby Bhola Branch (172.19.174.231:4370)
[35m[2025-08-20 12:23:32] [ACCESS INSERT TIME] Insert attempts: 0, successful: 0 records into Access DB in 0.00s from K40 Lobby Birganj Branch
[37m[2025-08-20 12:23:32] [FLASK DB INSERT TIME] Insert attempts: 0, committed: 0 records into Flask DB in 0.00s from K40 Lobby Birganj Branch
[31m[DISCONNECTED] K40 Lobby Birganj Branch
[34m[SCHEDULER] K40 Lobby Birganj Branch: 0 new logs
[33m
[DEBUG] Connecting to K40 Lobby Bashundhara Branch (172.19.175.231:4370)
[32m[CONNECTED] K40 Lobby Bhola Branch
[35m[2025-08-20 12:23:32] [ACCESS INSERT TIME] Insert attempts: 0, successful: 0 records into Access DB in 0.00s from K40 Lobby Myemensingh Branch
[37m[2025-08-20 12:23:32] [FLASK DB INSERT TIME] Insert attempts: 0, committed: 0 records into Flask DB in 0.00s from K40 Lobby Myemensingh Branch
[32m[CONNECTED] K40 Lobby Bashundhara Branch
[31m[DISCONNECTED] K40 Lobby Myemensingh Branch
[34m[SCHEDULER] K40 Lobby Myemensingh Branch: 0 new logs
[33m
[DEBUG] Connecting to K40 Lobby Gopalgonj Branch (172.19.176.231:4370)
[36m[INFO] Retrieved 1748 logs from K40 Lobby Mehendiganj Branch in 0.95 seconds
[36m[INFO] Retrieved 3561 logs from K40 Lobby Nazipur Branch in 1.18 seconds
[32m[CONNECTED] K40 Lobby Gopalgonj Branch
[35m[2025-08-20 12:23:33] [ACCESS INSERT TIME] Insert attempts: 0, successful: 0 records into Access DB in 0.00s from K40 Lobby Mehendiganj Branch
[37m[2025-08-20 12:23:33] [FLASK DB INSERT TIME] Insert attempts: 0, committed: 0 records into Flask DB in 0.00s from K40 Lobby Mehendiganj Branch
[35m[2025-08-20 12:23:33] [ACCESS INSERT TIME] Insert attempts: 0, successful: 0 records into Access DB in 0.00s from K40 Lobby Baburhat Branch
[37m[2025-08-20 12:23:33] [FLASK DB INSERT TIME] Insert attempts: 0, committed: 0 records into Flask DB in 0.00s from K40 Lobby Baburhat Branch
[36m[INFO] Retrieved 3580 logs from K40 Lobby Cumilla Branch in 1.20 seconds
[31m[DISCONNECTED] K40 Lobby Mehendiganj Branch
[34m[SCHEDULER] K40 Lobby Mehendiganj Branch: 0 new logs
[33m
[DEBUG] Connecting to K40 Lobby Jatrabari Sub Branch (172.19.177.231:4370)
[35m[2025-08-20 12:23:33] [ACCESS INSERT TIME] Insert attempts: 0, successful: 0 records into Access DB in 0.00s from K40 Lobby Bhulta Branch
[37m[2025-08-20 12:23:33] [FLASK DB INSERT TIME] Insert attempts: 0, committed: 0 records into Flask DB in 0.00s from K40 Lobby Bhulta Branch
[31m[DISCONNECTED] K40 Lobby Bhulta Branch
[34m[SCHEDULER] K40 Lobby Bhulta Branch: 0 new logs
[33m
[DEBUG] Connecting to K40 Lobby BabuBazar Sub Branch (172.19.178.231:4370)
[32m[CONNECTED] K40 Lobby Jatrabari Sub Branch
[32m[CONNECTED] K40 Lobby BabuBazar Sub Branch
[36m[INFO] Retrieved 2653 logs from K40 Lobby Bhola Branch in 1.00 seconds
[35m[2025-08-20 12:23:33] [ACCESS INSERT TIME] Insert attempts: 0, successful: 0 records into Access DB in 0.00s from K40 Lobby Cumilla Branch
[37m[2025-08-20 12:23:33] [FLASK DB INSERT TIME] Insert attempts: 0, committed: 0 records into Flask DB in 0.00s from K40 Lobby Cumilla Branch
[35m[2025-08-20 12:23:33] [ACCESS INSERT TIME] Insert attempts: 0, successful: 0 records into Access DB in 0.00s from K40 Lobby Nazipur Branch
[37m[2025-08-20 12:23:33] [FLASK DB INSERT TIME] Insert attempts: 0, committed: 0 records into Flask DB in 0.00s from K40 Lobby Nazipur Branch
[31m[DISCONNECTED] K40 Lobby Cumilla Branch
[34m[SCHEDULER] K40 Lobby Cumilla Branch: 0 new logs
[33m
[DEBUG] Connecting to K40 Lobby Rayenda Bazar Sub Branch (172.19.179.231:4370)
[31m[DISCONNECTED] K40 Lobby Nazipur Branch
[33m
[DEBUG] Connecting to K40 Lobby Rupatali Sub Branch (172.19.180.231:4370)
[34m[SCHEDULER] K40 Lobby Nazipur Branch: 0 new logs
[35m[2025-08-20 12:23:33] [ACCESS INSERT TIME] Insert attempts: 0, successful: 0 records into Access DB in 0.00s from K40 Lobby Bhola Branch
[37m[2025-08-20 12:23:33] [FLASK DB INSERT TIME] Insert attempts: 0, committed: 0 records into Flask DB in 0.00s from K40 Lobby Bhola Branch
[32m[CONNECTED] K40 Lobby Rayenda Bazar Sub Branch
[32m[CONNECTED] K40 Lobby Rupatali Sub Branch
[31m[DISCONNECTED] K40 Lobby Bhola Branch
[34m[SCHEDULER] K40 Lobby Bhola Branch: 0 new logs
[33m
[DEBUG] Connecting to K40 Lobby Ramgonj Branch (172.19.181.231:4370)
[32m[CONNECTED] K40 Lobby Ramgonj Branch
[36m[INFO] Retrieved 1955 logs from K40 Lobby Gopalgonj Branch in 1.32 seconds
[31m[ERROR] Polling K40 Lobby Abdullahpur Branch failed: can't reach device (ping 172.19.167.231)
[33m
[DEBUG] Connecting to K40 Lobby Kaligonj Branch (172.19.182.231:4370)
[34m[SCHEDULER] K40 Lobby Abdullahpur Branch: 0 new logs
[35m[2025-08-20 12:23:34] [ACCESS INSERT TIME] Insert attempts: 0, successful: 0 records into Access DB in 0.00s from K40 Lobby Gopalgonj Branch
[37m[2025-08-20 12:23:34] [FLASK DB INSERT TIME] Insert attempts: 0, committed: 0 records into Flask DB in 0.00s from K40 Lobby Gopalgonj Branch
[32m[CONNECTED] K40 Lobby Kaligonj Branch
[31m[DISCONNECTED] K40 Lobby Baburhat Branch
[34m[SCHEDULER] K40 Lobby Baburhat Branch: 0 new logs
[33m
[DEBUG] Connecting to K40 Lobby Palashbari Branch (172.19.183.231:4370)
[31m[DISCONNECTED] K40 Lobby Gopalgonj Branch
[36m[INFO] Retrieved 6378 logs from K40 Lobby Bashundhara Branch in 1.86 seconds
[34m[SCHEDULER] K40 Lobby Gopalgonj Branch: 0 new logs
[33m
[DEBUG] Connecting to K40 Lobby Mohakhali Branch (172.19.184.231:4370)
[36m[INFO] Retrieved 1154 logs from K40 Lobby Rayenda Bazar Sub Branch in 0.60 seconds
[32m[CONNECTED] K40 Lobby Palashbari Branch
[32m[CONNECTED] K40 Lobby Mohakhali Branch
[36m[INFO] Retrieved 4301 logs from K40 Lobby Jatrabari Sub Branch in 1.29 seconds
[35m[2025-08-20 12:23:34] [ACCESS INSERT TIME] Insert attempts: 0, successful: 0 records into Access DB in 0.00s from K40 Lobby Rayenda Bazar Sub Branch
[37m[2025-08-20 12:23:34] [FLASK DB INSERT TIME] Insert attempts: 0, committed: 0 records into Flask DB in 0.00s from K40 Lobby Rayenda Bazar Sub Branch
[31m[DISCONNECTED] K40 Lobby Rayenda Bazar Sub Branch
[34m[SCHEDULER] K40 Lobby Rayenda Bazar Sub Branch: 0 new logs
[33m
[DEBUG] Connecting to K40 Lobby Bhandaria Branch (172.19.185.231:4370)
[36m[INFO] Retrieved 4881 logs from K40 Lobby BabuBazar Sub Branch in 1.54 seconds
[32m[CONNECTED] K40 Lobby Bhandaria Branch
[36m[INFO] Retrieved 1442 logs from K40 Lobby Rupatali Sub Branch in 1.11 seconds
[36m[INFO] Retrieved 1095 logs from K40 Lobby Palashbari Branch in 0.59 seconds
[36m[INFO] Retrieved 6675 logs from K40 Lobby Labanchora Branch in 5.85 seconds
[35m[2025-08-20 12:23:35] [ACCESS INSERT TIME] Insert attempts: 0, successful: 0 records into Access DB in 0.00s from K40 Lobby Palashbari Branch
[37m[2025-08-20 12:23:35] [FLASK DB INSERT TIME] Insert attempts: 0, committed: 0 records into Flask DB in 0.00s from K40 Lobby Palashbari Branch
[31m[DISCONNECTED] K40 Lobby Palashbari Branch
[34m[SCHEDULER] K40 Lobby Palashbari Branch: 0 new logs
[33m
[DEBUG] Connecting to K40 Lobby Lohagara Branch (172.19.186.231:4370)
[36m[INFO] Retrieved 3311 logs from K40 Lobby Kaligonj Branch in 1.18 seconds
[32m[CONNECTED] K40 Lobby Lohagara Branch
[35m[2025-08-20 12:23:35] [ACCESS INSERT TIME] Insert attempts: 0, successful: 0 records into Access DB in 0.00s from K40 Lobby Rupatali Sub Branch
[37m[2025-08-20 12:23:35] [FLASK DB INSERT TIME] Insert attempts: 0, committed: 0 records into Flask DB in 0.00s from K40 Lobby Rupatali Sub Branch
[35m[2025-08-20 12:23:35] [ACCESS INSERT TIME] Insert attempts: 0, successful: 0 records into Access DB in 0.00s from K40 Lobby Jatrabari Sub Branch
[37m[2025-08-20 12:23:35] [FLASK DB INSERT TIME] Insert attempts: 0, committed: 0 records into Flask DB in 0.00s from K40 Lobby Jatrabari Sub Branch
[31m[DISCONNECTED] K40 Lobby Jatrabari Sub Branch
[34m[SCHEDULER] K40 Lobby Jatrabari Sub Branch: 0 new logs
[33m
[DEBUG] Connecting to K40 Lobby Benapole Branch (172.19.187.231:4370)
[36m[INFO] Retrieved 3555 logs from K40 Lobby Mohakhali Branch in 1.27 seconds
[31m[DISCONNECTED] K40 Lobby Rupatali Sub Branch
[34m[SCHEDULER] K40 Lobby Rupatali Sub Branch: 0 new logs
[33m
[DEBUG] Connecting to K40 Lobby Panchar Sub Branch (172.19.188.231:4370)
[36m[INFO] Retrieved 3257 logs from K40 Lobby Ramgonj Branch in 1.87 seconds
[32m[CONNECTED] K40 Lobby Benapole Branch
[32m[CONNECTED] K40 Lobby Panchar Sub Branch
[36m[INFO] Retrieved 2793 logs from K40 Lobby Bhandaria Branch in 1.03 seconds
[36m[INFO] Retrieved 1332 logs from K40 Lobby Lohagara Branch in 0.64 seconds
[35m[2025-08-20 12:23:36] [ACCESS INSERT TIME] Insert attempts: 0, successful: 0 records into Access DB in 0.00s from K40 Lobby Bashundhara Branch
[37m[2025-08-20 12:23:36] [FLASK DB INSERT TIME] Insert attempts: 0, committed: 0 records into Flask DB in 0.00s from K40 Lobby Bashundhara Branch
[31m[DISCONNECTED] K40 Lobby Bashundhara Branch
[34m[SCHEDULER] K40 Lobby Bashundhara Branch: 0 new logs
[33m
[DEBUG] Connecting to K40 Lobby Muladi Sub Branch (172.19.189.231:4370)
[35m[2025-08-20 12:23:36] [ACCESS INSERT TIME] Insert attempts: 0, successful: 0 records into Access DB in 0.00s from K40 Lobby Kaligonj Branch
[37m[2025-08-20 12:23:36] [FLASK DB INSERT TIME] Insert attempts: 0, committed: 0 records into Flask DB in 0.00s from K40 Lobby Kaligonj Branch
[32m[CONNECTED] K40 Lobby Muladi Sub Branch
[31m[DISCONNECTED] K40 Lobby Kaligonj Branch
[34m[SCHEDULER] K40 Lobby Kaligonj Branch: 0 new logs
[33m
[DEBUG] Connecting to K40 Lobby Hatirpool Sub Branch (172.19.190.231:4370)
[35m[2025-08-20 12:23:36] [ACCESS INSERT TIME] Insert attempts: 0, successful: 0 records into Access DB in 0.00s from K40 Lobby Ramgonj Branch
[37m[2025-08-20 12:23:36] [FLASK DB INSERT TIME] Insert attempts: 0, committed: 0 records into Flask DB in 0.00s from K40 Lobby Ramgonj Branch
[35m[2025-08-20 12:23:36] [ACCESS INSERT TIME] Insert attempts: 0, successful: 0 records into Access DB in 0.00s from K40 Lobby BabuBazar Sub Branch
[37m[2025-08-20 12:23:36] [FLASK DB INSERT TIME] Insert attempts: 0, committed: 0 records into Flask DB in 0.00s from K40 Lobby BabuBazar Sub Branch
[31m[DISCONNECTED] K40 Lobby Ramgonj Branch
[34m[SCHEDULER] K40 Lobby Ramgonj Branch: 0 new logs
[33m
[DEBUG] Connecting to K40 Lobby Yousuf Market Sub Branch (172.19.191.231:4370)
[32m[CONNECTED] K40 Lobby Hatirpool Sub Branch
[36m[INFO] Retrieved 2053 logs from K40 Lobby Benapole Branch in 0.78 seconds
[31m[DISCONNECTED] K40 Lobby BabuBazar Sub Branch
[34m[SCHEDULER] K40 Lobby BabuBazar Sub Branch: 0 new logs
[33m
[DEBUG] Connecting to K40 Lobby Laxmipur Sub Branch (172.19.192.231:4370)
[36m[INFO] Retrieved 1712 logs from K40 Lobby Panchar Sub Branch in 0.79 seconds
[32m[CONNECTED] K40 Lobby Yousuf Market Sub Branch[35m[2025-08-20 12:23:36] [ACCESS INSERT TIME] Insert attempts: 0, successful: 0 records into Access DB in 0.00s from K40 Lobby Mohakhali Branch
[37m[2025-08-20 12:23:36] [FLASK DB INSERT TIME] Insert attempts: 0, committed: 0 records into Flask DB in 0.00s from K40 Lobby Mohakhali Branch

[32m[CONNECTED] K40 Lobby Laxmipur Sub Branch
[31m[DISCONNECTED] K40 Lobby Mohakhali Branch
[34m[SCHEDULER] K40 Lobby Mohakhali Branch: 0 new logs
[33m
[DEBUG] Connecting to K40 Lobby Dupchanchia Sub Branch (172.19.193.231:4370)
[32m[CONNECTED] K40 Lobby Dupchanchia Sub Branch
[35m[2025-08-20 12:23:37] [ACCESS INSERT TIME] Insert attempts: 0, successful: 0 records into Access DB in 0.00s from K40 Lobby Benapole Branch
[37m[2025-08-20 12:23:37] [FLASK DB INSERT TIME] Insert attempts: 0, committed: 0 records into Flask DB in 0.00s from K40 Lobby Benapole Branch
[31m[DISCONNECTED] K40 Lobby Benapole Branch
[34m[SCHEDULER] K40 Lobby Benapole Branch: 0 new logs
[33m
[DEBUG] Connecting to K40 Lobby Khan Jahan Ali Mazar Sub Branch (172.19.194.231:4370)
[35m[2025-08-20 12:23:37] [ACCESS INSERT TIME] Insert attempts: 0, successful: 0 records into Access DB in 0.00s from K40 Lobby Panchar Sub Branch
[37m[2025-08-20 12:23:37] [FLASK DB INSERT TIME] Insert attempts: 0, committed: 0 records into Flask DB in 0.00s from K40 Lobby Panchar Sub Branch
[31m[DISCONNECTED] K40 Lobby Panchar Sub Branch
[33m
[DEBUG] Connecting to K40 Lobby Gopalpur Sub Branch (172.19.195.231:4370)
[34m[SCHEDULER] K40 Lobby Panchar Sub Branch: 0 new logs
[36m[INFO] Retrieved 2391 logs from K40 Lobby Muladi Sub Branch in 0.82 seconds
[32m[CONNECTED] K40 Lobby Khan Jahan Ali Mazar Sub Branch
[36m[INFO] Retrieved 1236 logs from K40 Lobby Yousuf Market Sub Branch in 0.68 seconds
[32m[CONNECTED] K40 Lobby Gopalpur Sub Branch
[36m[INFO] Retrieved 1379 logs from K40 Lobby Dupchanchia Sub Branch in 0.65 seconds
[36m[INFO] Retrieved 3243 logs from K40 Lobby Hatirpool Sub Branch in 1.17 seconds
[35m[2025-08-20 12:23:38] [ACCESS INSERT TIME] Insert attempts: 0, successful: 0 records into Access DB in 0.00s from K40 Lobby Muladi Sub Branch
[37m[2025-08-20 12:23:38] [FLASK DB INSERT TIME] Insert attempts: 0, committed: 0 records into Flask DB in 0.00s from K40 Lobby Muladi Sub Branch
[36m[INFO] Retrieved 1847 logs from K40 Lobby Laxmipur Sub Branch in 1.11 seconds
[36m[INFO] Retrieved 630 logs from K40 Lobby Gopalpur Sub Branch in 0.51 seconds
[31m[DISCONNECTED] K40 Lobby Muladi Sub Branch
[34m[SCHEDULER] K40 Lobby Muladi Sub Branch: 0 new logs
[33m
[DEBUG] Connecting to K40 Lobby Thermax Sub Branch (172.19.196.231:4370)
[35m[2025-08-20 12:23:38] [ACCESS INSERT TIME] Insert attempts: 0, successful: 0 records into Access DB in 0.00s from K40 Lobby Yousuf Market Sub Branch
[37m[2025-08-20 12:23:38] [FLASK DB INSERT TIME] Insert attempts: 0, committed: 0 records into Flask DB in 0.00s from K40 Lobby Yousuf Market Sub Branch
[31m[DISCONNECTED] K40 Lobby Yousuf Market Sub Branch
[34m[SCHEDULER] K40 Lobby Yousuf Market Sub Branch: 0 new logs
[33m
[DEBUG] Connecting to K40 Lobby Trunkroad Sub Branch (172.19.197.231:4370)
[32m[CONNECTED] K40 Lobby Thermax Sub Branch
[32m[CONNECTED] K40 Lobby Trunkroad Sub Branch
[36m[INFO] Retrieved 2249 logs from K40 Lobby Khan Jahan Ali Mazar Sub Branch in 0.90 seconds
[35m[2025-08-20 12:23:38] [ACCESS INSERT TIME] Insert attempts: 0, successful: 0 records into Access DB in 0.00s from K40 Lobby Dupchanchia Sub Branch
[37m[2025-08-20 12:23:38] [FLASK DB INSERT TIME] Insert attempts: 0, committed: 0 records into Flask DB in 0.00s from K40 Lobby Dupchanchia Sub Branch
[31m[DISCONNECTED] K40 Lobby Dupchanchia Sub Branch
[34m[SCHEDULER] K40 Lobby Dupchanchia Sub Branch: 0 new logs
[33m
[DEBUG] Connecting to K40 Lobby Pirganj Sub Branch (172.19.198.231:4370)
[32m[CONNECTED] K40 Lobby Pirganj Sub Branch
[35m[2025-08-20 12:23:39] [ACCESS INSERT TIME] Insert attempts: 0, successful: 0 records into Access DB in 0.00s from K40 Lobby Labanchora Branch
[37m[2025-08-20 12:23:39] [FLASK DB INSERT TIME] Insert attempts: 0, committed: 0 records into Flask DB in 0.00s from K40 Lobby Labanchora Branch
[36m[INFO] Retrieved 1705 logs from K40 Lobby Trunkroad Sub Branch in 0.77 seconds
[35m[2025-08-20 12:23:39] [ACCESS INSERT TIME] Insert attempts: 0, successful: 0 records into Access DB in 0.00s from K40 Lobby Laxmipur Sub Branch
[37m[2025-08-20 12:23:39] [FLASK DB INSERT TIME] Insert attempts: 0, committed: 0 records into Flask DB in 0.00s from K40 Lobby Laxmipur Sub Branch
[35m[2025-08-20 12:23:39] [ACCESS INSERT TIME] Insert attempts: 0, successful: 0 records into Access DB in 0.00s from K40 Lobby Lohagara Branch
[37m[2025-08-20 12:23:39] [FLASK DB INSERT TIME] Insert attempts: 0, committed: 0 records into Flask DB in 0.00s from K40 Lobby Lohagara Branch
[31m[DISCONNECTED] K40 Lobby Laxmipur Sub Branch
[34m[SCHEDULER] K40 Lobby Laxmipur Sub Branch: 0 new logs
[33m
[DEBUG] Connecting to K40 Lobby Barua Sub Branch (172.19.199.231:4370)
[31m[DISCONNECTED] K40 Lobby Lohagara Branch
[34m[SCHEDULER] K40 Lobby Lohagara Branch: 0 new logs
[33m
[DEBUG] Connecting to K40 Lobby Satkhira Branch (172.19.200.231:4370)
[31m[DISCONNECTED] K40 Lobby Labanchora Branch
[34m[SCHEDULER] K40 Lobby Labanchora Branch: 0 new logs
[33m
[DEBUG] Connecting to K40 Lobby Bagerhat Sub Branch (172.19.201.231:4370)
[32m[CONNECTED] K40 Lobby Barua Sub Branch
[32m[CONNECTED] K40 Lobby Satkhira Branch
[35m[2025-08-20 12:23:39] [ACCESS INSERT TIME] Insert attempts: 0, successful: 0 records into Access DB in 0.00s from K40 Lobby Hatirpool Sub Branch
[37m[2025-08-20 12:23:39] [FLASK DB INSERT TIME] Insert attempts: 0, committed: 0 records into Flask DB in 0.00s from K40 Lobby Hatirpool Sub Branch
[32m[CONNECTED] K40 Lobby Bagerhat Sub Branch
[36m[INFO] Retrieved 1321 logs from K40 Lobby Pirganj Sub Branch in 0.64 seconds
[31m[DISCONNECTED] K40 Lobby Hatirpool Sub Branch
[34m[SCHEDULER] K40 Lobby Hatirpool Sub Branch: 0 new logs
[33m
[DEBUG] Connecting to K40 Lobby Dania Sub Branch (172.19.202.231:4370)
[35m[2025-08-20 12:23:39] [ACCESS INSERT TIME] Insert attempts: 0, successful: 0 records into Access DB in 0.00s from K40 Lobby Khan Jahan Ali Mazar Sub Branch
[37m[2025-08-20 12:23:39] [FLASK DB INSERT TIME] Insert attempts: 0, committed: 0 records into Flask DB in 0.00s from K40 Lobby Khan Jahan Ali Mazar Sub Branch
[31m[DISCONNECTED] K40 Lobby Khan Jahan Ali Mazar Sub Branch
[33m
[DEBUG] Connecting to K40 Lobby Khatungonj Branch (172.19.203.231:4370)
[34m[SCHEDULER] K40 Lobby Khan Jahan Ali Mazar Sub Branch: 0 new logs
[32m[CONNECTED] K40 Lobby Dania Sub Branch
[35m[2025-08-20 12:23:39] [ACCESS INSERT TIME] Insert attempts: 0, successful: 0 records into Access DB in 0.00s from K40 Lobby Bhandaria Branch
[37m[2025-08-20 12:23:39] [FLASK DB INSERT TIME] Insert attempts: 0, committed: 0 records into Flask DB in 0.00s from K40 Lobby Bhandaria Branch
[31m[DISCONNECTED] K40 Lobby Bhandaria Branch
[34m[SCHEDULER] K40 Lobby Bhandaria Branch: 0 new logs
[33m
[DEBUG] Connecting to K40 Lobby Kalaroa Sub Branch (172.19.204.231:4370)
[35m[2025-08-20 12:23:39] [ACCESS INSERT TIME] Insert attempts: 0, successful: 0 records into Access DB in 0.00s from K40 Lobby Trunkroad Sub Branch
[37m[2025-08-20 12:23:39] [FLASK DB INSERT TIME] Insert attempts: 0, committed: 0 records into Flask DB in 0.00s from K40 Lobby Trunkroad Sub Branch
[32m[CONNECTED] K40 Lobby Khatungonj Branch
[31m[DISCONNECTED] K40 Lobby Trunkroad Sub Branch
[34m[SCHEDULER] K40 Lobby Trunkroad Sub Branch: 0 new logs
[33m
[DEBUG] Connecting to K40 Lobby Mongla Sub Branch (172.19.205.231:4370)
[32m[CONNECTED] K40 Lobby Kalaroa Sub Branch
[35m[2025-08-20 12:23:39] [ACCESS INSERT TIME] Insert attempts: 0, successful: 0 records into Access DB in 0.00s from K40 Lobby Pirganj Sub Branch
[37m[2025-08-20 12:23:39] [FLASK DB INSERT TIME] Insert attempts: 0, committed: 0 records into Flask DB in 0.00s from K40 Lobby Pirganj Sub Branch
[31m[DISCONNECTED] K40 Lobby Pirganj Sub Branch
[32m[CONNECTED] K40 Lobby Mongla Sub Branch
[34m[SCHEDULER] K40 Lobby Pirganj Sub Branch: 0 new logs
[33m
[DEBUG] Connecting to K40 Lobby Tejgaon Link Road Branch (172.19.206.231:4370)
[32m[CONNECTED] K40 Lobby Tejgaon Link Road Branch
[36m[INFO] Retrieved 2943 logs from K40 Lobby Thermax Sub Branch in 1.99 seconds
[35m[2025-08-20 12:23:40] [ACCESS INSERT TIME] Insert attempts: 0, successful: 0 records into Access DB in 0.00s from K40 Lobby Gopalpur Sub Branch
[37m[2025-08-20 12:23:40] [FLASK DB INSERT TIME] Insert attempts: 0, committed: 0 records into Flask DB in 0.00s from K40 Lobby Gopalpur Sub Branch
[36m[INFO] Retrieved 1667 logs from K40 Lobby Satkhira Branch in 0.91 seconds
[31m[DISCONNECTED] K40 Lobby Gopalpur Sub Branch
[34m[SCHEDULER] K40 Lobby Gopalpur Sub Branch: 0 new logs
[33m
[DEBUG] Connecting to K40 Lobby Indira Road Sub Branch (172.19.207.231:4370)
[32m[CONNECTED] K40 Lobby Indira Road Sub Branch
[36m[INFO] Retrieved 2967 logs from K40 Lobby Bagerhat Sub Branch in 1.03 seconds
[36m[INFO] Retrieved 2763 logs from K40 Lobby Barua Sub Branch in 1.22 seconds
[36m[INFO] Retrieved 1098 logs from K40 Lobby Mongla Sub Branch in 0.68 seconds
[36m[INFO] Retrieved 2115 logs from K40 Lobby Kalaroa Sub Branch in 0.82 seconds
[36m[INFO] Retrieved 2276 logs from K40 Lobby Khatungonj Branch in 0.94 seconds
[35m[2025-08-20 12:23:41] [ACCESS INSERT TIME] Insert attempts: 0, successful: 0 records into Access DB in 0.00s from K40 Lobby Satkhira Branch
[37m[2025-08-20 12:23:41] [FLASK DB INSERT TIME] Insert attempts: 0, committed: 0 records into Flask DB in 0.00s from K40 Lobby Satkhira Branch
[31m[DISCONNECTED] K40 Lobby Satkhira Branch
[34m[SCHEDULER] K40 Lobby Satkhira Branch: 0 new logs
[33m
[DEBUG] Connecting to K40 Lobby Fakirhat sub Branch (172.19.208.231:4370)
[35m[2025-08-20 12:23:41] [ACCESS INSERT TIME] Insert attempts: 0, successful: 0 records into Access DB in 0.00s from K40 Lobby Thermax Sub Branch
[37m[2025-08-20 12:23:41] [FLASK DB INSERT TIME] Insert attempts: 0, committed: 0 records into Flask DB in 0.00s from K40 Lobby Thermax Sub Branch
[32m[CONNECTED] K40 Lobby Fakirhat sub Branch
[31m[DISCONNECTED] K40 Lobby Thermax Sub Branch
[34m[SCHEDULER] K40 Lobby Thermax Sub Branch: 0 new logs
[33m
[DEBUG] Connecting to K40 Lobby Tanbazar Branch (172.19.209.231:4370)
[32m[CONNECTED] K40 Lobby Tanbazar Branch
[35m[2025-08-20 12:23:41] [ACCESS INSERT TIME] Insert attempts: 0, successful: 0 records into Access DB in 0.00s from K40 Lobby Mongla Sub Branch
[37m[2025-08-20 12:23:41] [FLASK DB INSERT TIME] Insert attempts: 0, committed: 0 records into Flask DB in 0.00s from K40 Lobby Mongla Sub Branch
[31m[DISCONNECTED] K40 Lobby Mongla Sub Branch
[34m[SCHEDULER] K40 Lobby Mongla Sub Branch: 0 new logs
[33m
[DEBUG] Connecting to K40 Lobby Narshingdi Branch (172.19.210.231:4370)
[35m[2025-08-20 12:23:41] [ACCESS INSERT TIME] Insert attempts: 0, successful: 0 records into Access DB in 0.00s from K40 Lobby Bagerhat Sub Branch
[37m[2025-08-20 12:23:41] [FLASK DB INSERT TIME] Insert attempts: 0, committed: 0 records into Flask DB in 0.00s from K40 Lobby Bagerhat Sub Branch
[35m[2025-08-20 12:23:41] [ACCESS INSERT TIME] Insert attempts: 0, successful: 0 records into Access DB in 0.00s from K40 Lobby Barua Sub Branch
[37m[2025-08-20 12:23:41] [FLASK DB INSERT TIME] Insert attempts: 0, committed: 0 records into Flask DB in 0.00s from K40 Lobby Barua Sub Branch
[32m[CONNECTED] K40 Lobby Narshingdi Branch
[35m[2025-08-20 12:23:41] [ACCESS INSERT TIME] Insert attempts: 0, successful: 0 records into Access DB in 0.00s from K40 Lobby Kalaroa Sub Branch
[37m[2025-08-20 12:23:41] [FLASK DB INSERT TIME] Insert attempts: 0, committed: 0 records into Flask DB in 0.00s from K40 Lobby Kalaroa Sub Branch
[36m[INFO] Retrieved 3748 logs from K40 Lobby Indira Road Sub Branch in 1.31 seconds
[31m[DISCONNECTED] K40 Lobby Bagerhat Sub Branch
[34m[SCHEDULER] K40 Lobby Bagerhat Sub Branch: 0 new logs
[33m
[DEBUG] Connecting to K40 Lobby Darus Salam Branch (172.19.211.231:4370)
[36m[INFO] Retrieved 5110 logs from K40 Lobby Tejgaon Link Road Branch in 1.70 seconds
[31m[DISCONNECTED] K40 Lobby Barua Sub Branch
[31m[DISCONNECTED] K40 Lobby Kalaroa Sub Branch
[34m[SCHEDULER] K40 Lobby Barua Sub Branch: 0 new logs
[33m
[DEBUG] Connecting to K40 Lobby Cox Bazar Branch (172.19.212.231:4370)
[32m[CONNECTED] K40 Lobby Darus Salam Branch
[34m[SCHEDULER] K40 Lobby Kalaroa Sub Branch: 0 new logs
[33m
[DEBUG] Connecting to K40 Lobby Bhairab Branch (172.19.213.231:4370)
[32m[CONNECTED] K40 Lobby Cox Bazar Branch
[32m[CONNECTED] K40 Lobby Bhairab Branch
[36m[INFO] Retrieved 1829 logs from K40 Lobby Fakirhat sub Branch in 0.82 seconds
[36m[INFO] Retrieved 1662 logs from K40 Lobby Tanbazar Branch in 0.86 seconds
[35m[2025-08-20 12:23:42] [ACCESS INSERT TIME] Insert attempts: 0, successful: 0 records into Access DB in 0.00s from K40 Lobby Fakirhat sub Branch
[37m[2025-08-20 12:23:42] [FLASK DB INSERT TIME] Insert attempts: 0, committed: 0 records into Flask DB in 0.00s from K40 Lobby Fakirhat sub Branch
[31m[DISCONNECTED] K40 Lobby Fakirhat sub Branch
[34m[SCHEDULER] K40 Lobby Fakirhat sub Branch: 0 new logs
[33m
[DEBUG] Connecting to K40 Lobby Pirojpur Sub Branch (172.19.214.231:4370)
[32m[CONNECTED] K40 Lobby Pirojpur Sub Branch
[35m[2025-08-20 12:23:42] [ACCESS INSERT TIME] Insert attempts: 0, successful: 0 records into Access DB in 0.00s from K40 Lobby Tanbazar Branch
[37m[2025-08-20 12:23:42] [FLASK DB INSERT TIME] Insert attempts: 0, committed: 0 records into Flask DB in 0.00s from K40 Lobby Tanbazar Branch
[31m[DISCONNECTED] K40 Lobby Tanbazar Branch
[34m[SCHEDULER] K40 Lobby Tanbazar Branch: 0 new logs
[33m
[DEBUG] Connecting to K40 Lobby Shahi Eidgah Sub Branch (172.19.215.231:4370)
[35m[2025-08-20 12:23:43] [ACCESS INSERT TIME] Insert attempts: 0, successful: 0 records into Access DB in 0.00s from K40 Lobby Tejgaon Link Road Branch
[37m[2025-08-20 12:23:43] [FLASK DB INSERT TIME] Insert attempts: 0, committed: 0 records into Flask DB in 0.00s from K40 Lobby Tejgaon Link Road Branch
[32m[CONNECTED] K40 Lobby Shahi Eidgah Sub Branch
[35m[2025-08-20 12:23:43] [ACCESS INSERT TIME] Insert attempts: 0, successful: 0 records into Access DB in 0.00s from K40 Lobby Indira Road Sub Branch
[37m[2025-08-20 12:23:43] [FLASK DB INSERT TIME] Insert attempts: 0, committed: 0 records into Flask DB in 0.00s from K40 Lobby Indira Road Sub Branch
[31m[DISCONNECTED] K40 Lobby Tejgaon Link Road Branch
[34m[SCHEDULER] K40 Lobby Tejgaon Link Road Branch: 0 new logs
[33m
[DEBUG] Connecting to K40 Lobby Charfeshon Branch (172.19.216.231:4370)
[31m[DISCONNECTED] K40 Lobby Indira Road Sub Branch
[34m[SCHEDULER] K40 Lobby Indira Road Sub Branch: 0 new logs
[33m
[DEBUG] Connecting to K40 Lobby Hossainpur Branch (172.19.217.231:4370)
[36m[INFO] Retrieved 3314 logs from K40 Lobby Cox Bazar Branch in 1.13 seconds
[36m[INFO] Retrieved 4162 logs from K40 Lobby Narshingdi Branch in 1.34 seconds
[32m[CONNECTED] K40 Lobby Hossainpur Branch[32m[CONNECTED] K40 Lobby Charfeshon Branch

[35m[2025-08-20 12:23:43] [ACCESS INSERT TIME] Insert attempts: 0, successful: 0 records into Access DB in 0.00s from K40 Lobby Khatungonj Branch
[37m[2025-08-20 12:23:43] [FLASK DB INSERT TIME] Insert attempts: 0, committed: 0 records into Flask DB in 0.00s from K40 Lobby Khatungonj Branch
[31m[DISCONNECTED] K40 Lobby Khatungonj Branch
[34m[SCHEDULER] K40 Lobby Khatungonj Branch: 0 new logs
[33m
[DEBUG] Connecting to K40 Lobby Sherpur Sub Branch (172.19.218.231:4370)
[32m[CONNECTED] K40 Lobby Sherpur Sub Branch
[36m[INFO] Retrieved 5895 logs from K40 Lobby Darus Salam Branch in 1.69 seconds
[35m[2025-08-20 12:23:43] [ACCESS INSERT TIME] Insert attempts: 0, successful: 0 records into Access DB in 0.00s from K40 Lobby Cox Bazar Branch
[37m[2025-08-20 12:23:43] [FLASK DB INSERT TIME] Insert attempts: 0, committed: 0 records into Flask DB in 0.00s from K40 Lobby Cox Bazar Branch
[31m[DISCONNECTED] K40 Lobby Cox Bazar Branch
[34m[SCHEDULER] K40 Lobby Cox Bazar Branch: 0 new logs
[33m
[DEBUG] Connecting to K40 Lobby Boteswor SUB Branch (172.19.219.231:4370)
[35m[2025-08-20 12:23:43] [ACCESS INSERT TIME] Insert attempts: 0, successful: 0 records into Access DB in 0.00s from K40 Lobby Narshingdi Branch
[37m[2025-08-20 12:23:43] [FLASK DB INSERT TIME] Insert attempts: 0, committed: 0 records into Flask DB in 0.00s from K40 Lobby Narshingdi Branch
[36m[INFO] Retrieved 2069 logs from K40 Lobby Shahi Eidgah Sub Branch in 0.80 seconds
[32m[CONNECTED] K40 Lobby Boteswor SUB Branch
[36m[INFO] Retrieved 3159 logs from K40 Lobby Bhairab Branch in 1.68 seconds
[36m[INFO] Retrieved 2827 logs from K40 Lobby Pirojpur Sub Branch in 1.14 seconds
[31m[DISCONNECTED] K40 Lobby Narshingdi Branch
[36m[INFO] Retrieved 1689 logs from K40 Lobby Charfeshon Branch in 0.84 seconds
[36m[INFO] Retrieved 17564 logs from K40 Lobby Dania Sub Branch in 4.45 seconds
[33m
[DEBUG] Connecting to K40 Lobby Aftabganj Sub Branch (172.19.220.231:4370)
[34m[SCHEDULER] K40 Lobby Narshingdi Branch: 0 new logs
[36m[INFO] Retrieved 2177 logs from K40 Lobby Hossainpur Branch in 0.94 seconds
[36m[INFO] Retrieved 1665 logs from K40 Lobby Sherpur Sub Branch in 0.77 seconds
[32m[CONNECTED] K40 Lobby Aftabganj Sub Branch
[35m[2025-08-20 12:23:44] [ACCESS INSERT TIME] Insert attempts: 0, successful: 0 records into Access DB in 0.00s from K40 Lobby Charfeshon Branch
[37m[2025-08-20 12:23:44] [FLASK DB INSERT TIME] Insert attempts: 0, committed: 0 records into Flask DB in 0.00s from K40 Lobby Charfeshon Branch
[36m[INFO] Retrieved 1029 logs from K40 Lobby Aftabganj Sub Branch in 0.61 seconds
[31m[DISCONNECTED] K40 Lobby Charfeshon Branch
[34m[SCHEDULER] K40 Lobby Charfeshon Branch: 0 new logs
[33m
[DEBUG] Connecting to K40 Lobby Padua Bazar Sub Branch (172.19.221.231:4370)
[32m[CONNECTED] K40 Lobby Padua Bazar Sub Branch
[35m[2025-08-20 12:23:45] [ACCESS INSERT TIME] Insert attempts: 0, successful: 0 records into Access DB in 0.00s from K40 Lobby Hossainpur Branch
[37m[2025-08-20 12:23:45] [FLASK DB INSERT TIME] Insert attempts: 0, committed: 0 records into Flask DB in 0.00s from K40 Lobby Hossainpur Branch
[31m[DISCONNECTED] K40 Lobby Hossainpur Branch
[34m[SCHEDULER] K40 Lobby Hossainpur Branch: 0 new logs
[33m
[DEBUG] Connecting to K40 Lobby Tangail Branch  (172.19.222.231:4370)
[35m[2025-08-20 12:23:45] [ACCESS INSERT TIME] Insert attempts: 0, successful: 0 records into Access DB in 0.00s from K40 Lobby Shahi Eidgah Sub Branch
[37m[2025-08-20 12:23:45] [FLASK DB INSERT TIME] Insert attempts: 0, committed: 0 records into Flask DB in 0.00s from K40 Lobby Shahi Eidgah Sub Branch
[31m[DISCONNECTED] K40 Lobby Shahi Eidgah Sub Branch
[34m[SCHEDULER] K40 Lobby Shahi Eidgah Sub Branch: 0 new logs
[33m
[DEBUG] Connecting to K40 Lobby Birampur Sub Branch (172.19.223.231:4370)
[35m[2025-08-20 12:23:45] [ACCESS INSERT TIME] Insert attempts: 0, successful: 0 records into Access DB in 0.00s from K40 Lobby Bhairab Branch
[37m[2025-08-20 12:23:45] [FLASK DB INSERT TIME] Insert attempts: 0, committed: 0 records into Flask DB in 0.00s from K40 Lobby Bhairab Branch
[32m[CONNECTED] K40 Lobby Tangail Branch 
[35m[2025-08-20 12:23:45] [ACCESS INSERT TIME] Insert attempts: 0, successful: 0 records into Access DB in 0.00s from K40 Lobby Pirojpur Sub Branch
[37m[2025-08-20 12:23:45] [FLASK DB INSERT TIME] Insert attempts: 0, committed: 0 records into Flask DB in 0.00s from K40 Lobby Pirojpur Sub Branch
[32m[CONNECTED] K40 Lobby Birampur Sub Branch
[35m[2025-08-20 12:23:45] [ACCESS INSERT TIME] Insert attempts: 0, successful: 0 records into Access DB in 0.00s from K40 Lobby Darus Salam Branch
[37m[2025-08-20 12:23:45] [FLASK DB INSERT TIME] Insert attempts: 0, committed: 0 records into Flask DB in 0.00s from K40 Lobby Darus Salam Branch
[31m[DISCONNECTED] K40 Lobby Pirojpur Sub Branch
[34m[SCHEDULER] K40 Lobby Pirojpur Sub Branch: 0 new logs
[33m
[DEBUG] Connecting to K40 Lobby Mirpur Vault Room Branch (172.19.133.231:4370)
[31m[DISCONNECTED] K40 Lobby Darus Salam Branch
[31m[DISCONNECTED] K40 Lobby Bhairab Branch
[34m[SCHEDULER] K40 Lobby Darus Salam Branch: 0 new logs
[33m
[DEBUG] Connecting to K40 Lobby Palashbari Branch (EXT) Branch (172.19.183.232:4370)
[34m[SCHEDULER] K40 Lobby Bhairab Branch: 0 new logs
[36m[INFO] Retrieved 1444 logs from K40 Lobby Tangail Branch  in 0.65 seconds
[36m[INFO] Retrieved 1534 logs from K40 Lobby Birampur Sub Branch in 0.67 seconds
[36m[INFO] Retrieved 1208 logs from K40 Lobby Boteswor SUB Branch in 2.12 seconds
[35m[2025-08-20 12:23:47] [ACCESS INSERT TIME] Insert attempts: 0, successful: 0 records into Access DB in 0.00s from K40 Lobby Sherpur Sub Branch
[37m[2025-08-20 12:23:47] [FLASK DB INSERT TIME] Insert attempts: 0, committed: 0 records into Flask DB in 0.00s from K40 Lobby Sherpur Sub Branch
[31m[DISCONNECTED] K40 Lobby Sherpur Sub Branch
[34m[SCHEDULER] K40 Lobby Sherpur Sub Branch: 0 new logs
[35m[2025-08-20 12:23:47] [ACCESS INSERT TIME] Insert attempts: 0, successful: 0 records into Access DB in 0.00s from K40 Lobby Boteswor SUB Branch
[37m[2025-08-20 12:23:47] [FLASK DB INSERT TIME] Insert attempts: 0, committed: 0 records into Flask DB in 0.00s from K40 Lobby Boteswor SUB Branch
[35m[2025-08-20 12:23:47] [ACCESS INSERT TIME] Insert attempts: 0, successful: 0 records into Access DB in 0.00s from K40 Lobby Aftabganj Sub Branch
[37m[2025-08-20 12:23:47] [FLASK DB INSERT TIME] Insert attempts: 0, committed: 0 records into Flask DB in 0.00s from K40 Lobby Aftabganj Sub Branch
[35m[2025-08-20 12:23:47] [ACCESS INSERT TIME] Insert attempts: 0, successful: 0 records into Access DB in 0.00s from K40 Lobby Tangail Branch 
[37m[2025-08-20 12:23:47] [FLASK DB INSERT TIME] Insert attempts: 0, committed: 0 records into Flask DB in 0.00s from K40 Lobby Tangail Branch 
[35m[2025-08-20 12:23:47] [ACCESS INSERT TIME] Insert attempts: 0, successful: 0 records into Access DB in 0.00s from K40 Lobby Birampur Sub Branch
[37m[2025-08-20 12:23:47] [FLASK DB INSERT TIME] Insert attempts: 0, committed: 0 records into Flask DB in 0.00s from K40 Lobby Birampur Sub Branch
[31m[DISCONNECTED] K40 Lobby Aftabganj Sub Branch
[34m[SCHEDULER] K40 Lobby Aftabganj Sub Branch: 0 new logs
[31m[DISCONNECTED] K40 Lobby Tangail Branch 
[34m[SCHEDULER] K40 Lobby Tangail Branch : 0 new logs
[31m[DISCONNECTED] K40 Lobby Birampur Sub Branch
[34m[SCHEDULER] K40 Lobby Birampur Sub Branch: 0 new logs
[36m[INFO] Retrieved 1462 logs from K40 Lobby Padua Bazar Sub Branch in 2.20 seconds
[31m[DISCONNECTED] K40 Lobby Boteswor SUB Branch
[34m[SCHEDULER] K40 Lobby Boteswor SUB Branch: 0 new logs
[35m[2025-08-20 12:23:47] [ACCESS INSERT TIME] Insert attempts: 0, successful: 0 records into Access DB in 0.00s from K40 Lobby Dania Sub Branch
[37m[2025-08-20 12:23:47] [FLASK DB INSERT TIME] Insert attempts: 0, committed: 0 records into Flask DB in 0.00s from K40 Lobby Dania Sub Branch
[31m[DISCONNECTED] K40 Lobby Dania Sub Branch
[34m[SCHEDULER] K40 Lobby Dania Sub Branch: 0 new logs
[35m[2025-08-20 12:23:47] [ACCESS INSERT TIME] Insert attempts: 0, successful: 0 records into Access DB in 0.00s from K40 Lobby Padua Bazar Sub Branch
[37m[2025-08-20 12:23:47] [FLASK DB INSERT TIME] Insert attempts: 0, committed: 0 records into Flask DB in 0.00s from K40 Lobby Padua Bazar Sub Branch
[31m[DISCONNECTED] K40 Lobby Padua Bazar Sub Branch
[34m[SCHEDULER] K40 Lobby Padua Bazar Sub Branch: 0 new logs
[31m[ERROR] Polling K40 Lobby Palashbari Branch (EXT) Branch failed: can't reach device (ping 172.19.183.232)
[34m[SCHEDULER] K40 Lobby Palashbari Branch (EXT) Branch: 0 new logs
[36m[SCHEDULER] Stopped and shutdown.
[31m[ERROR] Polling K40 Lobby Mirpur Vault Room Branch failed: timed out
[34m[SCHEDULER] K40 Lobby Mirpur Vault Room Branch: 0 new logs
[36m[SCHEDULER] Completed polling 123 devices. Total new logs: 21. Run time: 52.20s

RUN_SUMMARY_JSON: {"start": "2025-08-20T12:23:13.497636", "end": "2025-08-20T12:24:05.707151", "devices_polled": 123, "new_logs": 21, "elapsed_seconds": 52.205, "exceptions": [], "logfile": "logs\\zk_sync_20250820_122313.log"}

===== ZK SYNC RUN STOP: 2025-08-20 12:24:05 (elapsed 52.21s) =====

